[ 2016-03-01T14:11:07+08:00 ] 192.168.0.16 /
INFO: [ app_init ] --START--
INFO: Run Behavior\BuildLiteBehavior [ RunTime:0.000000s ]
INFO: [ app_init ] --END-- [ RunTime:0.000000s ]
INFO: [ app_begin ] --START--
INFO: Run Behavior\ReadHtmlCacheBehavior [ RunTime:0.000000s ]
INFO: [ app_begin ] --END-- [ RunTime:0.000000s ]
SQL: SHOW COLUMNS FROM `tiku_course` [ RunTime:0.0312s ]
SQL: SELECT * FROM `tiku_course` WHERE ( status=1 )  [ RunTime:0.0000s ]
SQL: SELECT * FROM `tiku_course` WHERE ( status=1 )  [ RunTime:0.0000s ]
INFO: [ view_parse ] --START--
INFO: [ template_filter ] --START--
INFO: Run Behavior\ContentReplaceBehavior [ RunTime:0.000000s ]
INFO: [ template_filter ] --END-- [ RunTime:0.000000s ]
INFO: Run Behavior\ParseTemplateBehavior [ RunTime:0.046800s ]
INFO: [ view_parse ] --END-- [ RunTime:0.046800s ]
INFO: [ view_filter ] --START--
INFO: Run Behavior\WriteHtmlCacheBehavior [ RunTime:0.000000s ]
INFO: [ view_filter ] --END-- [ RunTime:0.000000s ]
INFO: [ app_end ] --START--
INFO: Run Behavior\ShowPageTraceBehavior [ RunTime:0.000000s ]
INFO: [ app_end ] --END-- [ RunTime:0.000000s ]

[ 2016-03-01T14:35:12+08:00 ] 127.0.0.1 /shijuan/test
INFO: [ app_init ] --START--
INFO: Run Behavior\BuildLiteBehavior [ RunTime:0.000000s ]
INFO: [ app_init ] --END-- [ RunTime:0.001000s ]
INFO: [ app_begin ] --START--
INFO: Run Behavior\ReadHtmlCacheBehavior [ RunTime:0.001000s ]
INFO: [ app_begin ] --END-- [ RunTime:0.001000s ]
SQL: SHOW COLUMNS FROM `user` [ RunTime:0.0670s ]
SQL: SELECT * FROM `user` WHERE ( email='vonsen_wang@163.com' OR telphone='vonsen_wang@163.com' ) LIMIT 1   [ RunTime:0.0000s ]
SQL: SHOW COLUMNS FROM `user_collected` [ RunTime:0.0350s ]
SQL: SELECT `tiku_id` FROM `user_collected` WHERE ( user_id=12 )  [ RunTime:0.0000s ]
SQL: SHOW COLUMNS FROM `tiku_course` [ RunTime:0.0030s ]
SQL: SELECT * FROM `tiku_course` WHERE ( status=1 )  [ RunTime:0.0000s ]
SQL: SELECT `tiku_id` FROM `user_collected` WHERE ( user_id=12 )  [ RunTime:0.0000s ]
SQL: SELECT * FROM `tiku_course` WHERE ( status=1 )  [ RunTime:0.0000s ]
SQL: SELECT * FROM `tiku_course` WHERE ( status=1 )  [ RunTime:0.0000s ]
NOTIC: [8] Undefined index: cart D:\xampp\htdocs\tiku\Application\Home\Controller\TikuController.class.php 第 193 行.
NOTIC: [8] Undefined index: cart D:\xampp\htdocs\tiku\Application\Home\Controller\TikuController.class.php 第 16 行.
NOTIC: [8] Undefined index: cart D:\xampp\htdocs\tiku\Application\Home\Controller\TikuController.class.php 第 193 行.
NOTIC: [8] Undefined index: cart D:\xampp\htdocs\tiku\Application\Home\Controller\ShijuanController.class.php 第 15 行.

[ 2016-03-01T14:45:29+08:00 ] 127.0.0.1 /shijuan/test
INFO: [ app_init ] --START--
INFO: Run Behavior\BuildLiteBehavior [ RunTime:0.000000s ]
INFO: [ app_init ] --END-- [ RunTime:0.000000s ]
INFO: [ app_begin ] --START--
INFO: Run Behavior\ReadHtmlCacheBehavior [ RunTime:0.000000s ]
INFO: [ app_begin ] --END-- [ RunTime:0.000000s ]
SQL: SHOW COLUMNS FROM `tiku_course` [ RunTime:0.0030s ]
SQL: SELECT * FROM `tiku_course` WHERE ( status=1 )  [ RunTime:0.0010s ]
SQL: SELECT * FROM `tiku_course` WHERE ( status=1 )  [ RunTime:0.0000s ]
SQL: SELECT * FROM `tiku_course` WHERE ( status=1 )  [ RunTime:0.0000s ]
NOTIC: [8] Undefined index: cart D:\xampp\htdocs\tiku\Application\Home\Controller\TikuController.class.php 第 193 行.
NOTIC: [8] Undefined index: cart D:\xampp\htdocs\tiku\Application\Home\Controller\TikuController.class.php 第 16 行.
NOTIC: [8] Undefined index: cart D:\xampp\htdocs\tiku\Application\Home\Controller\TikuController.class.php 第 193 行.
NOTIC: [8] Undefined index: cart D:\xampp\htdocs\tiku\Application\Home\Controller\ShijuanController.class.php 第 15 行.

[ 2016-03-01T15:24:54+08:00 ] 127.0.0.1 /shijuan/test
INFO: [ app_init ] --START--
INFO: Run Behavior\BuildLiteBehavior [ RunTime:0.000000s ]
INFO: [ app_init ] --END-- [ RunTime:0.001000s ]
INFO: [ app_begin ] --START--
INFO: Run Behavior\ReadHtmlCacheBehavior [ RunTime:0.000000s ]
INFO: [ app_begin ] --END-- [ RunTime:0.000000s ]
SQL: SHOW COLUMNS FROM `tiku_course` [ RunTime:0.0040s ]
SQL: SELECT * FROM `tiku_course` WHERE ( status=1 )  [ RunTime:0.0000s ]
SQL: SELECT * FROM `tiku_course` WHERE ( status=1 )  [ RunTime:0.0010s ]
SQL: SELECT * FROM `tiku_course` WHERE ( status=1 )  [ RunTime:0.0000s ]
NOTIC: [8] Undefined index: cart D:\xampp\htdocs\tiku\Application\Home\Controller\TikuController.class.php 第 193 行.
NOTIC: [8] Undefined index: cart D:\xampp\htdocs\tiku\Application\Home\Controller\TikuController.class.php 第 16 行.
NOTIC: [8] Undefined index: cart D:\xampp\htdocs\tiku\Application\Home\Controller\TikuController.class.php 第 193 行.
NOTIC: [8] Undefined index: cart D:\xampp\htdocs\tiku\Application\Home\Controller\ShijuanController.class.php 第 15 行.

[ 2016-03-01T15:25:06+08:00 ] 127.0.0.1 /shijuan/test
INFO: [ app_init ] --START--
INFO: Run Behavior\BuildLiteBehavior [ RunTime:0.000000s ]
INFO: [ app_init ] --END-- [ RunTime:0.000000s ]
INFO: [ app_begin ] --START--
INFO: Run Behavior\ReadHtmlCacheBehavior [ RunTime:0.001001s ]
INFO: [ app_begin ] --END-- [ RunTime:0.001001s ]
SQL: SHOW COLUMNS FROM `tiku_course` [ RunTime:0.0040s ]
SQL: SELECT * FROM `tiku_course` WHERE ( status=1 )  [ RunTime:0.0000s ]
SQL: SELECT * FROM `tiku_course` WHERE ( status=1 )  [ RunTime:0.0000s ]
SQL: SELECT * FROM `tiku_course` WHERE ( status=1 )  [ RunTime:0.0010s ]
NOTIC: [8] Undefined index: cart D:\xampp\htdocs\tiku\Application\Home\Controller\TikuController.class.php 第 193 行.
NOTIC: [8] Undefined index: cart D:\xampp\htdocs\tiku\Application\Home\Controller\TikuController.class.php 第 16 行.
NOTIC: [8] Undefined index: cart D:\xampp\htdocs\tiku\Application\Home\Controller\TikuController.class.php 第 193 行.
NOTIC: [8] Undefined index: cart D:\xampp\htdocs\tiku\Application\Home\Controller\ShijuanController.class.php 第 15 行.

[ 2016-03-01T15:25:08+08:00 ] 127.0.0.1 /shijuan/test
INFO: [ app_init ] --START--
INFO: Run Behavior\BuildLiteBehavior [ RunTime:0.000000s ]
INFO: [ app_init ] --END-- [ RunTime:0.000000s ]
INFO: [ app_begin ] --START--
INFO: Run Behavior\ReadHtmlCacheBehavior [ RunTime:0.001000s ]
INFO: [ app_begin ] --END-- [ RunTime:0.001000s ]
SQL: SHOW COLUMNS FROM `tiku_course` [ RunTime:0.0040s ]
SQL: SELECT * FROM `tiku_course` WHERE ( status=1 )  [ RunTime:0.0000s ]
SQL: SELECT * FROM `tiku_course` WHERE ( status=1 )  [ RunTime:0.0000s ]
SQL: SELECT * FROM `tiku_course` WHERE ( status=1 )  [ RunTime:0.0000s ]
NOTIC: [8] Undefined index: cart D:\xampp\htdocs\tiku\Application\Home\Controller\TikuController.class.php 第 193 行.
NOTIC: [8] Undefined index: cart D:\xampp\htdocs\tiku\Application\Home\Controller\TikuController.class.php 第 16 行.
NOTIC: [8] Undefined index: cart D:\xampp\htdocs\tiku\Application\Home\Controller\TikuController.class.php 第 193 行.
NOTIC: [8] Undefined index: cart D:\xampp\htdocs\tiku\Application\Home\Controller\ShijuanController.class.php 第 15 行.

[ 2016-03-01T15:26:57+08:00 ] 127.0.0.1 /shijuan/test
INFO: [ app_init ] --START--
INFO: Run Behavior\BuildLiteBehavior [ RunTime:0.000000s ]
INFO: [ app_init ] --END-- [ RunTime:0.000000s ]
INFO: [ app_begin ] --START--
INFO: Run Behavior\ReadHtmlCacheBehavior [ RunTime:0.001000s ]
INFO: [ app_begin ] --END-- [ RunTime:0.001000s ]
SQL: SHOW COLUMNS FROM `tiku_course` [ RunTime:0.0050s ]
SQL: SELECT * FROM `tiku_course` WHERE ( status=1 )  [ RunTime:0.0000s ]
SQL: SELECT * FROM `tiku_course` WHERE ( status=1 )  [ RunTime:0.0010s ]
SQL: SELECT * FROM `tiku_course` WHERE ( status=1 )  [ RunTime:0.0000s ]
NOTIC: [8] Undefined index: cart D:\xampp\htdocs\tiku\Application\Home\Controller\TikuController.class.php 第 193 行.
NOTIC: [8] Undefined index: cart D:\xampp\htdocs\tiku\Application\Home\Controller\TikuController.class.php 第 16 行.
NOTIC: [8] Undefined index: cart D:\xampp\htdocs\tiku\Application\Home\Controller\TikuController.class.php 第 193 行.
NOTIC: [8] Undefined index: cart D:\xampp\htdocs\tiku\Application\Home\Controller\ShijuanController.class.php 第 15 行.

[ 2016-03-01T16:17:22+08:00 ] 127.0.0.1 /shijuan/test
INFO: [ app_init ] --START--
INFO: Run Behavior\BuildLiteBehavior [ RunTime:0.000000s ]
INFO: [ app_init ] --END-- [ RunTime:0.000000s ]
INFO: [ app_begin ] --START--
INFO: Run Behavior\ReadHtmlCacheBehavior [ RunTime:0.000000s ]
INFO: [ app_begin ] --END-- [ RunTime:0.000000s ]
SQL: SHOW COLUMNS FROM `tiku_course` [ RunTime:0.0040s ]
SQL: SELECT * FROM `tiku_course` WHERE ( status=1 )  [ RunTime:0.0000s ]
SQL: SELECT * FROM `tiku_course` WHERE ( status=1 )  [ RunTime:0.0000s ]
SQL: SELECT * FROM `tiku_course` WHERE ( status=1 )  [ RunTime:0.0000s ]
NOTIC: [8] Undefined index: cart D:\xampp\htdocs\tiku\Application\Home\Controller\TikuController.class.php 第 193 行.
NOTIC: [8] Undefined index: cart D:\xampp\htdocs\tiku\Application\Home\Controller\TikuController.class.php 第 16 行.
NOTIC: [8] Undefined index: cart D:\xampp\htdocs\tiku\Application\Home\Controller\TikuController.class.php 第 193 行.
NOTIC: [8] Undefined index: cart D:\xampp\htdocs\tiku\Application\Home\Controller\ShijuanController.class.php 第 15 行.

[ 2016-03-01T17:37:05+08:00 ] 127.0.0.1 /
INFO: [ app_init ] --START--
INFO: Run Behavior\BuildLiteBehavior [ RunTime:0.000000s ]
INFO: [ app_init ] --END-- [ RunTime:0.001000s ]
INFO: [ app_begin ] --START--
INFO: Run Behavior\ReadHtmlCacheBehavior [ RunTime:0.000000s ]
INFO: [ app_begin ] --END-- [ RunTime:0.000000s ]
SQL: SHOW COLUMNS FROM `tiku_course` [ RunTime:0.0040s ]
SQL: SELECT * FROM `tiku_course` WHERE ( status=1 )  [ RunTime:0.0000s ]
SQL: SELECT * FROM `tiku_course` WHERE ( status=1 )  [ RunTime:0.0010s ]
INFO: [ view_parse ] --START--
INFO: [ template_filter ] --START--
INFO: Run Behavior\ContentReplaceBehavior [ RunTime:0.000000s ]
INFO: [ template_filter ] --END-- [ RunTime:0.000000s ]
INFO: Run Behavior\ParseTemplateBehavior [ RunTime:0.011000s ]
INFO: [ view_parse ] --END-- [ RunTime:0.011000s ]
INFO: [ view_filter ] --START--
INFO: Run Behavior\WriteHtmlCacheBehavior [ RunTime:0.000000s ]
INFO: [ view_filter ] --END-- [ RunTime:0.000000s ]
INFO: [ app_end ] --START--
INFO: Run Behavior\ShowPageTraceBehavior [ RunTime:0.001001s ]
INFO: [ app_end ] --END-- [ RunTime:0.001001s ]

[ 2016-03-01T17:37:12+08:00 ] 127.0.0.1 /
INFO: [ app_init ] --START--
INFO: Run Behavior\BuildLiteBehavior [ RunTime:0.000000s ]
INFO: [ app_init ] --END-- [ RunTime:0.000000s ]
INFO: [ app_begin ] --START--
INFO: Run Behavior\ReadHtmlCacheBehavior [ RunTime:0.001001s ]
INFO: [ app_begin ] --END-- [ RunTime:0.001001s ]
SQL: SHOW COLUMNS FROM `tiku_course` [ RunTime:0.0030s ]
SQL: SELECT * FROM `tiku_course` WHERE ( status=1 )  [ RunTime:0.0000s ]
SQL: SELECT * FROM `tiku_course` WHERE ( status=1 )  [ RunTime:0.0000s ]
INFO: [ view_parse ] --START--
INFO: [ template_filter ] --START--
INFO: Run Behavior\ContentReplaceBehavior [ RunTime:0.000000s ]
INFO: [ template_filter ] --END-- [ RunTime:0.000000s ]
INFO: Run Behavior\ParseTemplateBehavior [ RunTime:0.011001s ]
INFO: [ view_parse ] --END-- [ RunTime:0.012001s ]
INFO: [ view_filter ] --START--
INFO: Run Behavior\WriteHtmlCacheBehavior [ RunTime:0.000000s ]
INFO: [ view_filter ] --END-- [ RunTime:0.000000s ]
INFO: [ app_end ] --START--
INFO: Run Behavior\ShowPageTraceBehavior [ RunTime:0.001000s ]
INFO: [ app_end ] --END-- [ RunTime:0.001000s ]

