[ 2016-01-11T08:52:59+08:00 ] 127.0.0.1 /
INFO: [ app_init ] --START--
INFO: Run Behavior\BuildLiteBehavior [ RunTime:0.000000s ]
INFO: [ app_init ] --END-- [ RunTime:0.000000s ]
INFO: [ app_begin ] --START--
INFO: Run Behavior\ReadHtmlCacheBehavior [ RunTime:0.000000s ]
INFO: [ app_begin ] --END-- [ RunTime:0.000000s ]
SQL: SHOW COLUMNS FROM `tiku_course` [ RunTime:0.0156s ]
SQL: SELECT * FROM `tiku_course` WHERE ( status=1 )  [ RunTime:0.0000s ]
SQL: SELECT * FROM `tiku_course` WHERE ( status=1 )  [ RunTime:0.0000s ]
INFO: [ view_parse ] --START--
INFO: [ template_filter ] --START--
INFO: Run Behavior\ContentReplaceBehavior [ RunTime:0.000000s ]
INFO: [ template_filter ] --END-- [ RunTime:0.000000s ]
INFO: Run Behavior\ParseTemplateBehavior [ RunTime:0.046800s ]
INFO: [ view_parse ] --END-- [ RunTime:0.046800s ]
INFO: [ view_filter ] --START--
INFO: Run Behavior\WriteHtmlCacheBehavior [ RunTime:0.000000s ]
INFO: [ view_filter ] --END-- [ RunTime:0.000000s ]
INFO: [ app_end ] --START--
INFO: Run Behavior\ShowPageTraceBehavior [ RunTime:0.000000s ]
INFO: [ app_end ] --END-- [ RunTime:0.000000s ]

[ 2016-01-11T14:00:01+08:00 ] 127.0.0.1 /
INFO: [ app_init ] --START--
INFO: Run Behavior\BuildLiteBehavior [ RunTime:0.000000s ]
INFO: [ app_init ] --END-- [ RunTime:0.001000s ]
INFO: [ app_begin ] --START--
INFO: Run Behavior\ReadHtmlCacheBehavior [ RunTime:0.000000s ]
INFO: [ app_begin ] --END-- [ RunTime:0.000000s ]
SQL: SHOW COLUMNS FROM `tiku_course` [ RunTime:0.0040s ]
SQL: SELECT * FROM `tiku_course` WHERE ( status=1 )  [ RunTime:0.0000s ]
SQL: SELECT * FROM `tiku_course` WHERE ( status=1 )  [ RunTime:0.0000s ]
INFO: [ view_parse ] --START--
INFO: [ template_filter ] --START--
INFO: Run Behavior\ContentReplaceBehavior [ RunTime:0.000000s ]
INFO: [ template_filter ] --END-- [ RunTime:0.000000s ]
INFO: Run Behavior\ParseTemplateBehavior [ RunTime:0.010000s ]
INFO: [ view_parse ] --END-- [ RunTime:0.010000s ]
INFO: [ view_filter ] --START--
INFO: Run Behavior\WriteHtmlCacheBehavior [ RunTime:0.001000s ]
INFO: [ view_filter ] --END-- [ RunTime:0.001000s ]
INFO: [ app_end ] --START--
INFO: Run Behavior\ShowPageTraceBehavior [ RunTime:0.001000s ]
INFO: [ app_end ] --END-- [ RunTime:0.001000s ]

[ 2016-01-11T14:00:09+08:00 ] 127.0.0.1 /index.php/home/tiku/ajaxSelectCourse?id=2
INFO: [ app_init ] --START--
INFO: Run Behavior\BuildLiteBehavior [ RunTime:0.001000s ]
INFO: [ app_init ] --END-- [ RunTime:0.001000s ]
INFO: [ app_begin ] --START--
INFO: Run Behavior\ReadHtmlCacheBehavior [ RunTime:0.001000s ]
INFO: [ app_begin ] --END-- [ RunTime:0.001000s ]
SQL: SHOW COLUMNS FROM `tiku_course` [ RunTime:0.0030s ]
SQL: SELECT * FROM `tiku_course` WHERE ( status=1 )  [ RunTime:0.0000s ]
SQL: SELECT * FROM `tiku_course` WHERE ( status=1 )  [ RunTime:0.0000s ]
NOTIC: [8] Undefined index: cart D:\xampp\htdocs\tiku\Application\Home\Controller\TikuController.class.php 第 193 行.
NOTIC: [8] Undefined index: cart D:\xampp\htdocs\tiku\Application\Home\Controller\TikuController.class.php 第 16 行.

[ 2016-01-11T14:00:10+08:00 ] 127.0.0.1 /tiku/
INFO: [ app_init ] --START--
INFO: Run Behavior\BuildLiteBehavior [ RunTime:0.000000s ]
INFO: [ app_init ] --END-- [ RunTime:0.000000s ]
INFO: [ app_begin ] --START--
INFO: Run Behavior\ReadHtmlCacheBehavior [ RunTime:0.000000s ]
INFO: [ app_begin ] --END-- [ RunTime:0.001000s ]
SQL: SHOW COLUMNS FROM `tiku_course` [ RunTime:0.0030s ]
SQL: SELECT * FROM `tiku_course` WHERE ( status=1 )  [ RunTime:0.0000s ]
SQL: SELECT * FROM `tiku_course` WHERE ( status=1 )  [ RunTime:0.0000s ]
NOTIC: [8] Undefined index: cart D:\xampp\htdocs\tiku\Application\Home\Controller\TikuController.class.php 第 193 行.
NOTIC: [8] Undefined index: cart D:\xampp\htdocs\tiku\Application\Home\Controller\TikuController.class.php 第 16 行.
NOTIC: [8] Undefined index: f D:\xampp\htdocs\tiku\Application\Home\Controller\TikuController.class.php 第 30 行.
NOTIC: [8] Undefined index: d D:\xampp\htdocs\tiku\Application\Home\Controller\TikuController.class.php 第 31 行.
NOTIC: [8] Undefined index: t D:\xampp\htdocs\tiku\Application\Home\Controller\TikuController.class.php 第 32 行.
NOTIC: [8] Undefined index: p D:\xampp\htdocs\tiku\Application\Home\Controller\TikuController.class.php 第 33 行.
NOTIC: [8] Undefined index: w D:\xampp\htdocs\tiku\Application\Home\Controller\TikuController.class.php 第 34 行.
NOTIC: [8] Undefined index: y D:\xampp\htdocs\tiku\Application\Home\Controller\TikuController.class.php 第 35 行.
NOTIC: [8] Undefined index: a D:\xampp\htdocs\tiku\Application\Home\Controller\TikuController.class.php 第 36 行.
NOTIC: [8] Undefined variable: data D:\xampp\htdocs\tiku\Application\Home\Controller\TikuController.class.php 第 314 行.
SQL: SHOW COLUMNS FROM `tiku_course` [ RunTime:0.0020s ]
SQL: SELECT `course_type` FROM `tiku_course` WHERE ( id=2 ) LIMIT 1   [ RunTime:0.0010s ]
SQL: SHOW COLUMNS FROM `tiku_point` [ RunTime:0.0030s ]
SQL: SELECT * FROM `tiku_point` WHERE ( course_id=2 )  [ RunTime:0.0030s ]
SQL: SELECT * FROM `tiku_point` WHERE ( parent_id=849 ) LIMIT 1   [ RunTime:0.0020s ]
SQL: SELECT * FROM `tiku_point` WHERE ( parent_id=850 ) LIMIT 1   [ RunTime:0.0010s ]
SQL: SELECT * FROM `tiku_point` WHERE ( parent_id=987 ) LIMIT 1   [ RunTime:0.0020s ]
SQL: SELECT * FROM `tiku_point` WHERE ( parent_id=988 ) LIMIT 1   [ RunTime:0.0010s ]
SQL: SELECT * FROM `tiku_point` WHERE ( parent_id=989 ) LIMIT 1   [ RunTime:0.0010s ]
SQL: SELECT * FROM `tiku_point` WHERE ( parent_id=990 ) LIMIT 1   [ RunTime:0.0010s ]
SQL: SELECT * FROM `tiku_point` WHERE ( parent_id=851 ) LIMIT 1   [ RunTime:0.0010s ]
SQL: SELECT * FROM `tiku_point` WHERE ( parent_id=991 ) LIMIT 1   [ RunTime:0.0010s ]
SQL: SELECT * FROM `tiku_point` WHERE ( parent_id=992 ) LIMIT 1   [ RunTime:0.0010s ]
SQL: SELECT * FROM `tiku_point` WHERE ( parent_id=993 ) LIMIT 1   [ RunTime:0.0020s ]
SQL: SELECT * FROM `tiku_point` WHERE ( parent_id=852 ) LIMIT 1   [ RunTime:0.0000s ]
SQL: SELECT * FROM `tiku_point` WHERE ( parent_id=853 ) LIMIT 1   [ RunTime:0.0000s ]
SQL: SELECT * FROM `tiku_point` WHERE ( parent_id=994 ) LIMIT 1   [ RunTime:0.0020s ]
SQL: SELECT * FROM `tiku_point` WHERE ( parent_id=995 ) LIMIT 1   [ RunTime:0.0020s ]
SQL: SELECT * FROM `tiku_point` WHERE ( parent_id=854 ) LIMIT 1   [ RunTime:0.0010s ]
SQL: SELECT * FROM `tiku_point` WHERE ( parent_id=996 ) LIMIT 1   [ RunTime:0.0010s ]
SQL: SELECT * FROM `tiku_point` WHERE ( parent_id=997 ) LIMIT 1   [ RunTime:0.0020s ]
SQL: SELECT * FROM `tiku_point` WHERE ( parent_id=855 ) LIMIT 1   [ RunTime:0.0010s ]
SQL: SELECT * FROM `tiku_point` WHERE ( parent_id=998 ) LIMIT 1   [ RunTime:0.0020s ]
SQL: SELECT * FROM `tiku_point` WHERE ( parent_id=999 ) LIMIT 1   [ RunTime:0.0010s ]
SQL: SELECT * FROM `tiku_point` WHERE ( parent_id=856 ) LIMIT 1   [ RunTime:0.0010s ]
SQL: SELECT * FROM `tiku_point` WHERE ( parent_id=857 ) LIMIT 1   [ RunTime:0.0000s ]
SQL: SELECT * FROM `tiku_point` WHERE ( parent_id=1000 ) LIMIT 1   [ RunTime:0.0010s ]
SQL: SELECT * FROM `tiku_point` WHERE ( parent_id=1001 ) LIMIT 1   [ RunTime:0.0020s ]
SQL: SELECT * FROM `tiku_point` WHERE ( parent_id=1002 ) LIMIT 1   [ RunTime:0.0020s ]
SQL: SELECT * FROM `tiku_point` WHERE ( parent_id=858 ) LIMIT 1   [ RunTime:0.0000s ]
SQL: SELECT * FROM `tiku_point` WHERE ( parent_id=1003 ) LIMIT 1   [ RunTime:0.0020s ]
SQL: SELECT * FROM `tiku_point` WHERE ( parent_id=1004 ) LIMIT 1   [ RunTime:0.0020s ]
SQL: SELECT * FROM `tiku_point` WHERE ( parent_id=1005 ) LIMIT 1   [ RunTime:0.0010s ]
SQL: SELECT * FROM `tiku_point` WHERE ( parent_id=1006 ) LIMIT 1   [ RunTime:0.0020s ]
SQL: SELECT * FROM `tiku_point` WHERE ( parent_id=1007 ) LIMIT 1   [ RunTime:0.0020s ]
SQL: SELECT * FROM `tiku_point` WHERE ( parent_id=859 ) LIMIT 1   [ RunTime:0.0010s ]
SQL: SELECT * FROM `tiku_point` WHERE ( parent_id=1008 ) LIMIT 1   [ RunTime:0.0010s ]
SQL: SELECT * FROM `tiku_point` WHERE ( parent_id=860 ) LIMIT 1   [ RunTime:0.0000s ]
SQL: SELECT * FROM `tiku_point` WHERE ( parent_id=861 ) LIMIT 1   [ RunTime:0.0010s ]
SQL: SELECT * FROM `tiku_point` WHERE ( parent_id=1009 ) LIMIT 1   [ RunTime:0.0020s ]
SQL: SELECT * FROM `tiku_point` WHERE ( parent_id=1010 ) LIMIT 1   [ RunTime:0.0020s ]
SQL: SELECT * FROM `tiku_point` WHERE ( parent_id=1011 ) LIMIT 1   [ RunTime:0.0020s ]
SQL: SELECT * FROM `tiku_point` WHERE ( parent_id=862 ) LIMIT 1   [ RunTime:0.0010s ]
SQL: SELECT * FROM `tiku_point` WHERE ( parent_id=1012 ) LIMIT 1   [ RunTime:0.0020s ]
SQL: SELECT * FROM `tiku_point` WHERE ( parent_id=1013 ) LIMIT 1   [ RunTime:0.0020s ]
SQL: SELECT * FROM `tiku_point` WHERE ( parent_id=863 ) LIMIT 1   [ RunTime:0.0010s ]
SQL: SELECT * FROM `tiku_point` WHERE ( parent_id=1014 ) LIMIT 1   [ RunTime:0.0020s ]
SQL: SELECT * FROM `tiku_point` WHERE ( parent_id=1015 ) LIMIT 1   [ RunTime:0.0020s ]
SQL: SELECT * FROM `tiku_point` WHERE ( parent_id=1016 ) LIMIT 1   [ RunTime:0.0030s ]
SQL: SELECT * FROM `tiku_point` WHERE ( parent_id=864 ) LIMIT 1   [ RunTime:0.0010s ]
SQL: SELECT * FROM `tiku_point` WHERE ( parent_id=1017 ) LIMIT 1   [ RunTime:0.0020s ]
SQL: SELECT * FROM `tiku_point` WHERE ( parent_id=1018 ) LIMIT 1   [ RunTime:0.0020s ]
SQL: SELECT * FROM `tiku_point` WHERE ( parent_id=865 ) LIMIT 1   [ RunTime:0.0010s ]
SQL: SELECT * FROM `tiku_point` WHERE ( parent_id=1019 ) LIMIT 1   [ RunTime:0.0020s ]
SQL: SELECT * FROM `tiku_point` WHERE ( parent_id=1020 ) LIMIT 1   [ RunTime:0.0020s ]
SQL: SELECT * FROM `tiku_point` WHERE ( parent_id=1021 ) LIMIT 1   [ RunTime:0.0020s ]
SQL: SELECT * FROM `tiku_point` WHERE ( parent_id=866 ) LIMIT 1   [ RunTime:0.0000s ]
SQL: SELECT * FROM `tiku_point` WHERE ( parent_id=867 ) LIMIT 1   [ RunTime:0.0010s ]
SQL: SELECT * FROM `tiku_point` WHERE ( parent_id=1022 ) LIMIT 1   [ RunTime:0.0020s ]
SQL: SELECT * FROM `tiku_point` WHERE ( parent_id=1023 ) LIMIT 1   [ RunTime:0.0030s ]
SQL: SELECT * FROM `tiku_point` WHERE ( parent_id=1024 ) LIMIT 1   [ RunTime:0.0020s ]
SQL: SELECT * FROM `tiku_point` WHERE ( parent_id=868 ) LIMIT 1   [ RunTime:0.0000s ]
SQL: SELECT * FROM `tiku_point` WHERE ( parent_id=1025 ) LIMIT 1   [ RunTime:0.0010s ]
SQL: SELECT * FROM `tiku_point` WHERE ( parent_id=1026 ) LIMIT 1   [ RunTime:0.0020s ]
SQL: SELECT * FROM `tiku_point` WHERE ( parent_id=1027 ) LIMIT 1   [ RunTime:0.0020s ]
SQL: SELECT * FROM `tiku_point` WHERE ( parent_id=869 ) LIMIT 1   [ RunTime:0.0010s ]
SQL: SELECT * FROM `tiku_point` WHERE ( parent_id=1028 ) LIMIT 1   [ RunTime:0.0020s ]
SQL: SELECT * FROM `tiku_point` WHERE ( parent_id=1029 ) LIMIT 1   [ RunTime:0.0010s ]
SQL: SELECT * FROM `tiku_point` WHERE ( parent_id=870 ) LIMIT 1   [ RunTime:0.0000s ]
SQL: SELECT * FROM `tiku_point` WHERE ( parent_id=871 ) LIMIT 1   [ RunTime:0.0010s ]
SQL: SELECT * FROM `tiku_point` WHERE ( parent_id=1030 ) LIMIT 1   [ RunTime:0.0020s ]
SQL: SELECT * FROM `tiku_point` WHERE ( parent_id=1031 ) LIMIT 1   [ RunTime:0.0020s ]
SQL: SELECT * FROM `tiku_point` WHERE ( parent_id=872 ) LIMIT 1   [ RunTime:0.0010s ]
SQL: SELECT * FROM `tiku_point` WHERE ( parent_id=1032 ) LIMIT 1   [ RunTime:0.0020s ]
SQL: SELECT * FROM `tiku_point` WHERE ( parent_id=1033 ) LIMIT 1   [ RunTime:0.0020s ]
SQL: SELECT * FROM `tiku_point` WHERE ( parent_id=873 ) LIMIT 1   [ RunTime:0.0000s ]
SQL: SELECT * FROM `tiku_point` WHERE ( parent_id=1034 ) LIMIT 1   [ RunTime:0.0020s ]
SQL: SELECT * FROM `tiku_point` WHERE ( parent_id=1035 ) LIMIT 1   [ RunTime:0.0020s ]
SQL: SELECT * FROM `tiku_point` WHERE ( parent_id=874 ) LIMIT 1   [ RunTime:0.0010s ]
SQL: SELECT * FROM `tiku_point` WHERE ( parent_id=875 ) LIMIT 1   [ RunTime:0.0000s ]
SQL: SELECT * FROM `tiku_point` WHERE ( parent_id=1036 ) LIMIT 1   [ RunTime:0.0020s ]
SQL: SELECT * FROM `tiku_point` WHERE ( parent_id=1037 ) LIMIT 1   [ RunTime:0.0040s ]
SQL: SELECT * FROM `tiku_point` WHERE ( parent_id=876 ) LIMIT 1   [ RunTime:0.0030s ]
SQL: SELECT * FROM `tiku_point` WHERE ( parent_id=1038 ) LIMIT 1   [ RunTime:0.0080s ]
SQL: SELECT * FROM `tiku_point` WHERE ( parent_id=1039 ) LIMIT 1   [ RunTime:0.0020s ]
SQL: SELECT * FROM `tiku_point` WHERE ( parent_id=877 ) LIMIT 1   [ RunTime:0.0010s ]
SQL: SELECT * FROM `tiku_point` WHERE ( parent_id=1040 ) LIMIT 1   [ RunTime:0.0030s ]
SQL: SELECT * FROM `tiku_point` WHERE ( parent_id=1041 ) LIMIT 1   [ RunTime:0.0020s ]
SQL: SELECT * FROM `tiku_point` WHERE ( parent_id=878 ) LIMIT 1   [ RunTime:0.0010s ]
SQL: SELECT * FROM `tiku_point` WHERE ( parent_id=1042 ) LIMIT 1   [ RunTime:0.0040s ]
SQL: SELECT * FROM `tiku_point` WHERE ( parent_id=1043 ) LIMIT 1   [ RunTime:0.0030s ]
SQL: SELECT * FROM `tiku_point` WHERE ( parent_id=879 ) LIMIT 1   [ RunTime:0.0010s ]
SQL: SELECT * FROM `tiku_point` WHERE ( parent_id=880 ) LIMIT 1   [ RunTime:0.0010s ]
SQL: SELECT * FROM `tiku_point` WHERE ( parent_id=1044 ) LIMIT 1   [ RunTime:0.0020s ]
SQL: SELECT * FROM `tiku_point` WHERE ( parent_id=1045 ) LIMIT 1   [ RunTime:0.0030s ]
SQL: SELECT * FROM `tiku_point` WHERE ( parent_id=881 ) LIMIT 1   [ RunTime:0.0010s ]
SQL: SELECT * FROM `tiku_point` WHERE ( parent_id=1046 ) LIMIT 1   [ RunTime:0.0020s ]
SQL: SELECT * FROM `tiku_point` WHERE ( parent_id=1047 ) LIMIT 1   [ RunTime:0.0060s ]
SQL: SELECT * FROM `tiku_point` WHERE ( parent_id=882 ) LIMIT 1   [ RunTime:0.0010s ]
SQL: SELECT * FROM `tiku_point` WHERE ( parent_id=883 ) LIMIT 1   [ RunTime:0.0010s ]
SQL: SELECT * FROM `tiku_point` WHERE ( parent_id=1048 ) LIMIT 1   [ RunTime:0.0020s ]
SQL: SELECT * FROM `tiku_point` WHERE ( parent_id=1049 ) LIMIT 1   [ RunTime:0.0020s ]
SQL: SELECT * FROM `tiku_point` WHERE ( parent_id=1050 ) LIMIT 1   [ RunTime:0.0020s ]
SQL: SELECT * FROM `tiku_point` WHERE ( parent_id=884 ) LIMIT 1   [ RunTime:0.0010s ]
SQL: SELECT * FROM `tiku_point` WHERE ( parent_id=1051 ) LIMIT 1   [ RunTime:0.0030s ]
SQL: SELECT * FROM `tiku_point` WHERE ( parent_id=1052 ) LIMIT 1   [ RunTime:0.0030s ]
SQL: SELECT * FROM `tiku_point` WHERE ( parent_id=885 ) LIMIT 1   [ RunTime:0.0010s ]
SQL: SELECT * FROM `tiku_point` WHERE ( parent_id=1053 ) LIMIT 1   [ RunTime:0.0020s ]
SQL: SELECT * FROM `tiku_point` WHERE ( parent_id=1054 ) LIMIT 1   [ RunTime:0.0020s ]
SQL: SELECT * FROM `tiku_point` WHERE ( parent_id=1055 ) LIMIT 1   [ RunTime:0.0020s ]
SQL: SELECT * FROM `tiku_point` WHERE ( parent_id=886 ) LIMIT 1   [ RunTime:0.0010s ]
SQL: SELECT * FROM `tiku_point` WHERE ( parent_id=1056 ) LIMIT 1   [ RunTime:0.0020s ]
SQL: SELECT * FROM `tiku_point` WHERE ( parent_id=1057 ) LIMIT 1   [ RunTime:0.0030s ]
SQL: SELECT * FROM `tiku_point` WHERE ( parent_id=887 ) LIMIT 1   [ RunTime:0.0010s ]
SQL: SELECT * FROM `tiku_point` WHERE ( parent_id=1058 ) LIMIT 1   [ RunTime:0.0010s ]
SQL: SELECT * FROM `tiku_point` WHERE ( parent_id=1059 ) LIMIT 1   [ RunTime:0.0010s ]
SQL: SELECT * FROM `tiku_point` WHERE ( parent_id=1060 ) LIMIT 1   [ RunTime:0.0020s ]
SQL: SELECT * FROM `tiku_point` WHERE ( parent_id=888 ) LIMIT 1   [ RunTime:0.0010s ]
SQL: SELECT * FROM `tiku_point` WHERE ( parent_id=889 ) LIMIT 1   [ RunTime:0.0010s ]
SQL: SELECT * FROM `tiku_point` WHERE ( parent_id=1061 ) LIMIT 1   [ RunTime:0.0020s ]
SQL: SELECT * FROM `tiku_point` WHERE ( parent_id=1062 ) LIMIT 1   [ RunTime:0.0030s ]
SQL: SELECT * FROM `tiku_point` WHERE ( parent_id=1063 ) LIMIT 1   [ RunTime:0.0030s ]
SQL: SELECT * FROM `tiku_point` WHERE ( parent_id=890 ) LIMIT 1   [ RunTime:0.0010s ]
SQL: SELECT * FROM `tiku_point` WHERE ( parent_id=1064 ) LIMIT 1   [ RunTime:0.0030s ]
SQL: SELECT * FROM `tiku_point` WHERE ( parent_id=1065 ) LIMIT 1   [ RunTime:0.0030s ]
SQL: SELECT * FROM `tiku_point` WHERE ( parent_id=1066 ) LIMIT 1   [ RunTime:0.0030s ]
SQL: SELECT * FROM `tiku_point` WHERE ( parent_id=1067 ) LIMIT 1   [ RunTime:0.0050s ]
SQL: SELECT * FROM `tiku_point` WHERE ( parent_id=1068 ) LIMIT 1   [ RunTime:0.0030s ]
SQL: SELECT * FROM `tiku_point` WHERE ( parent_id=891 ) LIMIT 1   [ RunTime:0.0010s ]
SQL: SELECT * FROM `tiku_point` WHERE ( parent_id=892 ) LIMIT 1   [ RunTime:0.0010s ]
SQL: SELECT * FROM `tiku_point` WHERE ( parent_id=1069 ) LIMIT 1   [ RunTime:0.0020s ]
SQL: SELECT * FROM `tiku_point` WHERE ( parent_id=1070 ) LIMIT 1   [ RunTime:0.0030s ]
SQL: SELECT * FROM `tiku_point` WHERE ( parent_id=893 ) LIMIT 1   [ RunTime:0.0000s ]
SQL: SELECT * FROM `tiku_point` WHERE ( parent_id=1071 ) LIMIT 1   [ RunTime:0.0020s ]
SQL: SELECT * FROM `tiku_point` WHERE ( parent_id=1072 ) LIMIT 1   [ RunTime:0.0030s ]
SQL: SELECT * FROM `tiku_point` WHERE ( parent_id=894 ) LIMIT 1   [ RunTime:0.0010s ]
SQL: SELECT * FROM `tiku_point` WHERE ( parent_id=1073 ) LIMIT 1   [ RunTime:0.0020s ]
SQL: SELECT * FROM `tiku_point` WHERE ( parent_id=1074 ) LIMIT 1   [ RunTime:0.0030s ]
SQL: SELECT * FROM `tiku_point` WHERE ( parent_id=1075 ) LIMIT 1   [ RunTime:0.0030s ]
SQL: SELECT * FROM `tiku_point` WHERE ( parent_id=1076 ) LIMIT 1   [ RunTime:0.0040s ]
SQL: SELECT * FROM `tiku_point` WHERE ( parent_id=895 ) LIMIT 1   [ RunTime:0.0010s ]
SQL: SELECT * FROM `tiku_point` WHERE ( parent_id=1077 ) LIMIT 1   [ RunTime:0.0030s ]
SQL: SELECT * FROM `tiku_point` WHERE ( parent_id=1078 ) LIMIT 1   [ RunTime:0.0030s ]
SQL: SELECT * FROM `tiku_point` WHERE ( parent_id=896 ) LIMIT 1   [ RunTime:0.0000s ]
SQL: SELECT * FROM `tiku_point` WHERE ( parent_id=897 ) LIMIT 1   [ RunTime:0.0000s ]
SQL: SELECT * FROM `tiku_point` WHERE ( parent_id=1079 ) LIMIT 1   [ RunTime:0.0010s ]
SQL: SELECT * FROM `tiku_point` WHERE ( parent_id=1080 ) LIMIT 1   [ RunTime:0.0020s ]
SQL: SELECT * FROM `tiku_point` WHERE ( parent_id=1081 ) LIMIT 1   [ RunTime:0.0030s ]
SQL: SELECT * FROM `tiku_point` WHERE ( parent_id=1082 ) LIMIT 1   [ RunTime:0.0050s ]
SQL: SELECT * FROM `tiku_point` WHERE ( parent_id=1083 ) LIMIT 1   [ RunTime:0.0020s ]
SQL: SELECT * FROM `tiku_point` WHERE ( parent_id=898 ) LIMIT 1   [ RunTime:0.0010s ]
SQL: SELECT * FROM `tiku_point` WHERE ( parent_id=1084 ) LIMIT 1   [ RunTime:0.0020s ]
SQL: SELECT * FROM `tiku_point` WHERE ( parent_id=1085 ) LIMIT 1   [ RunTime:0.0030s ]
SQL: SELECT * FROM `tiku_point` WHERE ( parent_id=899 ) LIMIT 1   [ RunTime:0.0010s ]
SQL: SELECT * FROM `tiku_point` WHERE ( parent_id=1086 ) LIMIT 1   [ RunTime:0.0030s ]
SQL: SELECT * FROM `tiku_point` WHERE ( parent_id=1087 ) LIMIT 1   [ RunTime:0.0030s ]
SQL: SELECT * FROM `tiku_point` WHERE ( parent_id=900 ) LIMIT 1   [ RunTime:0.0010s ]
SQL: SELECT * FROM `tiku_point` WHERE ( parent_id=901 ) LIMIT 1   [ RunTime:0.0010s ]
SQL: SELECT * FROM `tiku_point` WHERE ( parent_id=1088 ) LIMIT 1   [ RunTime:0.0010s ]
SQL: SELECT * FROM `tiku_point` WHERE ( parent_id=1089 ) LIMIT 1   [ RunTime:0.0010s ]
SQL: SELECT * FROM `tiku_point` WHERE ( parent_id=1090 ) LIMIT 1   [ RunTime:0.0010s ]
SQL: SELECT * FROM `tiku_point` WHERE ( parent_id=1091 ) LIMIT 1   [ RunTime:0.0010s ]
SQL: SELECT * FROM `tiku_point` WHERE ( parent_id=902 ) LIMIT 1   [ RunTime:0.0010s ]
SQL: SELECT * FROM `tiku_point` WHERE ( parent_id=1092 ) LIMIT 1   [ RunTime:0.0030s ]
SQL: SELECT * FROM `tiku_point` WHERE ( parent_id=1093 ) LIMIT 1   [ RunTime:0.0020s ]
SQL: SELECT * FROM `tiku_point` WHERE ( parent_id=1094 ) LIMIT 1   [ RunTime:0.0020s ]
SQL: SELECT * FROM `tiku_point` WHERE ( parent_id=903 ) LIMIT 1   [ RunTime:0.0010s ]
SQL: SELECT * FROM `tiku_point` WHERE ( parent_id=1095 ) LIMIT 1   [ RunTime:0.0020s ]
SQL: SELECT * FROM `tiku_point` WHERE ( parent_id=1096 ) LIMIT 1   [ RunTime:0.0020s ]
SQL: SELECT * FROM `tiku_point` WHERE ( parent_id=1097 ) LIMIT 1   [ RunTime:0.0020s ]
SQL: SELECT * FROM `tiku_point` WHERE ( parent_id=904 ) LIMIT 1   [ RunTime:0.0010s ]
SQL: SELECT * FROM `tiku_point` WHERE ( parent_id=1098 ) LIMIT 1   [ RunTime:0.0030s ]
SQL: SELECT * FROM `tiku_point` WHERE ( parent_id=1099 ) LIMIT 1   [ RunTime:0.0030s ]
SQL: SELECT * FROM `tiku_point` WHERE ( parent_id=1100 ) LIMIT 1   [ RunTime:0.0030s ]
SQL: SELECT * FROM `tiku_point` WHERE ( parent_id=905 ) LIMIT 1   [ RunTime:0.0010s ]
SQL: SELECT * FROM `tiku_point` WHERE ( parent_id=1101 ) LIMIT 1   [ RunTime:0.0020s ]
SQL: SELECT * FROM `tiku_point` WHERE ( parent_id=1102 ) LIMIT 1   [ RunTime:0.0020s ]
SQL: SELECT * FROM `tiku_point` WHERE ( parent_id=906 ) LIMIT 1   [ RunTime:0.0000s ]
SQL: SELECT * FROM `tiku_point` WHERE ( parent_id=1103 ) LIMIT 1   [ RunTime:0.0030s ]
SQL: SELECT * FROM `tiku_point` WHERE ( parent_id=1104 ) LIMIT 1   [ RunTime:0.0020s ]
SQL: SELECT * FROM `tiku_point` WHERE ( parent_id=1105 ) LIMIT 1   [ RunTime:0.0020s ]
SQL: SELECT * FROM `tiku_point` WHERE ( parent_id=907 ) LIMIT 1   [ RunTime:0.0010s ]
SQL: SELECT * FROM `tiku_point` WHERE ( parent_id=908 ) LIMIT 1   [ RunTime:0.0010s ]
SQL: SELECT * FROM `tiku_point` WHERE ( parent_id=1106 ) LIMIT 1   [ RunTime:0.0020s ]
SQL: SELECT * FROM `tiku_point` WHERE ( parent_id=1107 ) LIMIT 1   [ RunTime:0.0030s ]
SQL: SELECT * FROM `tiku_point` WHERE ( parent_id=1108 ) LIMIT 1   [ RunTime:0.0040s ]
SQL: SELECT * FROM `tiku_point` WHERE ( parent_id=909 ) LIMIT 1   [ RunTime:0.0020s ]
SQL: SELECT * FROM `tiku_point` WHERE ( parent_id=1109 ) LIMIT 1   [ RunTime:0.0030s ]
SQL: SELECT * FROM `tiku_point` WHERE ( parent_id=1110 ) LIMIT 1   [ RunTime:0.0020s ]
SQL: SELECT * FROM `tiku_point` WHERE ( parent_id=1111 ) LIMIT 1   [ RunTime:0.0030s ]
SQL: SELECT * FROM `tiku_point` WHERE ( parent_id=1112 ) LIMIT 1   [ RunTime:0.0030s ]
SQL: SELECT * FROM `tiku_point` WHERE ( parent_id=910 ) LIMIT 1   [ RunTime:0.0010s ]
SQL: SELECT * FROM `tiku_point` WHERE ( parent_id=1113 ) LIMIT 1   [ RunTime:0.0040s ]
SQL: SELECT * FROM `tiku_point` WHERE ( parent_id=1114 ) LIMIT 1   [ RunTime:0.0030s ]
SQL: SELECT * FROM `tiku_point` WHERE ( parent_id=1115 ) LIMIT 1   [ RunTime:0.0030s ]
SQL: SELECT * FROM `tiku_point` WHERE ( parent_id=911 ) LIMIT 1   [ RunTime:0.0000s ]
SQL: SELECT * FROM `tiku_point` WHERE ( parent_id=912 ) LIMIT 1   [ RunTime:0.0010s ]
SQL: SELECT * FROM `tiku_point` WHERE ( parent_id=1116 ) LIMIT 1   [ RunTime:0.0020s ]
SQL: SELECT * FROM `tiku_point` WHERE ( parent_id=1117 ) LIMIT 1   [ RunTime:0.0020s ]
SQL: SELECT * FROM `tiku_point` WHERE ( parent_id=913 ) LIMIT 1   [ RunTime:0.0020s ]
SQL: SELECT * FROM `tiku_point` WHERE ( parent_id=1118 ) LIMIT 1   [ RunTime:0.0030s ]
SQL: SELECT * FROM `tiku_point` WHERE ( parent_id=1119 ) LIMIT 1   [ RunTime:0.0030s ]
SQL: SELECT * FROM `tiku_point` WHERE ( parent_id=914 ) LIMIT 1   [ RunTime:0.0010s ]
SQL: SELECT * FROM `tiku_point` WHERE ( parent_id=1120 ) LIMIT 1   [ RunTime:0.0020s ]
SQL: SELECT * FROM `tiku_point` WHERE ( parent_id=1121 ) LIMIT 1   [ RunTime:0.0020s ]
SQL: SELECT * FROM `tiku_point` WHERE ( parent_id=1122 ) LIMIT 1   [ RunTime:0.0010s ]
SQL: SELECT * FROM `tiku_point` WHERE ( parent_id=1123 ) LIMIT 1   [ RunTime:0.0030s ]
SQL: SELECT * FROM `tiku_point` WHERE ( parent_id=1124 ) LIMIT 1   [ RunTime:0.0030s ]
SQL: SELECT * FROM `tiku_point` WHERE ( parent_id=915 ) LIMIT 1   [ RunTime:0.0000s ]
SQL: SELECT * FROM `tiku_point` WHERE ( parent_id=1125 ) LIMIT 1   [ RunTime:0.0030s ]
SQL: SELECT * FROM `tiku_point` WHERE ( parent_id=1126 ) LIMIT 1   [ RunTime:0.0030s ]
SQL: SELECT * FROM `tiku_point` WHERE ( parent_id=1127 ) LIMIT 1   [ RunTime:0.0020s ]
SQL: SELECT * FROM `tiku_point` WHERE ( parent_id=916 ) LIMIT 1   [ RunTime:0.0000s ]
SQL: SELECT * FROM `tiku_point` WHERE ( parent_id=1128 ) LIMIT 1   [ RunTime:0.0020s ]
SQL: SELECT * FROM `tiku_point` WHERE ( parent_id=1129 ) LIMIT 1   [ RunTime:0.0040s ]
SQL: SELECT * FROM `tiku_point` WHERE ( parent_id=1130 ) LIMIT 1   [ RunTime:0.0010s ]
SQL: SELECT * FROM `tiku_point` WHERE ( parent_id=917 ) LIMIT 1   [ RunTime:0.0000s ]
SQL: SELECT * FROM `tiku_point` WHERE ( parent_id=918 ) LIMIT 1   [ RunTime:0.0010s ]
SQL: SELECT * FROM `tiku_point` WHERE ( parent_id=1131 ) LIMIT 1   [ RunTime:0.0020s ]
SQL: SELECT * FROM `tiku_point` WHERE ( parent_id=1132 ) LIMIT 1   [ RunTime:0.0010s ]
SQL: SELECT * FROM `tiku_point` WHERE ( parent_id=1133 ) LIMIT 1   [ RunTime:0.0020s ]
SQL: SELECT * FROM `tiku_point` WHERE ( parent_id=1134 ) LIMIT 1   [ RunTime:0.0030s ]
SQL: SELECT * FROM `tiku_point` WHERE ( parent_id=1135 ) LIMIT 1   [ RunTime:0.0030s ]
SQL: SELECT * FROM `tiku_point` WHERE ( parent_id=919 ) LIMIT 1   [ RunTime:0.0010s ]
SQL: SELECT * FROM `tiku_point` WHERE ( parent_id=1136 ) LIMIT 1   [ RunTime:0.0020s ]
SQL: SELECT * FROM `tiku_point` WHERE ( parent_id=1137 ) LIMIT 1   [ RunTime:0.0020s ]
SQL: SELECT * FROM `tiku_point` WHERE ( parent_id=1138 ) LIMIT 1   [ RunTime:0.0010s ]
SQL: SELECT * FROM `tiku_point` WHERE ( parent_id=920 ) LIMIT 1   [ RunTime:0.0010s ]
SQL: SELECT * FROM `tiku_point` WHERE ( parent_id=1139 ) LIMIT 1   [ RunTime:0.0020s ]
SQL: SELECT * FROM `tiku_point` WHERE ( parent_id=1140 ) LIMIT 1   [ RunTime:0.0010s ]
SQL: SELECT * FROM `tiku_point` WHERE ( parent_id=1141 ) LIMIT 1   [ RunTime:0.0030s ]
SQL: SELECT * FROM `tiku_point` WHERE ( parent_id=921 ) LIMIT 1   [ RunTime:0.0020s ]
SQL: SELECT * FROM `tiku_point` WHERE ( parent_id=922 ) LIMIT 1   [ RunTime:0.0010s ]
SQL: SELECT * FROM `tiku_point` WHERE ( parent_id=1142 ) LIMIT 1   [ RunTime:0.0020s ]
SQL: SELECT * FROM `tiku_point` WHERE ( parent_id=1143 ) LIMIT 1   [ RunTime:0.0020s ]
SQL: SELECT * FROM `tiku_point` WHERE ( parent_id=1144 ) LIMIT 1   [ RunTime:0.0020s ]
SQL: SELECT * FROM `tiku_point` WHERE ( parent_id=1145 ) LIMIT 1   [ RunTime:0.0010s ]
SQL: SELECT * FROM `tiku_point` WHERE ( parent_id=1146 ) LIMIT 1   [ RunTime:0.0020s ]
SQL: SELECT * FROM `tiku_point` WHERE ( parent_id=1147 ) LIMIT 1   [ RunTime:0.0020s ]
SQL: SELECT * FROM `tiku_point` WHERE ( parent_id=923 ) LIMIT 1   [ RunTime:0.0010s ]
SQL: SELECT * FROM `tiku_point` WHERE ( parent_id=1148 ) LIMIT 1   [ RunTime:0.0030s ]
SQL: SELECT * FROM `tiku_point` WHERE ( parent_id=1149 ) LIMIT 1   [ RunTime:0.0030s ]
SQL: SELECT * FROM `tiku_point` WHERE ( parent_id=924 ) LIMIT 1   [ RunTime:0.0000s ]
SQL: SELECT * FROM `tiku_point` WHERE ( parent_id=925 ) LIMIT 1   [ RunTime:0.0010s ]
SQL: SELECT * FROM `tiku_point` WHERE ( parent_id=1150 ) LIMIT 1   [ RunTime:0.0020s ]
SQL: SELECT * FROM `tiku_point` WHERE ( parent_id=1151 ) LIMIT 1   [ RunTime:0.0010s ]
SQL: SELECT * FROM `tiku_point` WHERE ( parent_id=1152 ) LIMIT 1   [ RunTime:0.0030s ]
SQL: SELECT * FROM `tiku_point` WHERE ( parent_id=926 ) LIMIT 1   [ RunTime:0.0010s ]
SQL: SELECT * FROM `tiku_point` WHERE ( parent_id=1153 ) LIMIT 1   [ RunTime:0.0040s ]
SQL: SELECT * FROM `tiku_point` WHERE ( parent_id=1154 ) LIMIT 1   [ RunTime:0.0020s ]
SQL: SELECT * FROM `tiku_point` WHERE ( parent_id=1155 ) LIMIT 1   [ RunTime:0.0020s ]
SQL: SELECT * FROM `tiku_point` WHERE ( parent_id=1156 ) LIMIT 1   [ RunTime:0.0020s ]
SQL: SELECT * FROM `tiku_point` WHERE ( parent_id=927 ) LIMIT 1   [ RunTime:0.0010s ]
SQL: SELECT * FROM `tiku_point` WHERE ( parent_id=1157 ) LIMIT 1   [ RunTime:0.0010s ]
SQL: SELECT * FROM `tiku_point` WHERE ( parent_id=1158 ) LIMIT 1   [ RunTime:0.0020s ]
SQL: SELECT * FROM `tiku_point` WHERE ( parent_id=1159 ) LIMIT 1   [ RunTime:0.0020s ]
SQL: SELECT * FROM `tiku_point` WHERE ( parent_id=1160 ) LIMIT 1   [ RunTime:0.0010s ]
SQL: SELECT * FROM `tiku_point` WHERE ( parent_id=1161 ) LIMIT 1   [ RunTime:0.0020s ]
SQL: SELECT * FROM `tiku_point` WHERE ( parent_id=1162 ) LIMIT 1   [ RunTime:0.0030s ]
SQL: SELECT * FROM `tiku_point` WHERE ( parent_id=928 ) LIMIT 1   [ RunTime:0.0010s ]
SQL: SELECT * FROM `tiku_point` WHERE ( parent_id=929 ) LIMIT 1   [ RunTime:0.0010s ]
SQL: SELECT * FROM `tiku_point` WHERE ( parent_id=1163 ) LIMIT 1   [ RunTime:0.0020s ]
SQL: SELECT * FROM `tiku_point` WHERE ( parent_id=1164 ) LIMIT 1   [ RunTime:0.0020s ]
SQL: SELECT * FROM `tiku_point` WHERE ( parent_id=930 ) LIMIT 1   [ RunTime:0.0010s ]
SQL: SELECT * FROM `tiku_point` WHERE ( parent_id=1165 ) LIMIT 1   [ RunTime:0.0010s ]
SQL: SELECT * FROM `tiku_point` WHERE ( parent_id=1166 ) LIMIT 1   [ RunTime:0.0020s ]
SQL: SELECT * FROM `tiku_point` WHERE ( parent_id=931 ) LIMIT 1   [ RunTime:0.0000s ]
SQL: SELECT * FROM `tiku_point` WHERE ( parent_id=1167 ) LIMIT 1   [ RunTime:0.0020s ]
SQL: SELECT * FROM `tiku_point` WHERE ( parent_id=1168 ) LIMIT 1   [ RunTime:0.0020s ]
SQL: SELECT * FROM `tiku_point` WHERE ( parent_id=932 ) LIMIT 1   [ RunTime:0.0010s ]
SQL: SELECT * FROM `tiku_point` WHERE ( parent_id=1169 ) LIMIT 1   [ RunTime:0.0030s ]
SQL: SELECT * FROM `tiku_point` WHERE ( parent_id=1170 ) LIMIT 1   [ RunTime:0.0020s ]
SQL: SELECT * FROM `tiku_point` WHERE ( parent_id=933 ) LIMIT 1   [ RunTime:0.0000s ]
SQL: SELECT * FROM `tiku_point` WHERE ( parent_id=934 ) LIMIT 1   [ RunTime:0.0010s ]
SQL: SELECT * FROM `tiku_point` WHERE ( parent_id=1171 ) LIMIT 1   [ RunTime:0.0020s ]
SQL: SELECT * FROM `tiku_point` WHERE ( parent_id=1172 ) LIMIT 1   [ RunTime:0.0030s ]
SQL: SELECT * FROM `tiku_point` WHERE ( parent_id=1173 ) LIMIT 1   [ RunTime:0.0030s ]
SQL: SELECT * FROM `tiku_point` WHERE ( parent_id=935 ) LIMIT 1   [ RunTime:0.0000s ]
SQL: SELECT * FROM `tiku_point` WHERE ( parent_id=1174 ) LIMIT 1   [ RunTime:0.0020s ]
SQL: SELECT * FROM `tiku_point` WHERE ( parent_id=1175 ) LIMIT 1   [ RunTime:0.0020s ]
SQL: SELECT * FROM `tiku_point` WHERE ( parent_id=936 ) LIMIT 1   [ RunTime:0.0000s ]
SQL: SELECT * FROM `tiku_point` WHERE ( parent_id=1176 ) LIMIT 1   [ RunTime:0.0020s ]
SQL: SELECT * FROM `tiku_point` WHERE ( parent_id=1177 ) LIMIT 1   [ RunTime:0.0020s ]
SQL: SELECT * FROM `tiku_point` WHERE ( parent_id=937 ) LIMIT 1   [ RunTime:0.0000s ]
SQL: SELECT * FROM `tiku_point` WHERE ( parent_id=938 ) LIMIT 1   [ RunTime:0.0010s ]
SQL: SELECT * FROM `tiku_point` WHERE ( parent_id=1178 ) LIMIT 1   [ RunTime:0.0020s ]
SQL: SELECT * FROM `tiku_point` WHERE ( parent_id=939 ) LIMIT 1   [ RunTime:0.0010s ]
SQL: SELECT * FROM `tiku_point` WHERE ( parent_id=1179 ) LIMIT 1   [ RunTime:0.0010s ]
SQL: SELECT * FROM `tiku_point` WHERE ( parent_id=1180 ) LIMIT 1   [ RunTime:0.0020s ]
SQL: SELECT * FROM `tiku_point` WHERE ( parent_id=1181 ) LIMIT 1   [ RunTime:0.0040s ]
SQL: SELECT * FROM `tiku_point` WHERE ( parent_id=1182 ) LIMIT 1   [ RunTime:0.0020s ]
SQL: SELECT * FROM `tiku_point` WHERE ( parent_id=940 ) LIMIT 1   [ RunTime:0.0010s ]
SQL: SELECT * FROM `tiku_point` WHERE ( parent_id=1183 ) LIMIT 1   [ RunTime:0.0020s ]
SQL: SELECT * FROM `tiku_point` WHERE ( parent_id=1184 ) LIMIT 1   [ RunTime:0.0020s ]
SQL: SELECT * FROM `tiku_point` WHERE ( parent_id=1185 ) LIMIT 1   [ RunTime:0.0010s ]
SQL: SELECT * FROM `tiku_point` WHERE ( parent_id=1186 ) LIMIT 1   [ RunTime:0.0010s ]
SQL: SELECT * FROM `tiku_point` WHERE ( parent_id=1187 ) LIMIT 1   [ RunTime:0.0020s ]
SQL: SELECT * FROM `tiku_point` WHERE ( parent_id=941 ) LIMIT 1   [ RunTime:0.0000s ]
SQL: SELECT * FROM `tiku_point` WHERE ( parent_id=1188 ) LIMIT 1   [ RunTime:0.0030s ]
SQL: SELECT * FROM `tiku_point` WHERE ( parent_id=942 ) LIMIT 1   [ RunTime:0.0010s ]
SQL: SELECT * FROM `tiku_point` WHERE ( parent_id=943 ) LIMIT 1   [ RunTime:0.0010s ]
SQL: SELECT * FROM `tiku_point` WHERE ( parent_id=1189 ) LIMIT 1   [ RunTime:0.0020s ]
SQL: SELECT * FROM `tiku_point` WHERE ( parent_id=1190 ) LIMIT 1   [ RunTime:0.0010s ]
SQL: SELECT * FROM `tiku_point` WHERE ( parent_id=1191 ) LIMIT 1   [ RunTime:0.0030s ]
SQL: SELECT * FROM `tiku_point` WHERE ( parent_id=944 ) LIMIT 1   [ RunTime:0.0010s ]
SQL: SELECT * FROM `tiku_point` WHERE ( parent_id=1192 ) LIMIT 1   [ RunTime:0.0020s ]
SQL: SELECT * FROM `tiku_point` WHERE ( parent_id=1193 ) LIMIT 1   [ RunTime:0.0030s ]
SQL: SELECT * FROM `tiku_point` WHERE ( parent_id=1194 ) LIMIT 1   [ RunTime:0.0020s ]
SQL: SELECT * FROM `tiku_point` WHERE ( parent_id=945 ) LIMIT 1   [ RunTime:0.0010s ]
SQL: SELECT * FROM `tiku_point` WHERE ( parent_id=1195 ) LIMIT 1   [ RunTime:0.0020s ]
SQL: SELECT * FROM `tiku_point` WHERE ( parent_id=1196 ) LIMIT 1   [ RunTime:0.0010s ]
SQL: SELECT * FROM `tiku_point` WHERE ( parent_id=1197 ) LIMIT 1   [ RunTime:0.0010s ]
SQL: SELECT * FROM `tiku_point` WHERE ( parent_id=946 ) LIMIT 1   [ RunTime:0.0010s ]
SQL: SELECT * FROM `tiku_point` WHERE ( parent_id=1198 ) LIMIT 1   [ RunTime:0.0010s ]
SQL: SELECT * FROM `tiku_point` WHERE ( parent_id=1199 ) LIMIT 1   [ RunTime:0.0020s ]
SQL: SELECT * FROM `tiku_point` WHERE ( parent_id=947 ) LIMIT 1   [ RunTime:0.0000s ]
SQL: SELECT * FROM `tiku_point` WHERE ( parent_id=948 ) LIMIT 1   [ RunTime:0.0000s ]
SQL: SELECT * FROM `tiku_point` WHERE ( parent_id=1200 ) LIMIT 1   [ RunTime:0.0020s ]
SQL: SELECT * FROM `tiku_point` WHERE ( parent_id=949 ) LIMIT 1   [ RunTime:0.0010s ]
SQL: SELECT * FROM `tiku_point` WHERE ( parent_id=1201 ) LIMIT 1   [ RunTime:0.0020s ]
SQL: SELECT * FROM `tiku_point` WHERE ( parent_id=1202 ) LIMIT 1   [ RunTime:0.0010s ]
SQL: SELECT * FROM `tiku_point` WHERE ( parent_id=1203 ) LIMIT 1   [ RunTime:0.0020s ]
SQL: SELECT * FROM `tiku_point` WHERE ( parent_id=950 ) LIMIT 1   [ RunTime:0.0010s ]
SQL: SELECT * FROM `tiku_point` WHERE ( parent_id=1204 ) LIMIT 1   [ RunTime:0.0020s ]
SQL: SELECT * FROM `tiku_point` WHERE ( parent_id=1205 ) LIMIT 1   [ RunTime:0.0020s ]
SQL: SELECT * FROM `tiku_point` WHERE ( parent_id=951 ) LIMIT 1   [ RunTime:0.0000s ]
SQL: SELECT * FROM `tiku_point` WHERE ( parent_id=1206 ) LIMIT 1   [ RunTime:0.0020s ]
SQL: SELECT * FROM `tiku_point` WHERE ( parent_id=1207 ) LIMIT 1   [ RunTime:0.0030s ]
SQL: SELECT * FROM `tiku_point` WHERE ( parent_id=952 ) LIMIT 1   [ RunTime:0.0010s ]
SQL: SELECT * FROM `tiku_point` WHERE ( parent_id=953 ) LIMIT 1   [ RunTime:0.0000s ]
SQL: SELECT * FROM `tiku_point` WHERE ( parent_id=1208 ) LIMIT 1   [ RunTime:0.0020s ]
SQL: SELECT * FROM `tiku_point` WHERE ( parent_id=1209 ) LIMIT 1   [ RunTime:0.0020s ]
SQL: SELECT * FROM `tiku_point` WHERE ( parent_id=1210 ) LIMIT 1   [ RunTime:0.0010s ]
SQL: SELECT * FROM `tiku_point` WHERE ( parent_id=1211 ) LIMIT 1   [ RunTime:0.0010s ]
SQL: SELECT * FROM `tiku_point` WHERE ( parent_id=1212 ) LIMIT 1   [ RunTime:0.0020s ]
SQL: SELECT * FROM `tiku_point` WHERE ( parent_id=954 ) LIMIT 1   [ RunTime:0.0010s ]
SQL: SELECT * FROM `tiku_point` WHERE ( parent_id=1213 ) LIMIT 1   [ RunTime:0.0060s ]
SQL: SELECT * FROM `tiku_point` WHERE ( parent_id=1214 ) LIMIT 1   [ RunTime:0.0030s ]
SQL: SELECT * FROM `tiku_point` WHERE ( parent_id=1215 ) LIMIT 1   [ RunTime:0.0020s ]
SQL: SELECT * FROM `tiku_point` WHERE ( parent_id=955 ) LIMIT 1   [ RunTime:0.0010s ]
SQL: SELECT * FROM `tiku_point` WHERE ( parent_id=1216 ) LIMIT 1   [ RunTime:0.0010s ]
SQL: SELECT * FROM `tiku_point` WHERE ( parent_id=1217 ) LIMIT 1   [ RunTime:0.0010s ]
SQL: SELECT * FROM `tiku_point` WHERE ( parent_id=1218 ) LIMIT 1   [ RunTime:0.0020s ]
SQL: SELECT * FROM `tiku_point` WHERE ( parent_id=956 ) LIMIT 1   [ RunTime:0.0000s ]
SQL: SELECT * FROM `tiku_point` WHERE ( parent_id=1219 ) LIMIT 1   [ RunTime:0.0020s ]
SQL: SELECT * FROM `tiku_point` WHERE ( parent_id=1220 ) LIMIT 1   [ RunTime:0.0020s ]
SQL: SELECT * FROM `tiku_point` WHERE ( parent_id=1221 ) LIMIT 1   [ RunTime:0.0020s ]
SQL: SELECT * FROM `tiku_point` WHERE ( parent_id=957 ) LIMIT 1   [ RunTime:0.0000s ]
SQL: SELECT * FROM `tiku_point` WHERE ( parent_id=958 ) LIMIT 1   [ RunTime:0.0010s ]
SQL: SELECT * FROM `tiku_point` WHERE ( parent_id=1222 ) LIMIT 1   [ RunTime:0.0020s ]
SQL: SELECT * FROM `tiku_point` WHERE ( parent_id=1223 ) LIMIT 1   [ RunTime:0.0020s ]
SQL: SELECT * FROM `tiku_point` WHERE ( parent_id=1224 ) LIMIT 1   [ RunTime:0.0010s ]
SQL: SELECT * FROM `tiku_point` WHERE ( parent_id=1225 ) LIMIT 1   [ RunTime:0.0020s ]
SQL: SELECT * FROM `tiku_point` WHERE ( parent_id=959 ) LIMIT 1   [ RunTime:0.0010s ]
SQL: SELECT * FROM `tiku_point` WHERE ( parent_id=1226 ) LIMIT 1   [ RunTime:0.0010s ]
SQL: SELECT * FROM `tiku_point` WHERE ( parent_id=1227 ) LIMIT 1   [ RunTime:0.0020s ]
SQL: SELECT * FROM `tiku_point` WHERE ( parent_id=1228 ) LIMIT 1   [ RunTime:0.0010s ]
SQL: SELECT * FROM `tiku_point` WHERE ( parent_id=960 ) LIMIT 1   [ RunTime:0.0010s ]
SQL: SELECT * FROM `tiku_point` WHERE ( parent_id=1229 ) LIMIT 1   [ RunTime:0.0010s ]
SQL: SELECT * FROM `tiku_point` WHERE ( parent_id=961 ) LIMIT 1   [ RunTime:0.0000s ]
SQL: SELECT * FROM `tiku_point` WHERE ( parent_id=962 ) LIMIT 1   [ RunTime:0.0000s ]
SQL: SELECT * FROM `tiku_point` WHERE ( parent_id=1230 ) LIMIT 1   [ RunTime:0.0010s ]
SQL: SELECT * FROM `tiku_point` WHERE ( parent_id=1231 ) LIMIT 1   [ RunTime:0.0020s ]
SQL: SELECT * FROM `tiku_point` WHERE ( parent_id=963 ) LIMIT 1   [ RunTime:0.0000s ]
SQL: SELECT * FROM `tiku_point` WHERE ( parent_id=1232 ) LIMIT 1   [ RunTime:0.0020s ]
SQL: SELECT * FROM `tiku_point` WHERE ( parent_id=1233 ) LIMIT 1   [ RunTime:0.0020s ]
SQL: SELECT * FROM `tiku_point` WHERE ( parent_id=1234 ) LIMIT 1   [ RunTime:0.0030s ]
SQL: SELECT * FROM `tiku_point` WHERE ( parent_id=964 ) LIMIT 1   [ RunTime:0.0000s ]
SQL: SELECT * FROM `tiku_point` WHERE ( parent_id=1235 ) LIMIT 1   [ RunTime:0.0020s ]
SQL: SELECT * FROM `tiku_point` WHERE ( parent_id=1236 ) LIMIT 1   [ RunTime:0.0020s ]
SQL: SELECT * FROM `tiku_point` WHERE ( parent_id=965 ) LIMIT 1   [ RunTime:0.0000s ]
SQL: SELECT * FROM `tiku_point` WHERE ( parent_id=1237 ) LIMIT 1   [ RunTime:0.0020s ]
SQL: SELECT * FROM `tiku_point` WHERE ( parent_id=1238 ) LIMIT 1   [ RunTime:0.0010s ]
SQL: SELECT * FROM `tiku_point` WHERE ( parent_id=1239 ) LIMIT 1   [ RunTime:0.0020s ]
SQL: SELECT * FROM `tiku_point` WHERE ( parent_id=1240 ) LIMIT 1   [ RunTime:0.0020s ]
SQL: SELECT * FROM `tiku_point` WHERE ( parent_id=966 ) LIMIT 1   [ RunTime:0.0000s ]
SQL: SELECT * FROM `tiku_point` WHERE ( parent_id=967 ) LIMIT 1   [ RunTime:0.0010s ]
SQL: SELECT * FROM `tiku_point` WHERE ( parent_id=1241 ) LIMIT 1   [ RunTime:0.0020s ]
SQL: SELECT * FROM `tiku_point` WHERE ( parent_id=1242 ) LIMIT 1   [ RunTime:0.0010s ]
SQL: SELECT * FROM `tiku_point` WHERE ( parent_id=968 ) LIMIT 1   [ RunTime:0.0010s ]
SQL: SELECT * FROM `tiku_point` WHERE ( parent_id=1243 ) LIMIT 1   [ RunTime:0.0020s ]
SQL: SELECT * FROM `tiku_point` WHERE ( parent_id=1244 ) LIMIT 1   [ RunTime:0.0010s ]
SQL: SELECT * FROM `tiku_point` WHERE ( parent_id=1245 ) LIMIT 1   [ RunTime:0.0010s ]
SQL: SELECT * FROM `tiku_point` WHERE ( parent_id=969 ) LIMIT 1   [ RunTime:0.0010s ]
SQL: SELECT * FROM `tiku_point` WHERE ( parent_id=1246 ) LIMIT 1   [ RunTime:0.0010s ]
SQL: SELECT * FROM `tiku_point` WHERE ( parent_id=1247 ) LIMIT 1   [ RunTime:0.0010s ]
SQL: SELECT * FROM `tiku_point` WHERE ( parent_id=1248 ) LIMIT 1   [ RunTime:0.0020s ]
SQL: SELECT * FROM `tiku_point` WHERE ( parent_id=1249 ) LIMIT 1   [ RunTime:0.0020s ]
SQL: SELECT * FROM `tiku_point` WHERE ( parent_id=970 ) LIMIT 1   [ RunTime:0.0000s ]
SQL: SELECT * FROM `tiku_point` WHERE ( parent_id=971 ) LIMIT 1   [ RunTime:0.0010s ]
SQL: SELECT * FROM `tiku_point` WHERE ( parent_id=1250 ) LIMIT 1   [ RunTime:0.0010s ]
SQL: SELECT * FROM `tiku_point` WHERE ( parent_id=1251 ) LIMIT 1   [ RunTime:0.0020s ]
SQL: SELECT * FROM `tiku_point` WHERE ( parent_id=972 ) LIMIT 1   [ RunTime:0.0010s ]
SQL: SELECT * FROM `tiku_point` WHERE ( parent_id=1252 ) LIMIT 1   [ RunTime:0.0010s ]
SQL: SELECT * FROM `tiku_point` WHERE ( parent_id=1253 ) LIMIT 1   [ RunTime:0.0020s ]
SQL: SELECT * FROM `tiku_point` WHERE ( parent_id=1254 ) LIMIT 1   [ RunTime:0.0020s ]
SQL: SELECT * FROM `tiku_point` WHERE ( parent_id=973 ) LIMIT 1   [ RunTime:0.0010s ]
SQL: SELECT * FROM `tiku_point` WHERE ( parent_id=1255 ) LIMIT 1   [ RunTime:0.0020s ]
SQL: SELECT * FROM `tiku_point` WHERE ( parent_id=974 ) LIMIT 1   [ RunTime:0.0010s ]
SQL: SELECT * FROM `tiku_point` WHERE ( parent_id=975 ) LIMIT 1   [ RunTime:0.0010s ]
SQL: SELECT * FROM `tiku_point` WHERE ( parent_id=1256 ) LIMIT 1   [ RunTime:0.0010s ]
SQL: SELECT * FROM `tiku_point` WHERE ( parent_id=976 ) LIMIT 1   [ RunTime:0.0000s ]
SQL: SELECT * FROM `tiku_point` WHERE ( parent_id=1257 ) LIMIT 1   [ RunTime:0.0020s ]
SQL: SELECT * FROM `tiku_point` WHERE ( parent_id=1258 ) LIMIT 1   [ RunTime:0.0020s ]
SQL: SELECT * FROM `tiku_point` WHERE ( parent_id=977 ) LIMIT 1   [ RunTime:0.0000s ]
SQL: SELECT * FROM `tiku_point` WHERE ( parent_id=978 ) LIMIT 1   [ RunTime:0.0000s ]
SQL: SELECT * FROM `tiku_point` WHERE ( parent_id=1259 ) LIMIT 1   [ RunTime:0.0020s ]
SQL: SELECT * FROM `tiku_point` WHERE ( parent_id=1260 ) LIMIT 1   [ RunTime:0.0020s ]
SQL: SELECT * FROM `tiku_point` WHERE ( parent_id=1261 ) LIMIT 1   [ RunTime:0.0010s ]
SQL: SELECT * FROM `tiku_point` WHERE ( parent_id=1262 ) LIMIT 1   [ RunTime:0.0020s ]
SQL: SELECT * FROM `tiku_point` WHERE ( parent_id=1263 ) LIMIT 1   [ RunTime:0.0020s ]
SQL: SELECT * FROM `tiku_point` WHERE ( parent_id=1264 ) LIMIT 1   [ RunTime:0.0020s ]
SQL: SELECT * FROM `tiku_point` WHERE ( parent_id=979 ) LIMIT 1   [ RunTime:0.0000s ]
SQL: SELECT * FROM `tiku_point` WHERE ( parent_id=1265 ) LIMIT 1   [ RunTime:0.0020s ]
SQL: SELECT * FROM `tiku_point` WHERE ( parent_id=1266 ) LIMIT 1   [ RunTime:0.0020s ]
SQL: SELECT * FROM `tiku_point` WHERE ( parent_id=1267 ) LIMIT 1   [ RunTime:0.0020s ]
SQL: SELECT * FROM `tiku_point` WHERE ( parent_id=1268 ) LIMIT 1   [ RunTime:0.0010s ]
SQL: SELECT * FROM `tiku_point` WHERE ( parent_id=980 ) LIMIT 1   [ RunTime:0.0010s ]
SQL: SELECT * FROM `tiku_point` WHERE ( parent_id=981 ) LIMIT 1   [ RunTime:0.0000s ]
SQL: SELECT * FROM `tiku_point` WHERE ( parent_id=1269 ) LIMIT 1   [ RunTime:0.0020s ]
SQL: SELECT * FROM `tiku_point` WHERE ( parent_id=1270 ) LIMIT 1   [ RunTime:0.0020s ]
SQL: SELECT * FROM `tiku_point` WHERE ( parent_id=1271 ) LIMIT 1   [ RunTime:0.0020s ]
SQL: SELECT * FROM `tiku_point` WHERE ( parent_id=1272 ) LIMIT 1   [ RunTime:0.0010s ]
SQL: SELECT * FROM `tiku_point` WHERE ( parent_id=982 ) LIMIT 1   [ RunTime:0.0010s ]
SQL: SELECT * FROM `tiku_point` WHERE ( parent_id=1273 ) LIMIT 1   [ RunTime:0.0010s ]
SQL: SELECT * FROM `tiku_point` WHERE ( parent_id=1274 ) LIMIT 1   [ RunTime:0.0010s ]
SQL: SELECT * FROM `tiku_point` WHERE ( parent_id=1275 ) LIMIT 1   [ RunTime:0.0020s ]
SQL: SELECT * FROM `tiku_point` WHERE ( parent_id=1276 ) LIMIT 1   [ RunTime:0.0020s ]
SQL: SELECT * FROM `tiku_point` WHERE ( parent_id=983 ) LIMIT 1   [ RunTime:0.0010s ]
SQL: SELECT * FROM `tiku_point` WHERE ( parent_id=984 ) LIMIT 1   [ RunTime:0.0000s ]
SQL: SELECT * FROM `tiku_point` WHERE ( parent_id=1277 ) LIMIT 1   [ RunTime:0.0020s ]
SQL: SELECT * FROM `tiku_point` WHERE ( parent_id=1278 ) LIMIT 1   [ RunTime:0.0020s ]
SQL: SELECT * FROM `tiku_point` WHERE ( parent_id=1279 ) LIMIT 1   [ RunTime:0.0010s ]
SQL: SELECT * FROM `tiku_point` WHERE ( parent_id=985 ) LIMIT 1   [ RunTime:0.0010s ]
SQL: SELECT * FROM `tiku_point` WHERE ( parent_id=1280 ) LIMIT 1   [ RunTime:0.0020s ]
SQL: SELECT * FROM `tiku_point` WHERE ( parent_id=1281 ) LIMIT 1   [ RunTime:0.0010s ]
SQL: SELECT * FROM `tiku_point` WHERE ( parent_id=986 ) LIMIT 1   [ RunTime:0.0010s ]
SQL: SELECT * FROM `tiku_point` WHERE ( parent_id=1282 ) LIMIT 1   [ RunTime:0.0010s ]
SQL: SHOW COLUMNS FROM `tiku` [ RunTime:0.0030s ]
NOTIC: [8] Undefined variable: str D:\xampp\htdocs\tiku\ThinkPHP\Library\Think\Page.class.php 第 154 行.
NOTIC: [8] Undefined variable: the_end D:\xampp\htdocs\tiku\ThinkPHP\Library\Think\Page.class.php 第 214 行.
NOTIC: [8] Undefined variable: join2 D:\xampp\htdocs\tiku\Application\Home\Controller\TikuController.class.php 第 150 行.
SQL: SELECT tiku.`id`,tiku.options,tiku.`content`,tiku.`clicks`,tiku_source.`source_name`,tiku.difficulty_id FROM `tiku` INNER JOIN tiku_source use index(course_id) on tiku_source.id=tiku.source_id  WHERE ( tiku_source.course_id=2  ) LIMIT 0,10   [ RunTime:0.1230s ]
INFO: [ view_parse ] --START--
INFO: [ template_filter ] --START--
INFO: Run Behavior\ContentReplaceBehavior [ RunTime:0.000000s ]
INFO: [ template_filter ] --END-- [ RunTime:0.000000s ]
NOTIC: [8] Undefined variable: wenli D:\xampp\htdocs\tiku\Application\Runtime\Cache\Home\2d7125a787b7078c141d5942edc0b2c5.php 第 345 行.
NOTIC: [8] Undefined variable: tikus_in_collect D:\xampp\htdocs\tiku\Application\Runtime\Cache\Home\2d7125a787b7078c141d5942edc0b2c5.php 第 520 行.
NOTIC: [8] Undefined variable: ceping D:\xampp\htdocs\tiku\Application\Runtime\Cache\Home\2d7125a787b7078c141d5942edc0b2c5.php 第 554 行.
INFO: Run Behavior\ParseTemplateBehavior [ RunTime:0.022001s ]
INFO: [ view_parse ] --END-- [ RunTime:0.022001s ]
INFO: [ view_filter ] --START--
INFO: Run Behavior\WriteHtmlCacheBehavior [ RunTime:0.001000s ]
INFO: [ view_filter ] --END-- [ RunTime:0.001000s ]
INFO: [ app_end ] --START--
INFO: Run Behavior\ShowPageTraceBehavior [ RunTime:0.001000s ]
INFO: [ app_end ] --END-- [ RunTime:0.001000s ]

[ 2016-01-11T14:00:11+08:00 ] 127.0.0.1 /tongbu/
INFO: [ app_init ] --START--
INFO: Run Behavior\BuildLiteBehavior [ RunTime:0.000000s ]
INFO: [ app_init ] --END-- [ RunTime:0.000000s ]
INFO: [ app_begin ] --START--
INFO: Run Behavior\ReadHtmlCacheBehavior [ RunTime:0.000000s ]
INFO: [ app_begin ] --END-- [ RunTime:0.000000s ]
SQL: SHOW COLUMNS FROM `tiku_course` [ RunTime:0.0030s ]
SQL: SELECT * FROM `tiku_course` WHERE ( status=1 )  [ RunTime:0.0010s ]
SQL: SELECT * FROM `tiku_course` WHERE ( status=1 )  [ RunTime:0.0000s ]
SQL: SELECT * FROM `tiku_course` WHERE ( status=1 )  [ RunTime:0.0000s ]
SQL: SELECT * FROM `tiku_course` WHERE ( status=1 )  [ RunTime:0.0010s ]
NOTIC: [8] Undefined index: cart D:\xampp\htdocs\tiku\Application\Home\Controller\TikuController.class.php 第 193 行.
NOTIC: [8] Undefined index: cart D:\xampp\htdocs\tiku\Application\Home\Controller\TikuController.class.php 第 16 行.
NOTIC: [8] Undefined index: cart D:\xampp\htdocs\tiku\Application\Home\Controller\TikuController.class.php 第 193 行.
NOTIC: [8] Undefined index: cart D:\xampp\htdocs\tiku\Application\Home\Controller\TongbuController.class.php 第 16 行.
NOTIC: [8] Undefined index: v D:\xampp\htdocs\tiku\Application\Home\Controller\TongbuController.class.php 第 29 行.
NOTIC: [8] Undefined index: b D:\xampp\htdocs\tiku\Application\Home\Controller\TongbuController.class.php 第 30 行.
NOTIC: [8] Undefined index: c D:\xampp\htdocs\tiku\Application\Home\Controller\TongbuController.class.php 第 31 行.
SQL: SHOW COLUMNS FROM `books` [ RunTime:0.0040s ]
SQL: SELECT * FROM `books` WHERE ( version_id=17 ) ORDER BY id asc  [ RunTime:0.0120s ]
NOTIC: [8] Undefined variable: course_id D:\xampp\htdocs\tiku\Application\Home\Controller\TongbuController.class.php 第 125 行.
NOTIC: [8] Use of undefined constant FILE_CACHE_TIME - assumed 'FILE_CACHE_TIME' D:\xampp\htdocs\tiku\Application\Home\Controller\TongbuController.class.php 第 125 行.
SQL: SHOW COLUMNS FROM `chapter` [ RunTime:0.0030s ]
SQL: SELECT * FROM `chapter` WHERE ( book_id=83 )  [ RunTime:0.0400s ]
SQL: SELECT * FROM `chapter` WHERE ( parent_id=1413 ) LIMIT 1   [ RunTime:0.0010s ]
SQL: SHOW COLUMNS FROM `tiku_point` [ RunTime:0.0020s ]
SQL: SELECT * FROM `tiku_point` WHERE ( parent_id=1414 ) LIMIT 1   [ RunTime:0.0020s ]
SQL: SELECT * FROM `tiku_point` WHERE ( parent_id=1415 ) LIMIT 1   [ RunTime:0.0010s ]
SQL: SELECT * FROM `chapter` WHERE ( parent_id=1416 ) LIMIT 1   [ RunTime:0.0010s ]
SQL: SELECT * FROM `tiku_point` WHERE ( parent_id=1417 ) LIMIT 1   [ RunTime:0.0020s ]
SQL: SELECT * FROM `tiku_point` WHERE ( parent_id=1418 ) LIMIT 1   [ RunTime:0.0010s ]
SQL: SELECT * FROM `tiku_point` WHERE ( parent_id=1419 ) LIMIT 1   [ RunTime:0.0020s ]
SQL: SELECT * FROM `chapter` WHERE ( parent_id=1420 ) LIMIT 1   [ RunTime:0.0010s ]
SQL: SELECT * FROM `tiku_point` WHERE ( parent_id=1421 ) LIMIT 1   [ RunTime:0.0020s ]
SQL: SELECT * FROM `tiku_point` WHERE ( parent_id=1422 ) LIMIT 1   [ RunTime:0.0020s ]
SQL: SELECT * FROM `tiku_point` WHERE ( parent_id=1423 ) LIMIT 1   [ RunTime:0.0010s ]
SQL: SELECT * FROM `chapter` WHERE ( parent_id=1424 ) LIMIT 1   [ RunTime:0.0010s ]
SQL: SELECT * FROM `tiku_point` WHERE ( parent_id=1425 ) LIMIT 1   [ RunTime:0.0020s ]
SQL: SELECT * FROM `tiku_point` WHERE ( parent_id=1426 ) LIMIT 1   [ RunTime:0.0020s ]
SQL: SELECT * FROM `tiku_point` WHERE ( parent_id=1427 ) LIMIT 1   [ RunTime:0.0020s ]
SQL: SELECT * FROM `tiku_point` WHERE ( parent_id=1428 ) LIMIT 1   [ RunTime:0.0010s ]
SQL: SELECT `id` FROM `chapter` WHERE ( book_id=83 AND parent_id<>0 )  [ RunTime:0.0020s ]
NOTIC: [8] Undefined variable: chapter_ids D:\xampp\htdocs\tiku\Application\Home\Controller\TongbuController.class.php 第 68 行.
SQL: SHOW COLUMNS FROM `tiku` [ RunTime:0.0030s ]
NOTIC: [8] Undefined variable: str D:\xampp\htdocs\tiku\ThinkPHP\Library\Think\Page.class.php 第 154 行.
NOTIC: [8] Undefined variable: the_end D:\xampp\htdocs\tiku\ThinkPHP\Library\Think\Page.class.php 第 214 行.
SQL: SELECT tiku.`id`,tiku.options,tiku.`content`,tiku.`clicks`,tiku_source.`source_name`,tiku.difficulty_id FROM `tiku` INNER JOIN tiku_source on tiku.source_id=tiku_source.id  WHERE ( tiku_source.course_id=2  && tiku.chapter_id IN(1414,1415,1417,1418,1419,1421,1422,1423,1425,1426,1427,1428) ) LIMIT 0,10   [ RunTime:0.0010s ]
INFO: [ view_parse ] --START--
INFO: [ template_filter ] --START--
INFO: Run Behavior\ContentReplaceBehavior [ RunTime:0.001000s ]
INFO: [ template_filter ] --END-- [ RunTime:0.001000s ]
NOTIC: [8] Undefined variable: tikus_in_collect D:\xampp\htdocs\tiku\Application\Runtime\Cache\Home\14532f2109b2a94ad1120e1fa8a03731.php 第 339 行.
NOTIC: [8] Undefined variable: ceping D:\xampp\htdocs\tiku\Application\Runtime\Cache\Home\14532f2109b2a94ad1120e1fa8a03731.php 第 374 行.
INFO: Run Behavior\ParseTemplateBehavior [ RunTime:0.030002s ]
INFO: [ view_parse ] --END-- [ RunTime:0.030002s ]
INFO: [ view_filter ] --START--
INFO: Run Behavior\WriteHtmlCacheBehavior [ RunTime:0.001000s ]
INFO: [ view_filter ] --END-- [ RunTime:0.001000s ]
INFO: [ app_end ] --START--
INFO: Run Behavior\ShowPageTraceBehavior [ RunTime:0.001000s ]
INFO: [ app_end ] --END-- [ RunTime:0.001000s ]

[ 2016-01-11T14:03:47+08:00 ] 127.0.0.1 /tongbu/b87/
INFO: [ app_init ] --START--
INFO: Run Behavior\BuildLiteBehavior [ RunTime:0.000000s ]
INFO: [ app_init ] --END-- [ RunTime:0.001001s ]
INFO: [ app_begin ] --START--
INFO: Run Behavior\ReadHtmlCacheBehavior [ RunTime:0.001000s ]
INFO: [ app_begin ] --END-- [ RunTime:0.001000s ]
SQL: SHOW COLUMNS FROM `tiku_course` [ RunTime:0.0030s ]
SQL: SELECT * FROM `tiku_course` WHERE ( status=1 )  [ RunTime:0.0000s ]
SQL: SELECT * FROM `tiku_course` WHERE ( status=1 )  [ RunTime:0.0000s ]
SQL: SELECT * FROM `tiku_course` WHERE ( status=1 )  [ RunTime:0.0000s ]
SQL: SELECT * FROM `tiku_course` WHERE ( status=1 )  [ RunTime:0.0000s ]
NOTIC: [8] Undefined index: cart D:\xampp\htdocs\tiku\Application\Home\Controller\TikuController.class.php 第 193 行.
NOTIC: [8] Undefined index: cart D:\xampp\htdocs\tiku\Application\Home\Controller\TikuController.class.php 第 16 行.
NOTIC: [8] Undefined index: cart D:\xampp\htdocs\tiku\Application\Home\Controller\TikuController.class.php 第 193 行.
NOTIC: [8] Undefined index: cart D:\xampp\htdocs\tiku\Application\Home\Controller\TongbuController.class.php 第 16 行.
NOTIC: [8] Undefined index: v D:\xampp\htdocs\tiku\Application\Home\Controller\TongbuController.class.php 第 29 行.
NOTIC: [8] Undefined index: c D:\xampp\htdocs\tiku\Application\Home\Controller\TongbuController.class.php 第 31 行.
SQL: SHOW COLUMNS FROM `books` [ RunTime:0.0020s ]
SQL: SELECT * FROM `books` WHERE ( version_id=17 ) ORDER BY id asc  [ RunTime:0.0000s ]
NOTIC: [8] Undefined variable: course_id D:\xampp\htdocs\tiku\Application\Home\Controller\TongbuController.class.php 第 125 行.
NOTIC: [8] Use of undefined constant FILE_CACHE_TIME - assumed 'FILE_CACHE_TIME' D:\xampp\htdocs\tiku\Application\Home\Controller\TongbuController.class.php 第 125 行.
SQL: SHOW COLUMNS FROM `chapter` [ RunTime:0.0040s ]
SQL: SELECT * FROM `chapter` WHERE ( book_id=87 )  [ RunTime:0.0010s ]
SQL: SELECT * FROM `chapter` WHERE ( parent_id=1477 ) LIMIT 1   [ RunTime:0.0010s ]
SQL: SHOW COLUMNS FROM `tiku_point` [ RunTime:0.0050s ]
SQL: SELECT * FROM `tiku_point` WHERE ( parent_id=1478 ) LIMIT 1   [ RunTime:0.0010s ]
SQL: SELECT * FROM `tiku_point` WHERE ( parent_id=1479 ) LIMIT 1   [ RunTime:0.0010s ]
SQL: SELECT * FROM `chapter` WHERE ( parent_id=1480 ) LIMIT 1   [ RunTime:0.0010s ]
SQL: SELECT * FROM `tiku_point` WHERE ( parent_id=1481 ) LIMIT 1   [ RunTime:0.0020s ]
SQL: SELECT * FROM `tiku_point` WHERE ( parent_id=1482 ) LIMIT 1   [ RunTime:0.0020s ]
SQL: SELECT * FROM `tiku_point` WHERE ( parent_id=1483 ) LIMIT 1   [ RunTime:0.0010s ]
SQL: SELECT * FROM `chapter` WHERE ( parent_id=1484 ) LIMIT 1   [ RunTime:0.0000s ]
SQL: SELECT * FROM `tiku_point` WHERE ( parent_id=1485 ) LIMIT 1   [ RunTime:0.0010s ]
SQL: SELECT * FROM `tiku_point` WHERE ( parent_id=1486 ) LIMIT 1   [ RunTime:0.0020s ]
SQL: SELECT * FROM `tiku_point` WHERE ( parent_id=1487 ) LIMIT 1   [ RunTime:0.0020s ]
SQL: SELECT * FROM `tiku_point` WHERE ( parent_id=1488 ) LIMIT 1   [ RunTime:0.0020s ]
SQL: SELECT `id` FROM `chapter` WHERE ( book_id=87 AND parent_id<>0 )  [ RunTime:0.0010s ]
NOTIC: [8] Undefined variable: chapter_ids D:\xampp\htdocs\tiku\Application\Home\Controller\TongbuController.class.php 第 68 行.
SQL: SHOW COLUMNS FROM `tiku` [ RunTime:0.0030s ]
SQL: SELECT COUNT(*) AS tp_count FROM `tiku` INNER JOIN tiku_source on tiku.source_id=tiku_source.id  WHERE ( tiku_source.course_id=2  && tiku.chapter_id IN(1478,1479,1481,1482,1483,1485,1486,1487,1488) ) LIMIT 1   [ RunTime:0.2710s ]
NOTIC: [8] Use of undefined constant FILE_CACHE_TIME - assumed 'FILE_CACHE_TIME' D:\xampp\htdocs\tiku\Application\Home\Controller\TongbuController.class.php 第 80 行.
SQL: SELECT tiku.`id`,tiku.options,tiku.`content`,tiku.`clicks`,tiku_source.`source_name`,tiku.difficulty_id FROM `tiku` INNER JOIN tiku_source on tiku.source_id=tiku_source.id  WHERE ( tiku_source.course_id=2  && tiku.chapter_id IN(1478,1479,1481,1482,1483,1485,1486,1487,1488) ) LIMIT 0,10   [ RunTime:214.3983s ]
INFO: [ view_parse ] --START--
INFO: [ template_filter ] --START--
INFO: Run Behavior\ContentReplaceBehavior [ RunTime:0.000000s ]
INFO: [ template_filter ] --END-- [ RunTime:0.000000s ]
NOTIC: [8] Undefined variable: tikus_in_collect D:\xampp\htdocs\tiku\Application\Runtime\Cache\Home\14532f2109b2a94ad1120e1fa8a03731.php 第 339 行.
NOTIC: [8] Undefined variable: ceping D:\xampp\htdocs\tiku\Application\Runtime\Cache\Home\14532f2109b2a94ad1120e1fa8a03731.php 第 374 行.
INFO: Run Behavior\ParseTemplateBehavior [ RunTime:0.015001s ]
INFO: [ view_parse ] --END-- [ RunTime:0.015001s ]
INFO: [ view_filter ] --START--
INFO: Run Behavior\WriteHtmlCacheBehavior [ RunTime:0.000000s ]
INFO: [ view_filter ] --END-- [ RunTime:0.000000s ]
INFO: [ app_end ] --START--
INFO: Run Behavior\ShowPageTraceBehavior [ RunTime:0.001000s ]
INFO: [ app_end ] --END-- [ RunTime:0.001000s ]

[ 2016-01-11T14:05:26+08:00 ] 127.0.0.1 /tongbu/b83/
INFO: [ app_init ] --START--
INFO: Run Behavior\BuildLiteBehavior [ RunTime:0.000000s ]
INFO: [ app_init ] --END-- [ RunTime:0.000000s ]
INFO: [ app_begin ] --START--
INFO: Run Behavior\ReadHtmlCacheBehavior [ RunTime:0.001000s ]
INFO: [ app_begin ] --END-- [ RunTime:0.001000s ]
SQL: SHOW COLUMNS FROM `tiku_course` [ RunTime:0.0030s ]
SQL: SELECT * FROM `tiku_course` WHERE ( status=1 )  [ RunTime:0.0000s ]
SQL: SELECT * FROM `tiku_course` WHERE ( status=1 )  [ RunTime:0.0000s ]
SQL: SELECT * FROM `tiku_course` WHERE ( status=1 )  [ RunTime:0.0010s ]
SQL: SELECT * FROM `tiku_course` WHERE ( status=1 )  [ RunTime:0.0000s ]
NOTIC: [8] Undefined index: cart D:\xampp\htdocs\tiku\Application\Home\Controller\TikuController.class.php 第 193 行.
NOTIC: [8] Undefined index: cart D:\xampp\htdocs\tiku\Application\Home\Controller\TikuController.class.php 第 16 行.
NOTIC: [8] Undefined index: cart D:\xampp\htdocs\tiku\Application\Home\Controller\TikuController.class.php 第 193 行.
NOTIC: [8] Undefined index: cart D:\xampp\htdocs\tiku\Application\Home\Controller\TongbuController.class.php 第 16 行.
NOTIC: [8] Undefined index: v D:\xampp\htdocs\tiku\Application\Home\Controller\TongbuController.class.php 第 29 行.
NOTIC: [8] Undefined index: c D:\xampp\htdocs\tiku\Application\Home\Controller\TongbuController.class.php 第 31 行.
SQL: SHOW COLUMNS FROM `books` [ RunTime:0.0040s ]
SQL: SELECT * FROM `books` WHERE ( version_id=17 ) ORDER BY id asc  [ RunTime:0.0000s ]
NOTIC: [8] Undefined variable: course_id D:\xampp\htdocs\tiku\Application\Home\Controller\TongbuController.class.php 第 125 行.
NOTIC: [8] Use of undefined constant FILE_CACHE_TIME - assumed 'FILE_CACHE_TIME' D:\xampp\htdocs\tiku\Application\Home\Controller\TongbuController.class.php 第 125 行.
SQL: SHOW COLUMNS FROM `chapter` [ RunTime:0.0030s ]
SQL: SELECT * FROM `chapter` WHERE ( book_id=83 )  [ RunTime:0.0000s ]
SQL: SELECT * FROM `chapter` WHERE ( parent_id=1413 ) LIMIT 1   [ RunTime:0.0000s ]
SQL: SHOW COLUMNS FROM `tiku_point` [ RunTime:0.0030s ]
SQL: SELECT * FROM `tiku_point` WHERE ( parent_id=1414 ) LIMIT 1   [ RunTime:0.0000s ]
SQL: SELECT * FROM `tiku_point` WHERE ( parent_id=1415 ) LIMIT 1   [ RunTime:0.0000s ]
SQL: SELECT * FROM `chapter` WHERE ( parent_id=1416 ) LIMIT 1   [ RunTime:0.0000s ]
SQL: SELECT * FROM `tiku_point` WHERE ( parent_id=1417 ) LIMIT 1   [ RunTime:0.0000s ]
SQL: SELECT * FROM `tiku_point` WHERE ( parent_id=1418 ) LIMIT 1   [ RunTime:0.0000s ]
SQL: SELECT * FROM `tiku_point` WHERE ( parent_id=1419 ) LIMIT 1   [ RunTime:0.0000s ]
SQL: SELECT * FROM `chapter` WHERE ( parent_id=1420 ) LIMIT 1   [ RunTime:0.0000s ]
SQL: SELECT * FROM `tiku_point` WHERE ( parent_id=1421 ) LIMIT 1   [ RunTime:0.0010s ]
SQL: SELECT * FROM `tiku_point` WHERE ( parent_id=1422 ) LIMIT 1   [ RunTime:0.0000s ]
SQL: SELECT * FROM `tiku_point` WHERE ( parent_id=1423 ) LIMIT 1   [ RunTime:0.0000s ]
SQL: SELECT * FROM `chapter` WHERE ( parent_id=1424 ) LIMIT 1   [ RunTime:0.0000s ]
SQL: SELECT * FROM `tiku_point` WHERE ( parent_id=1425 ) LIMIT 1   [ RunTime:0.0000s ]
SQL: SELECT * FROM `tiku_point` WHERE ( parent_id=1426 ) LIMIT 1   [ RunTime:0.0000s ]
SQL: SELECT * FROM `tiku_point` WHERE ( parent_id=1427 ) LIMIT 1   [ RunTime:0.0000s ]
SQL: SELECT * FROM `tiku_point` WHERE ( parent_id=1428 ) LIMIT 1   [ RunTime:0.0000s ]
SQL: SELECT `id` FROM `chapter` WHERE ( book_id=83 AND parent_id<>0 )  [ RunTime:0.0000s ]
NOTIC: [8] Undefined variable: chapter_ids D:\xampp\htdocs\tiku\Application\Home\Controller\TongbuController.class.php 第 68 行.
SQL: SHOW COLUMNS FROM `tiku` [ RunTime:0.0030s ]
NOTIC: [8] Undefined variable: the_end D:\xampp\htdocs\tiku\ThinkPHP\Library\Think\Page.class.php 第 214 行.
SQL: SELECT tiku.`id`,tiku.options,tiku.`content`,tiku.`clicks`,tiku_source.`source_name`,tiku.difficulty_id FROM `tiku` INNER JOIN tiku_source on tiku.source_id=tiku_source.id  WHERE ( tiku_source.course_id=2  && tiku.chapter_id IN(1414,1415,1417,1418,1419,1421,1422,1423,1425,1426,1427,1428) ) LIMIT 0,10   [ RunTime:0.0000s ]
INFO: [ view_parse ] --START--
INFO: [ template_filter ] --START--
INFO: Run Behavior\ContentReplaceBehavior [ RunTime:0.001000s ]
INFO: [ template_filter ] --END-- [ RunTime:0.001000s ]
NOTIC: [8] Undefined variable: tikus_in_collect D:\xampp\htdocs\tiku\Application\Runtime\Cache\Home\14532f2109b2a94ad1120e1fa8a03731.php 第 339 行.
NOTIC: [8] Undefined variable: ceping D:\xampp\htdocs\tiku\Application\Runtime\Cache\Home\14532f2109b2a94ad1120e1fa8a03731.php 第 374 行.
INFO: Run Behavior\ParseTemplateBehavior [ RunTime:0.016001s ]
INFO: [ view_parse ] --END-- [ RunTime:0.016001s ]
INFO: [ view_filter ] --START--
INFO: Run Behavior\WriteHtmlCacheBehavior [ RunTime:0.000000s ]
INFO: [ view_filter ] --END-- [ RunTime:0.000000s ]
INFO: [ app_end ] --START--
INFO: Run Behavior\ShowPageTraceBehavior [ RunTime:0.001000s ]
INFO: [ app_end ] --END-- [ RunTime:0.001000s ]

[ 2016-01-11T14:05:29+08:00 ] 127.0.0.1 /tongbu/b84/
INFO: [ app_init ] --START--
INFO: Run Behavior\BuildLiteBehavior [ RunTime:0.000000s ]
INFO: [ app_init ] --END-- [ RunTime:0.001001s ]
INFO: [ app_begin ] --START--
INFO: Run Behavior\ReadHtmlCacheBehavior [ RunTime:0.001000s ]
INFO: [ app_begin ] --END-- [ RunTime:0.001000s ]
SQL: SHOW COLUMNS FROM `tiku_course` [ RunTime:0.0030s ]
SQL: SELECT * FROM `tiku_course` WHERE ( status=1 )  [ RunTime:0.0000s ]
SQL: SELECT * FROM `tiku_course` WHERE ( status=1 )  [ RunTime:0.0000s ]
SQL: SELECT * FROM `tiku_course` WHERE ( status=1 )  [ RunTime:0.0000s ]
SQL: SELECT * FROM `tiku_course` WHERE ( status=1 )  [ RunTime:0.0000s ]
NOTIC: [8] Undefined index: cart D:\xampp\htdocs\tiku\Application\Home\Controller\TikuController.class.php 第 193 行.
NOTIC: [8] Undefined index: cart D:\xampp\htdocs\tiku\Application\Home\Controller\TikuController.class.php 第 16 行.
NOTIC: [8] Undefined index: cart D:\xampp\htdocs\tiku\Application\Home\Controller\TikuController.class.php 第 193 行.
NOTIC: [8] Undefined index: cart D:\xampp\htdocs\tiku\Application\Home\Controller\TongbuController.class.php 第 16 行.
NOTIC: [8] Undefined index: v D:\xampp\htdocs\tiku\Application\Home\Controller\TongbuController.class.php 第 29 行.
NOTIC: [8] Undefined index: c D:\xampp\htdocs\tiku\Application\Home\Controller\TongbuController.class.php 第 31 行.
SQL: SHOW COLUMNS FROM `books` [ RunTime:0.0030s ]
SQL: SELECT * FROM `books` WHERE ( version_id=17 ) ORDER BY id asc  [ RunTime:0.0000s ]
NOTIC: [8] Undefined variable: course_id D:\xampp\htdocs\tiku\Application\Home\Controller\TongbuController.class.php 第 125 行.
NOTIC: [8] Use of undefined constant FILE_CACHE_TIME - assumed 'FILE_CACHE_TIME' D:\xampp\htdocs\tiku\Application\Home\Controller\TongbuController.class.php 第 125 行.
SQL: SHOW COLUMNS FROM `chapter` [ RunTime:0.0030s ]
SQL: SELECT * FROM `chapter` WHERE ( book_id=84 )  [ RunTime:0.0020s ]
SQL: SELECT * FROM `chapter` WHERE ( parent_id=1429 ) LIMIT 1   [ RunTime:0.0000s ]
SQL: SHOW COLUMNS FROM `tiku_point` [ RunTime:0.0040s ]
SQL: SELECT * FROM `tiku_point` WHERE ( parent_id=1430 ) LIMIT 1   [ RunTime:0.0020s ]
SQL: SELECT * FROM `tiku_point` WHERE ( parent_id=1431 ) LIMIT 1   [ RunTime:0.0020s ]
SQL: SELECT * FROM `tiku_point` WHERE ( parent_id=1432 ) LIMIT 1   [ RunTime:0.0010s ]
SQL: SELECT * FROM `chapter` WHERE ( parent_id=1433 ) LIMIT 1   [ RunTime:0.0000s ]
SQL: SELECT * FROM `tiku_point` WHERE ( parent_id=1434 ) LIMIT 1   [ RunTime:0.0020s ]
SQL: SELECT * FROM `tiku_point` WHERE ( parent_id=1435 ) LIMIT 1   [ RunTime:0.0020s ]
SQL: SELECT * FROM `tiku_point` WHERE ( parent_id=1436 ) LIMIT 1   [ RunTime:0.0010s ]
SQL: SELECT * FROM `chapter` WHERE ( parent_id=1437 ) LIMIT 1   [ RunTime:0.0010s ]
SQL: SELECT * FROM `tiku_point` WHERE ( parent_id=1438 ) LIMIT 1   [ RunTime:0.0020s ]
SQL: SELECT * FROM `tiku_point` WHERE ( parent_id=1439 ) LIMIT 1   [ RunTime:0.0010s ]
SQL: SELECT * FROM `tiku_point` WHERE ( parent_id=1440 ) LIMIT 1   [ RunTime:0.0020s ]
SQL: SELECT * FROM `tiku_point` WHERE ( parent_id=1441 ) LIMIT 1   [ RunTime:0.0020s ]
SQL: SELECT * FROM `chapter` WHERE ( parent_id=1442 ) LIMIT 1   [ RunTime:0.0000s ]
SQL: SELECT * FROM `tiku_point` WHERE ( parent_id=1443 ) LIMIT 1   [ RunTime:0.0010s ]
SQL: SELECT * FROM `tiku_point` WHERE ( parent_id=1444 ) LIMIT 1   [ RunTime:0.0020s ]
SQL: SELECT `id` FROM `chapter` WHERE ( book_id=84 AND parent_id<>0 )  [ RunTime:0.0010s ]
NOTIC: [8] Undefined variable: chapter_ids D:\xampp\htdocs\tiku\Application\Home\Controller\TongbuController.class.php 第 68 行.
SQL: SHOW COLUMNS FROM `tiku` [ RunTime:0.0030s ]
SQL: SELECT COUNT(*) AS tp_count FROM `tiku` INNER JOIN tiku_source on tiku.source_id=tiku_source.id  WHERE ( tiku_source.course_id=2  && tiku.chapter_id IN(1430,1431,1432,1434,1435,1436,1438,1439,1440,1441,1443,1444) ) LIMIT 1   [ RunTime:0.0680s ]
NOTIC: [8] Use of undefined constant FILE_CACHE_TIME - assumed 'FILE_CACHE_TIME' D:\xampp\htdocs\tiku\Application\Home\Controller\TongbuController.class.php 第 80 行.
SQL: SELECT tiku.`id`,tiku.options,tiku.`content`,tiku.`clicks`,tiku_source.`source_name`,tiku.difficulty_id FROM `tiku` INNER JOIN tiku_source on tiku.source_id=tiku_source.id  WHERE ( tiku_source.course_id=2  && tiku.chapter_id IN(1430,1431,1432,1434,1435,1436,1438,1439,1440,1441,1443,1444) ) LIMIT 0,10   [ RunTime:0.8350s ]
INFO: [ view_parse ] --START--
INFO: [ template_filter ] --START--
INFO: Run Behavior\ContentReplaceBehavior [ RunTime:0.000000s ]
INFO: [ template_filter ] --END-- [ RunTime:0.001000s ]
NOTIC: [8] Undefined variable: tikus_in_collect D:\xampp\htdocs\tiku\Application\Runtime\Cache\Home\14532f2109b2a94ad1120e1fa8a03731.php 第 339 行.
NOTIC: [8] Undefined variable: ceping D:\xampp\htdocs\tiku\Application\Runtime\Cache\Home\14532f2109b2a94ad1120e1fa8a03731.php 第 374 行.
INFO: Run Behavior\ParseTemplateBehavior [ RunTime:0.016001s ]
INFO: [ view_parse ] --END-- [ RunTime:0.016001s ]
INFO: [ view_filter ] --START--
INFO: Run Behavior\WriteHtmlCacheBehavior [ RunTime:0.001000s ]
INFO: [ view_filter ] --END-- [ RunTime:0.001000s ]
INFO: [ app_end ] --START--
INFO: Run Behavior\ShowPageTraceBehavior [ RunTime:0.000000s ]
INFO: [ app_end ] --END-- [ RunTime:0.001000s ]

[ 2016-01-11T14:05:32+08:00 ] 127.0.0.1 /tongbu/b85/
INFO: [ app_init ] --START--
INFO: Run Behavior\BuildLiteBehavior [ RunTime:0.000000s ]
INFO: [ app_init ] --END-- [ RunTime:0.000000s ]
INFO: [ app_begin ] --START--
INFO: Run Behavior\ReadHtmlCacheBehavior [ RunTime:0.000000s ]
INFO: [ app_begin ] --END-- [ RunTime:0.000000s ]
SQL: SHOW COLUMNS FROM `tiku_course` [ RunTime:0.0040s ]
SQL: SELECT * FROM `tiku_course` WHERE ( status=1 )  [ RunTime:0.0000s ]
SQL: SELECT * FROM `tiku_course` WHERE ( status=1 )  [ RunTime:0.0000s ]
SQL: SELECT * FROM `tiku_course` WHERE ( status=1 )  [ RunTime:0.0000s ]
SQL: SELECT * FROM `tiku_course` WHERE ( status=1 )  [ RunTime:0.0000s ]
NOTIC: [8] Undefined index: cart D:\xampp\htdocs\tiku\Application\Home\Controller\TikuController.class.php 第 193 行.
NOTIC: [8] Undefined index: cart D:\xampp\htdocs\tiku\Application\Home\Controller\TikuController.class.php 第 16 行.
NOTIC: [8] Undefined index: cart D:\xampp\htdocs\tiku\Application\Home\Controller\TikuController.class.php 第 193 行.
NOTIC: [8] Undefined index: cart D:\xampp\htdocs\tiku\Application\Home\Controller\TongbuController.class.php 第 16 行.
NOTIC: [8] Undefined index: v D:\xampp\htdocs\tiku\Application\Home\Controller\TongbuController.class.php 第 29 行.
NOTIC: [8] Undefined index: c D:\xampp\htdocs\tiku\Application\Home\Controller\TongbuController.class.php 第 31 行.
SQL: SHOW COLUMNS FROM `books` [ RunTime:0.0030s ]
SQL: SELECT * FROM `books` WHERE ( version_id=17 ) ORDER BY id asc  [ RunTime:0.0000s ]
NOTIC: [8] Undefined variable: course_id D:\xampp\htdocs\tiku\Application\Home\Controller\TongbuController.class.php 第 125 行.
NOTIC: [8] Use of undefined constant FILE_CACHE_TIME - assumed 'FILE_CACHE_TIME' D:\xampp\htdocs\tiku\Application\Home\Controller\TongbuController.class.php 第 125 行.
SQL: SHOW COLUMNS FROM `chapter` [ RunTime:0.0030s ]
SQL: SELECT * FROM `chapter` WHERE ( book_id=85 )  [ RunTime:0.0020s ]
SQL: SELECT * FROM `chapter` WHERE ( parent_id=1445 ) LIMIT 1   [ RunTime:0.0000s ]
SQL: SHOW COLUMNS FROM `tiku_point` [ RunTime:0.0030s ]
SQL: SELECT * FROM `tiku_point` WHERE ( parent_id=1446 ) LIMIT 1   [ RunTime:0.0020s ]
SQL: SELECT * FROM `tiku_point` WHERE ( parent_id=1447 ) LIMIT 1   [ RunTime:0.0010s ]
SQL: SELECT * FROM `tiku_point` WHERE ( parent_id=1448 ) LIMIT 1   [ RunTime:0.0010s ]
SQL: SELECT * FROM `tiku_point` WHERE ( parent_id=1449 ) LIMIT 1   [ RunTime:0.0030s ]
SQL: SELECT * FROM `chapter` WHERE ( parent_id=1450 ) LIMIT 1   [ RunTime:0.0000s ]
SQL: SELECT * FROM `tiku_point` WHERE ( parent_id=1451 ) LIMIT 1   [ RunTime:0.0020s ]
SQL: SELECT * FROM `tiku_point` WHERE ( parent_id=1452 ) LIMIT 1   [ RunTime:0.0030s ]
SQL: SELECT * FROM `chapter` WHERE ( parent_id=1453 ) LIMIT 1   [ RunTime:0.0000s ]
SQL: SELECT * FROM `tiku_point` WHERE ( parent_id=1454 ) LIMIT 1   [ RunTime:0.0030s ]
SQL: SELECT * FROM `tiku_point` WHERE ( parent_id=1455 ) LIMIT 1   [ RunTime:0.0010s ]
SQL: SELECT * FROM `tiku_point` WHERE ( parent_id=1456 ) LIMIT 1   [ RunTime:0.0020s ]
SQL: SELECT * FROM `tiku_point` WHERE ( parent_id=1457 ) LIMIT 1   [ RunTime:0.0020s ]
SQL: SELECT * FROM `chapter` WHERE ( parent_id=1458 ) LIMIT 1   [ RunTime:0.0010s ]
SQL: SELECT * FROM `tiku_point` WHERE ( parent_id=1459 ) LIMIT 1   [ RunTime:0.0010s ]
SQL: SELECT * FROM `tiku_point` WHERE ( parent_id=1460 ) LIMIT 1   [ RunTime:0.0010s ]
SQL: SELECT * FROM `tiku_point` WHERE ( parent_id=1461 ) LIMIT 1   [ RunTime:0.0010s ]
SQL: SELECT `id` FROM `chapter` WHERE ( book_id=85 AND parent_id<>0 )  [ RunTime:0.0010s ]
NOTIC: [8] Undefined variable: chapter_ids D:\xampp\htdocs\tiku\Application\Home\Controller\TongbuController.class.php 第 68 行.
SQL: SHOW COLUMNS FROM `tiku` [ RunTime:0.0040s ]
SQL: SELECT COUNT(*) AS tp_count FROM `tiku` INNER JOIN tiku_source on tiku.source_id=tiku_source.id  WHERE ( tiku_source.course_id=2  && tiku.chapter_id IN(1446,1447,1448,1449,1451,1452,1454,1455,1456,1457,1459,1460,1461) ) LIMIT 1   [ RunTime:0.0810s ]
NOTIC: [8] Use of undefined constant FILE_CACHE_TIME - assumed 'FILE_CACHE_TIME' D:\xampp\htdocs\tiku\Application\Home\Controller\TongbuController.class.php 第 80 行.
SQL: SELECT tiku.`id`,tiku.options,tiku.`content`,tiku.`clicks`,tiku_source.`source_name`,tiku.difficulty_id FROM `tiku` INNER JOIN tiku_source on tiku.source_id=tiku_source.id  WHERE ( tiku_source.course_id=2  && tiku.chapter_id IN(1446,1447,1448,1449,1451,1452,1454,1455,1456,1457,1459,1460,1461) ) LIMIT 0,10   [ RunTime:0.8931s ]
INFO: [ view_parse ] --START--
INFO: [ template_filter ] --START--
INFO: Run Behavior\ContentReplaceBehavior [ RunTime:0.000000s ]
INFO: [ template_filter ] --END-- [ RunTime:0.000000s ]
NOTIC: [8] Undefined variable: tikus_in_collect D:\xampp\htdocs\tiku\Application\Runtime\Cache\Home\14532f2109b2a94ad1120e1fa8a03731.php 第 339 行.
NOTIC: [8] Undefined variable: ceping D:\xampp\htdocs\tiku\Application\Runtime\Cache\Home\14532f2109b2a94ad1120e1fa8a03731.php 第 374 行.
INFO: Run Behavior\ParseTemplateBehavior [ RunTime:0.014001s ]
INFO: [ view_parse ] --END-- [ RunTime:0.014001s ]
INFO: [ view_filter ] --START--
INFO: Run Behavior\WriteHtmlCacheBehavior [ RunTime:0.001000s ]
INFO: [ view_filter ] --END-- [ RunTime:0.001000s ]
INFO: [ app_end ] --START--
INFO: Run Behavior\ShowPageTraceBehavior [ RunTime:0.001000s ]
INFO: [ app_end ] --END-- [ RunTime:0.001000s ]

[ 2016-01-11T14:12:01+08:00 ] 127.0.0.1 /tongbu/b84/
INFO: [ app_init ] --START--
INFO: Run Behavior\BuildLiteBehavior [ RunTime:0.000000s ]
INFO: [ app_init ] --END-- [ RunTime:0.000000s ]
INFO: [ app_begin ] --START--
INFO: Run Behavior\ReadHtmlCacheBehavior [ RunTime:0.001000s ]
INFO: [ app_begin ] --END-- [ RunTime:0.001000s ]
SQL: SHOW COLUMNS FROM `tiku_course` [ RunTime:0.0040s ]
SQL: SELECT * FROM `tiku_course` WHERE ( status=1 )  [ RunTime:0.0000s ]
SQL: SELECT * FROM `tiku_course` WHERE ( status=1 )  [ RunTime:0.0010s ]
SQL: SELECT * FROM `tiku_course` WHERE ( status=1 )  [ RunTime:0.0000s ]
SQL: SELECT * FROM `tiku_course` WHERE ( status=1 )  [ RunTime:0.0000s ]
NOTIC: [8] Undefined index: cart D:\xampp\htdocs\tiku\Application\Home\Controller\TikuController.class.php 第 193 行.
NOTIC: [8] Undefined index: cart D:\xampp\htdocs\tiku\Application\Home\Controller\TikuController.class.php 第 16 行.
NOTIC: [8] Undefined index: cart D:\xampp\htdocs\tiku\Application\Home\Controller\TikuController.class.php 第 193 行.
NOTIC: [8] Undefined index: cart D:\xampp\htdocs\tiku\Application\Home\Controller\TongbuController.class.php 第 16 行.
NOTIC: [8] Undefined index: v D:\xampp\htdocs\tiku\Application\Home\Controller\TongbuController.class.php 第 29 行.
NOTIC: [8] Undefined index: c D:\xampp\htdocs\tiku\Application\Home\Controller\TongbuController.class.php 第 31 行.
SQL: SHOW COLUMNS FROM `books` [ RunTime:0.0030s ]
SQL: SELECT * FROM `books` WHERE ( version_id=17 ) ORDER BY id asc  [ RunTime:0.0000s ]
NOTIC: [8] Undefined variable: course_id D:\xampp\htdocs\tiku\Application\Home\Controller\TongbuController.class.php 第 125 行.
NOTIC: [8] Use of undefined constant FILE_CACHE_TIME - assumed 'FILE_CACHE_TIME' D:\xampp\htdocs\tiku\Application\Home\Controller\TongbuController.class.php 第 125 行.
SQL: SHOW COLUMNS FROM `chapter` [ RunTime:0.0030s ]
SQL: SELECT * FROM `chapter` WHERE ( book_id=84 )  [ RunTime:0.0000s ]
SQL: SELECT * FROM `chapter` WHERE ( parent_id=1429 ) LIMIT 1   [ RunTime:0.0010s ]
SQL: SHOW COLUMNS FROM `tiku_point` [ RunTime:0.0030s ]
SQL: SELECT * FROM `tiku_point` WHERE ( parent_id=1430 ) LIMIT 1   [ RunTime:0.0000s ]
SQL: SELECT * FROM `tiku_point` WHERE ( parent_id=1431 ) LIMIT 1   [ RunTime:0.0000s ]
SQL: SELECT * FROM `tiku_point` WHERE ( parent_id=1432 ) LIMIT 1   [ RunTime:0.0010s ]
SQL: SELECT * FROM `chapter` WHERE ( parent_id=1433 ) LIMIT 1   [ RunTime:0.0000s ]
SQL: SELECT * FROM `tiku_point` WHERE ( parent_id=1434 ) LIMIT 1   [ RunTime:0.0000s ]
SQL: SELECT * FROM `tiku_point` WHERE ( parent_id=1435 ) LIMIT 1   [ RunTime:0.0000s ]
SQL: SELECT * FROM `tiku_point` WHERE ( parent_id=1436 ) LIMIT 1   [ RunTime:0.0000s ]
SQL: SELECT * FROM `chapter` WHERE ( parent_id=1437 ) LIMIT 1   [ RunTime:0.0000s ]
SQL: SELECT * FROM `tiku_point` WHERE ( parent_id=1438 ) LIMIT 1   [ RunTime:0.0000s ]
SQL: SELECT * FROM `tiku_point` WHERE ( parent_id=1439 ) LIMIT 1   [ RunTime:0.0000s ]
SQL: SELECT * FROM `tiku_point` WHERE ( parent_id=1440 ) LIMIT 1   [ RunTime:0.0000s ]
SQL: SELECT * FROM `tiku_point` WHERE ( parent_id=1441 ) LIMIT 1   [ RunTime:0.0000s ]
SQL: SELECT * FROM `chapter` WHERE ( parent_id=1442 ) LIMIT 1   [ RunTime:0.0000s ]
SQL: SELECT * FROM `tiku_point` WHERE ( parent_id=1443 ) LIMIT 1   [ RunTime:0.0000s ]
SQL: SELECT * FROM `tiku_point` WHERE ( parent_id=1444 ) LIMIT 1   [ RunTime:0.0000s ]
SQL: SELECT `id` FROM `chapter` WHERE ( book_id=84 AND parent_id<>0 )  [ RunTime:0.0000s ]
NOTIC: [8] Undefined variable: chapter_ids D:\xampp\htdocs\tiku\Application\Home\Controller\TongbuController.class.php 第 68 行.
SQL: SHOW COLUMNS FROM `tiku` [ RunTime:0.0040s ]
SQL: SELECT COUNT(*) AS tp_count FROM `tiku` INNER JOIN tiku_source on tiku.source_id=tiku_source.id  WHERE ( tiku_source.course_id=2  && tiku.chapter_id IN(1430,1431,1432,1434,1435,1436,1438,1439,1440,1441,1443,1444) ) LIMIT 1   [ RunTime:0.0000s ]
NOTIC: [8] Use of undefined constant FILE_CACHE_TIME - assumed 'FILE_CACHE_TIME' D:\xampp\htdocs\tiku\Application\Home\Controller\TongbuController.class.php 第 80 行.
SQL: SELECT tiku.`id`,tiku.options,tiku.`content`,tiku.`clicks`,tiku_source.`source_name`,tiku.difficulty_id FROM `tiku` INNER JOIN tiku_source on tiku.source_id=tiku_source.id  WHERE ( tiku_source.course_id=2  && tiku.chapter_id IN(1430,1431,1432,1434,1435,1436,1438,1439,1440,1441,1443,1444) ) LIMIT 0,10   [ RunTime:0.0010s ]
INFO: [ view_parse ] --START--
INFO: [ template_filter ] --START--
INFO: Run Behavior\ContentReplaceBehavior [ RunTime:0.000000s ]
INFO: [ template_filter ] --END-- [ RunTime:0.000000s ]
NOTIC: [8] Undefined variable: tikus_in_collect D:\xampp\htdocs\tiku\Application\Runtime\Cache\Home\14532f2109b2a94ad1120e1fa8a03731.php 第 339 行.
NOTIC: [8] Undefined variable: ceping D:\xampp\htdocs\tiku\Application\Runtime\Cache\Home\14532f2109b2a94ad1120e1fa8a03731.php 第 374 行.
INFO: Run Behavior\ParseTemplateBehavior [ RunTime:0.018001s ]
INFO: [ view_parse ] --END-- [ RunTime:0.018001s ]
INFO: [ view_filter ] --START--
INFO: Run Behavior\WriteHtmlCacheBehavior [ RunTime:0.001000s ]
INFO: [ view_filter ] --END-- [ RunTime:0.001000s ]
INFO: [ app_end ] --START--
INFO: Run Behavior\ShowPageTraceBehavior [ RunTime:0.003000s ]
INFO: [ app_end ] --END-- [ RunTime:0.003000s ]

[ 2016-01-11T14:12:04+08:00 ] 127.0.0.1 /tongbu/b86/
INFO: [ app_init ] --START--
INFO: Run Behavior\BuildLiteBehavior [ RunTime:0.000000s ]
INFO: [ app_init ] --END-- [ RunTime:0.000000s ]
INFO: [ app_begin ] --START--
INFO: Run Behavior\ReadHtmlCacheBehavior [ RunTime:0.001000s ]
INFO: [ app_begin ] --END-- [ RunTime:0.001000s ]
SQL: SHOW COLUMNS FROM `tiku_course` [ RunTime:0.0030s ]
SQL: SELECT * FROM `tiku_course` WHERE ( status=1 )  [ RunTime:0.0000s ]
SQL: SELECT * FROM `tiku_course` WHERE ( status=1 )  [ RunTime:0.0000s ]
SQL: SELECT * FROM `tiku_course` WHERE ( status=1 )  [ RunTime:0.0000s ]
SQL: SELECT * FROM `tiku_course` WHERE ( status=1 )  [ RunTime:0.0000s ]
NOTIC: [8] Undefined index: cart D:\xampp\htdocs\tiku\Application\Home\Controller\TikuController.class.php 第 193 行.
NOTIC: [8] Undefined index: cart D:\xampp\htdocs\tiku\Application\Home\Controller\TikuController.class.php 第 16 行.
NOTIC: [8] Undefined index: cart D:\xampp\htdocs\tiku\Application\Home\Controller\TikuController.class.php 第 193 行.
NOTIC: [8] Undefined index: cart D:\xampp\htdocs\tiku\Application\Home\Controller\TongbuController.class.php 第 16 行.
NOTIC: [8] Undefined index: v D:\xampp\htdocs\tiku\Application\Home\Controller\TongbuController.class.php 第 29 行.
NOTIC: [8] Undefined index: c D:\xampp\htdocs\tiku\Application\Home\Controller\TongbuController.class.php 第 31 行.
SQL: SHOW COLUMNS FROM `books` [ RunTime:0.0030s ]
SQL: SELECT * FROM `books` WHERE ( version_id=17 ) ORDER BY id asc  [ RunTime:0.0000s ]
NOTIC: [8] Undefined variable: course_id D:\xampp\htdocs\tiku\Application\Home\Controller\TongbuController.class.php 第 125 行.
NOTIC: [8] Use of undefined constant FILE_CACHE_TIME - assumed 'FILE_CACHE_TIME' D:\xampp\htdocs\tiku\Application\Home\Controller\TongbuController.class.php 第 125 行.
SQL: SHOW COLUMNS FROM `chapter` [ RunTime:0.0030s ]
SQL: SELECT * FROM `chapter` WHERE ( book_id=86 )  [ RunTime:0.0020s ]
SQL: SELECT * FROM `chapter` WHERE ( parent_id=1462 ) LIMIT 1   [ RunTime:0.0000s ]
SQL: SHOW COLUMNS FROM `tiku_point` [ RunTime:0.0030s ]
SQL: SELECT * FROM `tiku_point` WHERE ( parent_id=1463 ) LIMIT 1   [ RunTime:0.0020s ]
SQL: SELECT * FROM `tiku_point` WHERE ( parent_id=1464 ) LIMIT 1   [ RunTime:0.0020s ]
SQL: SELECT * FROM `tiku_point` WHERE ( parent_id=1465 ) LIMIT 1   [ RunTime:0.0010s ]
SQL: SELECT * FROM `chapter` WHERE ( parent_id=1466 ) LIMIT 1   [ RunTime:0.0000s ]
SQL: SELECT * FROM `tiku_point` WHERE ( parent_id=1467 ) LIMIT 1   [ RunTime:0.0020s ]
SQL: SELECT * FROM `tiku_point` WHERE ( parent_id=1468 ) LIMIT 1   [ RunTime:0.0020s ]
SQL: SELECT * FROM `tiku_point` WHERE ( parent_id=1469 ) LIMIT 1   [ RunTime:0.0030s ]
SQL: SELECT * FROM `chapter` WHERE ( parent_id=1470 ) LIMIT 1   [ RunTime:0.0010s ]
SQL: SELECT * FROM `tiku_point` WHERE ( parent_id=1471 ) LIMIT 1   [ RunTime:0.0020s ]
SQL: SELECT * FROM `tiku_point` WHERE ( parent_id=1472 ) LIMIT 1   [ RunTime:0.0010s ]
SQL: SELECT * FROM `tiku_point` WHERE ( parent_id=1473 ) LIMIT 1   [ RunTime:0.0020s ]
SQL: SELECT * FROM `chapter` WHERE ( parent_id=1474 ) LIMIT 1   [ RunTime:0.0010s ]
SQL: SELECT * FROM `tiku_point` WHERE ( parent_id=1475 ) LIMIT 1   [ RunTime:0.0010s ]
SQL: SELECT * FROM `tiku_point` WHERE ( parent_id=1476 ) LIMIT 1   [ RunTime:0.0010s ]
SQL: SELECT `id` FROM `chapter` WHERE ( book_id=86 AND parent_id<>0 )  [ RunTime:0.0020s ]
NOTIC: [8] Undefined variable: chapter_ids D:\xampp\htdocs\tiku\Application\Home\Controller\TongbuController.class.php 第 68 行.
SQL: SHOW COLUMNS FROM `tiku` [ RunTime:0.0030s ]
SQL: SELECT COUNT(*) AS tp_count FROM `tiku` INNER JOIN tiku_source on tiku.source_id=tiku_source.id  WHERE ( tiku_source.course_id=2  && tiku.chapter_id IN(1463,1464,1465,1467,1468,1469,1471,1472,1473,1475,1476) ) LIMIT 1   [ RunTime:0.0760s ]
NOTIC: [8] Use of undefined constant FILE_CACHE_TIME - assumed 'FILE_CACHE_TIME' D:\xampp\htdocs\tiku\Application\Home\Controller\TongbuController.class.php 第 80 行.
SQL: SELECT tiku.`id`,tiku.options,tiku.`content`,tiku.`clicks`,tiku_source.`source_name`,tiku.difficulty_id FROM `tiku` INNER JOIN tiku_source on tiku.source_id=tiku_source.id  WHERE ( tiku_source.course_id=2  && tiku.chapter_id IN(1463,1464,1465,1467,1468,1469,1471,1472,1473,1475,1476) ) LIMIT 0,10   [ RunTime:0.8771s ]
INFO: [ view_parse ] --START--
INFO: [ template_filter ] --START--
INFO: Run Behavior\ContentReplaceBehavior [ RunTime:0.000000s ]
INFO: [ template_filter ] --END-- [ RunTime:0.000000s ]
NOTIC: [8] Undefined variable: tikus_in_collect D:\xampp\htdocs\tiku\Application\Runtime\Cache\Home\14532f2109b2a94ad1120e1fa8a03731.php 第 339 行.
NOTIC: [8] Undefined variable: ceping D:\xampp\htdocs\tiku\Application\Runtime\Cache\Home\14532f2109b2a94ad1120e1fa8a03731.php 第 374 行.
INFO: Run Behavior\ParseTemplateBehavior [ RunTime:0.020001s ]
INFO: [ view_parse ] --END-- [ RunTime:0.020001s ]
INFO: [ view_filter ] --START--
INFO: Run Behavior\WriteHtmlCacheBehavior [ RunTime:0.000000s ]
INFO: [ view_filter ] --END-- [ RunTime:0.000000s ]
INFO: [ app_end ] --START--
INFO: Run Behavior\ShowPageTraceBehavior [ RunTime:0.001000s ]
INFO: [ app_end ] --END-- [ RunTime:0.001000s ]

