[ 2016-02-19T11:46:10+08:00 ] 127.0.0.1 /
INFO: [ app_init ] --START--
INFO: Run Behavior\BuildLiteBehavior [ RunTime:0.000000s ]
INFO: [ app_init ] --END-- [ RunTime:0.000000s ]
INFO: [ app_begin ] --START--
INFO: Run Behavior\ReadHtmlCacheBehavior [ RunTime:0.001000s ]
INFO: [ app_begin ] --END-- [ RunTime:0.001000s ]
SQL: SHOW COLUMNS FROM `tiku_course` [ RunTime:0.0030s ]
SQL: SELECT * FROM `tiku_course` WHERE ( status=1 )  [ RunTime:0.0000s ]
SQL: SELECT * FROM `tiku_course` WHERE ( status=1 )  [ RunTime:0.0000s ]
INFO: [ view_parse ] --START--
INFO: [ template_filter ] --START--
INFO: Run Behavior\ContentReplaceBehavior [ RunTime:0.011000s ]
INFO: [ template_filter ] --END-- [ RunTime:0.011000s ]
INFO: Run Behavior\ParseTemplateBehavior [ RunTime:0.114006s ]
INFO: [ view_parse ] --END-- [ RunTime:0.114006s ]
INFO: [ view_filter ] --START--
INFO: Run Behavior\WriteHtmlCacheBehavior [ RunTime:0.000000s ]
INFO: [ view_filter ] --END-- [ RunTime:0.000000s ]
INFO: [ app_end ] --START--
INFO: Run Behavior\ShowPageTraceBehavior [ RunTime:0.001000s ]
INFO: [ app_end ] --END-- [ RunTime:0.001000s ]

[ 2016-02-19T14:13:04+08:00 ] 127.0.0.1 /index.php/home/tiku/ajaxSelectCourse?id=6
INFO: [ app_init ] --START--
INFO: Run Behavior\BuildLiteBehavior [ RunTime:0.000000s ]
INFO: [ app_init ] --END-- [ RunTime:0.000000s ]
INFO: [ app_begin ] --START--
INFO: Run Behavior\ReadHtmlCacheBehavior [ RunTime:0.000000s ]
INFO: [ app_begin ] --END-- [ RunTime:0.000000s ]
SQL: SHOW COLUMNS FROM `tiku_course` [ RunTime:0.0000s ]
SQL: SELECT * FROM `tiku_course` WHERE ( status=1 )  [ RunTime:0.0000s ]
SQL: SELECT * FROM `tiku_course` WHERE ( status=1 )  [ RunTime:0.0000s ]
NOTIC: [8] Undefined index: cart D:\xampp\htdocs\tiku\Application\Home\Controller\TikuController.class.php 第 193 行.
NOTIC: [8] Undefined index: cart D:\xampp\htdocs\tiku\Application\Home\Controller\TikuController.class.php 第 16 行.

[ 2016-02-19T14:13:06+08:00 ] 127.0.0.1 /tiku/
INFO: [ app_init ] --START--
INFO: Run Behavior\BuildLiteBehavior [ RunTime:0.000000s ]
INFO: [ app_init ] --END-- [ RunTime:0.000000s ]
INFO: [ app_begin ] --START--
INFO: Run Behavior\ReadHtmlCacheBehavior [ RunTime:0.000000s ]
INFO: [ app_begin ] --END-- [ RunTime:0.000000s ]
SQL: SHOW COLUMNS FROM `tiku_course` [ RunTime:0.0100s ]
SQL: SELECT * FROM `tiku_course` WHERE ( status=1 )  [ RunTime:0.0000s ]
SQL: SELECT * FROM `tiku_course` WHERE ( status=1 )  [ RunTime:0.0000s ]
NOTIC: [8] Undefined index: cart D:\xampp\htdocs\tiku\Application\Home\Controller\TikuController.class.php 第 193 行.
NOTIC: [8] Undefined index: cart D:\xampp\htdocs\tiku\Application\Home\Controller\TikuController.class.php 第 16 行.
NOTIC: [8] Undefined index: f D:\xampp\htdocs\tiku\Application\Home\Controller\TikuController.class.php 第 30 行.
NOTIC: [8] Undefined index: d D:\xampp\htdocs\tiku\Application\Home\Controller\TikuController.class.php 第 31 行.
NOTIC: [8] Undefined index: t D:\xampp\htdocs\tiku\Application\Home\Controller\TikuController.class.php 第 32 行.
NOTIC: [8] Undefined index: p D:\xampp\htdocs\tiku\Application\Home\Controller\TikuController.class.php 第 33 行.
NOTIC: [8] Undefined index: w D:\xampp\htdocs\tiku\Application\Home\Controller\TikuController.class.php 第 34 行.
NOTIC: [8] Undefined index: y D:\xampp\htdocs\tiku\Application\Home\Controller\TikuController.class.php 第 35 行.
NOTIC: [8] Undefined index: a D:\xampp\htdocs\tiku\Application\Home\Controller\TikuController.class.php 第 36 行.
NOTIC: [8] Undefined variable: data D:\xampp\htdocs\tiku\Application\Home\Controller\TikuController.class.php 第 314 行.
SQL: SHOW COLUMNS FROM `tiku_course` [ RunTime:0.0000s ]
SQL: SELECT `course_type` FROM `tiku_course` WHERE ( id=6 ) LIMIT 1   [ RunTime:0.0000s ]
SQL: SHOW COLUMNS FROM `tiku_point` [ RunTime:0.0100s ]
SQL: SELECT * FROM `tiku_point` WHERE ( course_id=6 )  [ RunTime:0.0400s ]
SQL: SELECT * FROM `tiku_point` WHERE ( parent_id=2745 ) LIMIT 1   [ RunTime:0.0100s ]
SQL: SELECT * FROM `tiku_point` WHERE ( parent_id=2746 ) LIMIT 1   [ RunTime:0.0000s ]
SQL: SELECT * FROM `tiku_point` WHERE ( parent_id=2864 ) LIMIT 1   [ RunTime:0.0000s ]
SQL: SELECT * FROM `tiku_point` WHERE ( parent_id=2865 ) LIMIT 1   [ RunTime:0.0100s ]
SQL: SELECT * FROM `tiku_point` WHERE ( parent_id=2866 ) LIMIT 1   [ RunTime:0.0000s ]
SQL: SELECT * FROM `tiku_point` WHERE ( parent_id=2867 ) LIMIT 1   [ RunTime:0.0000s ]
SQL: SELECT * FROM `tiku_point` WHERE ( parent_id=2747 ) LIMIT 1   [ RunTime:0.0100s ]
SQL: SELECT * FROM `tiku_point` WHERE ( parent_id=2868 ) LIMIT 1   [ RunTime:0.0000s ]
SQL: SELECT * FROM `tiku_point` WHERE ( parent_id=2869 ) LIMIT 1   [ RunTime:0.0000s ]
SQL: SELECT * FROM `tiku_point` WHERE ( parent_id=2870 ) LIMIT 1   [ RunTime:0.0100s ]
SQL: SELECT * FROM `tiku_point` WHERE ( parent_id=2871 ) LIMIT 1   [ RunTime:0.0000s ]
SQL: SELECT * FROM `tiku_point` WHERE ( parent_id=2872 ) LIMIT 1   [ RunTime:0.0000s ]
SQL: SELECT * FROM `tiku_point` WHERE ( parent_id=2748 ) LIMIT 1   [ RunTime:0.0000s ]
SQL: SELECT * FROM `tiku_point` WHERE ( parent_id=2749 ) LIMIT 1   [ RunTime:0.0000s ]
SQL: SELECT * FROM `tiku_point` WHERE ( parent_id=2873 ) LIMIT 1   [ RunTime:0.0100s ]
SQL: SELECT * FROM `tiku_point` WHERE ( parent_id=2874 ) LIMIT 1   [ RunTime:0.0000s ]
SQL: SELECT * FROM `tiku_point` WHERE ( parent_id=2875 ) LIMIT 1   [ RunTime:0.0000s ]
SQL: SELECT * FROM `tiku_point` WHERE ( parent_id=2750 ) LIMIT 1   [ RunTime:0.0000s ]
SQL: SELECT * FROM `tiku_point` WHERE ( parent_id=2876 ) LIMIT 1   [ RunTime:0.0000s ]
SQL: SELECT * FROM `tiku_point` WHERE ( parent_id=2877 ) LIMIT 1   [ RunTime:0.0100s ]
SQL: SELECT * FROM `tiku_point` WHERE ( parent_id=2878 ) LIMIT 1   [ RunTime:0.0000s ]
SQL: SELECT * FROM `tiku_point` WHERE ( parent_id=2751 ) LIMIT 1   [ RunTime:0.0000s ]
SQL: SELECT * FROM `tiku_point` WHERE ( parent_id=2879 ) LIMIT 1   [ RunTime:0.0000s ]
SQL: SELECT * FROM `tiku_point` WHERE ( parent_id=2880 ) LIMIT 1   [ RunTime:0.0000s ]
SQL: SELECT * FROM `tiku_point` WHERE ( parent_id=2881 ) LIMIT 1   [ RunTime:0.0100s ]
SQL: SELECT * FROM `tiku_point` WHERE ( parent_id=2752 ) LIMIT 1   [ RunTime:0.0000s ]
SQL: SELECT * FROM `tiku_point` WHERE ( parent_id=2882 ) LIMIT 1   [ RunTime:0.0000s ]
SQL: SELECT * FROM `tiku_point` WHERE ( parent_id=2883 ) LIMIT 1   [ RunTime:0.0000s ]
SQL: SELECT * FROM `tiku_point` WHERE ( parent_id=2884 ) LIMIT 1   [ RunTime:0.0000s ]
SQL: SELECT * FROM `tiku_point` WHERE ( parent_id=2753 ) LIMIT 1   [ RunTime:0.0100s ]
SQL: SELECT * FROM `tiku_point` WHERE ( parent_id=2885 ) LIMIT 1   [ RunTime:0.0000s ]
SQL: SELECT * FROM `tiku_point` WHERE ( parent_id=2886 ) LIMIT 1   [ RunTime:0.0000s ]
SQL: SELECT * FROM `tiku_point` WHERE ( parent_id=2754 ) LIMIT 1   [ RunTime:0.0000s ]
SQL: SELECT * FROM `tiku_point` WHERE ( parent_id=2755 ) LIMIT 1   [ RunTime:0.0000s ]
SQL: SELECT * FROM `tiku_point` WHERE ( parent_id=2887 ) LIMIT 1   [ RunTime:0.0000s ]
SQL: SELECT * FROM `tiku_point` WHERE ( parent_id=2888 ) LIMIT 1   [ RunTime:0.0100s ]
SQL: SELECT * FROM `tiku_point` WHERE ( parent_id=2889 ) LIMIT 1   [ RunTime:0.0000s ]
SQL: SELECT * FROM `tiku_point` WHERE ( parent_id=2890 ) LIMIT 1   [ RunTime:0.0000s ]
SQL: SELECT * FROM `tiku_point` WHERE ( parent_id=2756 ) LIMIT 1   [ RunTime:0.0000s ]
SQL: SELECT * FROM `tiku_point` WHERE ( parent_id=2891 ) LIMIT 1   [ RunTime:0.0000s ]
SQL: SELECT * FROM `tiku_point` WHERE ( parent_id=2892 ) LIMIT 1   [ RunTime:0.0100s ]
SQL: SELECT * FROM `tiku_point` WHERE ( parent_id=2893 ) LIMIT 1   [ RunTime:0.0000s ]
SQL: SELECT * FROM `tiku_point` WHERE ( parent_id=2894 ) LIMIT 1   [ RunTime:0.0000s ]
SQL: SELECT * FROM `tiku_point` WHERE ( parent_id=2895 ) LIMIT 1   [ RunTime:0.0000s ]
SQL: SELECT * FROM `tiku_point` WHERE ( parent_id=2896 ) LIMIT 1   [ RunTime:0.0000s ]
SQL: SELECT * FROM `tiku_point` WHERE ( parent_id=2897 ) LIMIT 1   [ RunTime:0.0100s ]
SQL: SELECT * FROM `tiku_point` WHERE ( parent_id=2898 ) LIMIT 1   [ RunTime:0.0000s ]
SQL: SELECT * FROM `tiku_point` WHERE ( parent_id=2757 ) LIMIT 1   [ RunTime:0.0000s ]
SQL: SELECT * FROM `tiku_point` WHERE ( parent_id=2899 ) LIMIT 1   [ RunTime:0.0000s ]
SQL: SELECT * FROM `tiku_point` WHERE ( parent_id=2900 ) LIMIT 1   [ RunTime:0.0000s ]
SQL: SELECT * FROM `tiku_point` WHERE ( parent_id=2758 ) LIMIT 1   [ RunTime:0.0000s ]
SQL: SELECT * FROM `tiku_point` WHERE ( parent_id=2759 ) LIMIT 1   [ RunTime:0.0000s ]
SQL: SELECT * FROM `tiku_point` WHERE ( parent_id=2901 ) LIMIT 1   [ RunTime:0.0000s ]
SQL: SELECT * FROM `tiku_point` WHERE ( parent_id=2902 ) LIMIT 1   [ RunTime:0.0000s ]
SQL: SELECT * FROM `tiku_point` WHERE ( parent_id=2903 ) LIMIT 1   [ RunTime:0.0000s ]
SQL: SELECT * FROM `tiku_point` WHERE ( parent_id=2904 ) LIMIT 1   [ RunTime:0.0000s ]
SQL: SELECT * FROM `tiku_point` WHERE ( parent_id=2905 ) LIMIT 1   [ RunTime:0.0100s ]
SQL: SELECT * FROM `tiku_point` WHERE ( parent_id=2906 ) LIMIT 1   [ RunTime:0.0000s ]
SQL: SELECT * FROM `tiku_point` WHERE ( parent_id=2760 ) LIMIT 1   [ RunTime:0.0000s ]
SQL: SELECT * FROM `tiku_point` WHERE ( parent_id=2907 ) LIMIT 1   [ RunTime:0.0000s ]
SQL: SELECT * FROM `tiku_point` WHERE ( parent_id=2908 ) LIMIT 1   [ RunTime:0.0000s ]
SQL: SELECT * FROM `tiku_point` WHERE ( parent_id=2761 ) LIMIT 1   [ RunTime:0.0000s ]
SQL: SELECT * FROM `tiku_point` WHERE ( parent_id=2909 ) LIMIT 1   [ RunTime:0.0100s ]
SQL: SELECT * FROM `tiku_point` WHERE ( parent_id=2910 ) LIMIT 1   [ RunTime:0.0000s ]
SQL: SELECT * FROM `tiku_point` WHERE ( parent_id=2911 ) LIMIT 1   [ RunTime:0.0000s ]
SQL: SELECT * FROM `tiku_point` WHERE ( parent_id=2762 ) LIMIT 1   [ RunTime:0.0000s ]
SQL: SELECT * FROM `tiku_point` WHERE ( parent_id=2763 ) LIMIT 1   [ RunTime:0.0000s ]
SQL: SELECT * FROM `tiku_point` WHERE ( parent_id=2912 ) LIMIT 1   [ RunTime:0.0000s ]
SQL: SELECT * FROM `tiku_point` WHERE ( parent_id=2913 ) LIMIT 1   [ RunTime:0.0100s ]
SQL: SELECT * FROM `tiku_point` WHERE ( parent_id=2914 ) LIMIT 1   [ RunTime:0.0000s ]
SQL: SELECT * FROM `tiku_point` WHERE ( parent_id=2915 ) LIMIT 1   [ RunTime:0.0000s ]
SQL: SELECT * FROM `tiku_point` WHERE ( parent_id=2916 ) LIMIT 1   [ RunTime:0.0000s ]
SQL: SELECT * FROM `tiku_point` WHERE ( parent_id=2764 ) LIMIT 1   [ RunTime:0.0000s ]
SQL: SELECT * FROM `tiku_point` WHERE ( parent_id=2917 ) LIMIT 1   [ RunTime:0.0100s ]
SQL: SELECT * FROM `tiku_point` WHERE ( parent_id=2918 ) LIMIT 1   [ RunTime:0.0000s ]
SQL: SELECT * FROM `tiku_point` WHERE ( parent_id=2919 ) LIMIT 1   [ RunTime:0.0000s ]
SQL: SELECT * FROM `tiku_point` WHERE ( parent_id=2765 ) LIMIT 1   [ RunTime:0.0000s ]
SQL: SELECT * FROM `tiku_point` WHERE ( parent_id=2920 ) LIMIT 1   [ RunTime:0.0100s ]
SQL: SELECT * FROM `tiku_point` WHERE ( parent_id=2921 ) LIMIT 1   [ RunTime:0.0000s ]
SQL: SELECT * FROM `tiku_point` WHERE ( parent_id=2922 ) LIMIT 1   [ RunTime:0.0000s ]
SQL: SELECT * FROM `tiku_point` WHERE ( parent_id=2923 ) LIMIT 1   [ RunTime:0.0000s ]
SQL: SELECT * FROM `tiku_point` WHERE ( parent_id=2924 ) LIMIT 1   [ RunTime:0.0000s ]
SQL: SELECT * FROM `tiku_point` WHERE ( parent_id=2925 ) LIMIT 1   [ RunTime:0.0100s ]
SQL: SELECT * FROM `tiku_point` WHERE ( parent_id=2926 ) LIMIT 1   [ RunTime:0.0000s ]
SQL: SELECT * FROM `tiku_point` WHERE ( parent_id=2927 ) LIMIT 1   [ RunTime:0.0000s ]
SQL: SELECT * FROM `tiku_point` WHERE ( parent_id=2766 ) LIMIT 1   [ RunTime:0.0000s ]
SQL: SELECT * FROM `tiku_point` WHERE ( parent_id=2928 ) LIMIT 1   [ RunTime:0.0000s ]
SQL: SELECT * FROM `tiku_point` WHERE ( parent_id=2929 ) LIMIT 1   [ RunTime:0.0000s ]
SQL: SELECT * FROM `tiku_point` WHERE ( parent_id=2930 ) LIMIT 1   [ RunTime:0.0100s ]
SQL: SELECT * FROM `tiku_point` WHERE ( parent_id=2931 ) LIMIT 1   [ RunTime:0.0000s ]
SQL: SELECT * FROM `tiku_point` WHERE ( parent_id=2932 ) LIMIT 1   [ RunTime:0.0000s ]
SQL: SELECT * FROM `tiku_point` WHERE ( parent_id=2933 ) LIMIT 1   [ RunTime:0.0000s ]
SQL: SELECT * FROM `tiku_point` WHERE ( parent_id=2934 ) LIMIT 1   [ RunTime:0.0100s ]
SQL: SELECT * FROM `tiku_point` WHERE ( parent_id=2935 ) LIMIT 1   [ RunTime:0.0000s ]
SQL: SELECT * FROM `tiku_point` WHERE ( parent_id=2767 ) LIMIT 1   [ RunTime:0.0000s ]
SQL: SELECT * FROM `tiku_point` WHERE ( parent_id=2768 ) LIMIT 1   [ RunTime:0.0000s ]
SQL: SELECT * FROM `tiku_point` WHERE ( parent_id=2936 ) LIMIT 1   [ RunTime:0.0000s ]
SQL: SELECT * FROM `tiku_point` WHERE ( parent_id=2937 ) LIMIT 1   [ RunTime:0.0000s ]
SQL: SELECT * FROM `tiku_point` WHERE ( parent_id=2938 ) LIMIT 1   [ RunTime:0.0100s ]
SQL: SELECT * FROM `tiku_point` WHERE ( parent_id=2939 ) LIMIT 1   [ RunTime:0.0000s ]
SQL: SELECT * FROM `tiku_point` WHERE ( parent_id=2940 ) LIMIT 1   [ RunTime:0.0000s ]
SQL: SELECT * FROM `tiku_point` WHERE ( parent_id=2941 ) LIMIT 1   [ RunTime:0.0000s ]
SQL: SELECT * FROM `tiku_point` WHERE ( parent_id=2769 ) LIMIT 1   [ RunTime:0.0000s ]
SQL: SELECT * FROM `tiku_point` WHERE ( parent_id=2942 ) LIMIT 1   [ RunTime:0.0100s ]
SQL: SELECT * FROM `tiku_point` WHERE ( parent_id=2943 ) LIMIT 1   [ RunTime:0.0000s ]
SQL: SELECT * FROM `tiku_point` WHERE ( parent_id=2770 ) LIMIT 1   [ RunTime:0.0000s ]
SQL: SELECT * FROM `tiku_point` WHERE ( parent_id=2944 ) LIMIT 1   [ RunTime:0.0000s ]
SQL: SELECT * FROM `tiku_point` WHERE ( parent_id=2945 ) LIMIT 1   [ RunTime:0.0000s ]
SQL: SELECT * FROM `tiku_point` WHERE ( parent_id=2946 ) LIMIT 1   [ RunTime:0.0100s ]
SQL: SELECT * FROM `tiku_point` WHERE ( parent_id=2771 ) LIMIT 1   [ RunTime:0.0000s ]
SQL: SELECT * FROM `tiku_point` WHERE ( parent_id=2947 ) LIMIT 1   [ RunTime:0.0000s ]
SQL: SELECT * FROM `tiku_point` WHERE ( parent_id=2948 ) LIMIT 1   [ RunTime:0.0000s ]
SQL: SELECT * FROM `tiku_point` WHERE ( parent_id=2772 ) LIMIT 1   [ RunTime:0.0000s ]
SQL: SELECT * FROM `tiku_point` WHERE ( parent_id=2773 ) LIMIT 1   [ RunTime:0.0000s ]
SQL: SELECT * FROM `tiku_point` WHERE ( parent_id=2949 ) LIMIT 1   [ RunTime:0.0000s ]
SQL: SELECT * FROM `tiku_point` WHERE ( parent_id=2950 ) LIMIT 1   [ RunTime:0.0100s ]
SQL: SELECT * FROM `tiku_point` WHERE ( parent_id=2951 ) LIMIT 1   [ RunTime:0.0000s ]
SQL: SELECT * FROM `tiku_point` WHERE ( parent_id=2952 ) LIMIT 1   [ RunTime:0.0000s ]
SQL: SELECT * FROM `tiku_point` WHERE ( parent_id=2953 ) LIMIT 1   [ RunTime:0.0000s ]
SQL: SELECT * FROM `tiku_point` WHERE ( parent_id=2954 ) LIMIT 1   [ RunTime:0.0100s ]
SQL: SELECT * FROM `tiku_point` WHERE ( parent_id=2955 ) LIMIT 1   [ RunTime:0.0000s ]
SQL: SELECT * FROM `tiku_point` WHERE ( parent_id=2956 ) LIMIT 1   [ RunTime:0.0000s ]
SQL: SELECT * FROM `tiku_point` WHERE ( parent_id=2774 ) LIMIT 1   [ RunTime:0.0000s ]
SQL: SELECT * FROM `tiku_point` WHERE ( parent_id=2957 ) LIMIT 1   [ RunTime:0.0000s ]
SQL: SELECT * FROM `tiku_point` WHERE ( parent_id=2958 ) LIMIT 1   [ RunTime:0.0000s ]
SQL: SELECT * FROM `tiku_point` WHERE ( parent_id=2959 ) LIMIT 1   [ RunTime:0.0100s ]
SQL: SELECT * FROM `tiku_point` WHERE ( parent_id=2960 ) LIMIT 1   [ RunTime:0.0000s ]
SQL: SELECT * FROM `tiku_point` WHERE ( parent_id=2961 ) LIMIT 1   [ RunTime:0.0000s ]
SQL: SELECT * FROM `tiku_point` WHERE ( parent_id=2962 ) LIMIT 1   [ RunTime:0.0000s ]
SQL: SELECT * FROM `tiku_point` WHERE ( parent_id=2963 ) LIMIT 1   [ RunTime:0.0100s ]
SQL: SELECT * FROM `tiku_point` WHERE ( parent_id=2775 ) LIMIT 1   [ RunTime:0.0000s ]
SQL: SELECT * FROM `tiku_point` WHERE ( parent_id=2776 ) LIMIT 1   [ RunTime:0.0000s ]
SQL: SELECT * FROM `tiku_point` WHERE ( parent_id=2964 ) LIMIT 1   [ RunTime:0.0000s ]
SQL: SELECT * FROM `tiku_point` WHERE ( parent_id=2965 ) LIMIT 1   [ RunTime:0.0000s ]
SQL: SELECT * FROM `tiku_point` WHERE ( parent_id=2966 ) LIMIT 1   [ RunTime:0.0000s ]
SQL: SELECT * FROM `tiku_point` WHERE ( parent_id=2967 ) LIMIT 1   [ RunTime:0.0000s ]
SQL: SELECT * FROM `tiku_point` WHERE ( parent_id=2968 ) LIMIT 1   [ RunTime:0.0000s ]
SQL: SELECT * FROM `tiku_point` WHERE ( parent_id=2969 ) LIMIT 1   [ RunTime:0.0000s ]
SQL: SELECT * FROM `tiku_point` WHERE ( parent_id=2777 ) LIMIT 1   [ RunTime:0.0000s ]
SQL: SELECT * FROM `tiku_point` WHERE ( parent_id=2970 ) LIMIT 1   [ RunTime:0.0000s ]
SQL: SELECT * FROM `tiku_point` WHERE ( parent_id=2971 ) LIMIT 1   [ RunTime:0.0100s ]
SQL: SELECT * FROM `tiku_point` WHERE ( parent_id=2972 ) LIMIT 1   [ RunTime:0.0000s ]
SQL: SELECT * FROM `tiku_point` WHERE ( parent_id=2973 ) LIMIT 1   [ RunTime:0.0000s ]
SQL: SELECT * FROM `tiku_point` WHERE ( parent_id=2778 ) LIMIT 1   [ RunTime:0.0000s ]
SQL: SELECT * FROM `tiku_point` WHERE ( parent_id=2974 ) LIMIT 1   [ RunTime:0.0100s ]
SQL: SELECT * FROM `tiku_point` WHERE ( parent_id=2975 ) LIMIT 1   [ RunTime:0.0000s ]
SQL: SELECT * FROM `tiku_point` WHERE ( parent_id=2976 ) LIMIT 1   [ RunTime:0.0000s ]
SQL: SELECT * FROM `tiku_point` WHERE ( parent_id=2779 ) LIMIT 1   [ RunTime:0.0000s ]
SQL: SELECT * FROM `tiku_point` WHERE ( parent_id=2780 ) LIMIT 1   [ RunTime:0.0000s ]
SQL: SELECT * FROM `tiku_point` WHERE ( parent_id=2977 ) LIMIT 1   [ RunTime:0.0000s ]
SQL: SELECT * FROM `tiku_point` WHERE ( parent_id=2978 ) LIMIT 1   [ RunTime:0.0100s ]
SQL: SELECT * FROM `tiku_point` WHERE ( parent_id=2979 ) LIMIT 1   [ RunTime:0.0000s ]
SQL: SELECT * FROM `tiku_point` WHERE ( parent_id=2980 ) LIMIT 1   [ RunTime:0.0000s ]
SQL: SELECT * FROM `tiku_point` WHERE ( parent_id=2981 ) LIMIT 1   [ RunTime:0.0000s ]
SQL: SELECT * FROM `tiku_point` WHERE ( parent_id=2781 ) LIMIT 1   [ RunTime:0.0000s ]
SQL: SELECT * FROM `tiku_point` WHERE ( parent_id=2982 ) LIMIT 1   [ RunTime:0.0100s ]
SQL: SELECT * FROM `tiku_point` WHERE ( parent_id=2983 ) LIMIT 1   [ RunTime:0.0000s ]
SQL: SELECT * FROM `tiku_point` WHERE ( parent_id=2782 ) LIMIT 1   [ RunTime:0.0000s ]
SQL: SELECT * FROM `tiku_point` WHERE ( parent_id=2984 ) LIMIT 1   [ RunTime:0.0000s ]
SQL: SELECT * FROM `tiku_point` WHERE ( parent_id=2985 ) LIMIT 1   [ RunTime:0.0000s ]
SQL: SELECT * FROM `tiku_point` WHERE ( parent_id=2783 ) LIMIT 1   [ RunTime:0.0000s ]
SQL: SELECT * FROM `tiku_point` WHERE ( parent_id=2986 ) LIMIT 1   [ RunTime:0.0000s ]
SQL: SELECT * FROM `tiku_point` WHERE ( parent_id=2987 ) LIMIT 1   [ RunTime:0.0000s ]
SQL: SELECT * FROM `tiku_point` WHERE ( parent_id=2784 ) LIMIT 1   [ RunTime:0.0000s ]
SQL: SELECT * FROM `tiku_point` WHERE ( parent_id=2785 ) LIMIT 1   [ RunTime:0.0000s ]
SQL: SELECT * FROM `tiku_point` WHERE ( parent_id=2988 ) LIMIT 1   [ RunTime:0.0000s ]
SQL: SELECT * FROM `tiku_point` WHERE ( parent_id=2989 ) LIMIT 1   [ RunTime:0.0100s ]
SQL: SELECT * FROM `tiku_point` WHERE ( parent_id=2786 ) LIMIT 1   [ RunTime:0.0000s ]
SQL: SELECT * FROM `tiku_point` WHERE ( parent_id=2990 ) LIMIT 1   [ RunTime:0.0000s ]
SQL: SELECT * FROM `tiku_point` WHERE ( parent_id=2991 ) LIMIT 1   [ RunTime:0.0000s ]
SQL: SELECT * FROM `tiku_point` WHERE ( parent_id=2787 ) LIMIT 1   [ RunTime:0.0000s ]
SQL: SELECT * FROM `tiku_point` WHERE ( parent_id=2992 ) LIMIT 1   [ RunTime:0.0000s ]
SQL: SELECT * FROM `tiku_point` WHERE ( parent_id=2993 ) LIMIT 1   [ RunTime:0.0000s ]
SQL: SELECT * FROM `tiku_point` WHERE ( parent_id=2994 ) LIMIT 1   [ RunTime:0.0000s ]
SQL: SELECT * FROM `tiku_point` WHERE ( parent_id=2788 ) LIMIT 1   [ RunTime:0.0000s ]
SQL: SELECT * FROM `tiku_point` WHERE ( parent_id=2789 ) LIMIT 1   [ RunTime:0.0000s ]
SQL: SELECT * FROM `tiku_point` WHERE ( parent_id=2995 ) LIMIT 1   [ RunTime:0.0100s ]
SQL: SELECT * FROM `tiku_point` WHERE ( parent_id=2996 ) LIMIT 1   [ RunTime:0.0000s ]
SQL: SELECT * FROM `tiku_point` WHERE ( parent_id=2997 ) LIMIT 1   [ RunTime:0.0000s ]
SQL: SELECT * FROM `tiku_point` WHERE ( parent_id=2790 ) LIMIT 1   [ RunTime:0.0100s ]
SQL: SELECT * FROM `tiku_point` WHERE ( parent_id=2998 ) LIMIT 1   [ RunTime:0.0000s ]
SQL: SELECT * FROM `tiku_point` WHERE ( parent_id=2999 ) LIMIT 1   [ RunTime:0.0000s ]
SQL: SELECT * FROM `tiku_point` WHERE ( parent_id=3000 ) LIMIT 1   [ RunTime:0.0000s ]
SQL: SELECT * FROM `tiku_point` WHERE ( parent_id=2791 ) LIMIT 1   [ RunTime:0.0000s ]
SQL: SELECT * FROM `tiku_point` WHERE ( parent_id=3001 ) LIMIT 1   [ RunTime:0.0100s ]
SQL: SELECT * FROM `tiku_point` WHERE ( parent_id=3002 ) LIMIT 1   [ RunTime:0.0000s ]
SQL: SELECT * FROM `tiku_point` WHERE ( parent_id=3003 ) LIMIT 1   [ RunTime:0.0000s ]
SQL: SELECT * FROM `tiku_point` WHERE ( parent_id=3004 ) LIMIT 1   [ RunTime:0.0000s ]
SQL: SELECT * FROM `tiku_point` WHERE ( parent_id=2792 ) LIMIT 1   [ RunTime:0.0000s ]
SQL: SELECT * FROM `tiku_point` WHERE ( parent_id=2793 ) LIMIT 1   [ RunTime:0.0000s ]
SQL: SELECT * FROM `tiku_point` WHERE ( parent_id=3005 ) LIMIT 1   [ RunTime:0.0100s ]
SQL: SELECT * FROM `tiku_point` WHERE ( parent_id=3006 ) LIMIT 1   [ RunTime:0.0000s ]
SQL: SELECT * FROM `tiku_point` WHERE ( parent_id=2794 ) LIMIT 1   [ RunTime:0.0000s ]
SQL: SELECT * FROM `tiku_point` WHERE ( parent_id=3007 ) LIMIT 1   [ RunTime:0.0000s ]
SQL: SELECT * FROM `tiku_point` WHERE ( parent_id=3008 ) LIMIT 1   [ RunTime:0.0000s ]
SQL: SELECT * FROM `tiku_point` WHERE ( parent_id=3009 ) LIMIT 1   [ RunTime:0.0100s ]
SQL: SELECT * FROM `tiku_point` WHERE ( parent_id=2795 ) LIMIT 1   [ RunTime:0.0000s ]
SQL: SELECT * FROM `tiku_point` WHERE ( parent_id=2796 ) LIMIT 1   [ RunTime:0.0000s ]
SQL: SELECT * FROM `tiku_point` WHERE ( parent_id=3010 ) LIMIT 1   [ RunTime:0.0000s ]
SQL: SELECT * FROM `tiku_point` WHERE ( parent_id=3011 ) LIMIT 1   [ RunTime:0.0000s ]
SQL: SELECT * FROM `tiku_point` WHERE ( parent_id=3012 ) LIMIT 1   [ RunTime:0.0100s ]
SQL: SELECT * FROM `tiku_point` WHERE ( parent_id=3013 ) LIMIT 1   [ RunTime:0.0000s ]
SQL: SELECT * FROM `tiku_point` WHERE ( parent_id=3014 ) LIMIT 1   [ RunTime:0.0000s ]
SQL: SELECT * FROM `tiku_point` WHERE ( parent_id=3015 ) LIMIT 1   [ RunTime:0.0000s ]
SQL: SELECT * FROM `tiku_point` WHERE ( parent_id=3016 ) LIMIT 1   [ RunTime:0.0000s ]
SQL: SELECT * FROM `tiku_point` WHERE ( parent_id=3017 ) LIMIT 1   [ RunTime:0.0100s ]
SQL: SELECT * FROM `tiku_point` WHERE ( parent_id=3018 ) LIMIT 1   [ RunTime:0.0000s ]
SQL: SELECT * FROM `tiku_point` WHERE ( parent_id=3019 ) LIMIT 1   [ RunTime:0.0000s ]
SQL: SELECT * FROM `tiku_point` WHERE ( parent_id=2797 ) LIMIT 1   [ RunTime:0.0000s ]
SQL: SELECT * FROM `tiku_point` WHERE ( parent_id=3020 ) LIMIT 1   [ RunTime:0.0000s ]
SQL: SELECT * FROM `tiku_point` WHERE ( parent_id=3021 ) LIMIT 1   [ RunTime:0.0100s ]
SQL: SELECT * FROM `tiku_point` WHERE ( parent_id=3022 ) LIMIT 1   [ RunTime:0.0000s ]
SQL: SELECT * FROM `tiku_point` WHERE ( parent_id=3023 ) LIMIT 1   [ RunTime:0.0000s ]
SQL: SELECT * FROM `tiku_point` WHERE ( parent_id=3024 ) LIMIT 1   [ RunTime:0.0000s ]
SQL: SELECT * FROM `tiku_point` WHERE ( parent_id=3025 ) LIMIT 1   [ RunTime:0.0000s ]
SQL: SELECT * FROM `tiku_point` WHERE ( parent_id=3026 ) LIMIT 1   [ RunTime:0.0100s ]
SQL: SELECT * FROM `tiku_point` WHERE ( parent_id=3027 ) LIMIT 1   [ RunTime:0.0000s ]
SQL: SELECT * FROM `tiku_point` WHERE ( parent_id=3028 ) LIMIT 1   [ RunTime:0.0000s ]
SQL: SELECT * FROM `tiku_point` WHERE ( parent_id=3029 ) LIMIT 1   [ RunTime:0.0000s ]
SQL: SELECT * FROM `tiku_point` WHERE ( parent_id=2798 ) LIMIT 1   [ RunTime:0.0000s ]
SQL: SELECT * FROM `tiku_point` WHERE ( parent_id=2799 ) LIMIT 1   [ RunTime:0.0100s ]
SQL: SELECT * FROM `tiku_point` WHERE ( parent_id=3030 ) LIMIT 1   [ RunTime:0.0000s ]
SQL: SELECT * FROM `tiku_point` WHERE ( parent_id=3031 ) LIMIT 1   [ RunTime:0.0000s ]
SQL: SELECT * FROM `tiku_point` WHERE ( parent_id=3032 ) LIMIT 1   [ RunTime:0.0000s ]
SQL: SELECT * FROM `tiku_point` WHERE ( parent_id=3033 ) LIMIT 1   [ RunTime:0.0000s ]
SQL: SELECT * FROM `tiku_point` WHERE ( parent_id=2800 ) LIMIT 1   [ RunTime:0.0100s ]
SQL: SELECT * FROM `tiku_point` WHERE ( parent_id=3034 ) LIMIT 1   [ RunTime:0.0000s ]
SQL: SELECT * FROM `tiku_point` WHERE ( parent_id=3035 ) LIMIT 1   [ RunTime:0.0000s ]
SQL: SELECT * FROM `tiku_point` WHERE ( parent_id=3036 ) LIMIT 1   [ RunTime:0.0000s ]
SQL: SELECT * FROM `tiku_point` WHERE ( parent_id=3037 ) LIMIT 1   [ RunTime:0.0000s ]
SQL: SELECT * FROM `tiku_point` WHERE ( parent_id=2801 ) LIMIT 1   [ RunTime:0.0000s ]
SQL: SELECT * FROM `tiku_point` WHERE ( parent_id=2802 ) LIMIT 1   [ RunTime:0.0100s ]
SQL: SELECT * FROM `tiku_point` WHERE ( parent_id=3038 ) LIMIT 1   [ RunTime:0.0000s ]
SQL: SELECT * FROM `tiku_point` WHERE ( parent_id=3039 ) LIMIT 1   [ RunTime:0.0000s ]
SQL: SELECT * FROM `tiku_point` WHERE ( parent_id=3040 ) LIMIT 1   [ RunTime:0.0000s ]
SQL: SELECT * FROM `tiku_point` WHERE ( parent_id=3041 ) LIMIT 1   [ RunTime:0.0000s ]
SQL: SELECT * FROM `tiku_point` WHERE ( parent_id=3042 ) LIMIT 1   [ RunTime:0.0000s ]
SQL: SELECT * FROM `tiku_point` WHERE ( parent_id=2803 ) LIMIT 1   [ RunTime:0.0000s ]
SQL: SELECT * FROM `tiku_point` WHERE ( parent_id=3043 ) LIMIT 1   [ RunTime:0.0000s ]
SQL: SELECT * FROM `tiku_point` WHERE ( parent_id=3044 ) LIMIT 1   [ RunTime:0.0000s ]
SQL: SELECT * FROM `tiku_point` WHERE ( parent_id=3045 ) LIMIT 1   [ RunTime:0.0000s ]
SQL: SELECT * FROM `tiku_point` WHERE ( parent_id=3046 ) LIMIT 1   [ RunTime:0.0100s ]
SQL: SELECT * FROM `tiku_point` WHERE ( parent_id=3047 ) LIMIT 1   [ RunTime:0.0000s ]
SQL: SELECT * FROM `tiku_point` WHERE ( parent_id=3048 ) LIMIT 1   [ RunTime:0.0000s ]
SQL: SELECT * FROM `tiku_point` WHERE ( parent_id=2804 ) LIMIT 1   [ RunTime:0.0000s ]
SQL: SELECT * FROM `tiku_point` WHERE ( parent_id=3049 ) LIMIT 1   [ RunTime:0.0000s ]
SQL: SELECT * FROM `tiku_point` WHERE ( parent_id=3050 ) LIMIT 1   [ RunTime:0.0100s ]
SQL: SELECT * FROM `tiku_point` WHERE ( parent_id=3051 ) LIMIT 1   [ RunTime:0.0000s ]
SQL: SELECT * FROM `tiku_point` WHERE ( parent_id=3052 ) LIMIT 1   [ RunTime:0.0000s ]
SQL: SELECT * FROM `tiku_point` WHERE ( parent_id=2805 ) LIMIT 1   [ RunTime:0.0000s ]
SQL: SELECT * FROM `tiku_point` WHERE ( parent_id=3053 ) LIMIT 1   [ RunTime:0.0000s ]
SQL: SELECT * FROM `tiku_point` WHERE ( parent_id=3054 ) LIMIT 1   [ RunTime:0.0100s ]
SQL: SELECT * FROM `tiku_point` WHERE ( parent_id=3055 ) LIMIT 1   [ RunTime:0.0000s ]
SQL: SELECT * FROM `tiku_point` WHERE ( parent_id=3056 ) LIMIT 1   [ RunTime:0.0000s ]
SQL: SELECT * FROM `tiku_point` WHERE ( parent_id=3057 ) LIMIT 1   [ RunTime:0.0000s ]
SQL: SELECT * FROM `tiku_point` WHERE ( parent_id=2806 ) LIMIT 1   [ RunTime:0.0000s ]
SQL: SELECT * FROM `tiku_point` WHERE ( parent_id=2807 ) LIMIT 1   [ RunTime:0.0000s ]
SQL: SELECT * FROM `tiku_point` WHERE ( parent_id=3058 ) LIMIT 1   [ RunTime:0.0000s ]
SQL: SELECT * FROM `tiku_point` WHERE ( parent_id=3059 ) LIMIT 1   [ RunTime:0.0000s ]
SQL: SELECT * FROM `tiku_point` WHERE ( parent_id=3060 ) LIMIT 1   [ RunTime:0.0000s ]
SQL: SELECT * FROM `tiku_point` WHERE ( parent_id=3061 ) LIMIT 1   [ RunTime:0.0000s ]
SQL: SELECT * FROM `tiku_point` WHERE ( parent_id=3062 ) LIMIT 1   [ RunTime:0.0100s ]
SQL: SELECT * FROM `tiku_point` WHERE ( parent_id=2808 ) LIMIT 1   [ RunTime:0.0000s ]
SQL: SELECT * FROM `tiku_point` WHERE ( parent_id=3063 ) LIMIT 1   [ RunTime:0.0000s ]
SQL: SELECT * FROM `tiku_point` WHERE ( parent_id=3064 ) LIMIT 1   [ RunTime:0.0000s ]
SQL: SELECT * FROM `tiku_point` WHERE ( parent_id=2809 ) LIMIT 1   [ RunTime:0.0000s ]
SQL: SELECT * FROM `tiku_point` WHERE ( parent_id=3065 ) LIMIT 1   [ RunTime:0.0000s ]
SQL: SELECT * FROM `tiku_point` WHERE ( parent_id=3066 ) LIMIT 1   [ RunTime:0.0100s ]
SQL: SELECT * FROM `tiku_point` WHERE ( parent_id=2810 ) LIMIT 1   [ RunTime:0.0000s ]
SQL: SELECT * FROM `tiku_point` WHERE ( parent_id=2811 ) LIMIT 1   [ RunTime:0.0000s ]
SQL: SELECT * FROM `tiku_point` WHERE ( parent_id=3067 ) LIMIT 1   [ RunTime:0.0000s ]
SQL: SELECT * FROM `tiku_point` WHERE ( parent_id=3068 ) LIMIT 1   [ RunTime:0.0000s ]
SQL: SELECT * FROM `tiku_point` WHERE ( parent_id=3069 ) LIMIT 1   [ RunTime:0.0100s ]
SQL: SELECT * FROM `tiku_point` WHERE ( parent_id=3070 ) LIMIT 1   [ RunTime:0.0000s ]
SQL: SELECT * FROM `tiku_point` WHERE ( parent_id=3071 ) LIMIT 1   [ RunTime:0.0000s ]
SQL: SELECT * FROM `tiku_point` WHERE ( parent_id=3072 ) LIMIT 1   [ RunTime:0.0000s ]
SQL: SELECT * FROM `tiku_point` WHERE ( parent_id=3073 ) LIMIT 1   [ RunTime:0.0000s ]
SQL: SELECT * FROM `tiku_point` WHERE ( parent_id=2812 ) LIMIT 1   [ RunTime:0.0100s ]
SQL: SELECT * FROM `tiku_point` WHERE ( parent_id=3074 ) LIMIT 1   [ RunTime:0.0000s ]
SQL: SELECT * FROM `tiku_point` WHERE ( parent_id=3075 ) LIMIT 1   [ RunTime:0.0000s ]
SQL: SELECT * FROM `tiku_point` WHERE ( parent_id=3076 ) LIMIT 1   [ RunTime:0.0000s ]
SQL: SELECT * FROM `tiku_point` WHERE ( parent_id=3077 ) LIMIT 1   [ RunTime:0.0100s ]
SQL: SELECT * FROM `tiku_point` WHERE ( parent_id=3078 ) LIMIT 1   [ RunTime:0.0000s ]
SQL: SELECT * FROM `tiku_point` WHERE ( parent_id=3079 ) LIMIT 1   [ RunTime:0.0000s ]
SQL: SELECT * FROM `tiku_point` WHERE ( parent_id=2813 ) LIMIT 1   [ RunTime:0.0000s ]
SQL: SELECT * FROM `tiku_point` WHERE ( parent_id=3080 ) LIMIT 1   [ RunTime:0.0100s ]
SQL: SELECT * FROM `tiku_point` WHERE ( parent_id=3081 ) LIMIT 1   [ RunTime:0.0000s ]
SQL: SELECT * FROM `tiku_point` WHERE ( parent_id=3082 ) LIMIT 1   [ RunTime:0.0000s ]
SQL: SELECT * FROM `tiku_point` WHERE ( parent_id=3083 ) LIMIT 1   [ RunTime:0.0000s ]
SQL: SELECT * FROM `tiku_point` WHERE ( parent_id=3084 ) LIMIT 1   [ RunTime:0.0100s ]
SQL: SELECT * FROM `tiku_point` WHERE ( parent_id=3085 ) LIMIT 1   [ RunTime:0.0000s ]
SQL: SELECT * FROM `tiku_point` WHERE ( parent_id=2814 ) LIMIT 1   [ RunTime:0.0000s ]
SQL: SELECT * FROM `tiku_point` WHERE ( parent_id=3086 ) LIMIT 1   [ RunTime:0.0000s ]
SQL: SELECT * FROM `tiku_point` WHERE ( parent_id=3087 ) LIMIT 1   [ RunTime:0.0000s ]
SQL: SELECT * FROM `tiku_point` WHERE ( parent_id=3088 ) LIMIT 1   [ RunTime:0.0100s ]
SQL: SELECT * FROM `tiku_point` WHERE ( parent_id=2815 ) LIMIT 1   [ RunTime:0.0000s ]
SQL: SELECT * FROM `tiku_point` WHERE ( parent_id=2816 ) LIMIT 1   [ RunTime:0.0000s ]
SQL: SELECT * FROM `tiku_point` WHERE ( parent_id=3089 ) LIMIT 1   [ RunTime:0.0000s ]
SQL: SELECT * FROM `tiku_point` WHERE ( parent_id=3090 ) LIMIT 1   [ RunTime:0.0000s ]
SQL: SELECT * FROM `tiku_point` WHERE ( parent_id=2817 ) LIMIT 1   [ RunTime:0.0100s ]
SQL: SELECT * FROM `tiku_point` WHERE ( parent_id=3091 ) LIMIT 1   [ RunTime:0.0000s ]
SQL: SELECT * FROM `tiku_point` WHERE ( parent_id=3092 ) LIMIT 1   [ RunTime:0.0000s ]
SQL: SELECT * FROM `tiku_point` WHERE ( parent_id=3093 ) LIMIT 1   [ RunTime:0.0100s ]
SQL: SELECT * FROM `tiku_point` WHERE ( parent_id=2818 ) LIMIT 1   [ RunTime:0.0000s ]
SQL: SELECT * FROM `tiku_point` WHERE ( parent_id=3094 ) LIMIT 1   [ RunTime:0.0000s ]
SQL: SELECT * FROM `tiku_point` WHERE ( parent_id=3095 ) LIMIT 1   [ RunTime:0.0100s ]
SQL: SELECT * FROM `tiku_point` WHERE ( parent_id=3096 ) LIMIT 1   [ RunTime:0.0000s ]
SQL: SELECT * FROM `tiku_point` WHERE ( parent_id=2819 ) LIMIT 1   [ RunTime:0.0000s ]
SQL: SELECT * FROM `tiku_point` WHERE ( parent_id=3097 ) LIMIT 1   [ RunTime:0.0000s ]
SQL: SELECT * FROM `tiku_point` WHERE ( parent_id=3098 ) LIMIT 1   [ RunTime:0.0000s ]
SQL: SELECT * FROM `tiku_point` WHERE ( parent_id=3099 ) LIMIT 1   [ RunTime:0.0100s ]
SQL: SELECT * FROM `tiku_point` WHERE ( parent_id=2820 ) LIMIT 1   [ RunTime:0.0000s ]
SQL: SELECT * FROM `tiku_point` WHERE ( parent_id=3100 ) LIMIT 1   [ RunTime:0.0000s ]
SQL: SELECT * FROM `tiku_point` WHERE ( parent_id=3101 ) LIMIT 1   [ RunTime:0.0000s ]
SQL: SELECT * FROM `tiku_point` WHERE ( parent_id=3102 ) LIMIT 1   [ RunTime:0.0100s ]
SQL: SELECT * FROM `tiku_point` WHERE ( parent_id=3103 ) LIMIT 1   [ RunTime:0.0000s ]
SQL: SELECT * FROM `tiku_point` WHERE ( parent_id=2821 ) LIMIT 1   [ RunTime:0.0000s ]
SQL: SELECT * FROM `tiku_point` WHERE ( parent_id=2822 ) LIMIT 1   [ RunTime:0.0000s ]
SQL: SELECT * FROM `tiku_point` WHERE ( parent_id=3104 ) LIMIT 1   [ RunTime:0.0100s ]
SQL: SELECT * FROM `tiku_point` WHERE ( parent_id=3105 ) LIMIT 1   [ RunTime:0.0000s ]
SQL: SELECT * FROM `tiku_point` WHERE ( parent_id=2823 ) LIMIT 1   [ RunTime:0.0000s ]
SQL: SELECT * FROM `tiku_point` WHERE ( parent_id=3106 ) LIMIT 1   [ RunTime:0.0000s ]
SQL: SELECT * FROM `tiku_point` WHERE ( parent_id=3107 ) LIMIT 1   [ RunTime:0.0100s ]
SQL: SELECT * FROM `tiku_point` WHERE ( parent_id=3108 ) LIMIT 1   [ RunTime:0.0000s ]
SQL: SELECT * FROM `tiku_point` WHERE ( parent_id=2824 ) LIMIT 1   [ RunTime:0.0000s ]
SQL: SELECT * FROM `tiku_point` WHERE ( parent_id=2825 ) LIMIT 1   [ RunTime:0.0000s ]
SQL: SELECT * FROM `tiku_point` WHERE ( parent_id=3109 ) LIMIT 1   [ RunTime:0.0100s ]
SQL: SELECT * FROM `tiku_point` WHERE ( parent_id=3110 ) LIMIT 1   [ RunTime:0.0000s ]
SQL: SELECT * FROM `tiku_point` WHERE ( parent_id=3111 ) LIMIT 1   [ RunTime:0.0000s ]
SQL: SELECT * FROM `tiku_point` WHERE ( parent_id=2826 ) LIMIT 1   [ RunTime:0.0100s ]
SQL: SELECT * FROM `tiku_point` WHERE ( parent_id=3112 ) LIMIT 1   [ RunTime:0.0000s ]
SQL: SELECT * FROM `tiku_point` WHERE ( parent_id=3113 ) LIMIT 1   [ RunTime:0.0000s ]
SQL: SELECT * FROM `tiku_point` WHERE ( parent_id=2827 ) LIMIT 1   [ RunTime:0.0000s ]
SQL: SELECT * FROM `tiku_point` WHERE ( parent_id=3114 ) LIMIT 1   [ RunTime:0.0100s ]
SQL: SELECT * FROM `tiku_point` WHERE ( parent_id=3115 ) LIMIT 1   [ RunTime:0.0000s ]
SQL: SELECT * FROM `tiku_point` WHERE ( parent_id=3116 ) LIMIT 1   [ RunTime:0.0000s ]
SQL: SELECT * FROM `tiku_point` WHERE ( parent_id=2828 ) LIMIT 1   [ RunTime:0.0000s ]
SQL: SELECT * FROM `tiku_point` WHERE ( parent_id=2829 ) LIMIT 1   [ RunTime:0.0100s ]
SQL: SELECT * FROM `tiku_point` WHERE ( parent_id=3117 ) LIMIT 1   [ RunTime:0.0000s ]
SQL: SELECT * FROM `tiku_point` WHERE ( parent_id=3118 ) LIMIT 1   [ RunTime:0.0000s ]
SQL: SELECT * FROM `tiku_point` WHERE ( parent_id=2830 ) LIMIT 1   [ RunTime:0.0000s ]
SQL: SELECT * FROM `tiku_point` WHERE ( parent_id=3119 ) LIMIT 1   [ RunTime:0.0100s ]
SQL: SELECT * FROM `tiku_point` WHERE ( parent_id=3120 ) LIMIT 1   [ RunTime:0.0000s ]
SQL: SELECT * FROM `tiku_point` WHERE ( parent_id=2831 ) LIMIT 1   [ RunTime:0.0000s ]
SQL: SELECT * FROM `tiku_point` WHERE ( parent_id=3121 ) LIMIT 1   [ RunTime:0.0000s ]
SQL: SELECT * FROM `tiku_point` WHERE ( parent_id=2832 ) LIMIT 1   [ RunTime:0.0000s ]
SQL: SELECT * FROM `tiku_point` WHERE ( parent_id=2833 ) LIMIT 1   [ RunTime:0.0100s ]
SQL: SELECT * FROM `tiku_point` WHERE ( parent_id=3122 ) LIMIT 1   [ RunTime:0.0000s ]
SQL: SELECT * FROM `tiku_point` WHERE ( parent_id=3123 ) LIMIT 1   [ RunTime:0.0000s ]
SQL: SELECT * FROM `tiku_point` WHERE ( parent_id=3124 ) LIMIT 1   [ RunTime:0.0100s ]
SQL: SELECT * FROM `tiku_point` WHERE ( parent_id=2834 ) LIMIT 1   [ RunTime:0.0000s ]
SQL: SELECT * FROM `tiku_point` WHERE ( parent_id=3125 ) LIMIT 1   [ RunTime:0.0000s ]
SQL: SELECT * FROM `tiku_point` WHERE ( parent_id=3126 ) LIMIT 1   [ RunTime:0.0000s ]
SQL: SELECT * FROM `tiku_point` WHERE ( parent_id=3127 ) LIMIT 1   [ RunTime:0.0100s ]
SQL: SELECT * FROM `tiku_point` WHERE ( parent_id=3128 ) LIMIT 1   [ RunTime:0.0000s ]
SQL: SELECT * FROM `tiku_point` WHERE ( parent_id=2835 ) LIMIT 1   [ RunTime:0.0000s ]
SQL: SELECT * FROM `tiku_point` WHERE ( parent_id=2836 ) LIMIT 1   [ RunTime:0.0000s ]
SQL: SELECT * FROM `tiku_point` WHERE ( parent_id=3129 ) LIMIT 1   [ RunTime:0.0100s ]
SQL: SELECT * FROM `tiku_point` WHERE ( parent_id=3130 ) LIMIT 1   [ RunTime:0.0000s ]
SQL: SELECT * FROM `tiku_point` WHERE ( parent_id=3131 ) LIMIT 1   [ RunTime:0.0000s ]
SQL: SELECT * FROM `tiku_point` WHERE ( parent_id=2837 ) LIMIT 1   [ RunTime:0.0000s ]
SQL: SELECT * FROM `tiku_point` WHERE ( parent_id=3132 ) LIMIT 1   [ RunTime:0.0100s ]
SQL: SELECT * FROM `tiku_point` WHERE ( parent_id=2838 ) LIMIT 1   [ RunTime:0.0000s ]
SQL: SELECT * FROM `tiku_point` WHERE ( parent_id=3133 ) LIMIT 1   [ RunTime:0.0000s ]
SQL: SELECT * FROM `tiku_point` WHERE ( parent_id=3134 ) LIMIT 1   [ RunTime:0.0000s ]
SQL: SELECT * FROM `tiku_point` WHERE ( parent_id=3135 ) LIMIT 1   [ RunTime:0.0100s ]
SQL: SELECT * FROM `tiku_point` WHERE ( parent_id=2839 ) LIMIT 1   [ RunTime:0.0000s ]
SQL: SELECT * FROM `tiku_point` WHERE ( parent_id=2840 ) LIMIT 1   [ RunTime:0.0000s ]
SQL: SELECT * FROM `tiku_point` WHERE ( parent_id=3136 ) LIMIT 1   [ RunTime:0.0000s ]
SQL: SELECT * FROM `tiku_point` WHERE ( parent_id=3137 ) LIMIT 1   [ RunTime:0.0000s ]
SQL: SELECT * FROM `tiku_point` WHERE ( parent_id=3138 ) LIMIT 1   [ RunTime:0.0000s ]
SQL: SELECT * FROM `tiku_point` WHERE ( parent_id=3139 ) LIMIT 1   [ RunTime:0.0100s ]
SQL: SELECT * FROM `tiku_point` WHERE ( parent_id=2841 ) LIMIT 1   [ RunTime:0.0000s ]
SQL: SELECT * FROM `tiku_point` WHERE ( parent_id=3140 ) LIMIT 1   [ RunTime:0.0000s ]
SQL: SELECT * FROM `tiku_point` WHERE ( parent_id=3141 ) LIMIT 1   [ RunTime:0.0000s ]
SQL: SELECT * FROM `tiku_point` WHERE ( parent_id=3142 ) LIMIT 1   [ RunTime:0.0000s ]
SQL: SELECT * FROM `tiku_point` WHERE ( parent_id=3143 ) LIMIT 1   [ RunTime:0.0100s ]
SQL: SELECT * FROM `tiku_point` WHERE ( parent_id=2842 ) LIMIT 1   [ RunTime:0.0000s ]
SQL: SELECT * FROM `tiku_point` WHERE ( parent_id=3144 ) LIMIT 1   [ RunTime:0.0000s ]
SQL: SELECT * FROM `tiku_point` WHERE ( parent_id=3145 ) LIMIT 1   [ RunTime:0.0000s ]
SQL: SELECT * FROM `tiku_point` WHERE ( parent_id=3146 ) LIMIT 1   [ RunTime:0.0000s ]
SQL: SELECT * FROM `tiku_point` WHERE ( parent_id=3147 ) LIMIT 1   [ RunTime:0.0100s ]
SQL: SELECT * FROM `tiku_point` WHERE ( parent_id=2843 ) LIMIT 1   [ RunTime:0.0000s ]
SQL: SELECT * FROM `tiku_point` WHERE ( parent_id=2844 ) LIMIT 1   [ RunTime:0.0000s ]
SQL: SELECT * FROM `tiku_point` WHERE ( parent_id=3148 ) LIMIT 1   [ RunTime:0.0000s ]
SQL: SELECT * FROM `tiku_point` WHERE ( parent_id=3149 ) LIMIT 1   [ RunTime:0.0000s ]
SQL: SELECT * FROM `tiku_point` WHERE ( parent_id=2845 ) LIMIT 1   [ RunTime:0.0000s ]
SQL: SELECT * FROM `tiku_point` WHERE ( parent_id=3150 ) LIMIT 1   [ RunTime:0.0100s ]
SQL: SELECT * FROM `tiku_point` WHERE ( parent_id=2846 ) LIMIT 1   [ RunTime:0.0000s ]
SQL: SELECT * FROM `tiku_point` WHERE ( parent_id=2847 ) LIMIT 1   [ RunTime:0.0000s ]
SQL: SELECT * FROM `tiku_point` WHERE ( parent_id=3151 ) LIMIT 1   [ RunTime:0.0000s ]
SQL: SELECT * FROM `tiku_point` WHERE ( parent_id=2848 ) LIMIT 1   [ RunTime:0.0000s ]
SQL: SELECT * FROM `tiku_point` WHERE ( parent_id=3152 ) LIMIT 1   [ RunTime:0.0000s ]
SQL: SELECT * FROM `tiku_point` WHERE ( parent_id=3153 ) LIMIT 1   [ RunTime:0.0100s ]
SQL: SELECT * FROM `tiku_point` WHERE ( parent_id=3154 ) LIMIT 1   [ RunTime:0.0000s ]
SQL: SELECT * FROM `tiku_point` WHERE ( parent_id=3155 ) LIMIT 1   [ RunTime:0.0000s ]
SQL: SELECT * FROM `tiku_point` WHERE ( parent_id=2849 ) LIMIT 1   [ RunTime:0.0000s ]
SQL: SELECT * FROM `tiku_point` WHERE ( parent_id=3156 ) LIMIT 1   [ RunTime:0.0100s ]
SQL: SELECT * FROM `tiku_point` WHERE ( parent_id=2850 ) LIMIT 1   [ RunTime:0.0000s ]
SQL: SELECT * FROM `tiku_point` WHERE ( parent_id=3157 ) LIMIT 1   [ RunTime:0.0000s ]
SQL: SELECT * FROM `tiku_point` WHERE ( parent_id=3158 ) LIMIT 1   [ RunTime:0.0000s ]
SQL: SELECT * FROM `tiku_point` WHERE ( parent_id=2851 ) LIMIT 1   [ RunTime:0.0000s ]
SQL: SELECT * FROM `tiku_point` WHERE ( parent_id=2852 ) LIMIT 1   [ RunTime:0.0000s ]
SQL: SELECT * FROM `tiku_point` WHERE ( parent_id=3159 ) LIMIT 1   [ RunTime:0.0000s ]
SQL: SELECT * FROM `tiku_point` WHERE ( parent_id=3160 ) LIMIT 1   [ RunTime:0.0000s ]
SQL: SELECT * FROM `tiku_point` WHERE ( parent_id=3161 ) LIMIT 1   [ RunTime:0.0000s ]
SQL: SELECT * FROM `tiku_point` WHERE ( parent_id=3162 ) LIMIT 1   [ RunTime:0.0000s ]
SQL: SELECT * FROM `tiku_point` WHERE ( parent_id=3163 ) LIMIT 1   [ RunTime:0.0100s ]
SQL: SELECT * FROM `tiku_point` WHERE ( parent_id=3164 ) LIMIT 1   [ RunTime:0.0000s ]
SQL: SELECT * FROM `tiku_point` WHERE ( parent_id=3165 ) LIMIT 1   [ RunTime:0.0000s ]
SQL: SELECT * FROM `tiku_point` WHERE ( parent_id=3166 ) LIMIT 1   [ RunTime:0.0000s ]
SQL: SELECT * FROM `tiku_point` WHERE ( parent_id=2853 ) LIMIT 1   [ RunTime:0.0000s ]
SQL: SELECT * FROM `tiku_point` WHERE ( parent_id=3167 ) LIMIT 1   [ RunTime:0.0100s ]
SQL: SELECT * FROM `tiku_point` WHERE ( parent_id=3168 ) LIMIT 1   [ RunTime:0.0000s ]
SQL: SELECT * FROM `tiku_point` WHERE ( parent_id=3169 ) LIMIT 1   [ RunTime:0.0000s ]
SQL: SELECT * FROM `tiku_point` WHERE ( parent_id=3170 ) LIMIT 1   [ RunTime:0.0000s ]
SQL: SELECT * FROM `tiku_point` WHERE ( parent_id=2854 ) LIMIT 1   [ RunTime:0.0000s ]
SQL: SELECT * FROM `tiku_point` WHERE ( parent_id=2855 ) LIMIT 1   [ RunTime:0.0000s ]
SQL: SELECT * FROM `tiku_point` WHERE ( parent_id=3171 ) LIMIT 1   [ RunTime:0.0100s ]
SQL: SELECT * FROM `tiku_point` WHERE ( parent_id=3172 ) LIMIT 1   [ RunTime:0.0000s ]
SQL: SELECT * FROM `tiku_point` WHERE ( parent_id=3173 ) LIMIT 1   [ RunTime:0.0000s ]
SQL: SELECT * FROM `tiku_point` WHERE ( parent_id=2856 ) LIMIT 1   [ RunTime:0.0000s ]
SQL: SELECT * FROM `tiku_point` WHERE ( parent_id=3174 ) LIMIT 1   [ RunTime:0.0000s ]
SQL: SELECT * FROM `tiku_point` WHERE ( parent_id=3175 ) LIMIT 1   [ RunTime:0.0100s ]
SQL: SELECT * FROM `tiku_point` WHERE ( parent_id=2857 ) LIMIT 1   [ RunTime:0.0000s ]
SQL: SELECT * FROM `tiku_point` WHERE ( parent_id=3176 ) LIMIT 1   [ RunTime:0.0000s ]
SQL: SELECT * FROM `tiku_point` WHERE ( parent_id=3177 ) LIMIT 1   [ RunTime:0.0000s ]
SQL: SELECT * FROM `tiku_point` WHERE ( parent_id=3178 ) LIMIT 1   [ RunTime:0.0000s ]
SQL: SELECT * FROM `tiku_point` WHERE ( parent_id=2858 ) LIMIT 1   [ RunTime:0.0000s ]
SQL: SELECT * FROM `tiku_point` WHERE ( parent_id=2859 ) LIMIT 1   [ RunTime:0.0100s ]
SQL: SELECT * FROM `tiku_point` WHERE ( parent_id=3179 ) LIMIT 1   [ RunTime:0.0000s ]
SQL: SELECT * FROM `tiku_point` WHERE ( parent_id=3180 ) LIMIT 1   [ RunTime:0.0000s ]
SQL: SELECT * FROM `tiku_point` WHERE ( parent_id=3181 ) LIMIT 1   [ RunTime:0.0000s ]
SQL: SELECT * FROM `tiku_point` WHERE ( parent_id=2860 ) LIMIT 1   [ RunTime:0.0000s ]
SQL: SELECT * FROM `tiku_point` WHERE ( parent_id=3182 ) LIMIT 1   [ RunTime:0.0100s ]
SQL: SELECT * FROM `tiku_point` WHERE ( parent_id=3183 ) LIMIT 1   [ RunTime:0.0000s ]
SQL: SELECT * FROM `tiku_point` WHERE ( parent_id=2861 ) LIMIT 1   [ RunTime:0.0000s ]
SQL: SELECT * FROM `tiku_point` WHERE ( parent_id=2862 ) LIMIT 1   [ RunTime:0.0000s ]
SQL: SELECT * FROM `tiku_point` WHERE ( parent_id=3184 ) LIMIT 1   [ RunTime:0.0100s ]
SQL: SELECT * FROM `tiku_point` WHERE ( parent_id=3185 ) LIMIT 1   [ RunTime:0.0000s ]
SQL: SELECT * FROM `tiku_point` WHERE ( parent_id=2863 ) LIMIT 1   [ RunTime:0.0000s ]
SQL: SELECT * FROM `tiku_point` WHERE ( parent_id=3186 ) LIMIT 1   [ RunTime:0.0000s ]
SQL: SELECT * FROM `tiku_point` WHERE ( parent_id=3187 ) LIMIT 1   [ RunTime:0.0100s ]
SQL: SHOW COLUMNS FROM `tiku` [ RunTime:0.0000s ]
NOTIC: [8] Undefined variable: join2 D:\xampp\htdocs\tiku\Application\Home\Controller\TikuController.class.php 第 113 行.
SQL: SELECT distinct tiku_source.year FROM `tiku` INNER JOIN tiku_source use index(course_id) on tiku_source.id=tiku.source_id  WHERE ( tiku_source.course_id=6  AND tiku_source.year <>'' )  [ RunTime:0.2000s ]
NOTIC: [8] Undefined variable: join2 D:\xampp\htdocs\tiku\Application\Home\Controller\TikuController.class.php 第 121 行.
SQL: SELECT distinct province.id,province.province_name FROM `tiku` INNER JOIN tiku_source use index(course_id) on tiku_source.id=tiku.source_id INNER JOIN province on tiku_source.province_id=province.id  WHERE ( tiku_source.course_id=6  )  [ RunTime:0.0700s ]
NOTIC: [8] Undefined variable: join2 D:\xampp\htdocs\tiku\Application\Home\Controller\TikuController.class.php 第 130 行.
SQL: SELECT COUNT(*) AS tp_count FROM `tiku` INNER JOIN tiku_source use index(course_id) on tiku_source.id=tiku.source_id  WHERE ( tiku_source.course_id=6  ) LIMIT 1   [ RunTime:0.1200s ]
NOTIC: [8] Undefined variable: str D:\xampp\htdocs\tiku\ThinkPHP\Library\Think\Page.class.php 第 154 行.
NOTIC: [8] Undefined variable: the_end D:\xampp\htdocs\tiku\ThinkPHP\Library\Think\Page.class.php 第 214 行.
NOTIC: [8] Undefined variable: join2 D:\xampp\htdocs\tiku\Application\Home\Controller\TikuController.class.php 第 150 行.
SQL: SELECT tiku.`id`,tiku.options,tiku.`content`,tiku.`clicks`,tiku_source.`source_name`,tiku.difficulty_id FROM `tiku` INNER JOIN tiku_source use index(course_id) on tiku_source.id=tiku.source_id  WHERE ( tiku_source.course_id=6  ) LIMIT 0,10   [ RunTime:0.2900s ]
INFO: [ view_parse ] --START--
INFO: [ template_filter ] --START--
INFO: Run Behavior\ContentReplaceBehavior [ RunTime:0.000000s ]
INFO: [ template_filter ] --END-- [ RunTime:0.000000s ]
NOTIC: [8] Undefined variable: wenli D:\xampp\htdocs\tiku\Application\Runtime\Cache\Home\2d7125a787b7078c141d5942edc0b2c5.php 第 345 行.
NOTIC: [2] Invalid argument supplied for foreach() D:\xampp\htdocs\tiku\Application\Runtime\Cache\Home\2d7125a787b7078c141d5942edc0b2c5.php 第 422 行.
NOTIC: [8] Undefined variable: tikus_in_collect D:\xampp\htdocs\tiku\Application\Runtime\Cache\Home\2d7125a787b7078c141d5942edc0b2c5.php 第 520 行.
NOTIC: [8] Undefined variable: ceping D:\xampp\htdocs\tiku\Application\Runtime\Cache\Home\2d7125a787b7078c141d5942edc0b2c5.php 第 554 行.
INFO: Run Behavior\ParseTemplateBehavior [ RunTime:0.020000s ]
INFO: [ view_parse ] --END-- [ RunTime:0.020000s ]
INFO: [ view_filter ] --START--
INFO: Run Behavior\WriteHtmlCacheBehavior [ RunTime:0.000000s ]
INFO: [ view_filter ] --END-- [ RunTime:0.000000s ]
INFO: [ app_end ] --START--
INFO: Run Behavior\ShowPageTraceBehavior [ RunTime:0.000000s ]
INFO: [ app_end ] --END-- [ RunTime:0.000000s ]

[ 2016-02-19T17:14:26+08:00 ] 127.0.0.1 /
INFO: [ app_init ] --START--
INFO: Run Behavior\BuildLiteBehavior [ RunTime:0.000000s ]
INFO: [ app_init ] --END-- [ RunTime:0.001000s ]
INFO: [ app_begin ] --START--
INFO: Run Behavior\ReadHtmlCacheBehavior [ RunTime:0.000000s ]
INFO: [ app_begin ] --END-- [ RunTime:0.000000s ]
SQL: SHOW COLUMNS FROM `tiku_course` [ RunTime:0.0040s ]
SQL: SELECT * FROM `tiku_course` WHERE ( status=1 )  [ RunTime:0.0000s ]
SQL: SELECT * FROM `tiku_course` WHERE ( status=1 )  [ RunTime:0.0000s ]
INFO: [ view_parse ] --START--
INFO: [ template_filter ] --START--
INFO: Run Behavior\ContentReplaceBehavior [ RunTime:0.000000s ]
INFO: [ template_filter ] --END-- [ RunTime:0.000000s ]
INFO: Run Behavior\ParseTemplateBehavior [ RunTime:0.011000s ]
INFO: [ view_parse ] --END-- [ RunTime:0.011000s ]
INFO: [ view_filter ] --START--
INFO: Run Behavior\WriteHtmlCacheBehavior [ RunTime:0.001000s ]
INFO: [ view_filter ] --END-- [ RunTime:0.001000s ]
INFO: [ app_end ] --START--
INFO: Run Behavior\ShowPageTraceBehavior [ RunTime:0.001000s ]
INFO: [ app_end ] --END-- [ RunTime:0.001000s ]

