[ 2016-03-09T14:11:05+08:00 ] 127.0.0.1 /qqconnect/callback
INFO: [ app_init ] --START--
INFO: Run Behavior\BuildLiteBehavior [ RunTime:0.000000s ]
INFO: [ app_init ] --END-- [ RunTime:0.000000s ]
INFO: [ app_begin ] --START--
INFO: Run Behavior\ReadHtmlCacheBehavior [ RunTime:0.000000s ]
INFO: [ app_begin ] --END-- [ RunTime:0.001000s ]
SQL: SHOW COLUMNS FROM `tiku_course` [ RunTime:0.0040s ]
SQL: SELECT * FROM `tiku_course` WHERE ( status=1 )  [ RunTime:0.0000s ]
SQL: SHOW COLUMNS FROM `qqconnect_ext` [ RunTime:0.0040s ]
INFO: [ app_end ] --START--
INFO: Run Behavior\ShowPageTraceBehavior [ RunTime:0.001000s ]
INFO: [ app_end ] --END-- [ RunTime:0.001000s ]

[ 2016-03-09T14:12:33+08:00 ] 127.0.0.1 /qqconnect/callback
INFO: [ app_init ] --START--
INFO: Run Behavior\BuildLiteBehavior [ RunTime:0.000000s ]
INFO: [ app_init ] --END-- [ RunTime:0.001000s ]
INFO: [ app_begin ] --START--
INFO: Run Behavior\ReadHtmlCacheBehavior [ RunTime:0.002000s ]
INFO: [ app_begin ] --END-- [ RunTime:0.002000s ]
SQL: SHOW COLUMNS FROM `tiku_course` [ RunTime:0.0030s ]
SQL: SELECT * FROM `tiku_course` WHERE ( status=1 )  [ RunTime:0.0000s ]
SQL: SHOW COLUMNS FROM `qqconnect_ext` [ RunTime:0.0040s ]
INFO: [ app_end ] --START--
INFO: Run Behavior\ShowPageTraceBehavior [ RunTime:0.000000s ]
INFO: [ app_end ] --END-- [ RunTime:0.001000s ]

[ 2016-03-09T16:29:42+08:00 ] 127.0.0.1 /sinaconnect/login
INFO: [ app_init ] --START--
INFO: Run Behavior\BuildLiteBehavior [ RunTime:0.000000s ]
INFO: [ app_init ] --END-- [ RunTime:0.000000s ]
INFO: [ app_begin ] --START--
INFO: Run Behavior\ReadHtmlCacheBehavior [ RunTime:0.001000s ]
INFO: [ app_begin ] --END-- [ RunTime:0.001000s ]
SQL: SHOW COLUMNS FROM `tiku_course` [ RunTime:0.0050s ]
SQL: SELECT * FROM `tiku_course` WHERE ( status=1 )  [ RunTime:0.0000s ]

