[ 2016-01-29T08:56:36+08:00 ] 127.0.0.1 /
INFO: [ app_init ] --START--
INFO: Run Behavior\BuildLiteBehavior [ RunTime:0.000000s ]
INFO: [ app_init ] --END-- [ RunTime:0.000000s ]
INFO: [ app_begin ] --START--
INFO: Run Behavior\ReadHtmlCacheBehavior [ RunTime:0.001000s ]
INFO: [ app_begin ] --END-- [ RunTime:0.001000s ]
SQL: SHOW COLUMNS FROM `tiku_course` [ RunTime:0.0040s ]
SQL: SELECT * FROM `tiku_course` WHERE ( status=1 )  [ RunTime:0.0010s ]
SQL: SELECT * FROM `tiku_course` WHERE ( status=1 )  [ RunTime:0.0000s ]
INFO: [ view_parse ] --START--
INFO: [ template_filter ] --START--
INFO: Run Behavior\ContentReplaceBehavior [ RunTime:0.000000s ]
INFO: [ template_filter ] --END-- [ RunTime:0.000000s ]
INFO: Run Behavior\ParseTemplateBehavior [ RunTime:0.010000s ]
INFO: [ view_parse ] --END-- [ RunTime:0.010000s ]
INFO: [ view_filter ] --START--
INFO: Run Behavior\WriteHtmlCacheBehavior [ RunTime:0.000000s ]
INFO: [ view_filter ] --END-- [ RunTime:0.000000s ]
INFO: [ app_end ] --START--
INFO: Run Behavior\ShowPageTraceBehavior [ RunTime:0.000000s ]
INFO: [ app_end ] --END-- [ RunTime:0.000000s ]

[ 2016-01-29T08:57:12+08:00 ] 127.0.0.1 /
INFO: [ app_init ] --START--
INFO: Run Behavior\BuildLiteBehavior [ RunTime:0.000000s ]
INFO: [ app_init ] --END-- [ RunTime:0.001000s ]
INFO: [ app_begin ] --START--
INFO: Run Behavior\ReadHtmlCacheBehavior [ RunTime:0.001001s ]
INFO: [ app_begin ] --END-- [ RunTime:0.001001s ]
SQL: SHOW COLUMNS FROM `tiku_course` [ RunTime:0.0050s ]
SQL: SELECT * FROM `tiku_course` WHERE ( status=1 )  [ RunTime:0.0010s ]
SQL: SELECT * FROM `tiku_course` WHERE ( status=1 )  [ RunTime:0.0000s ]
INFO: [ view_parse ] --START--
INFO: [ template_filter ] --START--
INFO: Run Behavior\ContentReplaceBehavior [ RunTime:0.000000s ]
INFO: [ template_filter ] --END-- [ RunTime:0.000000s ]
INFO: Run Behavior\ParseTemplateBehavior [ RunTime:0.011001s ]
INFO: [ view_parse ] --END-- [ RunTime:0.011001s ]
INFO: [ view_filter ] --START--
INFO: Run Behavior\WriteHtmlCacheBehavior [ RunTime:0.000000s ]
INFO: [ view_filter ] --END-- [ RunTime:0.000000s ]
INFO: [ app_end ] --START--
INFO: Run Behavior\ShowPageTraceBehavior [ RunTime:0.001000s ]
INFO: [ app_end ] --END-- [ RunTime:0.001000s ]

[ 2016-01-29T10:49:11+08:00 ] 127.0.0.1 /
INFO: [ app_init ] --START--
INFO: Run Behavior\BuildLiteBehavior [ RunTime:0.000000s ]
INFO: [ app_init ] --END-- [ RunTime:0.000000s ]
INFO: [ app_begin ] --START--
INFO: Run Behavior\ReadHtmlCacheBehavior [ RunTime:0.001000s ]
INFO: [ app_begin ] --END-- [ RunTime:0.001000s ]
SQL: SHOW COLUMNS FROM `tiku_course` [ RunTime:0.0050s ]
SQL: SELECT * FROM `tiku_course` WHERE ( status=1 )  [ RunTime:0.0000s ]
SQL: SELECT * FROM `tiku_course` WHERE ( status=1 )  [ RunTime:0.0000s ]
INFO: [ view_parse ] --START--
INFO: [ template_filter ] --START--
INFO: Run Behavior\ContentReplaceBehavior [ RunTime:0.000000s ]
INFO: [ template_filter ] --END-- [ RunTime:0.000000s ]
INFO: Run Behavior\ParseTemplateBehavior [ RunTime:0.011001s ]
INFO: [ view_parse ] --END-- [ RunTime:0.011001s ]
INFO: [ view_filter ] --START--
INFO: Run Behavior\WriteHtmlCacheBehavior [ RunTime:0.001000s ]
INFO: [ view_filter ] --END-- [ RunTime:0.001000s ]
INFO: [ app_end ] --START--
INFO: Run Behavior\ShowPageTraceBehavior [ RunTime:0.000000s ]
INFO: [ app_end ] --END-- [ RunTime:0.000000s ]

[ 2016-01-29T10:57:01+08:00 ] 127.0.0.1 /index.php/home/tiku/ajaxSelectCourse?id=7
INFO: [ app_init ] --START--
INFO: Run Behavior\BuildLiteBehavior [ RunTime:0.000000s ]
INFO: [ app_init ] --END-- [ RunTime:0.001000s ]
INFO: [ app_begin ] --START--
INFO: Run Behavior\ReadHtmlCacheBehavior [ RunTime:0.001000s ]
INFO: [ app_begin ] --END-- [ RunTime:0.001000s ]
SQL: SHOW COLUMNS FROM `tiku_course` [ RunTime:0.0030s ]
SQL: SELECT * FROM `tiku_course` WHERE ( status=1 )  [ RunTime:0.0000s ]
SQL: SELECT * FROM `tiku_course` WHERE ( status=1 )  [ RunTime:0.0000s ]
NOTIC: [8] Undefined index: cart D:\xampp\htdocs\tiku\Application\Home\Controller\TikuController.class.php 第 193 行.
NOTIC: [8] Undefined index: cart D:\xampp\htdocs\tiku\Application\Home\Controller\TikuController.class.php 第 16 行.

[ 2016-01-29T10:57:02+08:00 ] 127.0.0.1 /tiku/
INFO: [ app_init ] --START--
INFO: Run Behavior\BuildLiteBehavior [ RunTime:0.000000s ]
INFO: [ app_init ] --END-- [ RunTime:0.000000s ]
INFO: [ app_begin ] --START--
INFO: Run Behavior\ReadHtmlCacheBehavior [ RunTime:0.000000s ]
INFO: [ app_begin ] --END-- [ RunTime:0.000000s ]
SQL: SHOW COLUMNS FROM `tiku_course` [ RunTime:0.0040s ]
SQL: SELECT * FROM `tiku_course` WHERE ( status=1 )  [ RunTime:0.0000s ]
SQL: SELECT * FROM `tiku_course` WHERE ( status=1 )  [ RunTime:0.0000s ]
NOTIC: [8] Undefined index: cart D:\xampp\htdocs\tiku\Application\Home\Controller\TikuController.class.php 第 193 行.
NOTIC: [8] Undefined index: cart D:\xampp\htdocs\tiku\Application\Home\Controller\TikuController.class.php 第 16 行.
NOTIC: [8] Undefined index: f D:\xampp\htdocs\tiku\Application\Home\Controller\TikuController.class.php 第 30 行.
NOTIC: [8] Undefined index: d D:\xampp\htdocs\tiku\Application\Home\Controller\TikuController.class.php 第 31 行.
NOTIC: [8] Undefined index: t D:\xampp\htdocs\tiku\Application\Home\Controller\TikuController.class.php 第 32 行.
NOTIC: [8] Undefined index: p D:\xampp\htdocs\tiku\Application\Home\Controller\TikuController.class.php 第 33 行.
NOTIC: [8] Undefined index: w D:\xampp\htdocs\tiku\Application\Home\Controller\TikuController.class.php 第 34 行.
NOTIC: [8] Undefined index: y D:\xampp\htdocs\tiku\Application\Home\Controller\TikuController.class.php 第 35 行.
NOTIC: [8] Undefined index: a D:\xampp\htdocs\tiku\Application\Home\Controller\TikuController.class.php 第 36 行.
NOTIC: [8] Undefined variable: data D:\xampp\htdocs\tiku\Application\Home\Controller\TikuController.class.php 第 314 行.
SQL: SHOW COLUMNS FROM `tiku_course` [ RunTime:0.0050s ]
SQL: SELECT `course_type` FROM `tiku_course` WHERE ( id=7 ) LIMIT 1   [ RunTime:0.0000s ]
SQL: SHOW COLUMNS FROM `tiku_point` [ RunTime:0.0050s ]
SQL: SELECT * FROM `tiku_point` WHERE ( course_id=7 )  [ RunTime:0.0310s ]
SQL: SELECT * FROM `tiku_point` WHERE ( parent_id=3188 ) LIMIT 1   [ RunTime:0.0110s ]
SQL: SELECT * FROM `tiku_point` WHERE ( parent_id=3189 ) LIMIT 1   [ RunTime:0.0010s ]
SQL: SELECT * FROM `tiku_point` WHERE ( parent_id=3379 ) LIMIT 1   [ RunTime:0.0020s ]
SQL: SELECT * FROM `tiku_point` WHERE ( parent_id=3380 ) LIMIT 1   [ RunTime:0.0020s ]
SQL: SELECT * FROM `tiku_point` WHERE ( parent_id=3381 ) LIMIT 1   [ RunTime:0.0010s ]
SQL: SELECT * FROM `tiku_point` WHERE ( parent_id=3382 ) LIMIT 1   [ RunTime:0.0010s ]
SQL: SELECT * FROM `tiku_point` WHERE ( parent_id=3190 ) LIMIT 1   [ RunTime:0.0010s ]
SQL: SELECT * FROM `tiku_point` WHERE ( parent_id=3383 ) LIMIT 1   [ RunTime:0.0020s ]
SQL: SELECT * FROM `tiku_point` WHERE ( parent_id=3384 ) LIMIT 1   [ RunTime:0.0020s ]
SQL: SELECT * FROM `tiku_point` WHERE ( parent_id=3191 ) LIMIT 1   [ RunTime:0.0010s ]
SQL: SELECT * FROM `tiku_point` WHERE ( parent_id=3385 ) LIMIT 1   [ RunTime:0.0020s ]
SQL: SELECT * FROM `tiku_point` WHERE ( parent_id=3386 ) LIMIT 1   [ RunTime:0.0020s ]
SQL: SELECT * FROM `tiku_point` WHERE ( parent_id=3192 ) LIMIT 1   [ RunTime:0.0010s ]
SQL: SELECT * FROM `tiku_point` WHERE ( parent_id=3387 ) LIMIT 1   [ RunTime:0.0020s ]
SQL: SELECT * FROM `tiku_point` WHERE ( parent_id=3388 ) LIMIT 1   [ RunTime:0.0020s ]
SQL: SELECT * FROM `tiku_point` WHERE ( parent_id=3193 ) LIMIT 1   [ RunTime:0.0010s ]
SQL: SELECT * FROM `tiku_point` WHERE ( parent_id=3194 ) LIMIT 1   [ RunTime:0.0010s ]
SQL: SELECT * FROM `tiku_point` WHERE ( parent_id=3389 ) LIMIT 1   [ RunTime:0.0010s ]
SQL: SELECT * FROM `tiku_point` WHERE ( parent_id=3390 ) LIMIT 1   [ RunTime:0.0020s ]
SQL: SELECT * FROM `tiku_point` WHERE ( parent_id=3195 ) LIMIT 1   [ RunTime:0.0010s ]
SQL: SELECT * FROM `tiku_point` WHERE ( parent_id=3391 ) LIMIT 1   [ RunTime:0.0010s ]
SQL: SELECT * FROM `tiku_point` WHERE ( parent_id=3392 ) LIMIT 1   [ RunTime:0.0010s ]
SQL: SELECT * FROM `tiku_point` WHERE ( parent_id=3393 ) LIMIT 1   [ RunTime:0.0020s ]
SQL: SELECT * FROM `tiku_point` WHERE ( parent_id=3394 ) LIMIT 1   [ RunTime:0.0020s ]
SQL: SELECT * FROM `tiku_point` WHERE ( parent_id=3395 ) LIMIT 1   [ RunTime:0.0020s ]
SQL: SELECT * FROM `tiku_point` WHERE ( parent_id=3396 ) LIMIT 1   [ RunTime:0.0010s ]
SQL: SELECT * FROM `tiku_point` WHERE ( parent_id=3397 ) LIMIT 1   [ RunTime:0.0020s ]
SQL: SELECT * FROM `tiku_point` WHERE ( parent_id=3398 ) LIMIT 1   [ RunTime:0.0020s ]
SQL: SELECT * FROM `tiku_point` WHERE ( parent_id=3399 ) LIMIT 1   [ RunTime:0.0010s ]
SQL: SELECT * FROM `tiku_point` WHERE ( parent_id=3400 ) LIMIT 1   [ RunTime:0.0030s ]
SQL: SELECT * FROM `tiku_point` WHERE ( parent_id=3196 ) LIMIT 1   [ RunTime:0.0010s ]
SQL: SELECT * FROM `tiku_point` WHERE ( parent_id=3401 ) LIMIT 1   [ RunTime:0.0020s ]
SQL: SELECT * FROM `tiku_point` WHERE ( parent_id=3402 ) LIMIT 1   [ RunTime:0.0020s ]
SQL: SELECT * FROM `tiku_point` WHERE ( parent_id=3403 ) LIMIT 1   [ RunTime:0.0010s ]
SQL: SELECT * FROM `tiku_point` WHERE ( parent_id=3404 ) LIMIT 1   [ RunTime:0.0010s ]
SQL: SELECT * FROM `tiku_point` WHERE ( parent_id=3405 ) LIMIT 1   [ RunTime:0.0030s ]
SQL: SELECT * FROM `tiku_point` WHERE ( parent_id=3406 ) LIMIT 1   [ RunTime:0.0020s ]
SQL: SELECT * FROM `tiku_point` WHERE ( parent_id=3407 ) LIMIT 1   [ RunTime:0.0010s ]
SQL: SELECT * FROM `tiku_point` WHERE ( parent_id=3408 ) LIMIT 1   [ RunTime:0.0020s ]
SQL: SELECT * FROM `tiku_point` WHERE ( parent_id=3409 ) LIMIT 1   [ RunTime:0.0010s ]
SQL: SELECT * FROM `tiku_point` WHERE ( parent_id=3410 ) LIMIT 1   [ RunTime:0.0020s ]
SQL: SELECT * FROM `tiku_point` WHERE ( parent_id=3197 ) LIMIT 1   [ RunTime:0.0010s ]
SQL: SELECT * FROM `tiku_point` WHERE ( parent_id=3411 ) LIMIT 1   [ RunTime:0.0020s ]
SQL: SELECT * FROM `tiku_point` WHERE ( parent_id=3412 ) LIMIT 1   [ RunTime:0.0020s ]
SQL: SELECT * FROM `tiku_point` WHERE ( parent_id=3413 ) LIMIT 1   [ RunTime:0.0020s ]
SQL: SELECT * FROM `tiku_point` WHERE ( parent_id=3414 ) LIMIT 1   [ RunTime:0.0010s ]
SQL: SELECT * FROM `tiku_point` WHERE ( parent_id=3415 ) LIMIT 1   [ RunTime:0.0020s ]
SQL: SELECT * FROM `tiku_point` WHERE ( parent_id=3416 ) LIMIT 1   [ RunTime:0.0020s ]
SQL: SELECT * FROM `tiku_point` WHERE ( parent_id=3417 ) LIMIT 1   [ RunTime:0.0020s ]
SQL: SELECT * FROM `tiku_point` WHERE ( parent_id=3198 ) LIMIT 1   [ RunTime:0.0010s ]
SQL: SELECT * FROM `tiku_point` WHERE ( parent_id=3199 ) LIMIT 1   [ RunTime:0.0010s ]
SQL: SELECT * FROM `tiku_point` WHERE ( parent_id=3418 ) LIMIT 1   [ RunTime:0.0020s ]
SQL: SELECT * FROM `tiku_point` WHERE ( parent_id=3200 ) LIMIT 1   [ RunTime:0.0010s ]
SQL: SELECT * FROM `tiku_point` WHERE ( parent_id=3419 ) LIMIT 1   [ RunTime:0.0010s ]
SQL: SELECT * FROM `tiku_point` WHERE ( parent_id=3420 ) LIMIT 1   [ RunTime:0.0010s ]
SQL: SELECT * FROM `tiku_point` WHERE ( parent_id=3201 ) LIMIT 1   [ RunTime:0.0010s ]
SQL: SELECT * FROM `tiku_point` WHERE ( parent_id=3421 ) LIMIT 1   [ RunTime:0.0010s ]
SQL: SELECT * FROM `tiku_point` WHERE ( parent_id=3202 ) LIMIT 1   [ RunTime:0.0010s ]
SQL: SELECT * FROM `tiku_point` WHERE ( parent_id=3422 ) LIMIT 1   [ RunTime:0.0020s ]
SQL: SELECT * FROM `tiku_point` WHERE ( parent_id=3203 ) LIMIT 1   [ RunTime:0.0010s ]
SQL: SELECT * FROM `tiku_point` WHERE ( parent_id=3423 ) LIMIT 1   [ RunTime:0.0020s ]
SQL: SELECT * FROM `tiku_point` WHERE ( parent_id=3204 ) LIMIT 1   [ RunTime:0.0010s ]
SQL: SELECT * FROM `tiku_point` WHERE ( parent_id=3205 ) LIMIT 1   [ RunTime:0.0010s ]
SQL: SELECT * FROM `tiku_point` WHERE ( parent_id=3424 ) LIMIT 1   [ RunTime:0.0020s ]
SQL: SELECT * FROM `tiku_point` WHERE ( parent_id=3425 ) LIMIT 1   [ RunTime:0.0020s ]
SQL: SELECT * FROM `tiku_point` WHERE ( parent_id=3426 ) LIMIT 1   [ RunTime:0.0020s ]
SQL: SELECT * FROM `tiku_point` WHERE ( parent_id=3427 ) LIMIT 1   [ RunTime:0.0020s ]
SQL: SELECT * FROM `tiku_point` WHERE ( parent_id=3428 ) LIMIT 1   [ RunTime:0.0020s ]
SQL: SELECT * FROM `tiku_point` WHERE ( parent_id=3429 ) LIMIT 1   [ RunTime:0.0020s ]
SQL: SELECT * FROM `tiku_point` WHERE ( parent_id=3206 ) LIMIT 1   [ RunTime:0.0010s ]
SQL: SELECT * FROM `tiku_point` WHERE ( parent_id=3430 ) LIMIT 1   [ RunTime:0.0020s ]
SQL: SELECT * FROM `tiku_point` WHERE ( parent_id=3431 ) LIMIT 1   [ RunTime:0.0020s ]
SQL: SELECT * FROM `tiku_point` WHERE ( parent_id=3432 ) LIMIT 1   [ RunTime:0.0020s ]
SQL: SELECT * FROM `tiku_point` WHERE ( parent_id=3433 ) LIMIT 1   [ RunTime:0.0020s ]
SQL: SELECT * FROM `tiku_point` WHERE ( parent_id=3207 ) LIMIT 1   [ RunTime:0.0010s ]
SQL: SELECT * FROM `tiku_point` WHERE ( parent_id=3434 ) LIMIT 1   [ RunTime:0.0020s ]
SQL: SELECT * FROM `tiku_point` WHERE ( parent_id=3435 ) LIMIT 1   [ RunTime:0.0020s ]
SQL: SELECT * FROM `tiku_point` WHERE ( parent_id=3208 ) LIMIT 1   [ RunTime:0.0010s ]
SQL: SELECT * FROM `tiku_point` WHERE ( parent_id=3436 ) LIMIT 1   [ RunTime:0.0020s ]
SQL: SELECT * FROM `tiku_point` WHERE ( parent_id=3437 ) LIMIT 1   [ RunTime:0.0010s ]
SQL: SELECT * FROM `tiku_point` WHERE ( parent_id=3438 ) LIMIT 1   [ RunTime:0.0020s ]
SQL: SELECT * FROM `tiku_point` WHERE ( parent_id=3439 ) LIMIT 1   [ RunTime:0.0020s ]
SQL: SELECT * FROM `tiku_point` WHERE ( parent_id=3440 ) LIMIT 1   [ RunTime:0.0020s ]
SQL: SELECT * FROM `tiku_point` WHERE ( parent_id=3209 ) LIMIT 1   [ RunTime:0.0010s ]
SQL: SELECT * FROM `tiku_point` WHERE ( parent_id=3441 ) LIMIT 1   [ RunTime:0.0020s ]
SQL: SELECT * FROM `tiku_point` WHERE ( parent_id=3442 ) LIMIT 1   [ RunTime:0.0010s ]
SQL: SELECT * FROM `tiku_point` WHERE ( parent_id=3443 ) LIMIT 1   [ RunTime:0.0020s ]
SQL: SELECT * FROM `tiku_point` WHERE ( parent_id=3444 ) LIMIT 1   [ RunTime:0.0020s ]
SQL: SELECT * FROM `tiku_point` WHERE ( parent_id=3210 ) LIMIT 1   [ RunTime:0.0010s ]
SQL: SELECT * FROM `tiku_point` WHERE ( parent_id=3211 ) LIMIT 1   [ RunTime:0.0010s ]
SQL: SELECT * FROM `tiku_point` WHERE ( parent_id=3445 ) LIMIT 1   [ RunTime:0.0020s ]
SQL: SELECT * FROM `tiku_point` WHERE ( parent_id=3446 ) LIMIT 1   [ RunTime:0.0010s ]
SQL: SELECT * FROM `tiku_point` WHERE ( parent_id=3447 ) LIMIT 1   [ RunTime:0.0020s ]
SQL: SELECT * FROM `tiku_point` WHERE ( parent_id=3212 ) LIMIT 1   [ RunTime:0.0010s ]
SQL: SELECT * FROM `tiku_point` WHERE ( parent_id=3448 ) LIMIT 1   [ RunTime:0.0020s ]
SQL: SELECT * FROM `tiku_point` WHERE ( parent_id=3449 ) LIMIT 1   [ RunTime:0.0020s ]
SQL: SELECT * FROM `tiku_point` WHERE ( parent_id=3450 ) LIMIT 1   [ RunTime:0.0020s ]
SQL: SELECT * FROM `tiku_point` WHERE ( parent_id=3213 ) LIMIT 1   [ RunTime:0.0010s ]
SQL: SELECT * FROM `tiku_point` WHERE ( parent_id=3451 ) LIMIT 1   [ RunTime:0.0020s ]
SQL: SELECT * FROM `tiku_point` WHERE ( parent_id=3452 ) LIMIT 1   [ RunTime:0.0020s ]
SQL: SELECT * FROM `tiku_point` WHERE ( parent_id=3453 ) LIMIT 1   [ RunTime:0.0020s ]
SQL: SELECT * FROM `tiku_point` WHERE ( parent_id=3214 ) LIMIT 1   [ RunTime:0.0010s ]
SQL: SELECT * FROM `tiku_point` WHERE ( parent_id=3454 ) LIMIT 1   [ RunTime:0.0020s ]
SQL: SELECT * FROM `tiku_point` WHERE ( parent_id=3455 ) LIMIT 1   [ RunTime:0.0010s ]
SQL: SELECT * FROM `tiku_point` WHERE ( parent_id=3215 ) LIMIT 1   [ RunTime:0.0010s ]
SQL: SELECT * FROM `tiku_point` WHERE ( parent_id=3216 ) LIMIT 1   [ RunTime:0.0010s ]
SQL: SELECT * FROM `tiku_point` WHERE ( parent_id=3456 ) LIMIT 1   [ RunTime:0.0010s ]
SQL: SELECT * FROM `tiku_point` WHERE ( parent_id=3457 ) LIMIT 1   [ RunTime:0.0020s ]
SQL: SELECT * FROM `tiku_point` WHERE ( parent_id=3458 ) LIMIT 1   [ RunTime:0.0020s ]
SQL: SELECT * FROM `tiku_point` WHERE ( parent_id=3459 ) LIMIT 1   [ RunTime:0.0020s ]
SQL: SELECT * FROM `tiku_point` WHERE ( parent_id=3460 ) LIMIT 1   [ RunTime:0.0010s ]
SQL: SELECT * FROM `tiku_point` WHERE ( parent_id=3217 ) LIMIT 1   [ RunTime:0.0010s ]
SQL: SELECT * FROM `tiku_point` WHERE ( parent_id=3461 ) LIMIT 1   [ RunTime:0.0020s ]
SQL: SELECT * FROM `tiku_point` WHERE ( parent_id=3462 ) LIMIT 1   [ RunTime:0.0020s ]
SQL: SELECT * FROM `tiku_point` WHERE ( parent_id=3463 ) LIMIT 1   [ RunTime:0.0010s ]
SQL: SELECT * FROM `tiku_point` WHERE ( parent_id=3218 ) LIMIT 1   [ RunTime:0.0010s ]
SQL: SELECT * FROM `tiku_point` WHERE ( parent_id=3464 ) LIMIT 1   [ RunTime:0.0030s ]
SQL: SELECT * FROM `tiku_point` WHERE ( parent_id=3465 ) LIMIT 1   [ RunTime:0.0020s ]
SQL: SELECT * FROM `tiku_point` WHERE ( parent_id=3466 ) LIMIT 1   [ RunTime:0.0020s ]
SQL: SELECT * FROM `tiku_point` WHERE ( parent_id=3467 ) LIMIT 1   [ RunTime:0.0020s ]
SQL: SELECT * FROM `tiku_point` WHERE ( parent_id=3468 ) LIMIT 1   [ RunTime:0.0020s ]
SQL: SELECT * FROM `tiku_point` WHERE ( parent_id=3219 ) LIMIT 1   [ RunTime:0.0010s ]
SQL: SELECT * FROM `tiku_point` WHERE ( parent_id=3220 ) LIMIT 1   [ RunTime:0.0010s ]
SQL: SELECT * FROM `tiku_point` WHERE ( parent_id=3469 ) LIMIT 1   [ RunTime:0.0020s ]
SQL: SELECT * FROM `tiku_point` WHERE ( parent_id=3221 ) LIMIT 1   [ RunTime:0.0010s ]
SQL: SELECT * FROM `tiku_point` WHERE ( parent_id=3222 ) LIMIT 1   [ RunTime:0.0010s ]
SQL: SELECT * FROM `tiku_point` WHERE ( parent_id=3470 ) LIMIT 1   [ RunTime:0.0030s ]
SQL: SELECT * FROM `tiku_point` WHERE ( parent_id=3471 ) LIMIT 1   [ RunTime:0.0010s ]
SQL: SELECT * FROM `tiku_point` WHERE ( parent_id=3472 ) LIMIT 1   [ RunTime:0.0020s ]
SQL: SELECT * FROM `tiku_point` WHERE ( parent_id=3223 ) LIMIT 1   [ RunTime:0.0010s ]
SQL: SELECT * FROM `tiku_point` WHERE ( parent_id=3473 ) LIMIT 1   [ RunTime:0.0020s ]
SQL: SELECT * FROM `tiku_point` WHERE ( parent_id=3474 ) LIMIT 1   [ RunTime:0.0010s ]
SQL: SELECT * FROM `tiku_point` WHERE ( parent_id=3475 ) LIMIT 1   [ RunTime:0.0020s ]
SQL: SELECT * FROM `tiku_point` WHERE ( parent_id=3224 ) LIMIT 1   [ RunTime:0.0010s ]
SQL: SELECT * FROM `tiku_point` WHERE ( parent_id=3476 ) LIMIT 1   [ RunTime:0.0020s ]
SQL: SELECT * FROM `tiku_point` WHERE ( parent_id=3477 ) LIMIT 1   [ RunTime:0.0020s ]
SQL: SELECT * FROM `tiku_point` WHERE ( parent_id=3225 ) LIMIT 1   [ RunTime:0.0010s ]
SQL: SELECT * FROM `tiku_point` WHERE ( parent_id=3478 ) LIMIT 1   [ RunTime:0.0020s ]
SQL: SELECT * FROM `tiku_point` WHERE ( parent_id=3479 ) LIMIT 1   [ RunTime:0.0010s ]
SQL: SELECT * FROM `tiku_point` WHERE ( parent_id=3226 ) LIMIT 1   [ RunTime:0.0010s ]
SQL: SELECT * FROM `tiku_point` WHERE ( parent_id=3227 ) LIMIT 1   [ RunTime:0.0000s ]
SQL: SELECT * FROM `tiku_point` WHERE ( parent_id=3480 ) LIMIT 1   [ RunTime:0.0010s ]
SQL: SELECT * FROM `tiku_point` WHERE ( parent_id=3481 ) LIMIT 1   [ RunTime:0.0020s ]
SQL: SELECT * FROM `tiku_point` WHERE ( parent_id=3228 ) LIMIT 1   [ RunTime:0.0010s ]
SQL: SELECT * FROM `tiku_point` WHERE ( parent_id=3482 ) LIMIT 1   [ RunTime:0.0020s ]
SQL: SELECT * FROM `tiku_point` WHERE ( parent_id=3483 ) LIMIT 1   [ RunTime:0.0020s ]
SQL: SELECT * FROM `tiku_point` WHERE ( parent_id=3484 ) LIMIT 1   [ RunTime:0.0020s ]
SQL: SELECT * FROM `tiku_point` WHERE ( parent_id=3485 ) LIMIT 1   [ RunTime:0.0020s ]
SQL: SELECT * FROM `tiku_point` WHERE ( parent_id=3229 ) LIMIT 1   [ RunTime:0.0010s ]
SQL: SELECT * FROM `tiku_point` WHERE ( parent_id=3486 ) LIMIT 1   [ RunTime:0.0020s ]
SQL: SELECT * FROM `tiku_point` WHERE ( parent_id=3487 ) LIMIT 1   [ RunTime:0.0010s ]
SQL: SELECT * FROM `tiku_point` WHERE ( parent_id=3230 ) LIMIT 1   [ RunTime:0.0010s ]
SQL: SELECT * FROM `tiku_point` WHERE ( parent_id=3231 ) LIMIT 1   [ RunTime:0.0010s ]
SQL: SELECT * FROM `tiku_point` WHERE ( parent_id=3488 ) LIMIT 1   [ RunTime:0.0010s ]
SQL: SELECT * FROM `tiku_point` WHERE ( parent_id=3489 ) LIMIT 1   [ RunTime:0.0020s ]
SQL: SELECT * FROM `tiku_point` WHERE ( parent_id=3490 ) LIMIT 1   [ RunTime:0.0020s ]
SQL: SELECT * FROM `tiku_point` WHERE ( parent_id=3232 ) LIMIT 1   [ RunTime:0.0010s ]
SQL: SELECT * FROM `tiku_point` WHERE ( parent_id=3491 ) LIMIT 1   [ RunTime:0.0020s ]
SQL: SELECT * FROM `tiku_point` WHERE ( parent_id=3492 ) LIMIT 1   [ RunTime:0.0020s ]
SQL: SELECT * FROM `tiku_point` WHERE ( parent_id=3493 ) LIMIT 1   [ RunTime:0.0010s ]
SQL: SELECT * FROM `tiku_point` WHERE ( parent_id=3233 ) LIMIT 1   [ RunTime:0.0010s ]
SQL: SELECT * FROM `tiku_point` WHERE ( parent_id=3234 ) LIMIT 1   [ RunTime:0.0010s ]
SQL: SELECT * FROM `tiku_point` WHERE ( parent_id=3494 ) LIMIT 1   [ RunTime:0.0020s ]
SQL: SELECT * FROM `tiku_point` WHERE ( parent_id=3495 ) LIMIT 1   [ RunTime:0.0020s ]
SQL: SELECT * FROM `tiku_point` WHERE ( parent_id=3496 ) LIMIT 1   [ RunTime:0.0010s ]
SQL: SELECT * FROM `tiku_point` WHERE ( parent_id=3497 ) LIMIT 1   [ RunTime:0.0020s ]
SQL: SELECT * FROM `tiku_point` WHERE ( parent_id=3235 ) LIMIT 1   [ RunTime:0.0010s ]
SQL: SELECT * FROM `tiku_point` WHERE ( parent_id=3498 ) LIMIT 1   [ RunTime:0.0020s ]
SQL: SELECT * FROM `tiku_point` WHERE ( parent_id=3499 ) LIMIT 1   [ RunTime:0.0020s ]
SQL: SELECT * FROM `tiku_point` WHERE ( parent_id=3236 ) LIMIT 1   [ RunTime:0.0010s ]
SQL: SELECT * FROM `tiku_point` WHERE ( parent_id=3500 ) LIMIT 1   [ RunTime:0.0020s ]
SQL: SELECT * FROM `tiku_point` WHERE ( parent_id=3501 ) LIMIT 1   [ RunTime:0.0010s ]
SQL: SELECT * FROM `tiku_point` WHERE ( parent_id=3502 ) LIMIT 1   [ RunTime:0.0010s ]
SQL: SELECT * FROM `tiku_point` WHERE ( parent_id=3237 ) LIMIT 1   [ RunTime:0.0010s ]
SQL: SELECT * FROM `tiku_point` WHERE ( parent_id=3238 ) LIMIT 1   [ RunTime:0.0010s ]
SQL: SELECT * FROM `tiku_point` WHERE ( parent_id=3503 ) LIMIT 1   [ RunTime:0.0020s ]
SQL: SELECT * FROM `tiku_point` WHERE ( parent_id=3504 ) LIMIT 1   [ RunTime:0.0020s ]
SQL: SELECT * FROM `tiku_point` WHERE ( parent_id=3505 ) LIMIT 1   [ RunTime:0.0020s ]
SQL: SELECT * FROM `tiku_point` WHERE ( parent_id=3506 ) LIMIT 1   [ RunTime:0.0020s ]
SQL: SELECT * FROM `tiku_point` WHERE ( parent_id=3507 ) LIMIT 1   [ RunTime:0.0020s ]
SQL: SELECT * FROM `tiku_point` WHERE ( parent_id=3239 ) LIMIT 1   [ RunTime:0.0010s ]
SQL: SELECT * FROM `tiku_point` WHERE ( parent_id=3508 ) LIMIT 1   [ RunTime:0.0020s ]
SQL: SELECT * FROM `tiku_point` WHERE ( parent_id=3509 ) LIMIT 1   [ RunTime:0.0010s ]
SQL: SELECT * FROM `tiku_point` WHERE ( parent_id=3240 ) LIMIT 1   [ RunTime:0.0010s ]
SQL: SELECT * FROM `tiku_point` WHERE ( parent_id=3510 ) LIMIT 1   [ RunTime:0.0020s ]
SQL: SELECT * FROM `tiku_point` WHERE ( parent_id=3511 ) LIMIT 1   [ RunTime:0.0020s ]
SQL: SELECT * FROM `tiku_point` WHERE ( parent_id=3512 ) LIMIT 1   [ RunTime:0.0020s ]
SQL: SELECT * FROM `tiku_point` WHERE ( parent_id=3513 ) LIMIT 1   [ RunTime:0.0020s ]
SQL: SELECT * FROM `tiku_point` WHERE ( parent_id=3241 ) LIMIT 1   [ RunTime:0.0010s ]
SQL: SELECT * FROM `tiku_point` WHERE ( parent_id=3514 ) LIMIT 1   [ RunTime:0.0010s ]
SQL: SELECT * FROM `tiku_point` WHERE ( parent_id=3515 ) LIMIT 1   [ RunTime:0.0010s ]
SQL: SELECT * FROM `tiku_point` WHERE ( parent_id=3516 ) LIMIT 1   [ RunTime:0.0020s ]
SQL: SELECT * FROM `tiku_point` WHERE ( parent_id=3517 ) LIMIT 1   [ RunTime:0.0020s ]
SQL: SELECT * FROM `tiku_point` WHERE ( parent_id=3242 ) LIMIT 1   [ RunTime:0.0010s ]
SQL: SELECT * FROM `tiku_point` WHERE ( parent_id=3518 ) LIMIT 1   [ RunTime:0.0020s ]
SQL: SELECT * FROM `tiku_point` WHERE ( parent_id=3519 ) LIMIT 1   [ RunTime:0.0020s ]
SQL: SELECT * FROM `tiku_point` WHERE ( parent_id=3243 ) LIMIT 1   [ RunTime:0.0010s ]
SQL: SELECT * FROM `tiku_point` WHERE ( parent_id=3520 ) LIMIT 1   [ RunTime:0.0020s ]
SQL: SELECT * FROM `tiku_point` WHERE ( parent_id=3244 ) LIMIT 1   [ RunTime:0.0010s ]
SQL: SELECT * FROM `tiku_point` WHERE ( parent_id=3245 ) LIMIT 1   [ RunTime:0.0010s ]
SQL: SELECT * FROM `tiku_point` WHERE ( parent_id=3521 ) LIMIT 1   [ RunTime:0.0020s ]
SQL: SELECT * FROM `tiku_point` WHERE ( parent_id=3246 ) LIMIT 1   [ RunTime:0.0010s ]
SQL: SELECT * FROM `tiku_point` WHERE ( parent_id=3522 ) LIMIT 1   [ RunTime:0.0020s ]
SQL: SELECT * FROM `tiku_point` WHERE ( parent_id=3523 ) LIMIT 1   [ RunTime:0.0020s ]
SQL: SELECT * FROM `tiku_point` WHERE ( parent_id=3247 ) LIMIT 1   [ RunTime:0.0010s ]
SQL: SELECT * FROM `tiku_point` WHERE ( parent_id=3524 ) LIMIT 1   [ RunTime:0.0010s ]
SQL: SELECT * FROM `tiku_point` WHERE ( parent_id=3525 ) LIMIT 1   [ RunTime:0.0010s ]
SQL: SELECT * FROM `tiku_point` WHERE ( parent_id=3248 ) LIMIT 1   [ RunTime:0.0010s ]
SQL: SELECT * FROM `tiku_point` WHERE ( parent_id=3526 ) LIMIT 1   [ RunTime:0.0020s ]
SQL: SELECT * FROM `tiku_point` WHERE ( parent_id=3527 ) LIMIT 1   [ RunTime:0.0020s ]
SQL: SELECT * FROM `tiku_point` WHERE ( parent_id=3528 ) LIMIT 1   [ RunTime:0.0020s ]
SQL: SELECT * FROM `tiku_point` WHERE ( parent_id=3529 ) LIMIT 1   [ RunTime:0.0020s ]
SQL: SELECT * FROM `tiku_point` WHERE ( parent_id=3249 ) LIMIT 1   [ RunTime:0.0010s ]
SQL: SELECT * FROM `tiku_point` WHERE ( parent_id=3530 ) LIMIT 1   [ RunTime:0.0020s ]
SQL: SELECT * FROM `tiku_point` WHERE ( parent_id=3531 ) LIMIT 1   [ RunTime:0.0020s ]
SQL: SELECT * FROM `tiku_point` WHERE ( parent_id=3532 ) LIMIT 1   [ RunTime:0.0010s ]
SQL: SELECT * FROM `tiku_point` WHERE ( parent_id=3533 ) LIMIT 1   [ RunTime:0.0020s ]
SQL: SELECT * FROM `tiku_point` WHERE ( parent_id=3534 ) LIMIT 1   [ RunTime:0.0020s ]
SQL: SELECT * FROM `tiku_point` WHERE ( parent_id=3535 ) LIMIT 1   [ RunTime:0.0010s ]
SQL: SELECT * FROM `tiku_point` WHERE ( parent_id=3536 ) LIMIT 1   [ RunTime:0.0010s ]
SQL: SELECT * FROM `tiku_point` WHERE ( parent_id=3250 ) LIMIT 1   [ RunTime:0.0010s ]
SQL: SELECT * FROM `tiku_point` WHERE ( parent_id=3251 ) LIMIT 1   [ RunTime:0.0010s ]
SQL: SELECT * FROM `tiku_point` WHERE ( parent_id=3537 ) LIMIT 1   [ RunTime:0.0020s ]
SQL: SELECT * FROM `tiku_point` WHERE ( parent_id=3538 ) LIMIT 1   [ RunTime:0.0020s ]
SQL: SELECT * FROM `tiku_point` WHERE ( parent_id=3539 ) LIMIT 1   [ RunTime:0.0020s ]
SQL: SELECT * FROM `tiku_point` WHERE ( parent_id=3540 ) LIMIT 1   [ RunTime:0.0010s ]
SQL: SELECT * FROM `tiku_point` WHERE ( parent_id=3541 ) LIMIT 1   [ RunTime:0.0020s ]
SQL: SELECT * FROM `tiku_point` WHERE ( parent_id=3542 ) LIMIT 1   [ RunTime:0.0010s ]
SQL: SELECT * FROM `tiku_point` WHERE ( parent_id=3543 ) LIMIT 1   [ RunTime:0.0010s ]
SQL: SELECT * FROM `tiku_point` WHERE ( parent_id=3544 ) LIMIT 1   [ RunTime:0.0020s ]
SQL: SELECT * FROM `tiku_point` WHERE ( parent_id=3545 ) LIMIT 1   [ RunTime:0.0020s ]
SQL: SELECT * FROM `tiku_point` WHERE ( parent_id=3546 ) LIMIT 1   [ RunTime:0.0010s ]
SQL: SELECT * FROM `tiku_point` WHERE ( parent_id=3547 ) LIMIT 1   [ RunTime:0.0020s ]
SQL: SELECT * FROM `tiku_point` WHERE ( parent_id=3548 ) LIMIT 1   [ RunTime:0.0020s ]
SQL: SELECT * FROM `tiku_point` WHERE ( parent_id=3252 ) LIMIT 1   [ RunTime:0.0010s ]
SQL: SELECT * FROM `tiku_point` WHERE ( parent_id=3549 ) LIMIT 1   [ RunTime:0.0020s ]
SQL: SELECT * FROM `tiku_point` WHERE ( parent_id=3550 ) LIMIT 1   [ RunTime:0.0020s ]
SQL: SELECT * FROM `tiku_point` WHERE ( parent_id=3551 ) LIMIT 1   [ RunTime:0.0010s ]
SQL: SELECT * FROM `tiku_point` WHERE ( parent_id=3552 ) LIMIT 1   [ RunTime:0.0020s ]
SQL: SELECT * FROM `tiku_point` WHERE ( parent_id=3253 ) LIMIT 1   [ RunTime:0.0010s ]
SQL: SELECT * FROM `tiku_point` WHERE ( parent_id=3254 ) LIMIT 1   [ RunTime:0.0010s ]
SQL: SELECT * FROM `tiku_point` WHERE ( parent_id=3553 ) LIMIT 1   [ RunTime:0.0020s ]
SQL: SELECT * FROM `tiku_point` WHERE ( parent_id=3554 ) LIMIT 1   [ RunTime:0.0010s ]
SQL: SELECT * FROM `tiku_point` WHERE ( parent_id=3555 ) LIMIT 1   [ RunTime:0.0020s ]
SQL: SELECT * FROM `tiku_point` WHERE ( parent_id=3556 ) LIMIT 1   [ RunTime:0.0020s ]
SQL: SELECT * FROM `tiku_point` WHERE ( parent_id=3557 ) LIMIT 1   [ RunTime:0.0010s ]
SQL: SELECT * FROM `tiku_point` WHERE ( parent_id=3255 ) LIMIT 1   [ RunTime:0.0010s ]
SQL: SELECT * FROM `tiku_point` WHERE ( parent_id=3558 ) LIMIT 1   [ RunTime:0.0020s ]
SQL: SELECT * FROM `tiku_point` WHERE ( parent_id=3559 ) LIMIT 1   [ RunTime:0.0010s ]
SQL: SELECT * FROM `tiku_point` WHERE ( parent_id=3560 ) LIMIT 1   [ RunTime:0.0010s ]
SQL: SELECT * FROM `tiku_point` WHERE ( parent_id=3561 ) LIMIT 1   [ RunTime:0.0020s ]
SQL: SELECT * FROM `tiku_point` WHERE ( parent_id=3256 ) LIMIT 1   [ RunTime:0.0010s ]
SQL: SELECT * FROM `tiku_point` WHERE ( parent_id=3562 ) LIMIT 1   [ RunTime:0.0020s ]
SQL: SELECT * FROM `tiku_point` WHERE ( parent_id=3563 ) LIMIT 1   [ RunTime:0.0010s ]
SQL: SELECT * FROM `tiku_point` WHERE ( parent_id=3564 ) LIMIT 1   [ RunTime:0.0010s ]
SQL: SELECT * FROM `tiku_point` WHERE ( parent_id=3257 ) LIMIT 1   [ RunTime:0.0010s ]
SQL: SELECT * FROM `tiku_point` WHERE ( parent_id=3258 ) LIMIT 1   [ RunTime:0.0010s ]
SQL: SELECT * FROM `tiku_point` WHERE ( parent_id=3565 ) LIMIT 1   [ RunTime:0.0020s ]
SQL: SELECT * FROM `tiku_point` WHERE ( parent_id=3566 ) LIMIT 1   [ RunTime:0.0010s ]
SQL: SELECT * FROM `tiku_point` WHERE ( parent_id=3567 ) LIMIT 1   [ RunTime:0.0020s ]
SQL: SELECT * FROM `tiku_point` WHERE ( parent_id=3568 ) LIMIT 1   [ RunTime:0.0020s ]
SQL: SELECT * FROM `tiku_point` WHERE ( parent_id=3259 ) LIMIT 1   [ RunTime:0.0010s ]
SQL: SELECT * FROM `tiku_point` WHERE ( parent_id=3569 ) LIMIT 1   [ RunTime:0.0020s ]
SQL: SELECT * FROM `tiku_point` WHERE ( parent_id=3570 ) LIMIT 1   [ RunTime:0.0020s ]
SQL: SELECT * FROM `tiku_point` WHERE ( parent_id=3571 ) LIMIT 1   [ RunTime:0.0010s ]
SQL: SELECT * FROM `tiku_point` WHERE ( parent_id=3260 ) LIMIT 1   [ RunTime:0.0000s ]
SQL: SELECT * FROM `tiku_point` WHERE ( parent_id=3572 ) LIMIT 1   [ RunTime:0.0010s ]
SQL: SELECT * FROM `tiku_point` WHERE ( parent_id=3573 ) LIMIT 1   [ RunTime:0.0020s ]
SQL: SELECT * FROM `tiku_point` WHERE ( parent_id=3574 ) LIMIT 1   [ RunTime:0.0020s ]
SQL: SELECT * FROM `tiku_point` WHERE ( parent_id=3575 ) LIMIT 1   [ RunTime:0.0010s ]
SQL: SELECT * FROM `tiku_point` WHERE ( parent_id=3576 ) LIMIT 1   [ RunTime:0.0030s ]
SQL: SELECT * FROM `tiku_point` WHERE ( parent_id=3261 ) LIMIT 1   [ RunTime:0.0010s ]
SQL: SELECT * FROM `tiku_point` WHERE ( parent_id=3577 ) LIMIT 1   [ RunTime:0.0020s ]
SQL: SELECT * FROM `tiku_point` WHERE ( parent_id=3578 ) LIMIT 1   [ RunTime:0.0010s ]
SQL: SELECT * FROM `tiku_point` WHERE ( parent_id=3579 ) LIMIT 1   [ RunTime:0.0020s ]
SQL: SELECT * FROM `tiku_point` WHERE ( parent_id=3262 ) LIMIT 1   [ RunTime:0.0010s ]
SQL: SELECT * FROM `tiku_point` WHERE ( parent_id=3580 ) LIMIT 1   [ RunTime:0.0020s ]
SQL: SELECT * FROM `tiku_point` WHERE ( parent_id=3581 ) LIMIT 1   [ RunTime:0.0020s ]
SQL: SELECT * FROM `tiku_point` WHERE ( parent_id=3582 ) LIMIT 1   [ RunTime:0.0010s ]
SQL: SELECT * FROM `tiku_point` WHERE ( parent_id=3263 ) LIMIT 1   [ RunTime:0.0000s ]
SQL: SELECT * FROM `tiku_point` WHERE ( parent_id=3583 ) LIMIT 1   [ RunTime:0.0010s ]
SQL: SELECT * FROM `tiku_point` WHERE ( parent_id=3584 ) LIMIT 1   [ RunTime:0.0010s ]
SQL: SELECT * FROM `tiku_point` WHERE ( parent_id=3585 ) LIMIT 1   [ RunTime:0.0010s ]
SQL: SELECT * FROM `tiku_point` WHERE ( parent_id=3264 ) LIMIT 1   [ RunTime:0.0010s ]
SQL: SELECT * FROM `tiku_point` WHERE ( parent_id=3265 ) LIMIT 1   [ RunTime:0.0010s ]
SQL: SELECT * FROM `tiku_point` WHERE ( parent_id=3586 ) LIMIT 1   [ RunTime:0.0020s ]
SQL: SELECT * FROM `tiku_point` WHERE ( parent_id=3587 ) LIMIT 1   [ RunTime:0.0020s ]
SQL: SELECT * FROM `tiku_point` WHERE ( parent_id=3588 ) LIMIT 1   [ RunTime:0.0010s ]
SQL: SELECT * FROM `tiku_point` WHERE ( parent_id=3589 ) LIMIT 1   [ RunTime:0.0020s ]
SQL: SELECT * FROM `tiku_point` WHERE ( parent_id=3590 ) LIMIT 1   [ RunTime:0.0010s ]
SQL: SELECT * FROM `tiku_point` WHERE ( parent_id=3591 ) LIMIT 1   [ RunTime:0.0010s ]
SQL: SELECT * FROM `tiku_point` WHERE ( parent_id=3266 ) LIMIT 1   [ RunTime:0.0020s ]
SQL: SELECT * FROM `tiku_point` WHERE ( parent_id=3592 ) LIMIT 1   [ RunTime:0.0020s ]
SQL: SELECT * FROM `tiku_point` WHERE ( parent_id=3593 ) LIMIT 1   [ RunTime:0.0010s ]
SQL: SELECT * FROM `tiku_point` WHERE ( parent_id=3594 ) LIMIT 1   [ RunTime:0.0020s ]
SQL: SELECT * FROM `tiku_point` WHERE ( parent_id=3267 ) LIMIT 1   [ RunTime:0.0010s ]
SQL: SELECT * FROM `tiku_point` WHERE ( parent_id=3595 ) LIMIT 1   [ RunTime:0.0020s ]
SQL: SELECT * FROM `tiku_point` WHERE ( parent_id=3596 ) LIMIT 1   [ RunTime:0.0020s ]
SQL: SELECT * FROM `tiku_point` WHERE ( parent_id=3597 ) LIMIT 1   [ RunTime:0.0010s ]
SQL: SELECT * FROM `tiku_point` WHERE ( parent_id=3268 ) LIMIT 1   [ RunTime:0.0010s ]
SQL: SELECT * FROM `tiku_point` WHERE ( parent_id=3598 ) LIMIT 1   [ RunTime:0.0020s ]
SQL: SELECT * FROM `tiku_point` WHERE ( parent_id=3599 ) LIMIT 1   [ RunTime:0.0020s ]
SQL: SELECT * FROM `tiku_point` WHERE ( parent_id=3600 ) LIMIT 1   [ RunTime:0.0020s ]
SQL: SELECT * FROM `tiku_point` WHERE ( parent_id=3601 ) LIMIT 1   [ RunTime:0.0020s ]
SQL: SELECT * FROM `tiku_point` WHERE ( parent_id=3269 ) LIMIT 1   [ RunTime:0.0010s ]
SQL: SELECT * FROM `tiku_point` WHERE ( parent_id=3270 ) LIMIT 1   [ RunTime:0.0010s ]
SQL: SELECT * FROM `tiku_point` WHERE ( parent_id=3602 ) LIMIT 1   [ RunTime:0.0020s ]
SQL: SELECT * FROM `tiku_point` WHERE ( parent_id=3603 ) LIMIT 1   [ RunTime:0.0010s ]
SQL: SELECT * FROM `tiku_point` WHERE ( parent_id=3271 ) LIMIT 1   [ RunTime:0.0000s ]
SQL: SELECT * FROM `tiku_point` WHERE ( parent_id=3604 ) LIMIT 1   [ RunTime:0.0010s ]
SQL: SELECT * FROM `tiku_point` WHERE ( parent_id=3605 ) LIMIT 1   [ RunTime:0.0020s ]
SQL: SELECT * FROM `tiku_point` WHERE ( parent_id=3272 ) LIMIT 1   [ RunTime:0.0010s ]
SQL: SELECT * FROM `tiku_point` WHERE ( parent_id=3606 ) LIMIT 1   [ RunTime:0.0020s ]
SQL: SELECT * FROM `tiku_point` WHERE ( parent_id=3607 ) LIMIT 1   [ RunTime:0.0020s ]
SQL: SELECT * FROM `tiku_point` WHERE ( parent_id=3608 ) LIMIT 1   [ RunTime:0.0010s ]
SQL: SELECT * FROM `tiku_point` WHERE ( parent_id=3273 ) LIMIT 1   [ RunTime:0.0010s ]
SQL: SELECT * FROM `tiku_point` WHERE ( parent_id=3274 ) LIMIT 1   [ RunTime:0.0010s ]
SQL: SELECT * FROM `tiku_point` WHERE ( parent_id=3609 ) LIMIT 1   [ RunTime:0.0020s ]
SQL: SELECT * FROM `tiku_point` WHERE ( parent_id=3275 ) LIMIT 1   [ RunTime:0.0010s ]
SQL: SELECT * FROM `tiku_point` WHERE ( parent_id=3610 ) LIMIT 1   [ RunTime:0.0020s ]
SQL: SELECT * FROM `tiku_point` WHERE ( parent_id=3276 ) LIMIT 1   [ RunTime:0.0000s ]
SQL: SELECT * FROM `tiku_point` WHERE ( parent_id=3277 ) LIMIT 1   [ RunTime:0.0010s ]
SQL: SELECT * FROM `tiku_point` WHERE ( parent_id=3611 ) LIMIT 1   [ RunTime:0.0020s ]
SQL: SELECT * FROM `tiku_point` WHERE ( parent_id=3612 ) LIMIT 1   [ RunTime:0.0010s ]
SQL: SELECT * FROM `tiku_point` WHERE ( parent_id=3278 ) LIMIT 1   [ RunTime:0.0000s ]
SQL: SELECT * FROM `tiku_point` WHERE ( parent_id=3613 ) LIMIT 1   [ RunTime:0.0010s ]
SQL: SELECT * FROM `tiku_point` WHERE ( parent_id=3614 ) LIMIT 1   [ RunTime:0.0010s ]
SQL: SELECT * FROM `tiku_point` WHERE ( parent_id=3279 ) LIMIT 1   [ RunTime:0.0010s ]
SQL: SELECT * FROM `tiku_point` WHERE ( parent_id=3280 ) LIMIT 1   [ RunTime:0.0010s ]
SQL: SELECT * FROM `tiku_point` WHERE ( parent_id=3615 ) LIMIT 1   [ RunTime:0.0020s ]
SQL: SELECT * FROM `tiku_point` WHERE ( parent_id=3281 ) LIMIT 1   [ RunTime:0.0010s ]
SQL: SELECT * FROM `tiku_point` WHERE ( parent_id=3616 ) LIMIT 1   [ RunTime:0.0010s ]
SQL: SELECT * FROM `tiku_point` WHERE ( parent_id=3282 ) LIMIT 1   [ RunTime:0.0000s ]
SQL: SELECT * FROM `tiku_point` WHERE ( parent_id=3617 ) LIMIT 1   [ RunTime:0.0010s ]
SQL: SELECT * FROM `tiku_point` WHERE ( parent_id=3283 ) LIMIT 1   [ RunTime:0.0010s ]
SQL: SELECT * FROM `tiku_point` WHERE ( parent_id=3284 ) LIMIT 1   [ RunTime:0.0010s ]
SQL: SELECT * FROM `tiku_point` WHERE ( parent_id=3618 ) LIMIT 1   [ RunTime:0.0020s ]
SQL: SELECT * FROM `tiku_point` WHERE ( parent_id=3285 ) LIMIT 1   [ RunTime:0.0010s ]
SQL: SELECT * FROM `tiku_point` WHERE ( parent_id=3619 ) LIMIT 1   [ RunTime:0.0010s ]
SQL: SELECT * FROM `tiku_point` WHERE ( parent_id=3286 ) LIMIT 1   [ RunTime:0.0010s ]
SQL: SELECT * FROM `tiku_point` WHERE ( parent_id=3287 ) LIMIT 1   [ RunTime:0.0010s ]
SQL: SELECT * FROM `tiku_point` WHERE ( parent_id=3620 ) LIMIT 1   [ RunTime:0.0020s ]
SQL: SELECT * FROM `tiku_point` WHERE ( parent_id=3621 ) LIMIT 1   [ RunTime:0.0020s ]
SQL: SELECT * FROM `tiku_point` WHERE ( parent_id=3622 ) LIMIT 1   [ RunTime:0.0020s ]
SQL: SELECT * FROM `tiku_point` WHERE ( parent_id=3288 ) LIMIT 1   [ RunTime:0.0010s ]
SQL: SELECT * FROM `tiku_point` WHERE ( parent_id=3623 ) LIMIT 1   [ RunTime:0.0020s ]
SQL: SELECT * FROM `tiku_point` WHERE ( parent_id=3624 ) LIMIT 1   [ RunTime:0.0010s ]
SQL: SELECT * FROM `tiku_point` WHERE ( parent_id=3625 ) LIMIT 1   [ RunTime:0.0010s ]
SQL: SELECT * FROM `tiku_point` WHERE ( parent_id=3626 ) LIMIT 1   [ RunTime:0.0020s ]
SQL: SELECT * FROM `tiku_point` WHERE ( parent_id=3289 ) LIMIT 1   [ RunTime:0.0010s ]
SQL: SELECT * FROM `tiku_point` WHERE ( parent_id=3627 ) LIMIT 1   [ RunTime:0.0020s ]
SQL: SELECT * FROM `tiku_point` WHERE ( parent_id=3290 ) LIMIT 1   [ RunTime:0.0010s ]
SQL: SELECT * FROM `tiku_point` WHERE ( parent_id=3628 ) LIMIT 1   [ RunTime:0.0030s ]
SQL: SELECT * FROM `tiku_point` WHERE ( parent_id=3291 ) LIMIT 1   [ RunTime:0.0010s ]
SQL: SELECT * FROM `tiku_point` WHERE ( parent_id=3292 ) LIMIT 1   [ RunTime:0.0010s ]
SQL: SELECT * FROM `tiku_point` WHERE ( parent_id=3629 ) LIMIT 1   [ RunTime:0.0010s ]
SQL: SELECT * FROM `tiku_point` WHERE ( parent_id=3293 ) LIMIT 1   [ RunTime:0.0010s ]
SQL: SELECT * FROM `tiku_point` WHERE ( parent_id=3630 ) LIMIT 1   [ RunTime:0.0020s ]
SQL: SELECT * FROM `tiku_point` WHERE ( parent_id=3294 ) LIMIT 1   [ RunTime:0.0010s ]
SQL: SELECT * FROM `tiku_point` WHERE ( parent_id=3631 ) LIMIT 1   [ RunTime:0.0020s ]
SQL: SELECT * FROM `tiku_point` WHERE ( parent_id=3295 ) LIMIT 1   [ RunTime:0.0010s ]
SQL: SELECT * FROM `tiku_point` WHERE ( parent_id=3296 ) LIMIT 1   [ RunTime:0.0010s ]
SQL: SELECT * FROM `tiku_point` WHERE ( parent_id=3632 ) LIMIT 1   [ RunTime:0.0020s ]
SQL: SELECT * FROM `tiku_point` WHERE ( parent_id=3297 ) LIMIT 1   [ RunTime:0.0010s ]
SQL: SELECT * FROM `tiku_point` WHERE ( parent_id=3633 ) LIMIT 1   [ RunTime:0.0010s ]
SQL: SELECT * FROM `tiku_point` WHERE ( parent_id=3298 ) LIMIT 1   [ RunTime:0.0000s ]
SQL: SELECT * FROM `tiku_point` WHERE ( parent_id=3299 ) LIMIT 1   [ RunTime:0.0010s ]
SQL: SELECT * FROM `tiku_point` WHERE ( parent_id=3634 ) LIMIT 1   [ RunTime:0.0020s ]
SQL: SELECT * FROM `tiku_point` WHERE ( parent_id=3300 ) LIMIT 1   [ RunTime:0.0010s ]
SQL: SELECT * FROM `tiku_point` WHERE ( parent_id=3635 ) LIMIT 1   [ RunTime:0.0010s ]
SQL: SELECT * FROM `tiku_point` WHERE ( parent_id=3301 ) LIMIT 1   [ RunTime:0.0010s ]
SQL: SELECT * FROM `tiku_point` WHERE ( parent_id=3636 ) LIMIT 1   [ RunTime:0.0020s ]
SQL: SELECT * FROM `tiku_point` WHERE ( parent_id=3302 ) LIMIT 1   [ RunTime:0.0010s ]
SQL: SELECT * FROM `tiku_point` WHERE ( parent_id=3637 ) LIMIT 1   [ RunTime:0.0020s ]
SQL: SELECT * FROM `tiku_point` WHERE ( parent_id=3303 ) LIMIT 1   [ RunTime:0.0010s ]
SQL: SELECT * FROM `tiku_point` WHERE ( parent_id=3304 ) LIMIT 1   [ RunTime:0.0010s ]
SQL: SELECT * FROM `tiku_point` WHERE ( parent_id=3638 ) LIMIT 1   [ RunTime:0.0020s ]
SQL: SELECT * FROM `tiku_point` WHERE ( parent_id=3305 ) LIMIT 1   [ RunTime:0.0010s ]
SQL: SELECT * FROM `tiku_point` WHERE ( parent_id=3639 ) LIMIT 1   [ RunTime:0.0020s ]
SQL: SELECT * FROM `tiku_point` WHERE ( parent_id=3306 ) LIMIT 1   [ RunTime:0.0000s ]
SQL: SELECT * FROM `tiku_point` WHERE ( parent_id=3640 ) LIMIT 1   [ RunTime:0.0010s ]
SQL: SELECT * FROM `tiku_point` WHERE ( parent_id=3307 ) LIMIT 1   [ RunTime:0.0010s ]
SQL: SELECT * FROM `tiku_point` WHERE ( parent_id=3641 ) LIMIT 1   [ RunTime:0.0020s ]
SQL: SELECT * FROM `tiku_point` WHERE ( parent_id=3308 ) LIMIT 1   [ RunTime:0.0010s ]
SQL: SELECT * FROM `tiku_point` WHERE ( parent_id=3309 ) LIMIT 1   [ RunTime:0.0010s ]
SQL: SELECT * FROM `tiku_point` WHERE ( parent_id=3642 ) LIMIT 1   [ RunTime:0.0020s ]
SQL: SELECT * FROM `tiku_point` WHERE ( parent_id=3310 ) LIMIT 1   [ RunTime:0.0010s ]
SQL: SELECT * FROM `tiku_point` WHERE ( parent_id=3643 ) LIMIT 1   [ RunTime:0.0020s ]
SQL: SELECT * FROM `tiku_point` WHERE ( parent_id=3311 ) LIMIT 1   [ RunTime:0.0010s ]
SQL: SELECT * FROM `tiku_point` WHERE ( parent_id=3312 ) LIMIT 1   [ RunTime:0.0010s ]
SQL: SELECT * FROM `tiku_point` WHERE ( parent_id=3644 ) LIMIT 1   [ RunTime:0.0020s ]
SQL: SELECT * FROM `tiku_point` WHERE ( parent_id=3313 ) LIMIT 1   [ RunTime:0.0010s ]
SQL: SELECT * FROM `tiku_point` WHERE ( parent_id=3645 ) LIMIT 1   [ RunTime:0.0010s ]
SQL: SELECT * FROM `tiku_point` WHERE ( parent_id=3314 ) LIMIT 1   [ RunTime:0.0010s ]
SQL: SELECT * FROM `tiku_point` WHERE ( parent_id=3646 ) LIMIT 1   [ RunTime:0.0020s ]
SQL: SELECT * FROM `tiku_point` WHERE ( parent_id=3315 ) LIMIT 1   [ RunTime:0.0010s ]
SQL: SELECT * FROM `tiku_point` WHERE ( parent_id=3647 ) LIMIT 1   [ RunTime:0.0020s ]
SQL: SELECT * FROM `tiku_point` WHERE ( parent_id=3316 ) LIMIT 1   [ RunTime:0.0010s ]
SQL: SELECT * FROM `tiku_point` WHERE ( parent_id=3317 ) LIMIT 1   [ RunTime:0.0010s ]
SQL: SELECT * FROM `tiku_point` WHERE ( parent_id=3648 ) LIMIT 1   [ RunTime:0.0020s ]
SQL: SELECT * FROM `tiku_point` WHERE ( parent_id=3649 ) LIMIT 1   [ RunTime:0.0010s ]
SQL: SELECT * FROM `tiku_point` WHERE ( parent_id=3650 ) LIMIT 1   [ RunTime:0.0010s ]
SQL: SELECT * FROM `tiku_point` WHERE ( parent_id=3651 ) LIMIT 1   [ RunTime:0.0020s ]
SQL: SELECT * FROM `tiku_point` WHERE ( parent_id=3652 ) LIMIT 1   [ RunTime:0.0010s ]
SQL: SELECT * FROM `tiku_point` WHERE ( parent_id=3318 ) LIMIT 1   [ RunTime:0.0010s ]
SQL: SELECT * FROM `tiku_point` WHERE ( parent_id=3653 ) LIMIT 1   [ RunTime:0.0020s ]
SQL: SELECT * FROM `tiku_point` WHERE ( parent_id=3654 ) LIMIT 1   [ RunTime:0.0010s ]
SQL: SELECT * FROM `tiku_point` WHERE ( parent_id=3655 ) LIMIT 1   [ RunTime:0.0020s ]
SQL: SELECT * FROM `tiku_point` WHERE ( parent_id=3656 ) LIMIT 1   [ RunTime:0.0020s ]
SQL: SELECT * FROM `tiku_point` WHERE ( parent_id=3319 ) LIMIT 1   [ RunTime:0.0010s ]
SQL: SELECT * FROM `tiku_point` WHERE ( parent_id=3657 ) LIMIT 1   [ RunTime:0.0020s ]
SQL: SELECT * FROM `tiku_point` WHERE ( parent_id=3658 ) LIMIT 1   [ RunTime:0.0020s ]
SQL: SELECT * FROM `tiku_point` WHERE ( parent_id=3659 ) LIMIT 1   [ RunTime:0.0010s ]
SQL: SELECT * FROM `tiku_point` WHERE ( parent_id=3320 ) LIMIT 1   [ RunTime:0.0010s ]
SQL: SELECT * FROM `tiku_point` WHERE ( parent_id=3321 ) LIMIT 1   [ RunTime:0.0010s ]
SQL: SELECT * FROM `tiku_point` WHERE ( parent_id=3660 ) LIMIT 1   [ RunTime:0.0020s ]
SQL: SELECT * FROM `tiku_point` WHERE ( parent_id=3661 ) LIMIT 1   [ RunTime:0.0020s ]
SQL: SELECT * FROM `tiku_point` WHERE ( parent_id=3662 ) LIMIT 1   [ RunTime:0.0020s ]
SQL: SELECT * FROM `tiku_point` WHERE ( parent_id=3322 ) LIMIT 1   [ RunTime:0.0010s ]
SQL: SELECT * FROM `tiku_point` WHERE ( parent_id=3663 ) LIMIT 1   [ RunTime:0.0060s ]
SQL: SELECT * FROM `tiku_point` WHERE ( parent_id=3664 ) LIMIT 1   [ RunTime:0.0020s ]
SQL: SELECT * FROM `tiku_point` WHERE ( parent_id=3665 ) LIMIT 1   [ RunTime:0.0030s ]
SQL: SELECT * FROM `tiku_point` WHERE ( parent_id=3323 ) LIMIT 1   [ RunTime:0.0020s ]
SQL: SELECT * FROM `tiku_point` WHERE ( parent_id=3666 ) LIMIT 1   [ RunTime:0.0020s ]
SQL: SELECT * FROM `tiku_point` WHERE ( parent_id=3667 ) LIMIT 1   [ RunTime:0.0010s ]
SQL: SELECT * FROM `tiku_point` WHERE ( parent_id=3668 ) LIMIT 1   [ RunTime:0.0010s ]
SQL: SELECT * FROM `tiku_point` WHERE ( parent_id=3669 ) LIMIT 1   [ RunTime:0.0020s ]
SQL: SELECT * FROM `tiku_point` WHERE ( parent_id=3670 ) LIMIT 1   [ RunTime:0.0010s ]
SQL: SELECT * FROM `tiku_point` WHERE ( parent_id=3324 ) LIMIT 1   [ RunTime:0.0000s ]
SQL: SELECT * FROM `tiku_point` WHERE ( parent_id=3671 ) LIMIT 1   [ RunTime:0.0020s ]
SQL: SELECT * FROM `tiku_point` WHERE ( parent_id=3672 ) LIMIT 1   [ RunTime:0.0020s ]
SQL: SELECT * FROM `tiku_point` WHERE ( parent_id=3673 ) LIMIT 1   [ RunTime:0.0020s ]
SQL: SELECT * FROM `tiku_point` WHERE ( parent_id=3325 ) LIMIT 1   [ RunTime:0.0010s ]
SQL: SELECT * FROM `tiku_point` WHERE ( parent_id=3326 ) LIMIT 1   [ RunTime:0.0010s ]
SQL: SELECT * FROM `tiku_point` WHERE ( parent_id=3674 ) LIMIT 1   [ RunTime:0.0010s ]
SQL: SELECT * FROM `tiku_point` WHERE ( parent_id=3675 ) LIMIT 1   [ RunTime:0.0020s ]
SQL: SELECT * FROM `tiku_point` WHERE ( parent_id=3676 ) LIMIT 1   [ RunTime:0.0020s ]
SQL: SELECT * FROM `tiku_point` WHERE ( parent_id=3677 ) LIMIT 1   [ RunTime:0.0010s ]
SQL: SELECT * FROM `tiku_point` WHERE ( parent_id=3678 ) LIMIT 1   [ RunTime:0.0010s ]
SQL: SELECT * FROM `tiku_point` WHERE ( parent_id=3327 ) LIMIT 1   [ RunTime:0.0030s ]
SQL: SELECT * FROM `tiku_point` WHERE ( parent_id=3679 ) LIMIT 1   [ RunTime:0.0020s ]
SQL: SELECT * FROM `tiku_point` WHERE ( parent_id=3680 ) LIMIT 1   [ RunTime:0.0020s ]
SQL: SELECT * FROM `tiku_point` WHERE ( parent_id=3681 ) LIMIT 1   [ RunTime:0.0010s ]
SQL: SELECT * FROM `tiku_point` WHERE ( parent_id=3682 ) LIMIT 1   [ RunTime:0.0020s ]
SQL: SELECT * FROM `tiku_point` WHERE ( parent_id=3328 ) LIMIT 1   [ RunTime:0.0010s ]
SQL: SELECT * FROM `tiku_point` WHERE ( parent_id=3683 ) LIMIT 1   [ RunTime:0.0020s ]
SQL: SELECT * FROM `tiku_point` WHERE ( parent_id=3684 ) LIMIT 1   [ RunTime:0.0020s ]
SQL: SELECT * FROM `tiku_point` WHERE ( parent_id=3685 ) LIMIT 1   [ RunTime:0.0020s ]
SQL: SELECT * FROM `tiku_point` WHERE ( parent_id=3686 ) LIMIT 1   [ RunTime:0.0030s ]
SQL: SELECT * FROM `tiku_point` WHERE ( parent_id=3687 ) LIMIT 1   [ RunTime:0.0020s ]
SQL: SELECT * FROM `tiku_point` WHERE ( parent_id=3688 ) LIMIT 1   [ RunTime:0.0020s ]
SQL: SELECT * FROM `tiku_point` WHERE ( parent_id=3329 ) LIMIT 1   [ RunTime:0.0010s ]
SQL: SELECT * FROM `tiku_point` WHERE ( parent_id=3330 ) LIMIT 1   [ RunTime:0.0010s ]
SQL: SELECT * FROM `tiku_point` WHERE ( parent_id=3689 ) LIMIT 1   [ RunTime:0.0020s ]
SQL: SELECT * FROM `tiku_point` WHERE ( parent_id=3690 ) LIMIT 1   [ RunTime:0.0020s ]
SQL: SELECT * FROM `tiku_point` WHERE ( parent_id=3691 ) LIMIT 1   [ RunTime:0.0020s ]
SQL: SELECT * FROM `tiku_point` WHERE ( parent_id=3331 ) LIMIT 1   [ RunTime:0.0020s ]
SQL: SELECT * FROM `tiku_point` WHERE ( parent_id=3692 ) LIMIT 1   [ RunTime:0.0020s ]
SQL: SELECT * FROM `tiku_point` WHERE ( parent_id=3693 ) LIMIT 1   [ RunTime:0.0020s ]
SQL: SELECT * FROM `tiku_point` WHERE ( parent_id=3694 ) LIMIT 1   [ RunTime:0.0020s ]
SQL: SELECT * FROM `tiku_point` WHERE ( parent_id=3332 ) LIMIT 1   [ RunTime:0.0010s ]
SQL: SELECT * FROM `tiku_point` WHERE ( parent_id=3695 ) LIMIT 1   [ RunTime:0.0010s ]
SQL: SELECT * FROM `tiku_point` WHERE ( parent_id=3696 ) LIMIT 1   [ RunTime:0.0020s ]
SQL: SELECT * FROM `tiku_point` WHERE ( parent_id=3697 ) LIMIT 1   [ RunTime:0.0020s ]
SQL: SELECT * FROM `tiku_point` WHERE ( parent_id=3698 ) LIMIT 1   [ RunTime:0.0020s ]
SQL: SELECT * FROM `tiku_point` WHERE ( parent_id=3699 ) LIMIT 1   [ RunTime:0.0020s ]
SQL: SELECT * FROM `tiku_point` WHERE ( parent_id=3700 ) LIMIT 1   [ RunTime:0.0010s ]
SQL: SELECT * FROM `tiku_point` WHERE ( parent_id=3701 ) LIMIT 1   [ RunTime:0.0020s ]
SQL: SELECT * FROM `tiku_point` WHERE ( parent_id=3702 ) LIMIT 1   [ RunTime:0.0020s ]
SQL: SELECT * FROM `tiku_point` WHERE ( parent_id=3333 ) LIMIT 1   [ RunTime:0.0010s ]
SQL: SELECT * FROM `tiku_point` WHERE ( parent_id=3334 ) LIMIT 1   [ RunTime:0.0010s ]
SQL: SELECT * FROM `tiku_point` WHERE ( parent_id=3703 ) LIMIT 1   [ RunTime:0.0010s ]
SQL: SELECT * FROM `tiku_point` WHERE ( parent_id=3704 ) LIMIT 1   [ RunTime:0.0020s ]
SQL: SELECT * FROM `tiku_point` WHERE ( parent_id=3705 ) LIMIT 1   [ RunTime:0.0020s ]
SQL: SELECT * FROM `tiku_point` WHERE ( parent_id=3335 ) LIMIT 1   [ RunTime:0.0010s ]
SQL: SELECT * FROM `tiku_point` WHERE ( parent_id=3706 ) LIMIT 1   [ RunTime:0.0020s ]
SQL: SELECT * FROM `tiku_point` WHERE ( parent_id=3707 ) LIMIT 1   [ RunTime:0.0020s ]
SQL: SELECT * FROM `tiku_point` WHERE ( parent_id=3708 ) LIMIT 1   [ RunTime:0.0020s ]
SQL: SELECT * FROM `tiku_point` WHERE ( parent_id=3709 ) LIMIT 1   [ RunTime:0.0020s ]
SQL: SELECT * FROM `tiku_point` WHERE ( parent_id=3710 ) LIMIT 1   [ RunTime:0.0010s ]
SQL: SELECT * FROM `tiku_point` WHERE ( parent_id=3711 ) LIMIT 1   [ RunTime:0.0010s ]
SQL: SELECT * FROM `tiku_point` WHERE ( parent_id=3336 ) LIMIT 1   [ RunTime:0.0010s ]
SQL: SELECT * FROM `tiku_point` WHERE ( parent_id=3712 ) LIMIT 1   [ RunTime:0.0010s ]
SQL: SELECT * FROM `tiku_point` WHERE ( parent_id=3713 ) LIMIT 1   [ RunTime:0.0030s ]
SQL: SELECT * FROM `tiku_point` WHERE ( parent_id=3714 ) LIMIT 1   [ RunTime:0.0040s ]
SQL: SELECT * FROM `tiku_point` WHERE ( parent_id=3337 ) LIMIT 1   [ RunTime:0.0010s ]
SQL: SELECT * FROM `tiku_point` WHERE ( parent_id=3715 ) LIMIT 1   [ RunTime:0.0020s ]
SQL: SELECT * FROM `tiku_point` WHERE ( parent_id=3338 ) LIMIT 1   [ RunTime:0.0010s ]
SQL: SELECT * FROM `tiku_point` WHERE ( parent_id=3339 ) LIMIT 1   [ RunTime:0.0010s ]
SQL: SELECT * FROM `tiku_point` WHERE ( parent_id=3716 ) LIMIT 1   [ RunTime:0.0010s ]
SQL: SELECT * FROM `tiku_point` WHERE ( parent_id=3717 ) LIMIT 1   [ RunTime:0.0010s ]
SQL: SELECT * FROM `tiku_point` WHERE ( parent_id=3718 ) LIMIT 1   [ RunTime:0.0030s ]
SQL: SELECT * FROM `tiku_point` WHERE ( parent_id=3340 ) LIMIT 1   [ RunTime:0.0030s ]
SQL: SELECT * FROM `tiku_point` WHERE ( parent_id=3719 ) LIMIT 1   [ RunTime:0.0020s ]
SQL: SELECT * FROM `tiku_point` WHERE ( parent_id=3720 ) LIMIT 1   [ RunTime:0.0020s ]
SQL: SELECT * FROM `tiku_point` WHERE ( parent_id=3721 ) LIMIT 1   [ RunTime:0.0020s ]
SQL: SELECT * FROM `tiku_point` WHERE ( parent_id=3341 ) LIMIT 1   [ RunTime:0.0010s ]
SQL: SELECT * FROM `tiku_point` WHERE ( parent_id=3722 ) LIMIT 1   [ RunTime:0.0010s ]
SQL: SELECT * FROM `tiku_point` WHERE ( parent_id=3723 ) LIMIT 1   [ RunTime:0.0020s ]
SQL: SELECT * FROM `tiku_point` WHERE ( parent_id=3724 ) LIMIT 1   [ RunTime:0.0020s ]
SQL: SELECT * FROM `tiku_point` WHERE ( parent_id=3342 ) LIMIT 1   [ RunTime:0.0010s ]
SQL: SELECT * FROM `tiku_point` WHERE ( parent_id=3725 ) LIMIT 1   [ RunTime:0.0020s ]
SQL: SELECT * FROM `tiku_point` WHERE ( parent_id=3726 ) LIMIT 1   [ RunTime:0.0020s ]
SQL: SELECT * FROM `tiku_point` WHERE ( parent_id=3727 ) LIMIT 1   [ RunTime:0.0010s ]
SQL: SELECT * FROM `tiku_point` WHERE ( parent_id=3728 ) LIMIT 1   [ RunTime:0.0020s ]
SQL: SELECT * FROM `tiku_point` WHERE ( parent_id=3343 ) LIMIT 1   [ RunTime:0.0010s ]
SQL: SELECT * FROM `tiku_point` WHERE ( parent_id=3729 ) LIMIT 1   [ RunTime:0.0030s ]
SQL: SELECT * FROM `tiku_point` WHERE ( parent_id=3730 ) LIMIT 1   [ RunTime:0.0020s ]
SQL: SELECT * FROM `tiku_point` WHERE ( parent_id=3731 ) LIMIT 1   [ RunTime:0.0020s ]
SQL: SELECT * FROM `tiku_point` WHERE ( parent_id=3732 ) LIMIT 1   [ RunTime:0.0030s ]
SQL: SELECT * FROM `tiku_point` WHERE ( parent_id=3344 ) LIMIT 1   [ RunTime:0.0010s ]
SQL: SELECT * FROM `tiku_point` WHERE ( parent_id=3345 ) LIMIT 1   [ RunTime:0.0020s ]
SQL: SELECT * FROM `tiku_point` WHERE ( parent_id=3733 ) LIMIT 1   [ RunTime:0.0020s ]
SQL: SELECT * FROM `tiku_point` WHERE ( parent_id=3734 ) LIMIT 1   [ RunTime:0.0020s ]
SQL: SELECT * FROM `tiku_point` WHERE ( parent_id=3735 ) LIMIT 1   [ RunTime:0.0010s ]
SQL: SELECT * FROM `tiku_point` WHERE ( parent_id=3736 ) LIMIT 1   [ RunTime:0.0020s ]
SQL: SELECT * FROM `tiku_point` WHERE ( parent_id=3346 ) LIMIT 1   [ RunTime:0.0010s ]
SQL: SELECT * FROM `tiku_point` WHERE ( parent_id=3737 ) LIMIT 1   [ RunTime:0.0020s ]
SQL: SELECT * FROM `tiku_point` WHERE ( parent_id=3738 ) LIMIT 1   [ RunTime:0.0030s ]
SQL: SELECT * FROM `tiku_point` WHERE ( parent_id=3739 ) LIMIT 1   [ RunTime:0.0030s ]
SQL: SELECT * FROM `tiku_point` WHERE ( parent_id=3740 ) LIMIT 1   [ RunTime:0.0010s ]
SQL: SELECT * FROM `tiku_point` WHERE ( parent_id=3347 ) LIMIT 1   [ RunTime:0.0000s ]
SQL: SELECT * FROM `tiku_point` WHERE ( parent_id=3741 ) LIMIT 1   [ RunTime:0.0010s ]
SQL: SELECT * FROM `tiku_point` WHERE ( parent_id=3742 ) LIMIT 1   [ RunTime:0.0020s ]
SQL: SELECT * FROM `tiku_point` WHERE ( parent_id=3743 ) LIMIT 1   [ RunTime:0.0020s ]
SQL: SELECT * FROM `tiku_point` WHERE ( parent_id=3348 ) LIMIT 1   [ RunTime:0.0010s ]
SQL: SELECT * FROM `tiku_point` WHERE ( parent_id=3744 ) LIMIT 1   [ RunTime:0.0030s ]
SQL: SELECT * FROM `tiku_point` WHERE ( parent_id=3745 ) LIMIT 1   [ RunTime:0.0020s ]
SQL: SELECT * FROM `tiku_point` WHERE ( parent_id=3746 ) LIMIT 1   [ RunTime:0.0020s ]
SQL: SELECT * FROM `tiku_point` WHERE ( parent_id=3349 ) LIMIT 1   [ RunTime:0.0010s ]
SQL: SELECT * FROM `tiku_point` WHERE ( parent_id=3350 ) LIMIT 1   [ RunTime:0.0010s ]
SQL: SELECT * FROM `tiku_point` WHERE ( parent_id=3747 ) LIMIT 1   [ RunTime:0.0010s ]
SQL: SELECT * FROM `tiku_point` WHERE ( parent_id=3748 ) LIMIT 1   [ RunTime:0.0010s ]
SQL: SELECT * FROM `tiku_point` WHERE ( parent_id=3351 ) LIMIT 1   [ RunTime:0.0010s ]
SQL: SELECT * FROM `tiku_point` WHERE ( parent_id=3749 ) LIMIT 1   [ RunTime:0.0030s ]
SQL: SELECT * FROM `tiku_point` WHERE ( parent_id=3750 ) LIMIT 1   [ RunTime:0.0030s ]
SQL: SELECT * FROM `tiku_point` WHERE ( parent_id=3751 ) LIMIT 1   [ RunTime:0.0010s ]
SQL: SELECT * FROM `tiku_point` WHERE ( parent_id=3752 ) LIMIT 1   [ RunTime:0.0020s ]
SQL: SELECT * FROM `tiku_point` WHERE ( parent_id=3352 ) LIMIT 1   [ RunTime:0.0010s ]
SQL: SELECT * FROM `tiku_point` WHERE ( parent_id=3753 ) LIMIT 1   [ RunTime:0.0010s ]
SQL: SELECT * FROM `tiku_point` WHERE ( parent_id=3754 ) LIMIT 1   [ RunTime:0.0010s ]
SQL: SELECT * FROM `tiku_point` WHERE ( parent_id=3353 ) LIMIT 1   [ RunTime:0.0010s ]
SQL: SELECT * FROM `tiku_point` WHERE ( parent_id=3354 ) LIMIT 1   [ RunTime:0.0030s ]
SQL: SELECT * FROM `tiku_point` WHERE ( parent_id=3755 ) LIMIT 1   [ RunTime:0.0030s ]
SQL: SELECT * FROM `tiku_point` WHERE ( parent_id=3756 ) LIMIT 1   [ RunTime:0.0020s ]
SQL: SELECT * FROM `tiku_point` WHERE ( parent_id=3355 ) LIMIT 1   [ RunTime:0.0010s ]
SQL: SELECT * FROM `tiku_point` WHERE ( parent_id=3757 ) LIMIT 1   [ RunTime:0.0020s ]
SQL: SELECT * FROM `tiku_point` WHERE ( parent_id=3356 ) LIMIT 1   [ RunTime:0.0010s ]
SQL: SELECT * FROM `tiku_point` WHERE ( parent_id=3758 ) LIMIT 1   [ RunTime:0.0020s ]
SQL: SELECT * FROM `tiku_point` WHERE ( parent_id=3357 ) LIMIT 1   [ RunTime:0.0010s ]
SQL: SELECT * FROM `tiku_point` WHERE ( parent_id=3759 ) LIMIT 1   [ RunTime:0.0020s ]
SQL: SELECT * FROM `tiku_point` WHERE ( parent_id=3358 ) LIMIT 1   [ RunTime:0.0020s ]
SQL: SELECT * FROM `tiku_point` WHERE ( parent_id=3760 ) LIMIT 1   [ RunTime:0.0020s ]
SQL: SELECT * FROM `tiku_point` WHERE ( parent_id=3359 ) LIMIT 1   [ RunTime:0.0010s ]
SQL: SELECT * FROM `tiku_point` WHERE ( parent_id=3761 ) LIMIT 1   [ RunTime:0.0010s ]
SQL: SELECT * FROM `tiku_point` WHERE ( parent_id=3762 ) LIMIT 1   [ RunTime:0.0020s ]
SQL: SELECT * FROM `tiku_point` WHERE ( parent_id=3360 ) LIMIT 1   [ RunTime:0.0010s ]
SQL: SELECT * FROM `tiku_point` WHERE ( parent_id=3361 ) LIMIT 1   [ RunTime:0.0010s ]
SQL: SELECT * FROM `tiku_point` WHERE ( parent_id=3763 ) LIMIT 1   [ RunTime:0.0020s ]
SQL: SELECT * FROM `tiku_point` WHERE ( parent_id=3362 ) LIMIT 1   [ RunTime:0.0010s ]
SQL: SELECT * FROM `tiku_point` WHERE ( parent_id=3764 ) LIMIT 1   [ RunTime:0.0020s ]
SQL: SELECT * FROM `tiku_point` WHERE ( parent_id=3363 ) LIMIT 1   [ RunTime:0.0020s ]
SQL: SELECT * FROM `tiku_point` WHERE ( parent_id=3765 ) LIMIT 1   [ RunTime:0.0020s ]
SQL: SELECT * FROM `tiku_point` WHERE ( parent_id=3364 ) LIMIT 1   [ RunTime:0.0010s ]
SQL: SELECT * FROM `tiku_point` WHERE ( parent_id=3365 ) LIMIT 1   [ RunTime:0.0010s ]
SQL: SELECT * FROM `tiku_point` WHERE ( parent_id=3766 ) LIMIT 1   [ RunTime:0.0010s ]
SQL: SELECT * FROM `tiku_point` WHERE ( parent_id=3366 ) LIMIT 1   [ RunTime:0.0010s ]
SQL: SELECT * FROM `tiku_point` WHERE ( parent_id=3767 ) LIMIT 1   [ RunTime:0.0020s ]
SQL: SELECT * FROM `tiku_point` WHERE ( parent_id=3367 ) LIMIT 1   [ RunTime:0.0010s ]
SQL: SELECT * FROM `tiku_point` WHERE ( parent_id=3768 ) LIMIT 1   [ RunTime:0.0020s ]
SQL: SELECT * FROM `tiku_point` WHERE ( parent_id=3368 ) LIMIT 1   [ RunTime:0.0010s ]
SQL: SELECT * FROM `tiku_point` WHERE ( parent_id=3769 ) LIMIT 1   [ RunTime:0.0030s ]
SQL: SELECT * FROM `tiku_point` WHERE ( parent_id=3369 ) LIMIT 1   [ RunTime:0.0020s ]
SQL: SELECT * FROM `tiku_point` WHERE ( parent_id=3770 ) LIMIT 1   [ RunTime:0.0020s ]
SQL: SELECT * FROM `tiku_point` WHERE ( parent_id=3370 ) LIMIT 1   [ RunTime:0.0010s ]
SQL: SELECT * FROM `tiku_point` WHERE ( parent_id=3771 ) LIMIT 1   [ RunTime:0.0010s ]
SQL: SELECT * FROM `tiku_point` WHERE ( parent_id=3371 ) LIMIT 1   [ RunTime:0.0010s ]
SQL: SELECT * FROM `tiku_point` WHERE ( parent_id=3772 ) LIMIT 1   [ RunTime:0.0010s ]
SQL: SELECT * FROM `tiku_point` WHERE ( parent_id=3372 ) LIMIT 1   [ RunTime:0.0010s ]
SQL: SELECT * FROM `tiku_point` WHERE ( parent_id=3773 ) LIMIT 1   [ RunTime:0.0020s ]
SQL: SELECT * FROM `tiku_point` WHERE ( parent_id=3774 ) LIMIT 1   [ RunTime:0.0020s ]
SQL: SELECT * FROM `tiku_point` WHERE ( parent_id=3373 ) LIMIT 1   [ RunTime:0.0010s ]
SQL: SELECT * FROM `tiku_point` WHERE ( parent_id=3775 ) LIMIT 1   [ RunTime:0.0010s ]
SQL: SELECT * FROM `tiku_point` WHERE ( parent_id=3776 ) LIMIT 1   [ RunTime:0.0020s ]
SQL: SELECT * FROM `tiku_point` WHERE ( parent_id=3777 ) LIMIT 1   [ RunTime:0.0020s ]
SQL: SELECT * FROM `tiku_point` WHERE ( parent_id=3374 ) LIMIT 1   [ RunTime:0.0010s ]
SQL: SELECT * FROM `tiku_point` WHERE ( parent_id=3375 ) LIMIT 1   [ RunTime:0.0010s ]
SQL: SELECT * FROM `tiku_point` WHERE ( parent_id=3778 ) LIMIT 1   [ RunTime:0.0010s ]
SQL: SELECT * FROM `tiku_point` WHERE ( parent_id=3779 ) LIMIT 1   [ RunTime:0.0020s ]
SQL: SELECT * FROM `tiku_point` WHERE ( parent_id=3376 ) LIMIT 1   [ RunTime:0.0010s ]
SQL: SELECT * FROM `tiku_point` WHERE ( parent_id=3780 ) LIMIT 1   [ RunTime:0.0030s ]
SQL: SELECT * FROM `tiku_point` WHERE ( parent_id=3781 ) LIMIT 1   [ RunTime:0.0020s ]
SQL: SELECT * FROM `tiku_point` WHERE ( parent_id=3782 ) LIMIT 1   [ RunTime:0.0020s ]
SQL: SELECT * FROM `tiku_point` WHERE ( parent_id=3377 ) LIMIT 1   [ RunTime:0.0010s ]
SQL: SELECT * FROM `tiku_point` WHERE ( parent_id=3783 ) LIMIT 1   [ RunTime:0.0020s ]
SQL: SELECT * FROM `tiku_point` WHERE ( parent_id=3784 ) LIMIT 1   [ RunTime:0.0010s ]
SQL: SELECT * FROM `tiku_point` WHERE ( parent_id=3378 ) LIMIT 1   [ RunTime:0.0010s ]
SQL: SELECT * FROM `tiku_point` WHERE ( parent_id=3785 ) LIMIT 1   [ RunTime:0.0010s ]
SQL: SHOW COLUMNS FROM `tiku` [ RunTime:0.0080s ]
NOTIC: [8] Undefined variable: str D:\xampp\htdocs\tiku\ThinkPHP\Library\Think\Page.class.php 第 154 行.
NOTIC: [8] Undefined variable: the_end D:\xampp\htdocs\tiku\ThinkPHP\Library\Think\Page.class.php 第 214 行.
NOTIC: [8] Undefined variable: join2 D:\xampp\htdocs\tiku\Application\Home\Controller\TikuController.class.php 第 150 行.
SQL: SELECT tiku.`id`,tiku.options,tiku.`content`,tiku.`clicks`,tiku_source.`source_name`,tiku.difficulty_id FROM `tiku` INNER JOIN tiku_source use index(course_id) on tiku_source.id=tiku.source_id  WHERE ( tiku_source.course_id=7  ) LIMIT 0,10   [ RunTime:0.1980s ]
INFO: [ view_parse ] --START--
INFO: [ template_filter ] --START--
INFO: Run Behavior\ContentReplaceBehavior [ RunTime:0.000000s ]
INFO: [ template_filter ] --END-- [ RunTime:0.000000s ]
NOTIC: [8] Undefined variable: wenli D:\xampp\htdocs\tiku\Application\Runtime\Cache\Home\2d7125a787b7078c141d5942edc0b2c5.php 第 345 行.
NOTIC: [8] Undefined variable: tikus_in_collect D:\xampp\htdocs\tiku\Application\Runtime\Cache\Home\2d7125a787b7078c141d5942edc0b2c5.php 第 520 行.
NOTIC: [8] Undefined variable: ceping D:\xampp\htdocs\tiku\Application\Runtime\Cache\Home\2d7125a787b7078c141d5942edc0b2c5.php 第 554 行.
INFO: Run Behavior\ParseTemplateBehavior [ RunTime:0.029001s ]
INFO: [ view_parse ] --END-- [ RunTime:0.029001s ]
INFO: [ view_filter ] --START--
INFO: Run Behavior\WriteHtmlCacheBehavior [ RunTime:0.000000s ]
INFO: [ view_filter ] --END-- [ RunTime:0.000000s ]
INFO: [ app_end ] --START--
INFO: Run Behavior\ShowPageTraceBehavior [ RunTime:0.002000s ]
INFO: [ app_end ] --END-- [ RunTime:0.002000s ]

[ 2016-01-29T15:07:00+08:00 ] 127.0.0.1 /
INFO: [ app_init ] --START--
INFO: Run Behavior\BuildLiteBehavior [ RunTime:0.000000s ]
INFO: [ app_init ] --END-- [ RunTime:0.001000s ]
INFO: [ app_begin ] --START--
INFO: Run Behavior\ReadHtmlCacheBehavior [ RunTime:0.001000s ]
INFO: [ app_begin ] --END-- [ RunTime:0.001000s ]
SQL: SHOW COLUMNS FROM `tiku_course` [ RunTime:0.0030s ]
SQL: SELECT * FROM `tiku_course` WHERE ( status=1 )  [ RunTime:0.0000s ]
SQL: SELECT * FROM `tiku_course` WHERE ( status=1 )  [ RunTime:0.0000s ]
INFO: [ view_parse ] --START--
INFO: [ template_filter ] --START--
INFO: Run Behavior\ContentReplaceBehavior [ RunTime:0.000000s ]
INFO: [ template_filter ] --END-- [ RunTime:0.000000s ]
INFO: Run Behavior\ParseTemplateBehavior [ RunTime:0.090005s ]
INFO: [ view_parse ] --END-- [ RunTime:0.090005s ]
INFO: [ view_filter ] --START--
INFO: Run Behavior\WriteHtmlCacheBehavior [ RunTime:0.001000s ]
INFO: [ view_filter ] --END-- [ RunTime:0.001000s ]
INFO: [ app_end ] --START--
INFO: Run Behavior\ShowPageTraceBehavior [ RunTime:0.001000s ]
INFO: [ app_end ] --END-- [ RunTime:0.001000s ]

[ 2016-01-29T15:07:03+08:00 ] 127.0.0.1 /index.php/home/tiku/ajaxSelectCourse?id=3
INFO: [ app_init ] --START--
INFO: Run Behavior\BuildLiteBehavior [ RunTime:0.000000s ]
INFO: [ app_init ] --END-- [ RunTime:0.000000s ]
INFO: [ app_begin ] --START--
INFO: Run Behavior\ReadHtmlCacheBehavior [ RunTime:0.001000s ]
INFO: [ app_begin ] --END-- [ RunTime:0.001000s ]
SQL: SHOW COLUMNS FROM `tiku_course` [ RunTime:0.0040s ]
SQL: SELECT * FROM `tiku_course` WHERE ( status=1 )  [ RunTime:0.0000s ]
SQL: SELECT * FROM `tiku_course` WHERE ( status=1 )  [ RunTime:0.0000s ]
NOTIC: [8] Undefined index: cart D:\xampp\htdocs\tiku\Application\Home\Controller\TikuController.class.php 第 193 行.
NOTIC: [8] Undefined index: cart D:\xampp\htdocs\tiku\Application\Home\Controller\TikuController.class.php 第 16 行.

[ 2016-01-29T15:07:04+08:00 ] 127.0.0.1 /tiku/
INFO: [ app_init ] --START--
INFO: Run Behavior\BuildLiteBehavior [ RunTime:0.000000s ]
INFO: [ app_init ] --END-- [ RunTime:0.001001s ]
INFO: [ app_begin ] --START--
INFO: Run Behavior\ReadHtmlCacheBehavior [ RunTime:0.001000s ]
INFO: [ app_begin ] --END-- [ RunTime:0.001000s ]
SQL: SHOW COLUMNS FROM `tiku_course` [ RunTime:0.0060s ]
SQL: SELECT * FROM `tiku_course` WHERE ( status=1 )  [ RunTime:0.0000s ]
SQL: SELECT * FROM `tiku_course` WHERE ( status=1 )  [ RunTime:0.0000s ]
NOTIC: [8] Undefined index: cart D:\xampp\htdocs\tiku\Application\Home\Controller\TikuController.class.php 第 193 行.
NOTIC: [8] Undefined index: cart D:\xampp\htdocs\tiku\Application\Home\Controller\TikuController.class.php 第 16 行.
NOTIC: [8] Undefined index: f D:\xampp\htdocs\tiku\Application\Home\Controller\TikuController.class.php 第 30 行.
NOTIC: [8] Undefined index: d D:\xampp\htdocs\tiku\Application\Home\Controller\TikuController.class.php 第 31 行.
NOTIC: [8] Undefined index: t D:\xampp\htdocs\tiku\Application\Home\Controller\TikuController.class.php 第 32 行.
NOTIC: [8] Undefined index: p D:\xampp\htdocs\tiku\Application\Home\Controller\TikuController.class.php 第 33 行.
NOTIC: [8] Undefined index: w D:\xampp\htdocs\tiku\Application\Home\Controller\TikuController.class.php 第 34 行.
NOTIC: [8] Undefined index: y D:\xampp\htdocs\tiku\Application\Home\Controller\TikuController.class.php 第 35 行.
NOTIC: [8] Undefined index: a D:\xampp\htdocs\tiku\Application\Home\Controller\TikuController.class.php 第 36 行.
NOTIC: [8] Undefined variable: data D:\xampp\htdocs\tiku\Application\Home\Controller\TikuController.class.php 第 314 行.
SQL: SHOW COLUMNS FROM `tiku_course` [ RunTime:0.0040s ]
SQL: SELECT `course_type` FROM `tiku_course` WHERE ( id=3 ) LIMIT 1   [ RunTime:0.0000s ]
SQL: SHOW COLUMNS FROM `tiku_point` [ RunTime:0.0040s ]
SQL: SELECT * FROM `tiku_point` WHERE ( course_id=3 )  [ RunTime:0.0030s ]
SQL: SELECT * FROM `tiku_point` WHERE ( parent_id=1 ) LIMIT 1   [ RunTime:0.0000s ]
SQL: SELECT * FROM `tiku_point` WHERE ( parent_id=2 ) LIMIT 1   [ RunTime:0.0010s ]
SQL: SELECT * FROM `tiku_point` WHERE ( parent_id=140 ) LIMIT 1   [ RunTime:0.0010s ]
SQL: SELECT * FROM `tiku_point` WHERE ( parent_id=3 ) LIMIT 1   [ RunTime:0.0000s ]
SQL: SELECT * FROM `tiku_point` WHERE ( parent_id=141 ) LIMIT 1   [ RunTime:0.0020s ]
SQL: SELECT * FROM `tiku_point` WHERE ( parent_id=142 ) LIMIT 1   [ RunTime:0.0020s ]
SQL: SELECT * FROM `tiku_point` WHERE ( parent_id=4 ) LIMIT 1   [ RunTime:0.0000s ]
SQL: SELECT * FROM `tiku_point` WHERE ( parent_id=5 ) LIMIT 1   [ RunTime:0.0010s ]
SQL: SELECT * FROM `tiku_point` WHERE ( parent_id=143 ) LIMIT 1   [ RunTime:0.0010s ]
SQL: SELECT * FROM `tiku_point` WHERE ( parent_id=6 ) LIMIT 1   [ RunTime:0.0010s ]
SQL: SELECT * FROM `tiku_point` WHERE ( parent_id=144 ) LIMIT 1   [ RunTime:0.0020s ]
SQL: SELECT * FROM `tiku_point` WHERE ( parent_id=145 ) LIMIT 1   [ RunTime:0.0010s ]
SQL: SELECT * FROM `tiku_point` WHERE ( parent_id=146 ) LIMIT 1   [ RunTime:0.0020s ]
SQL: SELECT * FROM `tiku_point` WHERE ( parent_id=147 ) LIMIT 1   [ RunTime:0.0020s ]
SQL: SELECT * FROM `tiku_point` WHERE ( parent_id=7 ) LIMIT 1   [ RunTime:0.0000s ]
SQL: SELECT * FROM `tiku_point` WHERE ( parent_id=148 ) LIMIT 1   [ RunTime:0.0010s ]
SQL: SELECT * FROM `tiku_point` WHERE ( parent_id=8 ) LIMIT 1   [ RunTime:0.0010s ]
SQL: SELECT * FROM `tiku_point` WHERE ( parent_id=149 ) LIMIT 1   [ RunTime:0.0010s ]
SQL: SELECT * FROM `tiku_point` WHERE ( parent_id=150 ) LIMIT 1   [ RunTime:0.0010s ]
SQL: SELECT * FROM `tiku_point` WHERE ( parent_id=151 ) LIMIT 1   [ RunTime:0.0010s ]
SQL: SELECT * FROM `tiku_point` WHERE ( parent_id=9 ) LIMIT 1   [ RunTime:0.0010s ]
SQL: SELECT * FROM `tiku_point` WHERE ( parent_id=152 ) LIMIT 1   [ RunTime:0.0020s ]
SQL: SELECT * FROM `tiku_point` WHERE ( parent_id=10 ) LIMIT 1   [ RunTime:0.0000s ]
SQL: SELECT * FROM `tiku_point` WHERE ( parent_id=153 ) LIMIT 1   [ RunTime:0.0010s ]
SQL: SELECT * FROM `tiku_point` WHERE ( parent_id=154 ) LIMIT 1   [ RunTime:0.0020s ]
SQL: SELECT * FROM `tiku_point` WHERE ( parent_id=11 ) LIMIT 1   [ RunTime:0.0000s ]
SQL: SELECT * FROM `tiku_point` WHERE ( parent_id=155 ) LIMIT 1   [ RunTime:0.0010s ]
SQL: SELECT * FROM `tiku_point` WHERE ( parent_id=156 ) LIMIT 1   [ RunTime:0.0020s ]
SQL: SELECT * FROM `tiku_point` WHERE ( parent_id=12 ) LIMIT 1   [ RunTime:0.0000s ]
SQL: SELECT * FROM `tiku_point` WHERE ( parent_id=157 ) LIMIT 1   [ RunTime:0.0020s ]
SQL: SELECT * FROM `tiku_point` WHERE ( parent_id=158 ) LIMIT 1   [ RunTime:0.0020s ]
SQL: SELECT * FROM `tiku_point` WHERE ( parent_id=13 ) LIMIT 1   [ RunTime:0.0000s ]
SQL: SELECT * FROM `tiku_point` WHERE ( parent_id=159 ) LIMIT 1   [ RunTime:0.0020s ]
SQL: SELECT * FROM `tiku_point` WHERE ( parent_id=160 ) LIMIT 1   [ RunTime:0.0020s ]
SQL: SELECT * FROM `tiku_point` WHERE ( parent_id=14 ) LIMIT 1   [ RunTime:0.0000s ]
SQL: SELECT * FROM `tiku_point` WHERE ( parent_id=161 ) LIMIT 1   [ RunTime:0.0010s ]
SQL: SELECT * FROM `tiku_point` WHERE ( parent_id=15 ) LIMIT 1   [ RunTime:0.0000s ]
SQL: SELECT * FROM `tiku_point` WHERE ( parent_id=162 ) LIMIT 1   [ RunTime:0.0020s ]
SQL: SELECT * FROM `tiku_point` WHERE ( parent_id=16 ) LIMIT 1   [ RunTime:0.0000s ]
SQL: SELECT * FROM `tiku_point` WHERE ( parent_id=17 ) LIMIT 1   [ RunTime:0.0000s ]
SQL: SELECT * FROM `tiku_point` WHERE ( parent_id=163 ) LIMIT 1   [ RunTime:0.0010s ]
SQL: SELECT * FROM `tiku_point` WHERE ( parent_id=164 ) LIMIT 1   [ RunTime:0.0020s ]
SQL: SELECT * FROM `tiku_point` WHERE ( parent_id=165 ) LIMIT 1   [ RunTime:0.0020s ]
SQL: SELECT * FROM `tiku_point` WHERE ( parent_id=18 ) LIMIT 1   [ RunTime:0.0000s ]
SQL: SELECT * FROM `tiku_point` WHERE ( parent_id=166 ) LIMIT 1   [ RunTime:0.0010s ]
SQL: SELECT * FROM `tiku_point` WHERE ( parent_id=167 ) LIMIT 1   [ RunTime:0.0010s ]
SQL: SELECT * FROM `tiku_point` WHERE ( parent_id=168 ) LIMIT 1   [ RunTime:0.0020s ]
SQL: SELECT * FROM `tiku_point` WHERE ( parent_id=19 ) LIMIT 1   [ RunTime:0.0000s ]
SQL: SELECT * FROM `tiku_point` WHERE ( parent_id=20 ) LIMIT 1   [ RunTime:0.0010s ]
SQL: SELECT * FROM `tiku_point` WHERE ( parent_id=169 ) LIMIT 1   [ RunTime:0.0010s ]
SQL: SELECT * FROM `tiku_point` WHERE ( parent_id=21 ) LIMIT 1   [ RunTime:0.0010s ]
SQL: SELECT * FROM `tiku_point` WHERE ( parent_id=170 ) LIMIT 1   [ RunTime:0.0010s ]
SQL: SELECT * FROM `tiku_point` WHERE ( parent_id=171 ) LIMIT 1   [ RunTime:0.0020s ]
SQL: SELECT * FROM `tiku_point` WHERE ( parent_id=172 ) LIMIT 1   [ RunTime:0.0020s ]
SQL: SELECT * FROM `tiku_point` WHERE ( parent_id=173 ) LIMIT 1   [ RunTime:0.0010s ]
SQL: SELECT * FROM `tiku_point` WHERE ( parent_id=22 ) LIMIT 1   [ RunTime:0.0010s ]
SQL: SELECT * FROM `tiku_point` WHERE ( parent_id=174 ) LIMIT 1   [ RunTime:0.0020s ]
SQL: SELECT * FROM `tiku_point` WHERE ( parent_id=175 ) LIMIT 1   [ RunTime:0.0010s ]
SQL: SELECT * FROM `tiku_point` WHERE ( parent_id=23 ) LIMIT 1   [ RunTime:0.0010s ]
SQL: SELECT * FROM `tiku_point` WHERE ( parent_id=176 ) LIMIT 1   [ RunTime:0.0010s ]
SQL: SELECT * FROM `tiku_point` WHERE ( parent_id=24 ) LIMIT 1   [ RunTime:0.0000s ]
SQL: SELECT * FROM `tiku_point` WHERE ( parent_id=25 ) LIMIT 1   [ RunTime:0.0000s ]
SQL: SELECT * FROM `tiku_point` WHERE ( parent_id=177 ) LIMIT 1   [ RunTime:0.0010s ]
SQL: SELECT * FROM `tiku_point` WHERE ( parent_id=26 ) LIMIT 1   [ RunTime:0.0010s ]
SQL: SELECT * FROM `tiku_point` WHERE ( parent_id=178 ) LIMIT 1   [ RunTime:0.0010s ]
SQL: SELECT * FROM `tiku_point` WHERE ( parent_id=27 ) LIMIT 1   [ RunTime:0.0000s ]
SQL: SELECT * FROM `tiku_point` WHERE ( parent_id=179 ) LIMIT 1   [ RunTime:0.0020s ]
SQL: SELECT * FROM `tiku_point` WHERE ( parent_id=28 ) LIMIT 1   [ RunTime:0.0000s ]
SQL: SELECT * FROM `tiku_point` WHERE ( parent_id=29 ) LIMIT 1   [ RunTime:0.0000s ]
SQL: SELECT * FROM `tiku_point` WHERE ( parent_id=180 ) LIMIT 1   [ RunTime:0.0020s ]
SQL: SELECT * FROM `tiku_point` WHERE ( parent_id=30 ) LIMIT 1   [ RunTime:0.0000s ]
SQL: SELECT * FROM `tiku_point` WHERE ( parent_id=181 ) LIMIT 1   [ RunTime:0.0020s ]
SQL: SELECT * FROM `tiku_point` WHERE ( parent_id=31 ) LIMIT 1   [ RunTime:0.0000s ]
SQL: SELECT * FROM `tiku_point` WHERE ( parent_id=182 ) LIMIT 1   [ RunTime:0.0020s ]
SQL: SELECT * FROM `tiku_point` WHERE ( parent_id=32 ) LIMIT 1   [ RunTime:0.0000s ]
SQL: SELECT * FROM `tiku_point` WHERE ( parent_id=183 ) LIMIT 1   [ RunTime:0.0020s ]
SQL: SELECT * FROM `tiku_point` WHERE ( parent_id=33 ) LIMIT 1   [ RunTime:0.0000s ]
SQL: SELECT * FROM `tiku_point` WHERE ( parent_id=184 ) LIMIT 1   [ RunTime:0.0020s ]
SQL: SELECT * FROM `tiku_point` WHERE ( parent_id=34 ) LIMIT 1   [ RunTime:0.0000s ]
SQL: SELECT * FROM `tiku_point` WHERE ( parent_id=185 ) LIMIT 1   [ RunTime:0.0020s ]
SQL: SELECT * FROM `tiku_point` WHERE ( parent_id=35 ) LIMIT 1   [ RunTime:0.0000s ]
SQL: SELECT * FROM `tiku_point` WHERE ( parent_id=186 ) LIMIT 1   [ RunTime:0.0010s ]
SQL: SELECT * FROM `tiku_point` WHERE ( parent_id=36 ) LIMIT 1   [ RunTime:0.0010s ]
SQL: SELECT * FROM `tiku_point` WHERE ( parent_id=187 ) LIMIT 1   [ RunTime:0.0010s ]
SQL: SELECT * FROM `tiku_point` WHERE ( parent_id=37 ) LIMIT 1   [ RunTime:0.0010s ]
SQL: SELECT * FROM `tiku_point` WHERE ( parent_id=38 ) LIMIT 1   [ RunTime:0.0000s ]
SQL: SELECT * FROM `tiku_point` WHERE ( parent_id=188 ) LIMIT 1   [ RunTime:0.0020s ]
SQL: SELECT * FROM `tiku_point` WHERE ( parent_id=39 ) LIMIT 1   [ RunTime:0.0000s ]
SQL: SELECT * FROM `tiku_point` WHERE ( parent_id=189 ) LIMIT 1   [ RunTime:0.0020s ]
SQL: SELECT * FROM `tiku_point` WHERE ( parent_id=190 ) LIMIT 1   [ RunTime:0.0010s ]
SQL: SELECT * FROM `tiku_point` WHERE ( parent_id=40 ) LIMIT 1   [ RunTime:0.0000s ]
SQL: SELECT * FROM `tiku_point` WHERE ( parent_id=191 ) LIMIT 1   [ RunTime:0.0020s ]
SQL: SELECT * FROM `tiku_point` WHERE ( parent_id=192 ) LIMIT 1   [ RunTime:0.0010s ]
SQL: SELECT * FROM `tiku_point` WHERE ( parent_id=41 ) LIMIT 1   [ RunTime:0.0010s ]
SQL: SELECT * FROM `tiku_point` WHERE ( parent_id=193 ) LIMIT 1   [ RunTime:0.0010s ]
SQL: SELECT * FROM `tiku_point` WHERE ( parent_id=42 ) LIMIT 1   [ RunTime:0.0010s ]
SQL: SELECT * FROM `tiku_point` WHERE ( parent_id=194 ) LIMIT 1   [ RunTime:0.0010s ]
SQL: SELECT * FROM `tiku_point` WHERE ( parent_id=43 ) LIMIT 1   [ RunTime:0.0000s ]
SQL: SELECT * FROM `tiku_point` WHERE ( parent_id=44 ) LIMIT 1   [ RunTime:0.0000s ]
SQL: SELECT * FROM `tiku_point` WHERE ( parent_id=195 ) LIMIT 1   [ RunTime:0.0020s ]
SQL: SELECT * FROM `tiku_point` WHERE ( parent_id=45 ) LIMIT 1   [ RunTime:0.0000s ]
SQL: SELECT * FROM `tiku_point` WHERE ( parent_id=196 ) LIMIT 1   [ RunTime:0.0020s ]
SQL: SELECT * FROM `tiku_point` WHERE ( parent_id=197 ) LIMIT 1   [ RunTime:0.0020s ]
SQL: SELECT * FROM `tiku_point` WHERE ( parent_id=46 ) LIMIT 1   [ RunTime:0.0000s ]
SQL: SELECT * FROM `tiku_point` WHERE ( parent_id=198 ) LIMIT 1   [ RunTime:0.0010s ]
SQL: SELECT * FROM `tiku_point` WHERE ( parent_id=47 ) LIMIT 1   [ RunTime:0.0010s ]
SQL: SELECT * FROM `tiku_point` WHERE ( parent_id=199 ) LIMIT 1   [ RunTime:0.0010s ]
SQL: SELECT * FROM `tiku_point` WHERE ( parent_id=48 ) LIMIT 1   [ RunTime:0.0010s ]
SQL: SELECT * FROM `tiku_point` WHERE ( parent_id=200 ) LIMIT 1   [ RunTime:0.0020s ]
SQL: SELECT * FROM `tiku_point` WHERE ( parent_id=49 ) LIMIT 1   [ RunTime:0.0000s ]
SQL: SELECT * FROM `tiku_point` WHERE ( parent_id=201 ) LIMIT 1   [ RunTime:0.0020s ]
SQL: SELECT * FROM `tiku_point` WHERE ( parent_id=50 ) LIMIT 1   [ RunTime:0.0000s ]
SQL: SELECT * FROM `tiku_point` WHERE ( parent_id=51 ) LIMIT 1   [ RunTime:0.0000s ]
SQL: SELECT * FROM `tiku_point` WHERE ( parent_id=202 ) LIMIT 1   [ RunTime:0.0020s ]
SQL: SELECT * FROM `tiku_point` WHERE ( parent_id=203 ) LIMIT 1   [ RunTime:0.0020s ]
SQL: SELECT * FROM `tiku_point` WHERE ( parent_id=204 ) LIMIT 1   [ RunTime:0.0020s ]
SQL: SELECT * FROM `tiku_point` WHERE ( parent_id=52 ) LIMIT 1   [ RunTime:0.0000s ]
SQL: SELECT * FROM `tiku_point` WHERE ( parent_id=205 ) LIMIT 1   [ RunTime:0.0010s ]
SQL: SELECT * FROM `tiku_point` WHERE ( parent_id=53 ) LIMIT 1   [ RunTime:0.0000s ]
SQL: SELECT * FROM `tiku_point` WHERE ( parent_id=206 ) LIMIT 1   [ RunTime:0.0010s ]
SQL: SELECT * FROM `tiku_point` WHERE ( parent_id=207 ) LIMIT 1   [ RunTime:0.0020s ]
SQL: SELECT * FROM `tiku_point` WHERE ( parent_id=208 ) LIMIT 1   [ RunTime:0.0020s ]
SQL: SELECT * FROM `tiku_point` WHERE ( parent_id=54 ) LIMIT 1   [ RunTime:0.0000s ]
SQL: SELECT * FROM `tiku_point` WHERE ( parent_id=209 ) LIMIT 1   [ RunTime:0.0010s ]
SQL: SELECT * FROM `tiku_point` WHERE ( parent_id=210 ) LIMIT 1   [ RunTime:0.0020s ]
SQL: SELECT * FROM `tiku_point` WHERE ( parent_id=211 ) LIMIT 1   [ RunTime:0.0020s ]
SQL: SELECT * FROM `tiku_point` WHERE ( parent_id=55 ) LIMIT 1   [ RunTime:0.0010s ]
SQL: SELECT * FROM `tiku_point` WHERE ( parent_id=212 ) LIMIT 1   [ RunTime:0.0020s ]
SQL: SELECT * FROM `tiku_point` WHERE ( parent_id=56 ) LIMIT 1   [ RunTime:0.0000s ]
SQL: SELECT * FROM `tiku_point` WHERE ( parent_id=57 ) LIMIT 1   [ RunTime:0.0010s ]
SQL: SELECT * FROM `tiku_point` WHERE ( parent_id=213 ) LIMIT 1   [ RunTime:0.0010s ]
SQL: SELECT * FROM `tiku_point` WHERE ( parent_id=214 ) LIMIT 1   [ RunTime:0.0020s ]
SQL: SELECT * FROM `tiku_point` WHERE ( parent_id=215 ) LIMIT 1   [ RunTime:0.0020s ]
SQL: SELECT * FROM `tiku_point` WHERE ( parent_id=58 ) LIMIT 1   [ RunTime:0.0000s ]
SQL: SELECT * FROM `tiku_point` WHERE ( parent_id=216 ) LIMIT 1   [ RunTime:0.0020s ]
SQL: SELECT * FROM `tiku_point` WHERE ( parent_id=217 ) LIMIT 1   [ RunTime:0.0010s ]
SQL: SELECT * FROM `tiku_point` WHERE ( parent_id=59 ) LIMIT 1   [ RunTime:0.0000s ]
SQL: SELECT * FROM `tiku_point` WHERE ( parent_id=218 ) LIMIT 1   [ RunTime:0.0020s ]
SQL: SELECT * FROM `tiku_point` WHERE ( parent_id=219 ) LIMIT 1   [ RunTime:0.0020s ]
SQL: SELECT * FROM `tiku_point` WHERE ( parent_id=60 ) LIMIT 1   [ RunTime:0.0000s ]
SQL: SELECT * FROM `tiku_point` WHERE ( parent_id=61 ) LIMIT 1   [ RunTime:0.0010s ]
SQL: SELECT * FROM `tiku_point` WHERE ( parent_id=220 ) LIMIT 1   [ RunTime:0.0020s ]
SQL: SELECT * FROM `tiku_point` WHERE ( parent_id=221 ) LIMIT 1   [ RunTime:0.0010s ]
SQL: SELECT * FROM `tiku_point` WHERE ( parent_id=62 ) LIMIT 1   [ RunTime:0.0010s ]
SQL: SELECT * FROM `tiku_point` WHERE ( parent_id=222 ) LIMIT 1   [ RunTime:0.0010s ]
SQL: SELECT * FROM `tiku_point` WHERE ( parent_id=63 ) LIMIT 1   [ RunTime:0.0000s ]
SQL: SELECT * FROM `tiku_point` WHERE ( parent_id=223 ) LIMIT 1   [ RunTime:0.0020s ]
SQL: SELECT * FROM `tiku_point` WHERE ( parent_id=64 ) LIMIT 1   [ RunTime:0.0000s ]
SQL: SELECT * FROM `tiku_point` WHERE ( parent_id=65 ) LIMIT 1   [ RunTime:0.0000s ]
SQL: SELECT * FROM `tiku_point` WHERE ( parent_id=224 ) LIMIT 1   [ RunTime:0.0020s ]
SQL: SELECT * FROM `tiku_point` WHERE ( parent_id=66 ) LIMIT 1   [ RunTime:0.0000s ]
SQL: SELECT * FROM `tiku_point` WHERE ( parent_id=225 ) LIMIT 1   [ RunTime:0.0020s ]
SQL: SELECT * FROM `tiku_point` WHERE ( parent_id=226 ) LIMIT 1   [ RunTime:0.0010s ]
SQL: SELECT * FROM `tiku_point` WHERE ( parent_id=227 ) LIMIT 1   [ RunTime:0.0020s ]
SQL: SELECT * FROM `tiku_point` WHERE ( parent_id=67 ) LIMIT 1   [ RunTime:0.0000s ]
SQL: SELECT * FROM `tiku_point` WHERE ( parent_id=228 ) LIMIT 1   [ RunTime:0.0020s ]
SQL: SELECT * FROM `tiku_point` WHERE ( parent_id=229 ) LIMIT 1   [ RunTime:0.0020s ]
SQL: SELECT * FROM `tiku_point` WHERE ( parent_id=230 ) LIMIT 1   [ RunTime:0.0020s ]
SQL: SELECT * FROM `tiku_point` WHERE ( parent_id=68 ) LIMIT 1   [ RunTime:0.0000s ]
SQL: SELECT * FROM `tiku_point` WHERE ( parent_id=231 ) LIMIT 1   [ RunTime:0.0020s ]
SQL: SELECT * FROM `tiku_point` WHERE ( parent_id=69 ) LIMIT 1   [ RunTime:0.0000s ]
SQL: SELECT * FROM `tiku_point` WHERE ( parent_id=70 ) LIMIT 1   [ RunTime:0.0010s ]
SQL: SELECT * FROM `tiku_point` WHERE ( parent_id=232 ) LIMIT 1   [ RunTime:0.0020s ]
SQL: SELECT * FROM `tiku_point` WHERE ( parent_id=71 ) LIMIT 1   [ RunTime:0.0000s ]
SQL: SELECT * FROM `tiku_point` WHERE ( parent_id=233 ) LIMIT 1   [ RunTime:0.0020s ]
SQL: SELECT * FROM `tiku_point` WHERE ( parent_id=234 ) LIMIT 1   [ RunTime:0.0010s ]
SQL: SELECT * FROM `tiku_point` WHERE ( parent_id=72 ) LIMIT 1   [ RunTime:0.0010s ]
SQL: SELECT * FROM `tiku_point` WHERE ( parent_id=235 ) LIMIT 1   [ RunTime:0.0020s ]
SQL: SELECT * FROM `tiku_point` WHERE ( parent_id=236 ) LIMIT 1   [ RunTime:0.0020s ]
SQL: SELECT * FROM `tiku_point` WHERE ( parent_id=73 ) LIMIT 1   [ RunTime:0.0000s ]
SQL: SELECT * FROM `tiku_point` WHERE ( parent_id=237 ) LIMIT 1   [ RunTime:0.0020s ]
SQL: SELECT * FROM `tiku_point` WHERE ( parent_id=74 ) LIMIT 1   [ RunTime:0.0000s ]
SQL: SELECT * FROM `tiku_point` WHERE ( parent_id=75 ) LIMIT 1   [ RunTime:0.0000s ]
SQL: SELECT * FROM `tiku_point` WHERE ( parent_id=238 ) LIMIT 1   [ RunTime:0.0020s ]
SQL: SELECT * FROM `tiku_point` WHERE ( parent_id=76 ) LIMIT 1   [ RunTime:0.0000s ]
SQL: SELECT * FROM `tiku_point` WHERE ( parent_id=239 ) LIMIT 1   [ RunTime:0.0020s ]
SQL: SELECT * FROM `tiku_point` WHERE ( parent_id=240 ) LIMIT 1   [ RunTime:0.0020s ]
SQL: SELECT * FROM `tiku_point` WHERE ( parent_id=77 ) LIMIT 1   [ RunTime:0.0000s ]
SQL: SELECT * FROM `tiku_point` WHERE ( parent_id=241 ) LIMIT 1   [ RunTime:0.0020s ]
SQL: SELECT * FROM `tiku_point` WHERE ( parent_id=78 ) LIMIT 1   [ RunTime:0.0000s ]
SQL: SELECT * FROM `tiku_point` WHERE ( parent_id=242 ) LIMIT 1   [ RunTime:0.0020s ]
SQL: SELECT * FROM `tiku_point` WHERE ( parent_id=243 ) LIMIT 1   [ RunTime:0.0020s ]
SQL: SELECT * FROM `tiku_point` WHERE ( parent_id=244 ) LIMIT 1   [ RunTime:0.0020s ]
SQL: SELECT * FROM `tiku_point` WHERE ( parent_id=79 ) LIMIT 1   [ RunTime:0.0000s ]
SQL: SELECT * FROM `tiku_point` WHERE ( parent_id=80 ) LIMIT 1   [ RunTime:0.0000s ]
SQL: SELECT * FROM `tiku_point` WHERE ( parent_id=245 ) LIMIT 1   [ RunTime:0.0020s ]
SQL: SELECT * FROM `tiku_point` WHERE ( parent_id=81 ) LIMIT 1   [ RunTime:0.0000s ]
SQL: SELECT * FROM `tiku_point` WHERE ( parent_id=246 ) LIMIT 1   [ RunTime:0.0020s ]
SQL: SELECT * FROM `tiku_point` WHERE ( parent_id=247 ) LIMIT 1   [ RunTime:0.0020s ]
SQL: SELECT * FROM `tiku_point` WHERE ( parent_id=82 ) LIMIT 1   [ RunTime:0.0000s ]
SQL: SELECT * FROM `tiku_point` WHERE ( parent_id=248 ) LIMIT 1   [ RunTime:0.0020s ]
SQL: SELECT * FROM `tiku_point` WHERE ( parent_id=249 ) LIMIT 1   [ RunTime:0.0020s ]
SQL: SELECT * FROM `tiku_point` WHERE ( parent_id=83 ) LIMIT 1   [ RunTime:0.0000s ]
SQL: SELECT * FROM `tiku_point` WHERE ( parent_id=250 ) LIMIT 1   [ RunTime:0.0020s ]
SQL: SELECT * FROM `tiku_point` WHERE ( parent_id=251 ) LIMIT 1   [ RunTime:0.0010s ]
SQL: SELECT * FROM `tiku_point` WHERE ( parent_id=84 ) LIMIT 1   [ RunTime:0.0010s ]
SQL: SELECT * FROM `tiku_point` WHERE ( parent_id=252 ) LIMIT 1   [ RunTime:0.0020s ]
SQL: SELECT * FROM `tiku_point` WHERE ( parent_id=85 ) LIMIT 1   [ RunTime:0.0000s ]
SQL: SELECT * FROM `tiku_point` WHERE ( parent_id=86 ) LIMIT 1   [ RunTime:0.0010s ]
SQL: SELECT * FROM `tiku_point` WHERE ( parent_id=253 ) LIMIT 1   [ RunTime:0.0010s ]
SQL: SELECT * FROM `tiku_point` WHERE ( parent_id=254 ) LIMIT 1   [ RunTime:0.0020s ]
SQL: SELECT * FROM `tiku_point` WHERE ( parent_id=255 ) LIMIT 1   [ RunTime:0.0020s ]
SQL: SELECT * FROM `tiku_point` WHERE ( parent_id=87 ) LIMIT 1   [ RunTime:0.0000s ]
SQL: SELECT * FROM `tiku_point` WHERE ( parent_id=256 ) LIMIT 1   [ RunTime:0.0020s ]
SQL: SELECT * FROM `tiku_point` WHERE ( parent_id=257 ) LIMIT 1   [ RunTime:0.0020s ]
SQL: SELECT * FROM `tiku_point` WHERE ( parent_id=88 ) LIMIT 1   [ RunTime:0.0000s ]
SQL: SELECT * FROM `tiku_point` WHERE ( parent_id=89 ) LIMIT 1   [ RunTime:0.0000s ]
SQL: SELECT * FROM `tiku_point` WHERE ( parent_id=258 ) LIMIT 1   [ RunTime:0.0020s ]
SQL: SELECT * FROM `tiku_point` WHERE ( parent_id=259 ) LIMIT 1   [ RunTime:0.0010s ]
SQL: SELECT * FROM `tiku_point` WHERE ( parent_id=260 ) LIMIT 1   [ RunTime:0.0020s ]
SQL: SELECT * FROM `tiku_point` WHERE ( parent_id=90 ) LIMIT 1   [ RunTime:0.0010s ]
SQL: SELECT * FROM `tiku_point` WHERE ( parent_id=261 ) LIMIT 1   [ RunTime:0.0010s ]
SQL: SELECT * FROM `tiku_point` WHERE ( parent_id=262 ) LIMIT 1   [ RunTime:0.0010s ]
SQL: SELECT * FROM `tiku_point` WHERE ( parent_id=91 ) LIMIT 1   [ RunTime:0.0000s ]
SQL: SELECT * FROM `tiku_point` WHERE ( parent_id=263 ) LIMIT 1   [ RunTime:0.0010s ]
SQL: SELECT * FROM `tiku_point` WHERE ( parent_id=264 ) LIMIT 1   [ RunTime:0.0020s ]
SQL: SELECT * FROM `tiku_point` WHERE ( parent_id=265 ) LIMIT 1   [ RunTime:0.0020s ]
SQL: SELECT * FROM `tiku_point` WHERE ( parent_id=266 ) LIMIT 1   [ RunTime:0.0020s ]
SQL: SELECT * FROM `tiku_point` WHERE ( parent_id=92 ) LIMIT 1   [ RunTime:0.0000s ]
SQL: SELECT * FROM `tiku_point` WHERE ( parent_id=267 ) LIMIT 1   [ RunTime:0.0020s ]
SQL: SELECT * FROM `tiku_point` WHERE ( parent_id=268 ) LIMIT 1   [ RunTime:0.0020s ]
SQL: SELECT * FROM `tiku_point` WHERE ( parent_id=93 ) LIMIT 1   [ RunTime:0.0010s ]
SQL: SELECT * FROM `tiku_point` WHERE ( parent_id=269 ) LIMIT 1   [ RunTime:0.0010s ]
SQL: SELECT * FROM `tiku_point` WHERE ( parent_id=94 ) LIMIT 1   [ RunTime:0.0000s ]
SQL: SELECT * FROM `tiku_point` WHERE ( parent_id=95 ) LIMIT 1   [ RunTime:0.0000s ]
SQL: SELECT * FROM `tiku_point` WHERE ( parent_id=270 ) LIMIT 1   [ RunTime:0.0020s ]
SQL: SELECT * FROM `tiku_point` WHERE ( parent_id=96 ) LIMIT 1   [ RunTime:0.0000s ]
SQL: SELECT * FROM `tiku_point` WHERE ( parent_id=271 ) LIMIT 1   [ RunTime:0.0010s ]
SQL: SELECT * FROM `tiku_point` WHERE ( parent_id=97 ) LIMIT 1   [ RunTime:0.0010s ]
SQL: SELECT * FROM `tiku_point` WHERE ( parent_id=98 ) LIMIT 1   [ RunTime:0.0000s ]
SQL: SELECT * FROM `tiku_point` WHERE ( parent_id=272 ) LIMIT 1   [ RunTime:0.0020s ]
SQL: SELECT * FROM `tiku_point` WHERE ( parent_id=273 ) LIMIT 1   [ RunTime:0.0010s ]
SQL: SELECT * FROM `tiku_point` WHERE ( parent_id=99 ) LIMIT 1   [ RunTime:0.0000s ]
SQL: SELECT * FROM `tiku_point` WHERE ( parent_id=274 ) LIMIT 1   [ RunTime:0.0010s ]
SQL: SELECT * FROM `tiku_point` WHERE ( parent_id=275 ) LIMIT 1   [ RunTime:0.0020s ]
SQL: SELECT * FROM `tiku_point` WHERE ( parent_id=100 ) LIMIT 1   [ RunTime:0.0000s ]
SQL: SELECT * FROM `tiku_point` WHERE ( parent_id=276 ) LIMIT 1   [ RunTime:0.0010s ]
SQL: SELECT * FROM `tiku_point` WHERE ( parent_id=101 ) LIMIT 1   [ RunTime:0.0000s ]
SQL: SELECT * FROM `tiku_point` WHERE ( parent_id=102 ) LIMIT 1   [ RunTime:0.0000s ]
SQL: SELECT * FROM `tiku_point` WHERE ( parent_id=277 ) LIMIT 1   [ RunTime:0.0020s ]
SQL: SELECT * FROM `tiku_point` WHERE ( parent_id=103 ) LIMIT 1   [ RunTime:0.0010s ]
SQL: SELECT * FROM `tiku_point` WHERE ( parent_id=278 ) LIMIT 1   [ RunTime:0.0010s ]
SQL: SELECT * FROM `tiku_point` WHERE ( parent_id=104 ) LIMIT 1   [ RunTime:0.0000s ]
SQL: SELECT * FROM `tiku_point` WHERE ( parent_id=105 ) LIMIT 1   [ RunTime:0.0000s ]
SQL: SELECT * FROM `tiku_point` WHERE ( parent_id=279 ) LIMIT 1   [ RunTime:0.0010s ]
SQL: SELECT * FROM `tiku_point` WHERE ( parent_id=106 ) LIMIT 1   [ RunTime:0.0000s ]
SQL: SELECT * FROM `tiku_point` WHERE ( parent_id=280 ) LIMIT 1   [ RunTime:0.0020s ]
SQL: SELECT * FROM `tiku_point` WHERE ( parent_id=107 ) LIMIT 1   [ RunTime:0.0000s ]
SQL: SELECT * FROM `tiku_point` WHERE ( parent_id=108 ) LIMIT 1   [ RunTime:0.0000s ]
SQL: SELECT * FROM `tiku_point` WHERE ( parent_id=281 ) LIMIT 1   [ RunTime:0.0010s ]
SQL: SELECT * FROM `tiku_point` WHERE ( parent_id=282 ) LIMIT 1   [ RunTime:0.0020s ]
SQL: SELECT * FROM `tiku_point` WHERE ( parent_id=109 ) LIMIT 1   [ RunTime:0.0000s ]
SQL: SELECT * FROM `tiku_point` WHERE ( parent_id=283 ) LIMIT 1   [ RunTime:0.0020s ]
SQL: SELECT * FROM `tiku_point` WHERE ( parent_id=284 ) LIMIT 1   [ RunTime:0.0020s ]
SQL: SELECT * FROM `tiku_point` WHERE ( parent_id=110 ) LIMIT 1   [ RunTime:0.0000s ]
SQL: SELECT * FROM `tiku_point` WHERE ( parent_id=285 ) LIMIT 1   [ RunTime:0.0020s ]
SQL: SELECT * FROM `tiku_point` WHERE ( parent_id=286 ) LIMIT 1   [ RunTime:0.0020s ]
SQL: SELECT * FROM `tiku_point` WHERE ( parent_id=111 ) LIMIT 1   [ RunTime:0.0000s ]
SQL: SELECT * FROM `tiku_point` WHERE ( parent_id=112 ) LIMIT 1   [ RunTime:0.0000s ]
SQL: SELECT * FROM `tiku_point` WHERE ( parent_id=287 ) LIMIT 1   [ RunTime:0.0010s ]
SQL: SELECT * FROM `tiku_point` WHERE ( parent_id=113 ) LIMIT 1   [ RunTime:0.0000s ]
SQL: SELECT * FROM `tiku_point` WHERE ( parent_id=288 ) LIMIT 1   [ RunTime:0.0010s ]
SQL: SELECT * FROM `tiku_point` WHERE ( parent_id=289 ) LIMIT 1   [ RunTime:0.0020s ]
SQL: SELECT * FROM `tiku_point` WHERE ( parent_id=114 ) LIMIT 1   [ RunTime:0.0000s ]
SQL: SELECT * FROM `tiku_point` WHERE ( parent_id=290 ) LIMIT 1   [ RunTime:0.0020s ]
SQL: SELECT * FROM `tiku_point` WHERE ( parent_id=291 ) LIMIT 1   [ RunTime:0.0010s ]
SQL: SELECT * FROM `tiku_point` WHERE ( parent_id=115 ) LIMIT 1   [ RunTime:0.0010s ]
SQL: SELECT * FROM `tiku_point` WHERE ( parent_id=292 ) LIMIT 1   [ RunTime:0.0010s ]
SQL: SELECT * FROM `tiku_point` WHERE ( parent_id=116 ) LIMIT 1   [ RunTime:0.0010s ]
SQL: SELECT * FROM `tiku_point` WHERE ( parent_id=117 ) LIMIT 1   [ RunTime:0.0000s ]
SQL: SELECT * FROM `tiku_point` WHERE ( parent_id=293 ) LIMIT 1   [ RunTime:0.0020s ]
SQL: SELECT * FROM `tiku_point` WHERE ( parent_id=294 ) LIMIT 1   [ RunTime:0.0010s ]
SQL: SELECT * FROM `tiku_point` WHERE ( parent_id=295 ) LIMIT 1   [ RunTime:0.0020s ]
SQL: SELECT * FROM `tiku_point` WHERE ( parent_id=296 ) LIMIT 1   [ RunTime:0.0030s ]
SQL: SELECT * FROM `tiku_point` WHERE ( parent_id=118 ) LIMIT 1   [ RunTime:0.0000s ]
SQL: SELECT * FROM `tiku_point` WHERE ( parent_id=297 ) LIMIT 1   [ RunTime:0.0020s ]
SQL: SELECT * FROM `tiku_point` WHERE ( parent_id=298 ) LIMIT 1   [ RunTime:0.0020s ]
SQL: SELECT * FROM `tiku_point` WHERE ( parent_id=299 ) LIMIT 1   [ RunTime:0.0010s ]
SQL: SELECT * FROM `tiku_point` WHERE ( parent_id=300 ) LIMIT 1   [ RunTime:0.0020s ]
SQL: SELECT * FROM `tiku_point` WHERE ( parent_id=301 ) LIMIT 1   [ RunTime:0.0020s ]
SQL: SELECT * FROM `tiku_point` WHERE ( parent_id=119 ) LIMIT 1   [ RunTime:0.0000s ]
SQL: SELECT * FROM `tiku_point` WHERE ( parent_id=302 ) LIMIT 1   [ RunTime:0.0010s ]
SQL: SELECT * FROM `tiku_point` WHERE ( parent_id=303 ) LIMIT 1   [ RunTime:0.0020s ]
SQL: SELECT * FROM `tiku_point` WHERE ( parent_id=304 ) LIMIT 1   [ RunTime:0.0010s ]
SQL: SELECT * FROM `tiku_point` WHERE ( parent_id=305 ) LIMIT 1   [ RunTime:0.0020s ]
SQL: SELECT * FROM `tiku_point` WHERE ( parent_id=306 ) LIMIT 1   [ RunTime:0.0020s ]
SQL: SELECT * FROM `tiku_point` WHERE ( parent_id=307 ) LIMIT 1   [ RunTime:0.0010s ]
SQL: SELECT * FROM `tiku_point` WHERE ( parent_id=120 ) LIMIT 1   [ RunTime:0.0000s ]
SQL: SELECT * FROM `tiku_point` WHERE ( parent_id=121 ) LIMIT 1   [ RunTime:0.0000s ]
SQL: SELECT * FROM `tiku_point` WHERE ( parent_id=308 ) LIMIT 1   [ RunTime:0.0020s ]
SQL: SELECT * FROM `tiku_point` WHERE ( parent_id=309 ) LIMIT 1   [ RunTime:0.0010s ]
SQL: SELECT * FROM `tiku_point` WHERE ( parent_id=122 ) LIMIT 1   [ RunTime:0.0010s ]
SQL: SELECT * FROM `tiku_point` WHERE ( parent_id=310 ) LIMIT 1   [ RunTime:0.0020s ]
SQL: SELECT * FROM `tiku_point` WHERE ( parent_id=311 ) LIMIT 1   [ RunTime:0.0020s ]
SQL: SELECT * FROM `tiku_point` WHERE ( parent_id=123 ) LIMIT 1   [ RunTime:0.0000s ]
SQL: SELECT * FROM `tiku_point` WHERE ( parent_id=312 ) LIMIT 1   [ RunTime:0.0020s ]
SQL: SELECT * FROM `tiku_point` WHERE ( parent_id=313 ) LIMIT 1   [ RunTime:0.0010s ]
SQL: SELECT * FROM `tiku_point` WHERE ( parent_id=314 ) LIMIT 1   [ RunTime:0.0020s ]
SQL: SELECT * FROM `tiku_point` WHERE ( parent_id=315 ) LIMIT 1   [ RunTime:0.0020s ]
SQL: SELECT * FROM `tiku_point` WHERE ( parent_id=316 ) LIMIT 1   [ RunTime:0.0010s ]
SQL: SELECT * FROM `tiku_point` WHERE ( parent_id=124 ) LIMIT 1   [ RunTime:0.0000s ]
SQL: SELECT * FROM `tiku_point` WHERE ( parent_id=317 ) LIMIT 1   [ RunTime:0.0010s ]
SQL: SELECT * FROM `tiku_point` WHERE ( parent_id=318 ) LIMIT 1   [ RunTime:0.0020s ]
SQL: SELECT * FROM `tiku_point` WHERE ( parent_id=319 ) LIMIT 1   [ RunTime:0.0020s ]
SQL: SELECT * FROM `tiku_point` WHERE ( parent_id=320 ) LIMIT 1   [ RunTime:0.0010s ]
SQL: SELECT * FROM `tiku_point` WHERE ( parent_id=125 ) LIMIT 1   [ RunTime:0.0010s ]
SQL: SELECT * FROM `tiku_point` WHERE ( parent_id=321 ) LIMIT 1   [ RunTime:0.0010s ]
SQL: SELECT * FROM `tiku_point` WHERE ( parent_id=126 ) LIMIT 1   [ RunTime:0.0000s ]
SQL: SELECT * FROM `tiku_point` WHERE ( parent_id=127 ) LIMIT 1   [ RunTime:0.0000s ]
SQL: SELECT * FROM `tiku_point` WHERE ( parent_id=322 ) LIMIT 1   [ RunTime:0.0020s ]
SQL: SELECT * FROM `tiku_point` WHERE ( parent_id=323 ) LIMIT 1   [ RunTime:0.0010s ]
SQL: SELECT * FROM `tiku_point` WHERE ( parent_id=324 ) LIMIT 1   [ RunTime:0.0010s ]
SQL: SELECT * FROM `tiku_point` WHERE ( parent_id=325 ) LIMIT 1   [ RunTime:0.0020s ]
SQL: SELECT * FROM `tiku_point` WHERE ( parent_id=128 ) LIMIT 1   [ RunTime:0.0000s ]
SQL: SELECT * FROM `tiku_point` WHERE ( parent_id=326 ) LIMIT 1   [ RunTime:0.0020s ]
SQL: SELECT * FROM `tiku_point` WHERE ( parent_id=327 ) LIMIT 1   [ RunTime:0.0010s ]
SQL: SELECT * FROM `tiku_point` WHERE ( parent_id=328 ) LIMIT 1   [ RunTime:0.0010s ]
SQL: SELECT * FROM `tiku_point` WHERE ( parent_id=329 ) LIMIT 1   [ RunTime:0.0010s ]
SQL: SELECT * FROM `tiku_point` WHERE ( parent_id=129 ) LIMIT 1   [ RunTime:0.0010s ]
SQL: SELECT * FROM `tiku_point` WHERE ( parent_id=130 ) LIMIT 1   [ RunTime:0.0000s ]
SQL: SELECT * FROM `tiku_point` WHERE ( parent_id=330 ) LIMIT 1   [ RunTime:0.0020s ]
SQL: SELECT * FROM `tiku_point` WHERE ( parent_id=331 ) LIMIT 1   [ RunTime:0.0010s ]
SQL: SELECT * FROM `tiku_point` WHERE ( parent_id=332 ) LIMIT 1   [ RunTime:0.0010s ]
SQL: SELECT * FROM `tiku_point` WHERE ( parent_id=333 ) LIMIT 1   [ RunTime:0.0020s ]
SQL: SELECT * FROM `tiku_point` WHERE ( parent_id=131 ) LIMIT 1   [ RunTime:0.0000s ]
SQL: SELECT * FROM `tiku_point` WHERE ( parent_id=334 ) LIMIT 1   [ RunTime:0.0020s ]
SQL: SELECT * FROM `tiku_point` WHERE ( parent_id=132 ) LIMIT 1   [ RunTime:0.0000s ]
SQL: SELECT * FROM `tiku_point` WHERE ( parent_id=335 ) LIMIT 1   [ RunTime:0.0020s ]
SQL: SELECT * FROM `tiku_point` WHERE ( parent_id=336 ) LIMIT 1   [ RunTime:0.0020s ]
SQL: SELECT * FROM `tiku_point` WHERE ( parent_id=133 ) LIMIT 1   [ RunTime:0.0000s ]
SQL: SELECT * FROM `tiku_point` WHERE ( parent_id=337 ) LIMIT 1   [ RunTime:0.0020s ]
SQL: SELECT * FROM `tiku_point` WHERE ( parent_id=134 ) LIMIT 1   [ RunTime:0.0000s ]
SQL: SELECT * FROM `tiku_point` WHERE ( parent_id=338 ) LIMIT 1   [ RunTime:0.0010s ]
SQL: SELECT * FROM `tiku_point` WHERE ( parent_id=135 ) LIMIT 1   [ RunTime:0.0000s ]
SQL: SELECT * FROM `tiku_point` WHERE ( parent_id=136 ) LIMIT 1   [ RunTime:0.0010s ]
SQL: SELECT * FROM `tiku_point` WHERE ( parent_id=339 ) LIMIT 1   [ RunTime:0.0010s ]
SQL: SELECT * FROM `tiku_point` WHERE ( parent_id=340 ) LIMIT 1   [ RunTime:0.0020s ]
SQL: SELECT * FROM `tiku_point` WHERE ( parent_id=341 ) LIMIT 1   [ RunTime:0.0020s ]
SQL: SELECT * FROM `tiku_point` WHERE ( parent_id=342 ) LIMIT 1   [ RunTime:0.0010s ]
SQL: SELECT * FROM `tiku_point` WHERE ( parent_id=137 ) LIMIT 1   [ RunTime:0.0010s ]
SQL: SELECT * FROM `tiku_point` WHERE ( parent_id=343 ) LIMIT 1   [ RunTime:0.0020s ]
SQL: SELECT * FROM `tiku_point` WHERE ( parent_id=344 ) LIMIT 1   [ RunTime:0.0010s ]
SQL: SELECT * FROM `tiku_point` WHERE ( parent_id=345 ) LIMIT 1   [ RunTime:0.0020s ]
SQL: SELECT * FROM `tiku_point` WHERE ( parent_id=346 ) LIMIT 1   [ RunTime:0.0020s ]
SQL: SELECT * FROM `tiku_point` WHERE ( parent_id=138 ) LIMIT 1   [ RunTime:0.0000s ]
SQL: SELECT * FROM `tiku_point` WHERE ( parent_id=347 ) LIMIT 1   [ RunTime:0.0020s ]
SQL: SELECT * FROM `tiku_point` WHERE ( parent_id=348 ) LIMIT 1   [ RunTime:0.0010s ]
SQL: SELECT * FROM `tiku_point` WHERE ( parent_id=349 ) LIMIT 1   [ RunTime:0.0020s ]
SQL: SELECT * FROM `tiku_point` WHERE ( parent_id=139 ) LIMIT 1   [ RunTime:0.0000s ]
SQL: SELECT * FROM `tiku_point` WHERE ( parent_id=350 ) LIMIT 1   [ RunTime:0.0020s ]
SQL: SELECT * FROM `tiku_point` WHERE ( parent_id=351 ) LIMIT 1   [ RunTime:0.0020s ]
SQL: SHOW COLUMNS FROM `tiku` [ RunTime:0.0030s ]
NOTIC: [8] Undefined variable: str D:\xampp\htdocs\tiku\ThinkPHP\Library\Think\Page.class.php 第 154 行.
NOTIC: [8] Undefined variable: the_end D:\xampp\htdocs\tiku\ThinkPHP\Library\Think\Page.class.php 第 214 行.
NOTIC: [8] Undefined variable: join2 D:\xampp\htdocs\tiku\Application\Home\Controller\TikuController.class.php 第 150 行.
SQL: SELECT tiku.`id`,tiku.options,tiku.`content`,tiku.`clicks`,tiku_source.`source_name`,tiku.difficulty_id FROM `tiku` INNER JOIN tiku_source use index(course_id) on tiku_source.id=tiku.source_id  WHERE ( tiku_source.course_id=3  ) LIMIT 0,10   [ RunTime:0.0110s ]
INFO: [ view_parse ] --START--
INFO: [ template_filter ] --START--
INFO: Run Behavior\ContentReplaceBehavior [ RunTime:0.000000s ]
INFO: [ template_filter ] --END-- [ RunTime:0.000000s ]
NOTIC: [8] Undefined variable: wenli D:\xampp\htdocs\tiku\Application\Runtime\Cache\Home\2d7125a787b7078c141d5942edc0b2c5.php 第 345 行.
NOTIC: [2] Invalid argument supplied for foreach() D:\xampp\htdocs\tiku\Application\Runtime\Cache\Home\2d7125a787b7078c141d5942edc0b2c5.php 第 422 行.
NOTIC: [8] Undefined variable: tikus_in_collect D:\xampp\htdocs\tiku\Application\Runtime\Cache\Home\2d7125a787b7078c141d5942edc0b2c5.php 第 520 行.
NOTIC: [8] Undefined variable: ceping D:\xampp\htdocs\tiku\Application\Runtime\Cache\Home\2d7125a787b7078c141d5942edc0b2c5.php 第 554 行.
INFO: Run Behavior\ParseTemplateBehavior [ RunTime:0.059004s ]
INFO: [ view_parse ] --END-- [ RunTime:0.059004s ]
INFO: [ view_filter ] --START--
INFO: Run Behavior\WriteHtmlCacheBehavior [ RunTime:0.000000s ]
INFO: [ view_filter ] --END-- [ RunTime:0.000000s ]
INFO: [ app_end ] --START--
INFO: Run Behavior\ShowPageTraceBehavior [ RunTime:0.000000s ]
INFO: [ app_end ] --END-- [ RunTime:0.001000s ]

