[ 2016-01-07T14:52:18+08:00 ] 127.0.0.1 /
INFO: [ app_init ] --START--
INFO: Run Behavior\BuildLiteBehavior [ RunTime:0.000000s ]
INFO: [ app_init ] --END-- [ RunTime:0.001000s ]
INFO: [ app_begin ] --START--
INFO: Run Behavior\ReadHtmlCacheBehavior [ RunTime:0.001000s ]
INFO: [ app_begin ] --END-- [ RunTime:0.003000s ]
SQL: SHOW COLUMNS FROM `tiku_course` [ RunTime:0.0040s ]
SQL: SELECT * FROM `tiku_course` WHERE ( status=1 )  [ RunTime:0.0000s ]
SQL: SELECT * FROM `tiku_course` WHERE ( status=1 )  [ RunTime:0.0000s ]
INFO: [ view_parse ] --START--
INFO: [ template_filter ] --START--
INFO: Run Behavior\ContentReplaceBehavior [ RunTime:0.000000s ]
INFO: [ template_filter ] --END-- [ RunTime:0.000000s ]
INFO: Run Behavior\ParseTemplateBehavior [ RunTime:0.011001s ]
INFO: [ view_parse ] --END-- [ RunTime:0.011001s ]
INFO: [ view_filter ] --START--
INFO: Run Behavior\WriteHtmlCacheBehavior [ RunTime:0.000000s ]
INFO: [ view_filter ] --END-- [ RunTime:0.000000s ]
INFO: [ app_end ] --START--
INFO: Run Behavior\ShowPageTraceBehavior [ RunTime:0.000000s ]
INFO: [ app_end ] --END-- [ RunTime:0.000000s ]

[ 2016-01-07T14:52:29+08:00 ] 127.0.0.1 /member/login
INFO: [ app_init ] --START--
INFO: Run Behavior\BuildLiteBehavior [ RunTime:0.000000s ]
INFO: [ app_init ] --END-- [ RunTime:0.001001s ]
INFO: [ app_begin ] --START--
INFO: Run Behavior\ReadHtmlCacheBehavior [ RunTime:0.000000s ]
INFO: [ app_begin ] --END-- [ RunTime:0.000000s ]
SQL: SHOW COLUMNS FROM `tiku_course` [ RunTime:0.0030s ]
SQL: SELECT * FROM `tiku_course` WHERE ( status=1 )  [ RunTime:0.0000s ]
SQL: SELECT * FROM `tiku_course` WHERE ( status=1 )  [ RunTime:0.0000s ]
INFO: [ view_parse ] --START--
INFO: [ template_filter ] --START--
INFO: Run Behavior\ContentReplaceBehavior [ RunTime:0.000000s ]
INFO: [ template_filter ] --END-- [ RunTime:0.000000s ]
NOTIC: [8] Undefined variable: error_msg D:\xampp\htdocs\tiku\Application\Runtime\Cache\Home\c4e9b6f7cdab83725c9facfcc5440efe.php 第 39 行.
INFO: Run Behavior\ParseTemplateBehavior [ RunTime:0.040002s ]
INFO: [ view_parse ] --END-- [ RunTime:0.040002s ]
INFO: [ view_filter ] --START--
INFO: Run Behavior\WriteHtmlCacheBehavior [ RunTime:0.001000s ]
INFO: [ view_filter ] --END-- [ RunTime:0.001000s ]
INFO: [ app_end ] --START--
INFO: Run Behavior\ShowPageTraceBehavior [ RunTime:0.001000s ]
INFO: [ app_end ] --END-- [ RunTime:0.001000s ]

[ 2016-01-07T14:52:31+08:00 ] 127.0.0.1 /member/ajaxCheckUser
INFO: [ app_init ] --START--
INFO: Run Behavior\BuildLiteBehavior [ RunTime:0.000000s ]
INFO: [ app_init ] --END-- [ RunTime:0.000000s ]
INFO: [ app_begin ] --START--
INFO: Run Behavior\ReadHtmlCacheBehavior [ RunTime:0.001000s ]
INFO: [ app_begin ] --END-- [ RunTime:0.001000s ]
SQL: SHOW COLUMNS FROM `tiku_course` [ RunTime:0.0030s ]
SQL: SELECT * FROM `tiku_course` WHERE ( status=1 )  [ RunTime:0.0000s ]
SQL: SELECT * FROM `tiku_course` WHERE ( status=1 )  [ RunTime:0.0000s ]
SQL: SHOW COLUMNS FROM `user` [ RunTime:0.0030s ]
SQL: SELECT * FROM `user` WHERE ( email='vonsen_wang@163.com' OR telphone='vonsen_wang@163.com' ) LIMIT 1   [ RunTime:0.0000s ]

[ 2016-01-07T14:52:34+08:00 ] 127.0.0.1 /member/login
INFO: [ app_init ] --START--
INFO: Run Behavior\BuildLiteBehavior [ RunTime:0.000000s ]
INFO: [ app_init ] --END-- [ RunTime:0.000000s ]
INFO: [ app_begin ] --START--
INFO: Run Behavior\ReadHtmlCacheBehavior [ RunTime:0.000000s ]
INFO: [ app_begin ] --END-- [ RunTime:0.000000s ]
SQL: SHOW COLUMNS FROM `tiku_course` [ RunTime:0.0030s ]
SQL: SELECT * FROM `tiku_course` WHERE ( status=1 )  [ RunTime:0.0010s ]
SQL: SELECT * FROM `tiku_course` WHERE ( status=1 )  [ RunTime:0.0000s ]
SQL: SHOW COLUMNS FROM `user` [ RunTime:0.0040s ]
NOTIC: [8] Undefined variable: tel D:\xampp\htdocs\tiku\Application\Home\Controller\MemberController.class.php 第 363 行.
SQL: SELECT * FROM `user` WHERE ( email='vonsen_wang@163.com' OR telphone='' ) LIMIT 1   [ RunTime:0.0000s ]

[ 2016-01-07T14:52:34+08:00 ] 127.0.0.1 /
INFO: [ app_init ] --START--
INFO: Run Behavior\BuildLiteBehavior [ RunTime:0.000000s ]
INFO: [ app_init ] --END-- [ RunTime:0.000000s ]
INFO: [ app_begin ] --START--
INFO: Run Behavior\ReadHtmlCacheBehavior [ RunTime:0.002000s ]
INFO: [ app_begin ] --END-- [ RunTime:0.002000s ]
SQL: SHOW COLUMNS FROM `user_collected` [ RunTime:0.0040s ]
SQL: SELECT `tiku_id` FROM `user_collected` WHERE ( user_id=12 )  [ RunTime:0.0000s ]
SQL: SHOW COLUMNS FROM `tiku_course` [ RunTime:0.0030s ]
SQL: SELECT * FROM `tiku_course` WHERE ( status=1 )  [ RunTime:0.0000s ]
SQL: SELECT * FROM `tiku_course` WHERE ( status=1 )  [ RunTime:0.0000s ]
INFO: [ view_parse ] --START--
INFO: [ template_filter ] --START--
INFO: Run Behavior\ContentReplaceBehavior [ RunTime:0.000000s ]
INFO: [ template_filter ] --END-- [ RunTime:0.000000s ]
INFO: Run Behavior\ParseTemplateBehavior [ RunTime:0.009001s ]
INFO: [ view_parse ] --END-- [ RunTime:0.009001s ]
INFO: [ view_filter ] --START--
INFO: Run Behavior\WriteHtmlCacheBehavior [ RunTime:0.001000s ]
INFO: [ view_filter ] --END-- [ RunTime:0.001000s ]
INFO: [ app_end ] --START--
INFO: Run Behavior\ShowPageTraceBehavior [ RunTime:0.001000s ]
INFO: [ app_end ] --END-- [ RunTime:0.001000s ]

[ 2016-01-07T14:53:51+08:00 ] 127.0.0.1 /member/logout
INFO: [ app_init ] --START--
INFO: Run Behavior\BuildLiteBehavior [ RunTime:0.000000s ]
INFO: [ app_init ] --END-- [ RunTime:0.000000s ]
INFO: [ app_begin ] --START--
INFO: Run Behavior\ReadHtmlCacheBehavior [ RunTime:0.000000s ]
INFO: [ app_begin ] --END-- [ RunTime:0.000000s ]
SQL: SHOW COLUMNS FROM `user_collected` [ RunTime:0.0030s ]
SQL: SELECT `tiku_id` FROM `user_collected` WHERE ( user_id=12 )  [ RunTime:0.0000s ]
SQL: SHOW COLUMNS FROM `tiku_course` [ RunTime:0.0050s ]
SQL: SELECT * FROM `tiku_course` WHERE ( status=1 )  [ RunTime:0.0000s ]
SQL: SELECT * FROM `tiku_course` WHERE ( status=1 )  [ RunTime:0.0000s ]

[ 2016-01-07T14:53:51+08:00 ] 127.0.0.1 /
INFO: [ app_init ] --START--
INFO: Run Behavior\BuildLiteBehavior [ RunTime:0.000000s ]
INFO: [ app_init ] --END-- [ RunTime:0.000000s ]
INFO: [ app_begin ] --START--
INFO: Run Behavior\ReadHtmlCacheBehavior [ RunTime:0.000000s ]
INFO: [ app_begin ] --END-- [ RunTime:0.000000s ]
SQL: SHOW COLUMNS FROM `tiku_course` [ RunTime:0.0040s ]
SQL: SELECT * FROM `tiku_course` WHERE ( status=1 )  [ RunTime:0.0000s ]
SQL: SELECT * FROM `tiku_course` WHERE ( status=1 )  [ RunTime:0.0000s ]
INFO: [ view_parse ] --START--
INFO: [ template_filter ] --START--
INFO: Run Behavior\ContentReplaceBehavior [ RunTime:0.000000s ]
INFO: [ template_filter ] --END-- [ RunTime:0.000000s ]
INFO: Run Behavior\ParseTemplateBehavior [ RunTime:0.010001s ]
INFO: [ view_parse ] --END-- [ RunTime:0.010001s ]
INFO: [ view_filter ] --START--
INFO: Run Behavior\WriteHtmlCacheBehavior [ RunTime:0.000000s ]
INFO: [ view_filter ] --END-- [ RunTime:0.000000s ]
INFO: [ app_end ] --START--
INFO: Run Behavior\ShowPageTraceBehavior [ RunTime:0.000000s ]
INFO: [ app_end ] --END-- [ RunTime:0.000000s ]

[ 2016-01-07T14:53:52+08:00 ] 127.0.0.1 /member/login
INFO: [ app_init ] --START--
INFO: Run Behavior\BuildLiteBehavior [ RunTime:0.000000s ]
INFO: [ app_init ] --END-- [ RunTime:0.001000s ]
INFO: [ app_begin ] --START--
INFO: Run Behavior\ReadHtmlCacheBehavior [ RunTime:0.001000s ]
INFO: [ app_begin ] --END-- [ RunTime:0.001000s ]
SQL: SHOW COLUMNS FROM `tiku_course` [ RunTime:0.0030s ]
SQL: SELECT * FROM `tiku_course` WHERE ( status=1 )  [ RunTime:0.0000s ]
SQL: SELECT * FROM `tiku_course` WHERE ( status=1 )  [ RunTime:0.0000s ]
INFO: [ view_parse ] --START--
INFO: [ template_filter ] --START--
INFO: Run Behavior\ContentReplaceBehavior [ RunTime:0.000000s ]
INFO: [ template_filter ] --END-- [ RunTime:0.000000s ]
NOTIC: [8] Undefined variable: error_msg D:\xampp\htdocs\tiku\Application\Runtime\Cache\Home\c4e9b6f7cdab83725c9facfcc5440efe.php 第 39 行.
INFO: Run Behavior\ParseTemplateBehavior [ RunTime:0.007001s ]
INFO: [ view_parse ] --END-- [ RunTime:0.007001s ]
INFO: [ view_filter ] --START--
INFO: Run Behavior\WriteHtmlCacheBehavior [ RunTime:0.000000s ]
INFO: [ view_filter ] --END-- [ RunTime:0.000000s ]
INFO: [ app_end ] --START--
INFO: Run Behavior\ShowPageTraceBehavior [ RunTime:0.001000s ]
INFO: [ app_end ] --END-- [ RunTime:0.001000s ]

[ 2016-01-07T14:53:55+08:00 ] 127.0.0.1 /member/ajaxCheckUser
INFO: [ app_init ] --START--
INFO: Run Behavior\BuildLiteBehavior [ RunTime:0.000000s ]
INFO: [ app_init ] --END-- [ RunTime:0.001000s ]
INFO: [ app_begin ] --START--
INFO: Run Behavior\ReadHtmlCacheBehavior [ RunTime:0.001000s ]
INFO: [ app_begin ] --END-- [ RunTime:0.001000s ]
SQL: SHOW COLUMNS FROM `tiku_course` [ RunTime:0.0030s ]
SQL: SELECT * FROM `tiku_course` WHERE ( status=1 )  [ RunTime:0.0010s ]
SQL: SELECT * FROM `tiku_course` WHERE ( status=1 )  [ RunTime:0.0000s ]
SQL: SHOW COLUMNS FROM `user` [ RunTime:0.0030s ]
SQL: SELECT * FROM `user` WHERE ( email='vonsen_wang@163.com' OR telphone='vonsen_wang@163.com' ) LIMIT 1   [ RunTime:0.0000s ]

[ 2016-01-07T14:53:57+08:00 ] 127.0.0.1 /member/login
INFO: [ app_init ] --START--
INFO: Run Behavior\BuildLiteBehavior [ RunTime:0.000000s ]
INFO: [ app_init ] --END-- [ RunTime:0.000000s ]
INFO: [ app_begin ] --START--
INFO: Run Behavior\ReadHtmlCacheBehavior [ RunTime:0.001001s ]
INFO: [ app_begin ] --END-- [ RunTime:0.001001s ]
SQL: SHOW COLUMNS FROM `tiku_course` [ RunTime:0.0030s ]
SQL: SELECT * FROM `tiku_course` WHERE ( status=1 )  [ RunTime:0.0000s ]
SQL: SELECT * FROM `tiku_course` WHERE ( status=1 )  [ RunTime:0.0000s ]
SQL: SHOW COLUMNS FROM `user` [ RunTime:0.0040s ]
NOTIC: [8] Undefined variable: tel D:\xampp\htdocs\tiku\Application\Home\Controller\MemberController.class.php 第 363 行.
SQL: SELECT * FROM `user` WHERE ( email='vonsen_wang@163.com' OR telphone='' ) LIMIT 1   [ RunTime:0.0000s ]

[ 2016-01-07T14:53:57+08:00 ] 127.0.0.1 /
INFO: [ app_init ] --START--
INFO: Run Behavior\BuildLiteBehavior [ RunTime:0.000000s ]
INFO: [ app_init ] --END-- [ RunTime:0.001000s ]
INFO: [ app_begin ] --START--
INFO: Run Behavior\ReadHtmlCacheBehavior [ RunTime:0.001000s ]
INFO: [ app_begin ] --END-- [ RunTime:0.001000s ]
SQL: SHOW COLUMNS FROM `user_collected` [ RunTime:0.0050s ]
SQL: SELECT `tiku_id` FROM `user_collected` WHERE ( user_id=12 )  [ RunTime:0.0000s ]
SQL: SHOW COLUMNS FROM `tiku_course` [ RunTime:0.0030s ]
SQL: SELECT * FROM `tiku_course` WHERE ( status=1 )  [ RunTime:0.0000s ]
SQL: SELECT * FROM `tiku_course` WHERE ( status=1 )  [ RunTime:0.0000s ]
INFO: [ view_parse ] --START--
INFO: [ template_filter ] --START--
INFO: Run Behavior\ContentReplaceBehavior [ RunTime:0.000000s ]
INFO: [ template_filter ] --END-- [ RunTime:0.000000s ]
INFO: Run Behavior\ParseTemplateBehavior [ RunTime:0.010000s ]
INFO: [ view_parse ] --END-- [ RunTime:0.010000s ]
INFO: [ view_filter ] --START--
INFO: Run Behavior\WriteHtmlCacheBehavior [ RunTime:0.001000s ]
INFO: [ view_filter ] --END-- [ RunTime:0.001000s ]
INFO: [ app_end ] --START--
INFO: Run Behavior\ShowPageTraceBehavior [ RunTime:0.000000s ]
INFO: [ app_end ] --END-- [ RunTime:0.001000s ]

[ 2016-01-07T14:54:01+08:00 ] 127.0.0.1 /member/logout
INFO: [ app_init ] --START--
INFO: Run Behavior\BuildLiteBehavior [ RunTime:0.000000s ]
INFO: [ app_init ] --END-- [ RunTime:0.000000s ]
INFO: [ app_begin ] --START--
INFO: Run Behavior\ReadHtmlCacheBehavior [ RunTime:0.001000s ]
INFO: [ app_begin ] --END-- [ RunTime:0.001000s ]
SQL: SHOW COLUMNS FROM `user_collected` [ RunTime:0.0030s ]
SQL: SELECT `tiku_id` FROM `user_collected` WHERE ( user_id=12 )  [ RunTime:0.0000s ]
SQL: SHOW COLUMNS FROM `tiku_course` [ RunTime:0.0040s ]
SQL: SELECT * FROM `tiku_course` WHERE ( status=1 )  [ RunTime:0.0000s ]
SQL: SELECT * FROM `tiku_course` WHERE ( status=1 )  [ RunTime:0.0000s ]

[ 2016-01-07T14:54:01+08:00 ] 127.0.0.1 /
INFO: [ app_init ] --START--
INFO: Run Behavior\BuildLiteBehavior [ RunTime:0.000000s ]
INFO: [ app_init ] --END-- [ RunTime:0.001000s ]
INFO: [ app_begin ] --START--
INFO: Run Behavior\ReadHtmlCacheBehavior [ RunTime:0.001000s ]
INFO: [ app_begin ] --END-- [ RunTime:0.001000s ]
SQL: SHOW COLUMNS FROM `tiku_course` [ RunTime:0.0030s ]
SQL: SELECT * FROM `tiku_course` WHERE ( status=1 )  [ RunTime:0.0000s ]
SQL: SELECT * FROM `tiku_course` WHERE ( status=1 )  [ RunTime:0.0000s ]
INFO: [ view_parse ] --START--
INFO: [ template_filter ] --START--
INFO: Run Behavior\ContentReplaceBehavior [ RunTime:0.000000s ]
INFO: [ template_filter ] --END-- [ RunTime:0.000000s ]
INFO: Run Behavior\ParseTemplateBehavior [ RunTime:0.010001s ]
INFO: [ view_parse ] --END-- [ RunTime:0.010001s ]
INFO: [ view_filter ] --START--
INFO: Run Behavior\WriteHtmlCacheBehavior [ RunTime:0.000000s ]
INFO: [ view_filter ] --END-- [ RunTime:0.000000s ]
INFO: [ app_end ] --START--
INFO: Run Behavior\ShowPageTraceBehavior [ RunTime:0.004000s ]
INFO: [ app_end ] --END-- [ RunTime:0.004000s ]

[ 2016-01-07T14:54:02+08:00 ] 127.0.0.1 /member/login
INFO: [ app_init ] --START--
INFO: Run Behavior\BuildLiteBehavior [ RunTime:0.000000s ]
INFO: [ app_init ] --END-- [ RunTime:0.001000s ]
INFO: [ app_begin ] --START--
INFO: Run Behavior\ReadHtmlCacheBehavior [ RunTime:0.001000s ]
INFO: [ app_begin ] --END-- [ RunTime:0.001000s ]
SQL: SHOW COLUMNS FROM `tiku_course` [ RunTime:0.0040s ]
SQL: SELECT * FROM `tiku_course` WHERE ( status=1 )  [ RunTime:0.0000s ]
SQL: SELECT * FROM `tiku_course` WHERE ( status=1 )  [ RunTime:0.0000s ]
INFO: [ view_parse ] --START--
INFO: [ template_filter ] --START--
INFO: Run Behavior\ContentReplaceBehavior [ RunTime:0.000000s ]
INFO: [ template_filter ] --END-- [ RunTime:0.000000s ]
NOTIC: [8] Undefined variable: error_msg D:\xampp\htdocs\tiku\Application\Runtime\Cache\Home\c4e9b6f7cdab83725c9facfcc5440efe.php 第 39 行.
INFO: Run Behavior\ParseTemplateBehavior [ RunTime:0.006000s ]
INFO: [ view_parse ] --END-- [ RunTime:0.006000s ]
INFO: [ view_filter ] --START--
INFO: Run Behavior\WriteHtmlCacheBehavior [ RunTime:0.000000s ]
INFO: [ view_filter ] --END-- [ RunTime:0.000000s ]
INFO: [ app_end ] --START--
INFO: Run Behavior\ShowPageTraceBehavior [ RunTime:0.000000s ]
INFO: [ app_end ] --END-- [ RunTime:0.000000s ]

[ 2016-01-07T14:54:05+08:00 ] 127.0.0.1 /member/ajaxCheckUser
INFO: [ app_init ] --START--
INFO: Run Behavior\BuildLiteBehavior [ RunTime:0.000000s ]
INFO: [ app_init ] --END-- [ RunTime:0.000000s ]
INFO: [ app_begin ] --START--
INFO: Run Behavior\ReadHtmlCacheBehavior [ RunTime:0.000000s ]
INFO: [ app_begin ] --END-- [ RunTime:0.000000s ]
SQL: SHOW COLUMNS FROM `tiku_course` [ RunTime:0.0040s ]
SQL: SELECT * FROM `tiku_course` WHERE ( status=1 )  [ RunTime:0.0000s ]
SQL: SELECT * FROM `tiku_course` WHERE ( status=1 )  [ RunTime:0.0000s ]
SQL: SHOW COLUMNS FROM `user` [ RunTime:0.0040s ]
SQL: SELECT * FROM `user` WHERE ( email='vonsen_wang@163.com' OR telphone='vonsen_wang@163.com' ) LIMIT 1   [ RunTime:0.0010s ]

[ 2016-01-07T14:54:08+08:00 ] 127.0.0.1 /member/login
INFO: [ app_init ] --START--
INFO: Run Behavior\BuildLiteBehavior [ RunTime:0.000000s ]
INFO: [ app_init ] --END-- [ RunTime:0.001000s ]
INFO: [ app_begin ] --START--
INFO: Run Behavior\ReadHtmlCacheBehavior [ RunTime:0.001000s ]
INFO: [ app_begin ] --END-- [ RunTime:0.001000s ]
SQL: SHOW COLUMNS FROM `tiku_course` [ RunTime:0.0030s ]
SQL: SELECT * FROM `tiku_course` WHERE ( status=1 )  [ RunTime:0.0000s ]
SQL: SELECT * FROM `tiku_course` WHERE ( status=1 )  [ RunTime:0.0000s ]
SQL: SHOW COLUMNS FROM `user` [ RunTime:0.0030s ]
NOTIC: [8] Undefined variable: tel D:\xampp\htdocs\tiku\Application\Home\Controller\MemberController.class.php 第 363 行.
SQL: SELECT * FROM `user` WHERE ( email='vonsen_wang@163.com' OR telphone='' ) LIMIT 1   [ RunTime:0.0000s ]

[ 2016-01-07T14:54:08+08:00 ] 127.0.0.1 /
INFO: [ app_init ] --START--
INFO: Run Behavior\BuildLiteBehavior [ RunTime:0.000000s ]
INFO: [ app_init ] --END-- [ RunTime:0.001000s ]
INFO: [ app_begin ] --START--
INFO: Run Behavior\ReadHtmlCacheBehavior [ RunTime:0.001000s ]
INFO: [ app_begin ] --END-- [ RunTime:0.001000s ]
SQL: SHOW COLUMNS FROM `user_collected` [ RunTime:0.0030s ]
SQL: SELECT `tiku_id` FROM `user_collected` WHERE ( user_id=12 )  [ RunTime:0.0000s ]
SQL: SHOW COLUMNS FROM `tiku_course` [ RunTime:0.0040s ]
SQL: SELECT * FROM `tiku_course` WHERE ( status=1 )  [ RunTime:0.0000s ]
SQL: SELECT * FROM `tiku_course` WHERE ( status=1 )  [ RunTime:0.0000s ]
INFO: [ view_parse ] --START--
INFO: [ template_filter ] --START--
INFO: Run Behavior\ContentReplaceBehavior [ RunTime:0.000000s ]
INFO: [ template_filter ] --END-- [ RunTime:0.000000s ]
INFO: Run Behavior\ParseTemplateBehavior [ RunTime:0.009001s ]
INFO: [ view_parse ] --END-- [ RunTime:0.009001s ]
INFO: [ view_filter ] --START--
INFO: Run Behavior\WriteHtmlCacheBehavior [ RunTime:0.000000s ]
INFO: [ view_filter ] --END-- [ RunTime:0.000000s ]
INFO: [ app_end ] --START--
INFO: Run Behavior\ShowPageTraceBehavior [ RunTime:0.000000s ]
INFO: [ app_end ] --END-- [ RunTime:0.000000s ]

[ 2016-01-07T14:56:28+08:00 ] 127.0.0.1 /
INFO: [ app_init ] --START--
INFO: Run Behavior\BuildLiteBehavior [ RunTime:0.000000s ]
INFO: [ app_init ] --END-- [ RunTime:0.001000s ]
INFO: [ app_begin ] --START--
INFO: Run Behavior\ReadHtmlCacheBehavior [ RunTime:0.000000s ]
INFO: [ app_begin ] --END-- [ RunTime:0.000000s ]
SQL: SHOW COLUMNS FROM `user` [ RunTime:0.0030s ]
SQL: SELECT * FROM `user` WHERE ( email='vonsen_wang@163.com' OR telphone='vonsen_wang@163.com' ) LIMIT 1   [ RunTime:0.0000s ]
SQL: SHOW COLUMNS FROM `tiku_course` [ RunTime:0.0040s ]
SQL: SELECT * FROM `tiku_course` WHERE ( status=1 )  [ RunTime:0.0000s ]
SQL: SELECT * FROM `tiku_course` WHERE ( status=1 )  [ RunTime:0.0000s ]
INFO: [ view_parse ] --START--
INFO: [ template_filter ] --START--
INFO: Run Behavior\ContentReplaceBehavior [ RunTime:0.000000s ]
INFO: [ template_filter ] --END-- [ RunTime:0.000000s ]
INFO: Run Behavior\ParseTemplateBehavior [ RunTime:0.009000s ]
INFO: [ view_parse ] --END-- [ RunTime:0.009000s ]
INFO: [ view_filter ] --START--
INFO: Run Behavior\WriteHtmlCacheBehavior [ RunTime:0.000000s ]
INFO: [ view_filter ] --END-- [ RunTime:0.000000s ]
INFO: [ app_end ] --START--
INFO: Run Behavior\ShowPageTraceBehavior [ RunTime:0.001001s ]
INFO: [ app_end ] --END-- [ RunTime:0.001001s ]

[ 2016-01-07T14:56:30+08:00 ] 127.0.0.1 /member/login
INFO: [ app_init ] --START--
INFO: Run Behavior\BuildLiteBehavior [ RunTime:0.000000s ]
INFO: [ app_init ] --END-- [ RunTime:0.000000s ]
INFO: [ app_begin ] --START--
INFO: Run Behavior\ReadHtmlCacheBehavior [ RunTime:0.001000s ]
INFO: [ app_begin ] --END-- [ RunTime:0.001000s ]
SQL: SHOW COLUMNS FROM `user` [ RunTime:0.0040s ]
SQL: SELECT * FROM `user` WHERE ( email='vonsen_wang@163.com' OR telphone='vonsen_wang@163.com' ) LIMIT 1   [ RunTime:0.0000s ]
SQL: SHOW COLUMNS FROM `tiku_course` [ RunTime:0.0030s ]
SQL: SELECT * FROM `tiku_course` WHERE ( status=1 )  [ RunTime:0.0010s ]
SQL: SELECT * FROM `tiku_course` WHERE ( status=1 )  [ RunTime:0.0000s ]
INFO: [ view_parse ] --START--
INFO: [ template_filter ] --START--
INFO: Run Behavior\ContentReplaceBehavior [ RunTime:0.000000s ]
INFO: [ template_filter ] --END-- [ RunTime:0.000000s ]
NOTIC: [8] Undefined variable: error_msg D:\xampp\htdocs\tiku\Application\Runtime\Cache\Home\c4e9b6f7cdab83725c9facfcc5440efe.php 第 39 行.
INFO: Run Behavior\ParseTemplateBehavior [ RunTime:0.007000s ]
INFO: [ view_parse ] --END-- [ RunTime:0.007000s ]
INFO: [ view_filter ] --START--
INFO: Run Behavior\WriteHtmlCacheBehavior [ RunTime:0.000000s ]
INFO: [ view_filter ] --END-- [ RunTime:0.000000s ]
INFO: [ app_end ] --START--
INFO: Run Behavior\ShowPageTraceBehavior [ RunTime:0.000000s ]
INFO: [ app_end ] --END-- [ RunTime:0.001000s ]

[ 2016-01-07T14:56:32+08:00 ] 127.0.0.1 /member/ajaxCheckUser
INFO: [ app_init ] --START--
INFO: Run Behavior\BuildLiteBehavior [ RunTime:0.000000s ]
INFO: [ app_init ] --END-- [ RunTime:0.000000s ]
INFO: [ app_begin ] --START--
INFO: Run Behavior\ReadHtmlCacheBehavior [ RunTime:0.000000s ]
INFO: [ app_begin ] --END-- [ RunTime:0.000000s ]
SQL: SHOW COLUMNS FROM `user` [ RunTime:0.0020s ]
SQL: SELECT * FROM `user` WHERE ( email='vonsen_wang@163.com' OR telphone='vonsen_wang@163.com' ) LIMIT 1   [ RunTime:0.0000s ]
SQL: SHOW COLUMNS FROM `tiku_course` [ RunTime:0.0030s ]
SQL: SELECT * FROM `tiku_course` WHERE ( status=1 )  [ RunTime:0.0000s ]
SQL: SELECT * FROM `tiku_course` WHERE ( status=1 )  [ RunTime:0.0000s ]
SQL: SELECT * FROM `user` WHERE ( email='vonsen_wang@163.com' OR telphone='vonsen_wang@163.com' ) LIMIT 1   [ RunTime:0.0000s ]

[ 2016-01-07T14:56:32+08:00 ] 127.0.0.1 /member/login
INFO: [ app_init ] --START--
INFO: Run Behavior\BuildLiteBehavior [ RunTime:0.000000s ]
INFO: [ app_init ] --END-- [ RunTime:0.000000s ]
INFO: [ app_begin ] --START--
INFO: Run Behavior\ReadHtmlCacheBehavior [ RunTime:0.001000s ]
INFO: [ app_begin ] --END-- [ RunTime:0.001000s ]
SQL: SHOW COLUMNS FROM `user` [ RunTime:0.0030s ]
SQL: SELECT * FROM `user` WHERE ( email='vonsen_wang@163.com' OR telphone='vonsen_wang@163.com' ) LIMIT 1   [ RunTime:0.0000s ]
SQL: SHOW COLUMNS FROM `tiku_course` [ RunTime:0.0040s ]
SQL: SELECT * FROM `tiku_course` WHERE ( status=1 )  [ RunTime:0.0010s ]
SQL: SELECT * FROM `tiku_course` WHERE ( status=1 )  [ RunTime:0.0000s ]
NOTIC: [8] Undefined variable: tel D:\xampp\htdocs\tiku\Application\Home\Controller\MemberController.class.php 第 363 行.
SQL: SELECT * FROM `user` WHERE ( email='vonsen_wang@163.com' OR telphone='' ) LIMIT 1   [ RunTime:0.0000s ]
INFO: [ view_parse ] --START--
INFO: [ template_filter ] --START--
INFO: Run Behavior\ContentReplaceBehavior [ RunTime:0.000000s ]
INFO: [ template_filter ] --END-- [ RunTime:0.000000s ]
INFO: Run Behavior\ParseTemplateBehavior [ RunTime:0.006000s ]
INFO: [ view_parse ] --END-- [ RunTime:0.006000s ]
INFO: [ view_filter ] --START--
INFO: Run Behavior\WriteHtmlCacheBehavior [ RunTime:0.000000s ]
INFO: [ view_filter ] --END-- [ RunTime:0.000000s ]
INFO: [ app_end ] --START--
INFO: Run Behavior\ShowPageTraceBehavior [ RunTime:0.001000s ]
INFO: [ app_end ] --END-- [ RunTime:0.001000s ]

[ 2016-01-07T14:56:37+08:00 ] 127.0.0.1 /member/ajaxCheckUser
INFO: [ app_init ] --START--
INFO: Run Behavior\BuildLiteBehavior [ RunTime:0.000000s ]
INFO: [ app_init ] --END-- [ RunTime:0.001000s ]
INFO: [ app_begin ] --START--
INFO: Run Behavior\ReadHtmlCacheBehavior [ RunTime:0.000000s ]
INFO: [ app_begin ] --END-- [ RunTime:0.001000s ]
SQL: SHOW COLUMNS FROM `user` [ RunTime:0.0040s ]
SQL: SELECT * FROM `user` WHERE ( email='vonsen_wang@163.com' OR telphone='vonsen_wang@163.com' ) LIMIT 1   [ RunTime:0.0000s ]
SQL: SHOW COLUMNS FROM `tiku_course` [ RunTime:0.0030s ]
SQL: SELECT * FROM `tiku_course` WHERE ( status=1 )  [ RunTime:0.0000s ]
SQL: SELECT * FROM `tiku_course` WHERE ( status=1 )  [ RunTime:0.0000s ]
SQL: SELECT * FROM `user` WHERE ( email='vonsen_wang@163.com' OR telphone='vonsen_wang@163.com' ) LIMIT 1   [ RunTime:0.0000s ]

[ 2016-01-07T14:56:37+08:00 ] 127.0.0.1 /member/login
INFO: [ app_init ] --START--
INFO: Run Behavior\BuildLiteBehavior [ RunTime:0.000000s ]
INFO: [ app_init ] --END-- [ RunTime:0.001000s ]
INFO: [ app_begin ] --START--
INFO: Run Behavior\ReadHtmlCacheBehavior [ RunTime:0.001000s ]
INFO: [ app_begin ] --END-- [ RunTime:0.001000s ]
SQL: SHOW COLUMNS FROM `user` [ RunTime:0.0030s ]
SQL: SELECT * FROM `user` WHERE ( email='vonsen_wang@163.com' OR telphone='vonsen_wang@163.com' ) LIMIT 1   [ RunTime:0.0000s ]
SQL: SHOW COLUMNS FROM `tiku_course` [ RunTime:0.0040s ]
SQL: SELECT * FROM `tiku_course` WHERE ( status=1 )  [ RunTime:0.0000s ]
SQL: SELECT * FROM `tiku_course` WHERE ( status=1 )  [ RunTime:0.0010s ]
NOTIC: [8] Undefined variable: tel D:\xampp\htdocs\tiku\Application\Home\Controller\MemberController.class.php 第 363 行.
SQL: SELECT * FROM `user` WHERE ( email='vonsen_wang@163.com' OR telphone='' ) LIMIT 1   [ RunTime:0.0000s ]

[ 2016-01-07T14:56:37+08:00 ] 127.0.0.1 /
INFO: [ app_init ] --START--
INFO: Run Behavior\BuildLiteBehavior [ RunTime:0.000000s ]
INFO: [ app_init ] --END-- [ RunTime:0.001000s ]
INFO: [ app_begin ] --START--
INFO: Run Behavior\ReadHtmlCacheBehavior [ RunTime:0.001000s ]
INFO: [ app_begin ] --END-- [ RunTime:0.001000s ]
SQL: SHOW COLUMNS FROM `user_collected` [ RunTime:0.0030s ]
SQL: SELECT `tiku_id` FROM `user_collected` WHERE ( user_id=12 )  [ RunTime:0.0000s ]
SQL: SHOW COLUMNS FROM `tiku_course` [ RunTime:0.0030s ]
SQL: SELECT * FROM `tiku_course` WHERE ( status=1 )  [ RunTime:0.0000s ]
SQL: SELECT * FROM `tiku_course` WHERE ( status=1 )  [ RunTime:0.0000s ]
INFO: [ view_parse ] --START--
INFO: [ template_filter ] --START--
INFO: Run Behavior\ContentReplaceBehavior [ RunTime:0.000000s ]
INFO: [ template_filter ] --END-- [ RunTime:0.000000s ]
INFO: Run Behavior\ParseTemplateBehavior [ RunTime:0.010001s ]
INFO: [ view_parse ] --END-- [ RunTime:0.010001s ]
INFO: [ view_filter ] --START--
INFO: Run Behavior\WriteHtmlCacheBehavior [ RunTime:0.001000s ]
INFO: [ view_filter ] --END-- [ RunTime:0.001000s ]
INFO: [ app_end ] --START--
INFO: Run Behavior\ShowPageTraceBehavior [ RunTime:0.001000s ]
INFO: [ app_end ] --END-- [ RunTime:0.001000s ]

[ 2016-01-07T14:57:14+08:00 ] 127.0.0.1 /member/logout
INFO: [ app_init ] --START--
INFO: Run Behavior\BuildLiteBehavior [ RunTime:0.000000s ]
INFO: [ app_init ] --END-- [ RunTime:0.000000s ]
INFO: [ app_begin ] --START--
INFO: Run Behavior\ReadHtmlCacheBehavior [ RunTime:0.001000s ]
INFO: [ app_begin ] --END-- [ RunTime:0.001000s ]
SQL: SHOW COLUMNS FROM `user_collected` [ RunTime:0.0030s ]
SQL: SELECT `tiku_id` FROM `user_collected` WHERE ( user_id=12 )  [ RunTime:0.0000s ]
SQL: SHOW COLUMNS FROM `tiku_course` [ RunTime:0.0030s ]
SQL: SELECT * FROM `tiku_course` WHERE ( status=1 )  [ RunTime:0.0000s ]
SQL: SELECT * FROM `tiku_course` WHERE ( status=1 )  [ RunTime:0.0000s ]

[ 2016-01-07T14:57:14+08:00 ] 127.0.0.1 /
INFO: [ app_init ] --START--
INFO: Run Behavior\BuildLiteBehavior [ RunTime:0.000000s ]
INFO: [ app_init ] --END-- [ RunTime:0.001000s ]
INFO: [ app_begin ] --START--
INFO: Run Behavior\ReadHtmlCacheBehavior [ RunTime:0.000000s ]
INFO: [ app_begin ] --END-- [ RunTime:0.001000s ]
SQL: SHOW COLUMNS FROM `tiku_course` [ RunTime:0.0030s ]
SQL: SELECT * FROM `tiku_course` WHERE ( status=1 )  [ RunTime:0.0000s ]
SQL: SELECT * FROM `tiku_course` WHERE ( status=1 )  [ RunTime:0.0000s ]
INFO: [ view_parse ] --START--
INFO: [ template_filter ] --START--
INFO: Run Behavior\ContentReplaceBehavior [ RunTime:0.000000s ]
INFO: [ template_filter ] --END-- [ RunTime:0.000000s ]
INFO: Run Behavior\ParseTemplateBehavior [ RunTime:0.011000s ]
INFO: [ view_parse ] --END-- [ RunTime:0.011000s ]
INFO: [ view_filter ] --START--
INFO: Run Behavior\WriteHtmlCacheBehavior [ RunTime:0.000000s ]
INFO: [ view_filter ] --END-- [ RunTime:0.000000s ]
INFO: [ app_end ] --START--
INFO: Run Behavior\ShowPageTraceBehavior [ RunTime:0.001000s ]
INFO: [ app_end ] --END-- [ RunTime:0.001000s ]

[ 2016-01-07T14:57:17+08:00 ] 127.0.0.1 /member/ajaxCheckUser
INFO: [ app_init ] --START--
INFO: Run Behavior\BuildLiteBehavior [ RunTime:0.000000s ]
INFO: [ app_init ] --END-- [ RunTime:0.001000s ]
INFO: [ app_begin ] --START--
INFO: Run Behavior\ReadHtmlCacheBehavior [ RunTime:0.000000s ]
INFO: [ app_begin ] --END-- [ RunTime:0.000000s ]
SQL: SHOW COLUMNS FROM `tiku_course` [ RunTime:0.0030s ]
SQL: SELECT * FROM `tiku_course` WHERE ( status=1 )  [ RunTime:0.0000s ]
SQL: SELECT * FROM `tiku_course` WHERE ( status=1 )  [ RunTime:0.0000s ]
SQL: SHOW COLUMNS FROM `user` [ RunTime:0.0030s ]
SQL: SELECT * FROM `user` WHERE ( email='vonsen_wang@163.com' OR telphone='vonsen_wang@163.com' ) LIMIT 1   [ RunTime:0.0010s ]

[ 2016-01-07T14:57:19+08:00 ] 127.0.0.1 /member/login
INFO: [ app_init ] --START--
INFO: Run Behavior\BuildLiteBehavior [ RunTime:0.000000s ]
INFO: [ app_init ] --END-- [ RunTime:0.001000s ]
INFO: [ app_begin ] --START--
INFO: Run Behavior\ReadHtmlCacheBehavior [ RunTime:0.000000s ]
INFO: [ app_begin ] --END-- [ RunTime:0.000000s ]
SQL: SHOW COLUMNS FROM `tiku_course` [ RunTime:0.0050s ]
SQL: SELECT * FROM `tiku_course` WHERE ( status=1 )  [ RunTime:0.0000s ]
SQL: SELECT * FROM `tiku_course` WHERE ( status=1 )  [ RunTime:0.0010s ]
SQL: SHOW COLUMNS FROM `user` [ RunTime:0.0030s ]
NOTIC: [8] Undefined variable: tel D:\xampp\htdocs\tiku\Application\Home\Controller\MemberController.class.php 第 363 行.
SQL: SELECT * FROM `user` WHERE ( email='vonsen_wang@163.com' OR telphone='' ) LIMIT 1   [ RunTime:0.0000s ]

[ 2016-01-07T14:57:19+08:00 ] 127.0.0.1 /
INFO: [ app_init ] --START--
INFO: Run Behavior\BuildLiteBehavior [ RunTime:0.000000s ]
INFO: [ app_init ] --END-- [ RunTime:0.000000s ]
INFO: [ app_begin ] --START--
INFO: Run Behavior\ReadHtmlCacheBehavior [ RunTime:0.000000s ]
INFO: [ app_begin ] --END-- [ RunTime:0.000000s ]
SQL: SHOW COLUMNS FROM `user_collected` [ RunTime:0.0040s ]
SQL: SELECT `tiku_id` FROM `user_collected` WHERE ( user_id=12 )  [ RunTime:0.0000s ]
SQL: SHOW COLUMNS FROM `tiku_course` [ RunTime:0.0030s ]
SQL: SELECT * FROM `tiku_course` WHERE ( status=1 )  [ RunTime:0.0010s ]
SQL: SELECT * FROM `tiku_course` WHERE ( status=1 )  [ RunTime:0.0000s ]
INFO: [ view_parse ] --START--
INFO: [ template_filter ] --START--
INFO: Run Behavior\ContentReplaceBehavior [ RunTime:0.000000s ]
INFO: [ template_filter ] --END-- [ RunTime:0.000000s ]
INFO: Run Behavior\ParseTemplateBehavior [ RunTime:0.011000s ]
INFO: [ view_parse ] --END-- [ RunTime:0.011000s ]
INFO: [ view_filter ] --START--
INFO: Run Behavior\WriteHtmlCacheBehavior [ RunTime:0.000000s ]
INFO: [ view_filter ] --END-- [ RunTime:0.000000s ]
INFO: [ app_end ] --START--
INFO: Run Behavior\ShowPageTraceBehavior [ RunTime:0.001000s ]
INFO: [ app_end ] --END-- [ RunTime:0.001000s ]

[ 2016-01-07T16:40:11+08:00 ] 127.0.0.1 /
INFO: [ app_init ] --START--
INFO: Run Behavior\BuildLiteBehavior [ RunTime:0.000000s ]
INFO: [ app_init ] --END-- [ RunTime:0.000000s ]
INFO: [ app_begin ] --START--
INFO: Run Behavior\ReadHtmlCacheBehavior [ RunTime:0.000000s ]
INFO: [ app_begin ] --END-- [ RunTime:0.000000s ]
SQL: SHOW COLUMNS FROM `user_collected` [ RunTime:0.0030s ]
SQL: SELECT `tiku_id` FROM `user_collected` WHERE ( user_id=12 )  [ RunTime:0.0010s ]
SQL: SHOW COLUMNS FROM `tiku_course` [ RunTime:0.0080s ]
SQL: SELECT * FROM `tiku_course` WHERE ( status=1 )  [ RunTime:0.0000s ]
SQL: SELECT * FROM `tiku_course` WHERE ( status=1 )  [ RunTime:0.0000s ]
INFO: [ view_parse ] --START--
INFO: [ template_filter ] --START--
INFO: Run Behavior\ContentReplaceBehavior [ RunTime:0.000000s ]
INFO: [ template_filter ] --END-- [ RunTime:0.000000s ]
INFO: Run Behavior\ParseTemplateBehavior [ RunTime:0.010000s ]
INFO: [ view_parse ] --END-- [ RunTime:0.010000s ]
INFO: [ view_filter ] --START--
INFO: Run Behavior\WriteHtmlCacheBehavior [ RunTime:0.000000s ]
INFO: [ view_filter ] --END-- [ RunTime:0.000000s ]
INFO: [ app_end ] --START--
INFO: Run Behavior\ShowPageTraceBehavior [ RunTime:0.001000s ]
INFO: [ app_end ] --END-- [ RunTime:0.002000s ]

