[ 2016-02-29T08:48:18+08:00 ] 127.0.0.1 /shijuan/test
INFO: [ app_init ] --START--
INFO: Run Behavior\BuildLiteBehavior [ RunTime:0.000000s ]
INFO: [ app_init ] --END-- [ RunTime:0.001000s ]
INFO: [ app_begin ] --START--
INFO: Run Behavior\ReadHtmlCacheBehavior [ RunTime:0.001000s ]
INFO: [ app_begin ] --END-- [ RunTime:0.001000s ]
SQL: SHOW COLUMNS FROM `user` [ RunTime:0.0780s ]
SQL: SELECT * FROM `user` WHERE ( email='vonsen_wang@163.com' OR telphone='vonsen_wang@163.com' ) LIMIT 1   [ RunTime:0.0490s ]
SQL: SHOW COLUMNS FROM `user_collected` [ RunTime:0.0400s ]
SQL: SELECT `tiku_id` FROM `user_collected` WHERE ( user_id=12 )  [ RunTime:0.0000s ]
SQL: SHOW COLUMNS FROM `tiku_course` [ RunTime:0.0400s ]
SQL: SELECT * FROM `tiku_course` WHERE ( status=1 )  [ RunTime:0.0000s ]
SQL: SELECT `tiku_id` FROM `user_collected` WHERE ( user_id=12 )  [ RunTime:0.0000s ]
SQL: SELECT * FROM `tiku_course` WHERE ( status=1 )  [ RunTime:0.0000s ]
SQL: SELECT * FROM `tiku_course` WHERE ( status=1 )  [ RunTime:0.0000s ]
NOTIC: [8] Undefined index: cart D:\xampp\htdocs\tiku\Application\Home\Controller\TikuController.class.php 第 193 行.
NOTIC: [8] Undefined index: cart D:\xampp\htdocs\tiku\Application\Home\Controller\TikuController.class.php 第 16 行.
NOTIC: [8] Undefined index: cart D:\xampp\htdocs\tiku\Application\Home\Controller\TikuController.class.php 第 193 行.
NOTIC: [8] Undefined index: cart D:\xampp\htdocs\tiku\Application\Home\Controller\ShijuanController.class.php 第 15 行.

[ 2016-02-29T14:48:34+08:00 ] 127.0.0.1 /shijuan/test
INFO: [ app_init ] --START--
INFO: Run Behavior\BuildLiteBehavior [ RunTime:0.000000s ]
INFO: [ app_init ] --END-- [ RunTime:0.000000s ]
INFO: [ app_begin ] --START--
INFO: Run Behavior\ReadHtmlCacheBehavior [ RunTime:0.000000s ]
INFO: [ app_begin ] --END-- [ RunTime:0.000000s ]
SQL: SHOW COLUMNS FROM `tiku_course` [ RunTime:0.0040s ]
SQL: SELECT * FROM `tiku_course` WHERE ( status=1 )  [ RunTime:0.0000s ]
SQL: SELECT * FROM `tiku_course` WHERE ( status=1 )  [ RunTime:0.0030s ]
SQL: SELECT * FROM `tiku_course` WHERE ( status=1 )  [ RunTime:0.0000s ]
NOTIC: [8] Undefined index: cart D:\xampp\htdocs\tiku\Application\Home\Controller\TikuController.class.php 第 193 行.
NOTIC: [8] Undefined index: cart D:\xampp\htdocs\tiku\Application\Home\Controller\TikuController.class.php 第 16 行.
NOTIC: [8] Undefined index: cart D:\xampp\htdocs\tiku\Application\Home\Controller\TikuController.class.php 第 193 行.
NOTIC: [8] Undefined index: cart D:\xampp\htdocs\tiku\Application\Home\Controller\ShijuanController.class.php 第 15 行.

[ 2016-02-29T14:49:20+08:00 ] 127.0.0.1 /shijuan/test
INFO: [ app_init ] --START--
INFO: Run Behavior\BuildLiteBehavior [ RunTime:0.000000s ]
INFO: [ app_init ] --END-- [ RunTime:0.001000s ]
INFO: [ app_begin ] --START--
INFO: Run Behavior\ReadHtmlCacheBehavior [ RunTime:0.000000s ]
INFO: [ app_begin ] --END-- [ RunTime:0.000000s ]
SQL: SHOW COLUMNS FROM `tiku_course` [ RunTime:0.0040s ]
SQL: SELECT * FROM `tiku_course` WHERE ( status=1 )  [ RunTime:0.0010s ]
SQL: SELECT * FROM `tiku_course` WHERE ( status=1 )  [ RunTime:0.0000s ]
SQL: SELECT * FROM `tiku_course` WHERE ( status=1 )  [ RunTime:0.0000s ]
NOTIC: [8] Undefined index: cart D:\xampp\htdocs\tiku\Application\Home\Controller\TikuController.class.php 第 193 行.
NOTIC: [8] Undefined index: cart D:\xampp\htdocs\tiku\Application\Home\Controller\TikuController.class.php 第 16 行.
NOTIC: [8] Undefined index: cart D:\xampp\htdocs\tiku\Application\Home\Controller\TikuController.class.php 第 193 行.
NOTIC: [8] Undefined index: cart D:\xampp\htdocs\tiku\Application\Home\Controller\ShijuanController.class.php 第 15 行.

[ 2016-02-29T14:49:41+08:00 ] 127.0.0.1 /shijuan/test
INFO: [ app_init ] --START--
INFO: Run Behavior\BuildLiteBehavior [ RunTime:0.000000s ]
INFO: [ app_init ] --END-- [ RunTime:0.001000s ]
INFO: [ app_begin ] --START--
INFO: Run Behavior\ReadHtmlCacheBehavior [ RunTime:0.001000s ]
INFO: [ app_begin ] --END-- [ RunTime:0.001000s ]
SQL: SHOW COLUMNS FROM `tiku_course` [ RunTime:0.0030s ]
SQL: SELECT * FROM `tiku_course` WHERE ( status=1 )  [ RunTime:0.0010s ]
SQL: SELECT * FROM `tiku_course` WHERE ( status=1 )  [ RunTime:0.0000s ]
SQL: SELECT * FROM `tiku_course` WHERE ( status=1 )  [ RunTime:0.0000s ]
NOTIC: [8] Undefined index: cart D:\xampp\htdocs\tiku\Application\Home\Controller\TikuController.class.php 第 193 行.
NOTIC: [8] Undefined index: cart D:\xampp\htdocs\tiku\Application\Home\Controller\TikuController.class.php 第 16 行.
NOTIC: [8] Undefined index: cart D:\xampp\htdocs\tiku\Application\Home\Controller\TikuController.class.php 第 193 行.
NOTIC: [8] Undefined index: cart D:\xampp\htdocs\tiku\Application\Home\Controller\ShijuanController.class.php 第 15 行.

[ 2016-02-29T15:12:31+08:00 ] 127.0.0.1 /shijuan/test
INFO: [ app_init ] --START--
INFO: Run Behavior\BuildLiteBehavior [ RunTime:0.000000s ]
INFO: [ app_init ] --END-- [ RunTime:0.000000s ]
INFO: [ app_begin ] --START--
INFO: Run Behavior\ReadHtmlCacheBehavior [ RunTime:0.001000s ]
INFO: [ app_begin ] --END-- [ RunTime:0.001000s ]
SQL: SHOW COLUMNS FROM `tiku_course` [ RunTime:0.0030s ]
SQL: SELECT * FROM `tiku_course` WHERE ( status=1 )  [ RunTime:0.0000s ]
SQL: SELECT * FROM `tiku_course` WHERE ( status=1 )  [ RunTime:0.0000s ]
SQL: SELECT * FROM `tiku_course` WHERE ( status=1 )  [ RunTime:0.0000s ]
NOTIC: [8] Undefined index: cart D:\xampp\htdocs\tiku\Application\Home\Controller\TikuController.class.php 第 193 行.
NOTIC: [8] Undefined index: cart D:\xampp\htdocs\tiku\Application\Home\Controller\TikuController.class.php 第 16 行.
NOTIC: [8] Undefined index: cart D:\xampp\htdocs\tiku\Application\Home\Controller\TikuController.class.php 第 193 行.
NOTIC: [8] Undefined index: cart D:\xampp\htdocs\tiku\Application\Home\Controller\ShijuanController.class.php 第 15 行.

[ 2016-02-29T15:13:29+08:00 ] 127.0.0.1 /shijuan/test
INFO: [ app_init ] --START--
INFO: Run Behavior\BuildLiteBehavior [ RunTime:0.000000s ]
INFO: [ app_init ] --END-- [ RunTime:0.000000s ]
INFO: [ app_begin ] --START--
INFO: Run Behavior\ReadHtmlCacheBehavior [ RunTime:0.000000s ]
INFO: [ app_begin ] --END-- [ RunTime:0.000000s ]
SQL: SHOW COLUMNS FROM `tiku_course` [ RunTime:0.0040s ]
SQL: SELECT * FROM `tiku_course` WHERE ( status=1 )  [ RunTime:0.0010s ]
SQL: SELECT * FROM `tiku_course` WHERE ( status=1 )  [ RunTime:0.0000s ]
SQL: SELECT * FROM `tiku_course` WHERE ( status=1 )  [ RunTime:0.0000s ]
NOTIC: [8] Undefined index: cart D:\xampp\htdocs\tiku\Application\Home\Controller\TikuController.class.php 第 193 行.
NOTIC: [8] Undefined index: cart D:\xampp\htdocs\tiku\Application\Home\Controller\TikuController.class.php 第 16 行.
NOTIC: [8] Undefined index: cart D:\xampp\htdocs\tiku\Application\Home\Controller\TikuController.class.php 第 193 行.
NOTIC: [8] Undefined index: cart D:\xampp\htdocs\tiku\Application\Home\Controller\ShijuanController.class.php 第 15 行.

[ 2016-02-29T15:17:19+08:00 ] 127.0.0.1 /shijuan/test
INFO: [ app_init ] --START--
INFO: Run Behavior\BuildLiteBehavior [ RunTime:0.000000s ]
INFO: [ app_init ] --END-- [ RunTime:0.000000s ]
INFO: [ app_begin ] --START--
INFO: Run Behavior\ReadHtmlCacheBehavior [ RunTime:0.001000s ]
INFO: [ app_begin ] --END-- [ RunTime:0.001000s ]
SQL: SHOW COLUMNS FROM `tiku_course` [ RunTime:0.0050s ]
SQL: SELECT * FROM `tiku_course` WHERE ( status=1 )  [ RunTime:0.0010s ]
SQL: SELECT * FROM `tiku_course` WHERE ( status=1 )  [ RunTime:0.0000s ]
SQL: SELECT * FROM `tiku_course` WHERE ( status=1 )  [ RunTime:0.0010s ]
NOTIC: [8] Undefined index: cart D:\xampp\htdocs\tiku\Application\Home\Controller\TikuController.class.php 第 193 行.
NOTIC: [8] Undefined index: cart D:\xampp\htdocs\tiku\Application\Home\Controller\TikuController.class.php 第 16 行.
NOTIC: [8] Undefined index: cart D:\xampp\htdocs\tiku\Application\Home\Controller\TikuController.class.php 第 193 行.
NOTIC: [8] Undefined index: cart D:\xampp\htdocs\tiku\Application\Home\Controller\ShijuanController.class.php 第 15 行.

[ 2016-02-29T15:18:12+08:00 ] 127.0.0.1 /shijuan/test
INFO: [ app_init ] --START--
INFO: Run Behavior\BuildLiteBehavior [ RunTime:0.000000s ]
INFO: [ app_init ] --END-- [ RunTime:0.000000s ]
INFO: [ app_begin ] --START--
INFO: Run Behavior\ReadHtmlCacheBehavior [ RunTime:0.001000s ]
INFO: [ app_begin ] --END-- [ RunTime:0.001000s ]
SQL: SHOW COLUMNS FROM `tiku_course` [ RunTime:0.0030s ]
SQL: SELECT * FROM `tiku_course` WHERE ( status=1 )  [ RunTime:0.0000s ]
SQL: SELECT * FROM `tiku_course` WHERE ( status=1 )  [ RunTime:0.0000s ]
SQL: SELECT * FROM `tiku_course` WHERE ( status=1 )  [ RunTime:0.0010s ]
NOTIC: [8] Undefined index: cart D:\xampp\htdocs\tiku\Application\Home\Controller\TikuController.class.php 第 193 行.
NOTIC: [8] Undefined index: cart D:\xampp\htdocs\tiku\Application\Home\Controller\TikuController.class.php 第 16 行.
NOTIC: [8] Undefined index: cart D:\xampp\htdocs\tiku\Application\Home\Controller\TikuController.class.php 第 193 行.
NOTIC: [8] Undefined index: cart D:\xampp\htdocs\tiku\Application\Home\Controller\ShijuanController.class.php 第 15 行.

[ 2016-02-29T15:25:06+08:00 ] 127.0.0.1 /shijuan/test
INFO: [ app_init ] --START--
INFO: Run Behavior\BuildLiteBehavior [ RunTime:0.000000s ]
INFO: [ app_init ] --END-- [ RunTime:0.001000s ]
INFO: [ app_begin ] --START--
INFO: Run Behavior\ReadHtmlCacheBehavior [ RunTime:0.001000s ]
INFO: [ app_begin ] --END-- [ RunTime:0.001000s ]
SQL: SHOW COLUMNS FROM `tiku_course` [ RunTime:0.0040s ]
SQL: SELECT * FROM `tiku_course` WHERE ( status=1 )  [ RunTime:0.0000s ]
SQL: SELECT * FROM `tiku_course` WHERE ( status=1 )  [ RunTime:0.0000s ]
SQL: SELECT * FROM `tiku_course` WHERE ( status=1 )  [ RunTime:0.0000s ]
NOTIC: [8] Undefined index: cart D:\xampp\htdocs\tiku\Application\Home\Controller\TikuController.class.php 第 193 行.
NOTIC: [8] Undefined index: cart D:\xampp\htdocs\tiku\Application\Home\Controller\TikuController.class.php 第 16 行.
NOTIC: [8] Undefined index: cart D:\xampp\htdocs\tiku\Application\Home\Controller\TikuController.class.php 第 193 行.
NOTIC: [8] Undefined index: cart D:\xampp\htdocs\tiku\Application\Home\Controller\ShijuanController.class.php 第 15 行.

[ 2016-02-29T15:25:31+08:00 ] 127.0.0.1 /shijuan/test
INFO: [ app_init ] --START--
INFO: Run Behavior\BuildLiteBehavior [ RunTime:0.000000s ]
INFO: [ app_init ] --END-- [ RunTime:0.001000s ]
INFO: [ app_begin ] --START--
INFO: Run Behavior\ReadHtmlCacheBehavior [ RunTime:0.000000s ]
INFO: [ app_begin ] --END-- [ RunTime:0.000000s ]
SQL: SHOW COLUMNS FROM `tiku_course` [ RunTime:0.0030s ]
SQL: SELECT * FROM `tiku_course` WHERE ( status=1 )  [ RunTime:0.0010s ]
SQL: SELECT * FROM `tiku_course` WHERE ( status=1 )  [ RunTime:0.0000s ]
SQL: SELECT * FROM `tiku_course` WHERE ( status=1 )  [ RunTime:0.0000s ]
NOTIC: [8] Undefined index: cart D:\xampp\htdocs\tiku\Application\Home\Controller\TikuController.class.php 第 193 行.
NOTIC: [8] Undefined index: cart D:\xampp\htdocs\tiku\Application\Home\Controller\TikuController.class.php 第 16 行.
NOTIC: [8] Undefined index: cart D:\xampp\htdocs\tiku\Application\Home\Controller\TikuController.class.php 第 193 行.
NOTIC: [8] Undefined index: cart D:\xampp\htdocs\tiku\Application\Home\Controller\ShijuanController.class.php 第 15 行.

[ 2016-02-29T16:01:00+08:00 ] 127.0.0.1 /shijuan/test
INFO: [ app_init ] --START--
INFO: Run Behavior\BuildLiteBehavior [ RunTime:0.000000s ]
INFO: [ app_init ] --END-- [ RunTime:0.000000s ]
INFO: [ app_begin ] --START--
INFO: Run Behavior\ReadHtmlCacheBehavior [ RunTime:0.001000s ]
INFO: [ app_begin ] --END-- [ RunTime:0.001000s ]
SQL: SHOW COLUMNS FROM `tiku_course` [ RunTime:0.0050s ]
SQL: SELECT * FROM `tiku_course` WHERE ( status=1 )  [ RunTime:0.0000s ]
SQL: SELECT * FROM `tiku_course` WHERE ( status=1 )  [ RunTime:0.0010s ]
SQL: SELECT * FROM `tiku_course` WHERE ( status=1 )  [ RunTime:0.0000s ]
NOTIC: [8] Undefined index: cart D:\xampp\htdocs\tiku\Application\Home\Controller\TikuController.class.php 第 193 行.
NOTIC: [8] Undefined index: cart D:\xampp\htdocs\tiku\Application\Home\Controller\TikuController.class.php 第 16 行.
NOTIC: [8] Undefined index: cart D:\xampp\htdocs\tiku\Application\Home\Controller\TikuController.class.php 第 193 行.
NOTIC: [8] Undefined index: cart D:\xampp\htdocs\tiku\Application\Home\Controller\ShijuanController.class.php 第 15 行.

[ 2016-02-29T16:01:23+08:00 ] 127.0.0.1 /shijuan/test
INFO: [ app_init ] --START--
INFO: Run Behavior\BuildLiteBehavior [ RunTime:0.000000s ]
INFO: [ app_init ] --END-- [ RunTime:0.000000s ]
INFO: [ app_begin ] --START--
INFO: Run Behavior\ReadHtmlCacheBehavior [ RunTime:0.001000s ]
INFO: [ app_begin ] --END-- [ RunTime:0.001000s ]
SQL: SHOW COLUMNS FROM `tiku_course` [ RunTime:0.0050s ]
SQL: SELECT * FROM `tiku_course` WHERE ( status=1 )  [ RunTime:0.0000s ]
SQL: SELECT * FROM `tiku_course` WHERE ( status=1 )  [ RunTime:0.0000s ]
SQL: SELECT * FROM `tiku_course` WHERE ( status=1 )  [ RunTime:0.0010s ]
NOTIC: [8] Undefined index: cart D:\xampp\htdocs\tiku\Application\Home\Controller\TikuController.class.php 第 193 行.
NOTIC: [8] Undefined index: cart D:\xampp\htdocs\tiku\Application\Home\Controller\TikuController.class.php 第 16 行.
NOTIC: [8] Undefined index: cart D:\xampp\htdocs\tiku\Application\Home\Controller\TikuController.class.php 第 193 行.
NOTIC: [8] Undefined index: cart D:\xampp\htdocs\tiku\Application\Home\Controller\ShijuanController.class.php 第 15 行.
NOTIC: [2] unlink(helloWorld.doc): Permission denied D:\xampp\htdocs\tiku\ThinkPHP\Library\Vendor\PhpWord\src\PhpWord\Writer\AbstractWriter.php 第 278 行.
ERR: Could not close zip file helloWorld.doc.

[ 2016-02-29T16:01:28+08:00 ] 127.0.0.1 /shijuan/test
INFO: [ app_init ] --START--
INFO: Run Behavior\BuildLiteBehavior [ RunTime:0.000000s ]
INFO: [ app_init ] --END-- [ RunTime:0.000000s ]
INFO: [ app_begin ] --START--
INFO: Run Behavior\ReadHtmlCacheBehavior [ RunTime:0.001000s ]
INFO: [ app_begin ] --END-- [ RunTime:0.001000s ]
SQL: SHOW COLUMNS FROM `tiku_course` [ RunTime:0.0030s ]
SQL: SELECT * FROM `tiku_course` WHERE ( status=1 )  [ RunTime:0.0000s ]
SQL: SELECT * FROM `tiku_course` WHERE ( status=1 )  [ RunTime:0.0000s ]
SQL: SELECT * FROM `tiku_course` WHERE ( status=1 )  [ RunTime:0.0000s ]
NOTIC: [8] Undefined index: cart D:\xampp\htdocs\tiku\Application\Home\Controller\TikuController.class.php 第 193 行.
NOTIC: [8] Undefined index: cart D:\xampp\htdocs\tiku\Application\Home\Controller\TikuController.class.php 第 16 行.
NOTIC: [8] Undefined index: cart D:\xampp\htdocs\tiku\Application\Home\Controller\TikuController.class.php 第 193 行.
NOTIC: [8] Undefined index: cart D:\xampp\htdocs\tiku\Application\Home\Controller\ShijuanController.class.php 第 15 行.

[ 2016-02-29T16:10:43+08:00 ] 127.0.0.1 /shijuan/test
INFO: [ app_init ] --START--
INFO: Run Behavior\BuildLiteBehavior [ RunTime:0.000000s ]
INFO: [ app_init ] --END-- [ RunTime:0.001000s ]
INFO: [ app_begin ] --START--
INFO: Run Behavior\ReadHtmlCacheBehavior [ RunTime:0.001000s ]
INFO: [ app_begin ] --END-- [ RunTime:0.001000s ]
SQL: SHOW COLUMNS FROM `tiku_course` [ RunTime:0.0040s ]
SQL: SELECT * FROM `tiku_course` WHERE ( status=1 )  [ RunTime:0.0010s ]
SQL: SELECT * FROM `tiku_course` WHERE ( status=1 )  [ RunTime:0.0000s ]
SQL: SELECT * FROM `tiku_course` WHERE ( status=1 )  [ RunTime:0.0000s ]
NOTIC: [8] Undefined index: cart D:\xampp\htdocs\tiku\Application\Home\Controller\TikuController.class.php 第 193 行.
NOTIC: [8] Undefined index: cart D:\xampp\htdocs\tiku\Application\Home\Controller\TikuController.class.php 第 16 行.
NOTIC: [8] Undefined index: cart D:\xampp\htdocs\tiku\Application\Home\Controller\TikuController.class.php 第 193 行.
NOTIC: [8] Undefined index: cart D:\xampp\htdocs\tiku\Application\Home\Controller\ShijuanController.class.php 第 15 行.

[ 2016-02-29T16:10:45+08:00 ] 127.0.0.1 /shijuan/test
INFO: [ app_init ] --START--
INFO: Run Behavior\BuildLiteBehavior [ RunTime:0.000000s ]
INFO: [ app_init ] --END-- [ RunTime:0.001000s ]
INFO: [ app_begin ] --START--
INFO: Run Behavior\ReadHtmlCacheBehavior [ RunTime:0.000000s ]
INFO: [ app_begin ] --END-- [ RunTime:0.000000s ]
SQL: SHOW COLUMNS FROM `tiku_course` [ RunTime:0.0030s ]
SQL: SELECT * FROM `tiku_course` WHERE ( status=1 )  [ RunTime:0.0010s ]
SQL: SELECT * FROM `tiku_course` WHERE ( status=1 )  [ RunTime:0.0000s ]
SQL: SELECT * FROM `tiku_course` WHERE ( status=1 )  [ RunTime:0.0000s ]
NOTIC: [8] Undefined index: cart D:\xampp\htdocs\tiku\Application\Home\Controller\TikuController.class.php 第 193 行.
NOTIC: [8] Undefined index: cart D:\xampp\htdocs\tiku\Application\Home\Controller\TikuController.class.php 第 16 行.
NOTIC: [8] Undefined index: cart D:\xampp\htdocs\tiku\Application\Home\Controller\TikuController.class.php 第 193 行.
NOTIC: [8] Undefined index: cart D:\xampp\htdocs\tiku\Application\Home\Controller\ShijuanController.class.php 第 15 行.

[ 2016-02-29T17:09:18+08:00 ] 127.0.0.1 /shijuan/test
INFO: [ app_init ] --START--
INFO: Run Behavior\BuildLiteBehavior [ RunTime:0.000000s ]
INFO: [ app_init ] --END-- [ RunTime:0.001000s ]
INFO: [ app_begin ] --START--
INFO: Run Behavior\ReadHtmlCacheBehavior [ RunTime:0.000000s ]
INFO: [ app_begin ] --END-- [ RunTime:0.000000s ]
SQL: SHOW COLUMNS FROM `tiku_course` [ RunTime:0.0030s ]
SQL: SELECT * FROM `tiku_course` WHERE ( status=1 )  [ RunTime:0.0010s ]
SQL: SELECT * FROM `tiku_course` WHERE ( status=1 )  [ RunTime:0.0000s ]
SQL: SELECT * FROM `tiku_course` WHERE ( status=1 )  [ RunTime:0.0000s ]
NOTIC: [8] Undefined index: cart D:\xampp\htdocs\tiku\Application\Home\Controller\TikuController.class.php 第 193 行.
NOTIC: [8] Undefined index: cart D:\xampp\htdocs\tiku\Application\Home\Controller\TikuController.class.php 第 16 行.
NOTIC: [8] Undefined index: cart D:\xampp\htdocs\tiku\Application\Home\Controller\TikuController.class.php 第 193 行.
NOTIC: [8] Undefined index: cart D:\xampp\htdocs\tiku\Application\Home\Controller\ShijuanController.class.php 第 15 行.

[ 2016-02-29T17:09:42+08:00 ] 127.0.0.1 /shijuan/test
INFO: [ app_init ] --START--
INFO: Run Behavior\BuildLiteBehavior [ RunTime:0.000000s ]
INFO: [ app_init ] --END-- [ RunTime:0.000000s ]
INFO: [ app_begin ] --START--
INFO: Run Behavior\ReadHtmlCacheBehavior [ RunTime:0.001000s ]
INFO: [ app_begin ] --END-- [ RunTime:0.001000s ]
SQL: SHOW COLUMNS FROM `tiku_course` [ RunTime:0.0030s ]
SQL: SELECT * FROM `tiku_course` WHERE ( status=1 )  [ RunTime:0.0000s ]
SQL: SELECT * FROM `tiku_course` WHERE ( status=1 )  [ RunTime:0.0000s ]
SQL: SELECT * FROM `tiku_course` WHERE ( status=1 )  [ RunTime:0.0010s ]
NOTIC: [8] Undefined index: cart D:\xampp\htdocs\tiku\Application\Home\Controller\TikuController.class.php 第 193 行.
NOTIC: [8] Undefined index: cart D:\xampp\htdocs\tiku\Application\Home\Controller\TikuController.class.php 第 16 行.
NOTIC: [8] Undefined index: cart D:\xampp\htdocs\tiku\Application\Home\Controller\TikuController.class.php 第 193 行.
NOTIC: [8] Undefined index: cart D:\xampp\htdocs\tiku\Application\Home\Controller\ShijuanController.class.php 第 15 行.

[ 2016-02-29T17:10:14+08:00 ] 127.0.0.1 /shijuan/test
INFO: [ app_init ] --START--
INFO: Run Behavior\BuildLiteBehavior [ RunTime:0.001000s ]
INFO: [ app_init ] --END-- [ RunTime:0.001000s ]
INFO: [ app_begin ] --START--
INFO: Run Behavior\ReadHtmlCacheBehavior [ RunTime:0.001000s ]
INFO: [ app_begin ] --END-- [ RunTime:0.001000s ]
SQL: SHOW COLUMNS FROM `tiku_course` [ RunTime:0.0030s ]
SQL: SELECT * FROM `tiku_course` WHERE ( status=1 )  [ RunTime:0.0000s ]
SQL: SELECT * FROM `tiku_course` WHERE ( status=1 )  [ RunTime:0.0000s ]
SQL: SELECT * FROM `tiku_course` WHERE ( status=1 )  [ RunTime:0.0000s ]
NOTIC: [8] Undefined index: cart D:\xampp\htdocs\tiku\Application\Home\Controller\TikuController.class.php 第 193 行.
NOTIC: [8] Undefined index: cart D:\xampp\htdocs\tiku\Application\Home\Controller\TikuController.class.php 第 16 行.
NOTIC: [8] Undefined index: cart D:\xampp\htdocs\tiku\Application\Home\Controller\TikuController.class.php 第 193 行.
NOTIC: [8] Undefined index: cart D:\xampp\htdocs\tiku\Application\Home\Controller\ShijuanController.class.php 第 15 行.
NOTIC: [2] unlink(helloWorld.doc): Permission denied D:\xampp\htdocs\tiku\ThinkPHP\Library\Vendor\PhpWord\src\PhpWord\Writer\AbstractWriter.php 第 278 行.
ERR: Could not close zip file helloWorld.doc.

[ 2016-02-29T17:10:18+08:00 ] 127.0.0.1 /shijuan/test
INFO: [ app_init ] --START--
INFO: Run Behavior\BuildLiteBehavior [ RunTime:0.000000s ]
INFO: [ app_init ] --END-- [ RunTime:0.001000s ]
INFO: [ app_begin ] --START--
INFO: Run Behavior\ReadHtmlCacheBehavior [ RunTime:0.001000s ]
INFO: [ app_begin ] --END-- [ RunTime:0.001000s ]
SQL: SHOW COLUMNS FROM `tiku_course` [ RunTime:0.0030s ]
SQL: SELECT * FROM `tiku_course` WHERE ( status=1 )  [ RunTime:0.0010s ]
SQL: SELECT * FROM `tiku_course` WHERE ( status=1 )  [ RunTime:0.0010s ]
SQL: SELECT * FROM `tiku_course` WHERE ( status=1 )  [ RunTime:0.0000s ]
NOTIC: [8] Undefined index: cart D:\xampp\htdocs\tiku\Application\Home\Controller\TikuController.class.php 第 193 行.
NOTIC: [8] Undefined index: cart D:\xampp\htdocs\tiku\Application\Home\Controller\TikuController.class.php 第 16 行.
NOTIC: [8] Undefined index: cart D:\xampp\htdocs\tiku\Application\Home\Controller\TikuController.class.php 第 193 行.
NOTIC: [8] Undefined index: cart D:\xampp\htdocs\tiku\Application\Home\Controller\ShijuanController.class.php 第 15 行.

[ 2016-02-29T17:11:25+08:00 ] 127.0.0.1 /shijuan/test
INFO: [ app_init ] --START--
INFO: Run Behavior\BuildLiteBehavior [ RunTime:0.000000s ]
INFO: [ app_init ] --END-- [ RunTime:0.001000s ]
INFO: [ app_begin ] --START--
INFO: Run Behavior\ReadHtmlCacheBehavior [ RunTime:0.000000s ]
INFO: [ app_begin ] --END-- [ RunTime:0.000000s ]
SQL: SHOW COLUMNS FROM `tiku_course` [ RunTime:0.0030s ]
SQL: SELECT * FROM `tiku_course` WHERE ( status=1 )  [ RunTime:0.0000s ]
SQL: SELECT * FROM `tiku_course` WHERE ( status=1 )  [ RunTime:0.0000s ]
SQL: SELECT * FROM `tiku_course` WHERE ( status=1 )  [ RunTime:0.0000s ]
NOTIC: [8] Undefined index: cart D:\xampp\htdocs\tiku\Application\Home\Controller\TikuController.class.php 第 193 行.
NOTIC: [8] Undefined index: cart D:\xampp\htdocs\tiku\Application\Home\Controller\TikuController.class.php 第 16 行.
NOTIC: [8] Undefined index: cart D:\xampp\htdocs\tiku\Application\Home\Controller\TikuController.class.php 第 193 行.
NOTIC: [8] Undefined index: cart D:\xampp\htdocs\tiku\Application\Home\Controller\ShijuanController.class.php 第 15 行.

