[ 2016-01-18T15:19:15+08:00 ] 127.0.0.1 /shijuan/ajacCheckIsSaved
INFO: [ app_init ] --START--
INFO: Run Behavior\BuildLiteBehavior [ RunTime:0.000000s ]
INFO: [ app_init ] --END-- [ RunTime:0.001000s ]
INFO: [ app_begin ] --START--
INFO: Run Behavior\ReadHtmlCacheBehavior [ RunTime:0.001000s ]
INFO: [ app_begin ] --END-- [ RunTime:0.001000s ]
SQL: SHOW COLUMNS FROM `user_collected` [ RunTime:0.0050s ]
SQL: SELECT `tiku_id` FROM `user_collected` WHERE ( user_id=12 )  [ RunTime:0.0000s ]
SQL: SHOW COLUMNS FROM `tiku_course` [ RunTime:0.0040s ]
SQL: SELECT * FROM `tiku_course` WHERE ( status=1 )  [ RunTime:0.0010s ]
SQL: SELECT `tiku_id` FROM `user_collected` WHERE ( user_id=12 )  [ RunTime:0.0000s ]
SQL: SELECT * FROM `tiku_course` WHERE ( status=1 )  [ RunTime:0.0000s ]
SQL: SELECT * FROM `tiku_course` WHERE ( status=1 )  [ RunTime:0.0010s ]
NOTIC: [8] Undefined variable: arr D:\xampp\htdocs\tiku\Application\Home\Controller\TikuController.class.php 第 195 行.
NOTIC: [2] in_array() expects parameter 2 to be array, null given D:\xampp\htdocs\tiku\Application\Home\Controller\TikuController.class.php 第 195 行.
NOTIC: [8] Undefined variable: arr D:\xampp\htdocs\tiku\Application\Home\Controller\TikuController.class.php 第 195 行.
NOTIC: [2] in_array() expects parameter 2 to be array, null given D:\xampp\htdocs\tiku\Application\Home\Controller\TikuController.class.php 第 195 行.
SQL: SHOW COLUMNS FROM `user_shijuan` [ RunTime:0.0050s ]
SQL: SELECT * FROM `user_shijuan` WHERE ( id=29 AND user_id=12 ) LIMIT 1   [ RunTime:0.0000s ]

[ 2016-01-18T15:19:16+08:00 ] 127.0.0.1 /shijuan/ajaxDownload?doctype=docx&shijuan_model=A4&answer_order=2
INFO: [ app_init ] --START--
INFO: Run Behavior\BuildLiteBehavior [ RunTime:0.000000s ]
INFO: [ app_init ] --END-- [ RunTime:0.000000s ]
INFO: [ app_begin ] --START--
INFO: Run Behavior\ReadHtmlCacheBehavior [ RunTime:0.001000s ]
INFO: [ app_begin ] --END-- [ RunTime:0.001000s ]
SQL: SHOW COLUMNS FROM `user_collected` [ RunTime:0.0060s ]
SQL: SELECT `tiku_id` FROM `user_collected` WHERE ( user_id=12 )  [ RunTime:0.0000s ]
SQL: SHOW COLUMNS FROM `tiku_course` [ RunTime:0.0040s ]
SQL: SELECT * FROM `tiku_course` WHERE ( status=1 )  [ RunTime:0.0000s ]
SQL: SELECT `tiku_id` FROM `user_collected` WHERE ( user_id=12 )  [ RunTime:0.0000s ]
SQL: SELECT * FROM `tiku_course` WHERE ( status=1 )  [ RunTime:0.0000s ]
SQL: SELECT * FROM `tiku_course` WHERE ( status=1 )  [ RunTime:0.0000s ]
NOTIC: [8] Undefined variable: arr D:\xampp\htdocs\tiku\Application\Home\Controller\TikuController.class.php 第 195 行.
NOTIC: [2] in_array() expects parameter 2 to be array, null given D:\xampp\htdocs\tiku\Application\Home\Controller\TikuController.class.php 第 195 行.
NOTIC: [8] Undefined variable: arr D:\xampp\htdocs\tiku\Application\Home\Controller\TikuController.class.php 第 195 行.
NOTIC: [2] in_array() expects parameter 2 to be array, null given D:\xampp\htdocs\tiku\Application\Home\Controller\TikuController.class.php 第 195 行.

[ 2016-01-18T15:19:17+08:00 ] 127.0.0.1 /shijuan/createtoword
INFO: [ app_init ] --START--
INFO: Run Behavior\BuildLiteBehavior [ RunTime:0.001000s ]
INFO: [ app_init ] --END-- [ RunTime:0.001000s ]
INFO: [ app_begin ] --START--
INFO: Run Behavior\ReadHtmlCacheBehavior [ RunTime:0.001000s ]
INFO: [ app_begin ] --END-- [ RunTime:0.001000s ]
SQL: SHOW COLUMNS FROM `user_collected` [ RunTime:0.0040s ]
SQL: SELECT `tiku_id` FROM `user_collected` WHERE ( user_id=12 )  [ RunTime:0.0000s ]
SQL: SHOW COLUMNS FROM `tiku_course` [ RunTime:0.0040s ]
SQL: SELECT * FROM `tiku_course` WHERE ( status=1 )  [ RunTime:0.0000s ]
SQL: SELECT `tiku_id` FROM `user_collected` WHERE ( user_id=12 )  [ RunTime:0.0000s ]
SQL: SELECT * FROM `tiku_course` WHERE ( status=1 )  [ RunTime:0.0000s ]
SQL: SELECT * FROM `tiku_course` WHERE ( status=1 )  [ RunTime:0.0000s ]
NOTIC: [8] Undefined variable: arr D:\xampp\htdocs\tiku\Application\Home\Controller\TikuController.class.php 第 195 行.
NOTIC: [2] in_array() expects parameter 2 to be array, null given D:\xampp\htdocs\tiku\Application\Home\Controller\TikuController.class.php 第 195 行.
NOTIC: [8] Undefined variable: arr D:\xampp\htdocs\tiku\Application\Home\Controller\TikuController.class.php 第 195 行.
NOTIC: [2] in_array() expects parameter 2 to be array, null given D:\xampp\htdocs\tiku\Application\Home\Controller\TikuController.class.php 第 195 行.
NOTIC: [8] Undefined offset: 2 D:\xampp\htdocs\tiku\ThinkPHP\Library\Vendor\PhpWord\src\PhpWord\Element\AbstractContainer.php 第 101 行.
NOTIC: [8] Undefined offset: 1 D:\xampp\htdocs\tiku\ThinkPHP\Library\Vendor\PhpWord\src\PhpWord\Element\AbstractContainer.php 第 101 行.
NOTIC: [8] Undefined offset: 0 D:\xampp\htdocs\tiku\ThinkPHP\Library\Vendor\PhpWord\src\PhpWord\Element\AbstractContainer.php 第 101 行.
SQL: SHOW COLUMNS FROM `tiku` [ RunTime:0.0070s ]
SQL: SELECT `id`,`content`,`options`,`answer`,`analysis` FROM `tiku` WHERE ( id=212204 ) LIMIT 1   [ RunTime:0.0000s ]
SQL: SELECT `id`,`content`,`options`,`answer`,`analysis` FROM `tiku` WHERE ( id=210772 ) LIMIT 1   [ RunTime:0.0000s ]
SQL: SELECT `id`,`content`,`options`,`answer`,`analysis` FROM `tiku` WHERE ( id=211180 ) LIMIT 1   [ RunTime:0.0000s ]
SQL: SELECT `id`,`content`,`options`,`answer`,`analysis` FROM `tiku` WHERE ( id=210784 ) LIMIT 1   [ RunTime:0.0000s ]
NOTIC: [8] Undefined offset: 0 D:\xampp\htdocs\tiku\Application\Home\Controller\ShijuanController.class.php 第 344 行.
NOTIC: [2] getimagesize(): Filename cannot be empty D:\xampp\htdocs\tiku\ThinkPHP\Library\Vendor\PhpWord\src\PhpWord\Element\Image.php 第 380 行.
NOTIC: [8] Undefined offset: 0 D:\xampp\htdocs\tiku\Application\Home\Controller\ShijuanController.class.php 第 344 行.
NOTIC: [2] getimagesize(): Filename cannot be empty D:\xampp\htdocs\tiku\ThinkPHP\Library\Vendor\PhpWord\src\PhpWord\Element\Image.php 第 380 行.
NOTIC: [8] Undefined offset: 0 D:\xampp\htdocs\tiku\Application\Home\Controller\ShijuanController.class.php 第 344 行.
NOTIC: [2] getimagesize(): Filename cannot be empty D:\xampp\htdocs\tiku\ThinkPHP\Library\Vendor\PhpWord\src\PhpWord\Element\Image.php 第 380 行.
NOTIC: [8] Undefined offset: 0 D:\xampp\htdocs\tiku\Application\Home\Controller\ShijuanController.class.php 第 344 行.
NOTIC: [2] getimagesize(): Filename cannot be empty D:\xampp\htdocs\tiku\ThinkPHP\Library\Vendor\PhpWord\src\PhpWord\Element\Image.php 第 380 行.
NOTIC: [8] Undefined offset: 0 D:\xampp\htdocs\tiku\Application\Home\Controller\ShijuanController.class.php 第 319 行.
NOTIC: [2] getimagesize(): Filename cannot be empty D:\xampp\htdocs\tiku\ThinkPHP\Library\Vendor\PhpWord\src\PhpWord\Element\Image.php 第 380 行.
NOTIC: [8] Undefined offset: 0 D:\xampp\htdocs\tiku\Application\Home\Controller\ShijuanController.class.php 第 319 行.
NOTIC: [2] getimagesize(): Filename cannot be empty D:\xampp\htdocs\tiku\ThinkPHP\Library\Vendor\PhpWord\src\PhpWord\Element\Image.php 第 380 行.
NOTIC: [8] Undefined offset: 0 D:\xampp\htdocs\tiku\Application\Home\Controller\ShijuanController.class.php 第 319 行.
NOTIC: [2] getimagesize(): Filename cannot be empty D:\xampp\htdocs\tiku\ThinkPHP\Library\Vendor\PhpWord\src\PhpWord\Element\Image.php 第 380 行.
NOTIC: [8] Undefined offset: 0 D:\xampp\htdocs\tiku\Application\Home\Controller\ShijuanController.class.php 第 319 行.
NOTIC: [2] getimagesize(): Filename cannot be empty D:\xampp\htdocs\tiku\ThinkPHP\Library\Vendor\PhpWord\src\PhpWord\Element\Image.php 第 380 行.
NOTIC: [8] Undefined offset: 0 D:\xampp\htdocs\tiku\Application\Home\Controller\ShijuanController.class.php 第 344 行.
NOTIC: [2] getimagesize(): Filename cannot be empty D:\xampp\htdocs\tiku\ThinkPHP\Library\Vendor\PhpWord\src\PhpWord\Element\Image.php 第 380 行.
NOTIC: [8] Undefined offset: 0 D:\xampp\htdocs\tiku\Application\Home\Controller\ShijuanController.class.php 第 344 行.
NOTIC: [2] getimagesize(): Filename cannot be empty D:\xampp\htdocs\tiku\ThinkPHP\Library\Vendor\PhpWord\src\PhpWord\Element\Image.php 第 380 行.
NOTIC: [8] Undefined offset: 0 D:\xampp\htdocs\tiku\Application\Home\Controller\ShijuanController.class.php 第 344 行.
NOTIC: [2] getimagesize(): Filename cannot be empty D:\xampp\htdocs\tiku\ThinkPHP\Library\Vendor\PhpWord\src\PhpWord\Element\Image.php 第 380 行.
NOTIC: [8] Undefined offset: 0 D:\xampp\htdocs\tiku\Application\Home\Controller\ShijuanController.class.php 第 344 行.
NOTIC: [2] getimagesize(): Filename cannot be empty D:\xampp\htdocs\tiku\ThinkPHP\Library\Vendor\PhpWord\src\PhpWord\Element\Image.php 第 380 行.
NOTIC: [8] Undefined offset: 0 D:\xampp\htdocs\tiku\Application\Home\Controller\ShijuanController.class.php 第 319 行.
NOTIC: [2] getimagesize(): Filename cannot be empty D:\xampp\htdocs\tiku\ThinkPHP\Library\Vendor\PhpWord\src\PhpWord\Element\Image.php 第 380 行.
NOTIC: [8] Undefined offset: 0 D:\xampp\htdocs\tiku\Application\Home\Controller\ShijuanController.class.php 第 319 行.
NOTIC: [2] getimagesize(): Filename cannot be empty D:\xampp\htdocs\tiku\ThinkPHP\Library\Vendor\PhpWord\src\PhpWord\Element\Image.php 第 380 行.
NOTIC: [8] Undefined offset: 0 D:\xampp\htdocs\tiku\Application\Home\Controller\ShijuanController.class.php 第 319 行.
NOTIC: [2] getimagesize(): Filename cannot be empty D:\xampp\htdocs\tiku\ThinkPHP\Library\Vendor\PhpWord\src\PhpWord\Element\Image.php 第 380 行.
NOTIC: [8] Undefined offset: 0 D:\xampp\htdocs\tiku\Application\Home\Controller\ShijuanController.class.php 第 319 行.
NOTIC: [2] getimagesize(): Filename cannot be empty D:\xampp\htdocs\tiku\ThinkPHP\Library\Vendor\PhpWord\src\PhpWord\Element\Image.php 第 380 行.
NOTIC: [8] Undefined offset: 2 D:\xampp\htdocs\tiku\ThinkPHP\Library\Vendor\PhpWord\src\PhpWord\Element\AbstractContainer.php 第 101 行.
NOTIC: [8] Undefined offset: 1 D:\xampp\htdocs\tiku\ThinkPHP\Library\Vendor\PhpWord\src\PhpWord\Element\AbstractContainer.php 第 101 行.
NOTIC: [8] Undefined offset: 0 D:\xampp\htdocs\tiku\ThinkPHP\Library\Vendor\PhpWord\src\PhpWord\Element\AbstractContainer.php 第 101 行.
SQL: SELECT `id`,`content`,`options`,`answer`,`analysis` FROM `tiku` WHERE ( id=258284 ) LIMIT 1   [ RunTime:0.0000s ]
SQL: SELECT `id`,`content`,`options`,`answer`,`analysis` FROM `tiku` WHERE ( id=258494 ) LIMIT 1   [ RunTime:0.0010s ]
SQL: SELECT `id`,`content`,`options`,`answer`,`analysis` FROM `tiku` WHERE ( id=258254 ) LIMIT 1   [ RunTime:0.0000s ]
SQL: SELECT `id`,`content`,`options`,`answer`,`analysis` FROM `tiku` WHERE ( id=259393 ) LIMIT 1   [ RunTime:0.0000s ]
SQL: SELECT `id`,`content`,`options`,`answer`,`analysis` FROM `tiku` WHERE ( id=267009 ) LIMIT 1   [ RunTime:0.0000s ]
SQL: SELECT `id`,`content`,`options`,`answer`,`analysis` FROM `tiku` WHERE ( id=267165 ) LIMIT 1   [ RunTime:0.0010s ]
SQL: SELECT `id`,`content`,`options`,`answer`,`analysis` FROM `tiku` WHERE ( id=268479 ) LIMIT 1   [ RunTime:0.0000s ]
SQL: SELECT `id`,`content`,`options`,`answer`,`analysis` FROM `tiku` WHERE ( id=286947 ) LIMIT 1   [ RunTime:0.0000s ]
SQL: SELECT `id`,`content`,`options`,`answer`,`analysis` FROM `tiku` WHERE ( id=286954 ) LIMIT 1   [ RunTime:0.0000s ]
NOTIC: [8] Undefined offset: 2 D:\xampp\htdocs\tiku\ThinkPHP\Library\Vendor\PhpWord\src\PhpWord\Element\AbstractContainer.php 第 101 行.
NOTIC: [8] Undefined offset: 1 D:\xampp\htdocs\tiku\ThinkPHP\Library\Vendor\PhpWord\src\PhpWord\Element\AbstractContainer.php 第 101 行.
INFO: [ app_end ] --START--
INFO: Run Behavior\ShowPageTraceBehavior [ RunTime:0.001000s ]
INFO: [ app_end ] --END-- [ RunTime:0.001000s ]

