[ 2016-03-03T09:45:46+08:00 ] 127.0.0.1 /index.php/admin/
INFO: [ app_init ] --START--
INFO: Run Behavior\BuildLiteBehavior [ RunTime:0.000000s ]
INFO: [ app_init ] --END-- [ RunTime:0.001000s ]
INFO: [ app_begin ] --START--
INFO: Run Behavior\ReadHtmlCacheBehavior [ RunTime:0.001000s ]
INFO: [ app_begin ] --END-- [ RunTime:0.001000s ]

[ 2016-03-03T09:45:46+08:00 ] 127.0.0.1 /index.php/admin/admin/login
INFO: [ app_init ] --START--
INFO: Run Behavior\BuildLiteBehavior [ RunTime:0.000000s ]
INFO: [ app_init ] --END-- [ RunTime:0.001000s ]
INFO: [ app_begin ] --START--
INFO: Run Behavior\ReadHtmlCacheBehavior [ RunTime:0.001000s ]
INFO: [ app_begin ] --END-- [ RunTime:0.001000s ]
INFO: [ view_parse ] --START--
INFO: [ template_filter ] --START--
INFO: Run Behavior\ContentReplaceBehavior [ RunTime:0.000000s ]
INFO: [ template_filter ] --END-- [ RunTime:0.000000s ]
NOTIC: [8] Undefined variable: error_msg D:\xampp\htdocs\tiku\Application\Runtime\Cache\Admin\2275611bb46a2a49189a5a4b00fcf970.php 第 61 行.
INFO: Run Behavior\ParseTemplateBehavior [ RunTime:0.084005s ]
INFO: [ view_parse ] --END-- [ RunTime:0.084005s ]
INFO: [ view_filter ] --START--
INFO: Run Behavior\WriteHtmlCacheBehavior [ RunTime:0.001000s ]
INFO: [ view_filter ] --END-- [ RunTime:0.001000s ]
INFO: [ app_end ] --START--
INFO: Run Behavior\ShowPageTraceBehavior [ RunTime:0.001000s ]
INFO: [ app_end ] --END-- [ RunTime:0.001000s ]

[ 2016-03-03T09:45:47+08:00 ] 127.0.0.1 /index.php/admin/admin/verifyCode
INFO: [ app_init ] --START--
INFO: Run Behavior\BuildLiteBehavior [ RunTime:0.000000s ]
INFO: [ app_init ] --END-- [ RunTime:0.001000s ]
INFO: [ app_begin ] --START--
INFO: Run Behavior\ReadHtmlCacheBehavior [ RunTime:0.001000s ]
INFO: [ app_begin ] --END-- [ RunTime:0.001000s ]
INFO: [ app_end ] --START--
INFO: Run Behavior\ShowPageTraceBehavior [ RunTime:0.003000s ]
INFO: [ app_end ] --END-- [ RunTime:0.003000s ]

[ 2016-03-03T09:45:58+08:00 ] 127.0.0.1 /index.php/admin/admin/login
INFO: [ app_init ] --START--
INFO: Run Behavior\BuildLiteBehavior [ RunTime:0.000000s ]
INFO: [ app_init ] --END-- [ RunTime:0.000000s ]
INFO: [ app_begin ] --START--
INFO: Run Behavior\ReadHtmlCacheBehavior [ RunTime:0.000000s ]
INFO: [ app_begin ] --END-- [ RunTime:0.000000s ]
SQL: SHOW COLUMNS FROM `admin` [ RunTime:0.0870s ]
SQL: SELECT * FROM `admin` WHERE ( user_name='adminhxk' ) LIMIT 1   [ RunTime:0.0010s ]
SQL: UPDATE `admin` SET `last_login`='1456969558',`login_ip`='127.0.0.1' WHERE ( id=2 ) [ RunTime:0.0320s ]
SQL: SHOW COLUMNS FROM `system_log` [ RunTime:0.0900s ]
SQL: INSERT INTO `system_log` (`admin_id`,`content`,`client_ip`,`update_time`) VALUES ('2','登录成功','127.0.0.1','1456969558') [ RunTime:0.0290s ]

[ 2016-03-03T09:45:58+08:00 ] 127.0.0.1 /index.php/admin
INFO: [ app_init ] --START--
INFO: Run Behavior\BuildLiteBehavior [ RunTime:0.000000s ]
INFO: [ app_init ] --END-- [ RunTime:0.001000s ]
INFO: [ app_begin ] --START--
INFO: Run Behavior\ReadHtmlCacheBehavior [ RunTime:0.000000s ]
INFO: [ app_begin ] --END-- [ RunTime:0.001001s ]
SQL: SHOW COLUMNS FROM `admin` [ RunTime:0.0050s ]
SQL: SELECT admin.*,admin_group.title FROM `admin` INNER JOIN admin_group_access on admin_group_access.uid=admin.id INNER JOIN admin_group on admin_group_access.group_id=admin_group.id  WHERE ( admin.id=2 ) LIMIT 1   [ RunTime:0.0280s ]
INFO: [ view_parse ] --START--
INFO: [ template_filter ] --START--
INFO: Run Behavior\ContentReplaceBehavior [ RunTime:0.000000s ]
INFO: [ template_filter ] --END-- [ RunTime:0.000000s ]
INFO: Run Behavior\ParseTemplateBehavior [ RunTime:0.067004s ]
INFO: [ view_parse ] --END-- [ RunTime:0.067004s ]
INFO: [ view_filter ] --START--
INFO: Run Behavior\WriteHtmlCacheBehavior [ RunTime:0.000000s ]
INFO: [ view_filter ] --END-- [ RunTime:0.000000s ]
INFO: [ app_end ] --START--
INFO: Run Behavior\ShowPageTraceBehavior [ RunTime:0.001000s ]
INFO: [ app_end ] --END-- [ RunTime:0.001000s ]

[ 2016-03-03T09:45:58+08:00 ] 127.0.0.1 /index.php/admin/index/welcome
INFO: [ app_init ] --START--
INFO: Run Behavior\BuildLiteBehavior [ RunTime:0.000000s ]
INFO: [ app_init ] --END-- [ RunTime:0.001000s ]
INFO: [ app_begin ] --START--
INFO: Run Behavior\ReadHtmlCacheBehavior [ RunTime:0.000000s ]
INFO: [ app_begin ] --END-- [ RunTime:0.000000s ]
SQL: SHOW COLUMNS FROM `admin` [ RunTime:0.0040s ]
SQL: SELECT admin.*,admin_group.title FROM `admin` INNER JOIN admin_group_access on admin_group_access.uid=admin.id INNER JOIN admin_group on admin_group_access.group_id=admin_group.id  WHERE ( admin.id=2 ) LIMIT 1   [ RunTime:0.0010s ]
INFO: [ view_parse ] --START--
INFO: [ template_filter ] --START--
INFO: Run Behavior\ContentReplaceBehavior [ RunTime:0.000000s ]
INFO: [ template_filter ] --END-- [ RunTime:0.000000s ]
INFO: Run Behavior\ParseTemplateBehavior [ RunTime:0.120007s ]
INFO: [ view_parse ] --END-- [ RunTime:0.120007s ]
INFO: [ view_filter ] --START--
INFO: Run Behavior\WriteHtmlCacheBehavior [ RunTime:0.001000s ]
INFO: [ view_filter ] --END-- [ RunTime:0.001000s ]
INFO: [ app_end ] --START--
INFO: Run Behavior\ShowPageTraceBehavior [ RunTime:0.000000s ]
INFO: [ app_end ] --END-- [ RunTime:0.000000s ]

[ 2016-03-03T09:45:58+08:00 ] 127.0.0.1 /index.php/admin/index/lib/jquery/1.9.1/jquery.min.js
INFO: [ app_init ] --START--
INFO: Run Behavior\BuildLiteBehavior [ RunTime:0.000000s ]
INFO: [ app_init ] --END-- [ RunTime:0.001000s ]
INFO: [ app_begin ] --START--
INFO: Run Behavior\ReadHtmlCacheBehavior [ RunTime:0.001001s ]
INFO: [ app_begin ] --END-- [ RunTime:0.001001s ]
SQL: SHOW COLUMNS FROM `admin` [ RunTime:0.0050s ]
SQL: SELECT admin.*,admin_group.title FROM `admin` INNER JOIN admin_group_access on admin_group_access.uid=admin.id INNER JOIN admin_group on admin_group_access.group_id=admin_group.id  WHERE ( admin.id=2 ) LIMIT 1   [ RunTime:0.0000s ]
SQL: SHOW COLUMNS FROM `admin_group_access` [ RunTime:0.0040s ]
SQL: SELECT `uid`,`group_id`,`title`,`rules` FROM admin_group_access a INNER JOIN admin_group g on a.group_id=g.id  WHERE ( a.uid='2' and g.status='1' )  [ RunTime:0.0000s ]
SQL: SHOW COLUMNS FROM `admin_rule` [ RunTime:0.0320s ]
SQL: SELECT `condition`,`name` FROM `admin_rule` WHERE `id` IN ('1','3','5','7','8','16','20','21','22','23','24','26','9','10','11','12','13','14','15','17','27','28','33') AND `status` = 1  [ RunTime:0.0010s ]

[ 2016-03-03T09:45:58+08:00 ] 127.0.0.1 /index.php/admin/index/js/H-ui.js
INFO: [ app_init ] --START--
INFO: Run Behavior\BuildLiteBehavior [ RunTime:0.000000s ]
INFO: [ app_init ] --END-- [ RunTime:0.001000s ]
INFO: [ app_begin ] --START--
INFO: Run Behavior\ReadHtmlCacheBehavior [ RunTime:0.001000s ]
INFO: [ app_begin ] --END-- [ RunTime:0.001000s ]
SQL: SHOW COLUMNS FROM `admin` [ RunTime:0.0040s ]
SQL: SELECT admin.*,admin_group.title FROM `admin` INNER JOIN admin_group_access on admin_group_access.uid=admin.id INNER JOIN admin_group on admin_group_access.group_id=admin_group.id  WHERE ( admin.id=2 ) LIMIT 1   [ RunTime:0.0010s ]
SQL: SHOW COLUMNS FROM `admin_group_access` [ RunTime:0.0050s ]
SQL: SELECT `uid`,`group_id`,`title`,`rules` FROM admin_group_access a INNER JOIN admin_group g on a.group_id=g.id  WHERE ( a.uid='2' and g.status='1' )  [ RunTime:0.0000s ]
SQL: SHOW COLUMNS FROM `admin_rule` [ RunTime:0.0040s ]
SQL: SELECT `condition`,`name` FROM `admin_rule` WHERE `id` IN ('1','3','5','7','8','16','20','21','22','23','24','26','9','10','11','12','13','14','15','17','27','28','33') AND `status` = 1  [ RunTime:0.0000s ]

[ 2016-03-03T09:46:01+08:00 ] 127.0.0.1 /index.php/admin/tiku/index
INFO: [ app_init ] --START--
INFO: Run Behavior\BuildLiteBehavior [ RunTime:0.000000s ]
INFO: [ app_init ] --END-- [ RunTime:0.001000s ]
INFO: [ app_begin ] --START--
INFO: Run Behavior\ReadHtmlCacheBehavior [ RunTime:0.001000s ]
INFO: [ app_begin ] --END-- [ RunTime:0.002000s ]
SQL: SHOW COLUMNS FROM `admin` [ RunTime:0.0040s ]
SQL: SELECT admin.*,admin_group.title FROM `admin` INNER JOIN admin_group_access on admin_group_access.uid=admin.id INNER JOIN admin_group on admin_group_access.group_id=admin_group.id  WHERE ( admin.id=2 ) LIMIT 1   [ RunTime:0.0010s ]
SQL: SHOW COLUMNS FROM `admin_group_access` [ RunTime:0.0040s ]
SQL: SELECT `uid`,`group_id`,`title`,`rules` FROM admin_group_access a INNER JOIN admin_group g on a.group_id=g.id  WHERE ( a.uid='2' and g.status='1' )  [ RunTime:0.0000s ]
SQL: SHOW COLUMNS FROM `admin_rule` [ RunTime:0.0040s ]
SQL: SELECT `condition`,`name` FROM `admin_rule` WHERE `id` IN ('1','3','5','7','8','16','20','21','22','23','24','26','9','10','11','12','13','14','15','17','27','28','33') AND `status` = 1  [ RunTime:0.0000s ]
SQL: SHOW COLUMNS FROM `tiku_course` [ RunTime:0.0030s ]
SQL: SELECT * FROM `tiku_course` WHERE ( status=1 )  [ RunTime:0.0000s ]
SQL: SHOW COLUMNS FROM `tiku_type` [ RunTime:0.0040s ]
SQL: SELECT * FROM `tiku_type`  [ RunTime:0.0140s ]
NOTIC: [8] Undefined index: course_id D:\xampp\htdocs\tiku\Application\Admin\Controller\TikuController.class.php 第 22 行.
NOTIC: [8] Undefined index: type_id D:\xampp\htdocs\tiku\Application\Admin\Controller\TikuController.class.php 第 23 行.
NOTIC: [8] Undefined index: source_name D:\xampp\htdocs\tiku\Application\Admin\Controller\TikuController.class.php 第 24 行.
NOTIC: [8] Undefined index: content D:\xampp\htdocs\tiku\Application\Admin\Controller\TikuController.class.php 第 25 行.
NOTIC: [8] Undefined index: status D:\xampp\htdocs\tiku\Application\Admin\Controller\TikuController.class.php 第 26 行.
NOTIC: [8] Undefined index: p D:\xampp\htdocs\tiku\Application\Admin\Controller\TikuController.class.php 第 55 行.
SQL: SHOW COLUMNS FROM `tiku` [ RunTime:0.0050s ]
SQL: SELECT COUNT(*) AS tp_count FROM `tiku` INNER JOIN tiku_source on tiku.source_id = tiku_source.id  WHERE ( 1=1 ) LIMIT 1   [ RunTime:0.8400s ]
SQL: SELECT tiku.`id`,tiku.`content`,tiku.`clicks`,tiku.`status`,tiku.`create_time`,tiku_source.`source_name` FROM `tiku` left join tiku_source on tiku.`source_id`=tiku_source.id  WHERE ( 1=1 ) LIMIT 0,50   [ RunTime:0.0950s ]
INFO: [ view_parse ] --START--
INFO: [ template_filter ] --START--
INFO: Run Behavior\ContentReplaceBehavior [ RunTime:0.000000s ]
INFO: [ template_filter ] --END-- [ RunTime:0.000000s ]
INFO: Run Behavior\ParseTemplateBehavior [ RunTime:0.026002s ]
INFO: [ view_parse ] --END-- [ RunTime:0.026002s ]
INFO: [ view_filter ] --START--
INFO: Run Behavior\WriteHtmlCacheBehavior [ RunTime:0.000000s ]
INFO: [ view_filter ] --END-- [ RunTime:0.000000s ]
INFO: [ app_end ] --START--
INFO: Run Behavior\ShowPageTraceBehavior [ RunTime:0.000000s ]
INFO: [ app_end ] --END-- [ RunTime:0.001000s ]

[ 2016-03-03T09:46:06+08:00 ] 127.0.0.1 /index.php/admin/member/index
INFO: [ app_init ] --START--
INFO: Run Behavior\BuildLiteBehavior [ RunTime:0.000000s ]
INFO: [ app_init ] --END-- [ RunTime:0.000000s ]
INFO: [ app_begin ] --START--
INFO: Run Behavior\ReadHtmlCacheBehavior [ RunTime:0.001000s ]
INFO: [ app_begin ] --END-- [ RunTime:0.001000s ]
NOTIC: [2048] Declaration of Admin\Controller\MemberController::show() should be compatible with Think\Controller::show($content, $charset = '', $contentType = '', $prefix = '') D:\xampp\htdocs\tiku\Application\Admin\Controller\MemberController.class.php 第 4 行.
SQL: SHOW COLUMNS FROM `admin` [ RunTime:0.0030s ]
SQL: SELECT admin.*,admin_group.title FROM `admin` INNER JOIN admin_group_access on admin_group_access.uid=admin.id INNER JOIN admin_group on admin_group_access.group_id=admin_group.id  WHERE ( admin.id=2 ) LIMIT 1   [ RunTime:0.0000s ]
SQL: SHOW COLUMNS FROM `admin_group_access` [ RunTime:0.0040s ]
SQL: SELECT `uid`,`group_id`,`title`,`rules` FROM admin_group_access a INNER JOIN admin_group g on a.group_id=g.id  WHERE ( a.uid='2' and g.status='1' )  [ RunTime:0.0000s ]
SQL: SHOW COLUMNS FROM `admin_rule` [ RunTime:0.0040s ]
SQL: SELECT `condition`,`name` FROM `admin_rule` WHERE `id` IN ('1','3','5','7','8','16','20','21','22','23','24','26','9','10','11','12','13','14','15','17','27','28','33') AND `status` = 1  [ RunTime:0.0000s ]
NOTIC: [8] Undefined index: p D:\xampp\htdocs\tiku\Application\Admin\Controller\MemberController.class.php 第 18 行.
NOTIC: [8] Undefined index: p D:\xampp\htdocs\tiku\Application\Admin\Controller\MemberController.class.php 第 36 行.
SQL: SHOW COLUMNS FROM `user` [ RunTime:0.0140s ]
SQL: SELECT COUNT(*) AS tp_count FROM `user` WHERE ( 1=1 ) LIMIT 1   [ RunTime:0.0010s ]
SQL: SELECT * FROM `user` WHERE ( 1=1 ) LIMIT 0,20   [ RunTime:0.0010s ]
INFO: [ view_parse ] --START--
INFO: [ template_filter ] --START--
INFO: Run Behavior\ContentReplaceBehavior [ RunTime:0.000000s ]
INFO: [ template_filter ] --END-- [ RunTime:0.000000s ]
INFO: Run Behavior\ParseTemplateBehavior [ RunTime:0.040002s ]
INFO: [ view_parse ] --END-- [ RunTime:0.040002s ]
INFO: [ view_filter ] --START--
INFO: Run Behavior\WriteHtmlCacheBehavior [ RunTime:0.001001s ]
INFO: [ view_filter ] --END-- [ RunTime:0.001001s ]
INFO: [ app_end ] --START--
INFO: Run Behavior\ShowPageTraceBehavior [ RunTime:0.000000s ]
INFO: [ app_end ] --END-- [ RunTime:0.001000s ]

[ 2016-03-03T09:46:11+08:00 ] 127.0.0.1 /index.php/admin/member/delete?id=27
INFO: [ app_init ] --START--
INFO: Run Behavior\BuildLiteBehavior [ RunTime:0.000000s ]
INFO: [ app_init ] --END-- [ RunTime:0.001001s ]
INFO: [ app_begin ] --START--
INFO: Run Behavior\ReadHtmlCacheBehavior [ RunTime:0.000000s ]
INFO: [ app_begin ] --END-- [ RunTime:0.000000s ]
NOTIC: [2048] Declaration of Admin\Controller\MemberController::show() should be compatible with Think\Controller::show($content, $charset = '', $contentType = '', $prefix = '') D:\xampp\htdocs\tiku\Application\Admin\Controller\MemberController.class.php 第 4 行.
SQL: SHOW COLUMNS FROM `admin` [ RunTime:0.0030s ]
SQL: SELECT admin.*,admin_group.title FROM `admin` INNER JOIN admin_group_access on admin_group_access.uid=admin.id INNER JOIN admin_group on admin_group_access.group_id=admin_group.id  WHERE ( admin.id=2 ) LIMIT 1   [ RunTime:0.0000s ]
SQL: SHOW COLUMNS FROM `admin_group_access` [ RunTime:0.0060s ]
SQL: SELECT `uid`,`group_id`,`title`,`rules` FROM admin_group_access a INNER JOIN admin_group g on a.group_id=g.id  WHERE ( a.uid='2' and g.status='1' )  [ RunTime:0.0000s ]
SQL: SHOW COLUMNS FROM `admin_rule` [ RunTime:0.0040s ]
SQL: SELECT `condition`,`name` FROM `admin_rule` WHERE `id` IN ('1','3','5','7','8','16','20','21','22','23','24','26','9','10','11','12','13','14','15','17','27','28','33') AND `status` = 1  [ RunTime:0.0000s ]

[ 2016-03-03T09:46:14+08:00 ] 127.0.0.1 /index.php/admin/member/delete?id=27
INFO: [ app_init ] --START--
INFO: Run Behavior\BuildLiteBehavior [ RunTime:0.000000s ]
INFO: [ app_init ] --END-- [ RunTime:0.001000s ]
INFO: [ app_begin ] --START--
INFO: Run Behavior\ReadHtmlCacheBehavior [ RunTime:0.000000s ]
INFO: [ app_begin ] --END-- [ RunTime:0.000000s ]
NOTIC: [2048] Declaration of Admin\Controller\MemberController::show() should be compatible with Think\Controller::show($content, $charset = '', $contentType = '', $prefix = '') D:\xampp\htdocs\tiku\Application\Admin\Controller\MemberController.class.php 第 4 行.
SQL: SHOW COLUMNS FROM `admin` [ RunTime:0.0040s ]
SQL: SELECT admin.*,admin_group.title FROM `admin` INNER JOIN admin_group_access on admin_group_access.uid=admin.id INNER JOIN admin_group on admin_group_access.group_id=admin_group.id  WHERE ( admin.id=2 ) LIMIT 1   [ RunTime:0.0000s ]
SQL: SHOW COLUMNS FROM `admin_group_access` [ RunTime:0.0040s ]
SQL: SELECT `uid`,`group_id`,`title`,`rules` FROM admin_group_access a INNER JOIN admin_group g on a.group_id=g.id  WHERE ( a.uid='2' and g.status='1' )  [ RunTime:0.0000s ]
SQL: SHOW COLUMNS FROM `admin_rule` [ RunTime:0.0030s ]
SQL: SELECT `condition`,`name` FROM `admin_rule` WHERE `id` IN ('1','3','5','7','8','16','20','21','22','23','24','26','9','10','11','12','13','14','15','17','27','28','33') AND `status` = 1  [ RunTime:0.0000s ]

[ 2016-03-03T09:46:19+08:00 ] 127.0.0.1 /index.php/admin
INFO: [ app_init ] --START--
INFO: Run Behavior\BuildLiteBehavior [ RunTime:0.000000s ]
INFO: [ app_init ] --END-- [ RunTime:0.000000s ]
INFO: [ app_begin ] --START--
INFO: Run Behavior\ReadHtmlCacheBehavior [ RunTime:0.000000s ]
INFO: [ app_begin ] --END-- [ RunTime:0.000000s ]
SQL: SHOW COLUMNS FROM `admin` [ RunTime:0.0040s ]
SQL: SELECT admin.*,admin_group.title FROM `admin` INNER JOIN admin_group_access on admin_group_access.uid=admin.id INNER JOIN admin_group on admin_group_access.group_id=admin_group.id  WHERE ( admin.id=2 ) LIMIT 1   [ RunTime:0.0000s ]
INFO: [ view_parse ] --START--
INFO: [ template_filter ] --START--
INFO: Run Behavior\ContentReplaceBehavior [ RunTime:0.000000s ]
INFO: [ template_filter ] --END-- [ RunTime:0.000000s ]
INFO: Run Behavior\ParseTemplateBehavior [ RunTime:0.008001s ]
INFO: [ view_parse ] --END-- [ RunTime:0.008001s ]
INFO: [ view_filter ] --START--
INFO: Run Behavior\WriteHtmlCacheBehavior [ RunTime:0.001000s ]
INFO: [ view_filter ] --END-- [ RunTime:0.001000s ]
INFO: [ app_end ] --START--
INFO: Run Behavior\ShowPageTraceBehavior [ RunTime:0.001000s ]
INFO: [ app_end ] --END-- [ RunTime:0.001000s ]

[ 2016-03-03T09:46:19+08:00 ] 127.0.0.1 /index.php/admin/index/welcome
INFO: [ app_init ] --START--
INFO: Run Behavior\BuildLiteBehavior [ RunTime:0.000000s ]
INFO: [ app_init ] --END-- [ RunTime:0.001000s ]
INFO: [ app_begin ] --START--
INFO: Run Behavior\ReadHtmlCacheBehavior [ RunTime:0.001000s ]
INFO: [ app_begin ] --END-- [ RunTime:0.001000s ]
SQL: SHOW COLUMNS FROM `admin` [ RunTime:0.0060s ]
SQL: SELECT admin.*,admin_group.title FROM `admin` INNER JOIN admin_group_access on admin_group_access.uid=admin.id INNER JOIN admin_group on admin_group_access.group_id=admin_group.id  WHERE ( admin.id=2 ) LIMIT 1   [ RunTime:0.0010s ]
INFO: [ view_parse ] --START--
INFO: [ template_filter ] --START--
INFO: Run Behavior\ContentReplaceBehavior [ RunTime:0.000000s ]
INFO: [ template_filter ] --END-- [ RunTime:0.000000s ]
INFO: Run Behavior\ParseTemplateBehavior [ RunTime:0.007000s ]
INFO: [ view_parse ] --END-- [ RunTime:0.007000s ]
INFO: [ view_filter ] --START--
INFO: Run Behavior\WriteHtmlCacheBehavior [ RunTime:0.001000s ]
INFO: [ view_filter ] --END-- [ RunTime:0.001000s ]
INFO: [ app_end ] --START--
INFO: Run Behavior\ShowPageTraceBehavior [ RunTime:0.000000s ]
INFO: [ app_end ] --END-- [ RunTime:0.000000s ]

[ 2016-03-03T09:46:19+08:00 ] 127.0.0.1 /index.php/admin/index/lib/jquery/1.9.1/jquery.min.js
INFO: [ app_init ] --START--
INFO: Run Behavior\BuildLiteBehavior [ RunTime:0.001000s ]
INFO: [ app_init ] --END-- [ RunTime:0.001000s ]
INFO: [ app_begin ] --START--
INFO: Run Behavior\ReadHtmlCacheBehavior [ RunTime:0.000000s ]
INFO: [ app_begin ] --END-- [ RunTime:0.001000s ]
SQL: SHOW COLUMNS FROM `admin` [ RunTime:0.0040s ]
SQL: SELECT admin.*,admin_group.title FROM `admin` INNER JOIN admin_group_access on admin_group_access.uid=admin.id INNER JOIN admin_group on admin_group_access.group_id=admin_group.id  WHERE ( admin.id=2 ) LIMIT 1   [ RunTime:0.0000s ]
SQL: SHOW COLUMNS FROM `admin_group_access` [ RunTime:0.0040s ]
SQL: SELECT `uid`,`group_id`,`title`,`rules` FROM admin_group_access a INNER JOIN admin_group g on a.group_id=g.id  WHERE ( a.uid='2' and g.status='1' )  [ RunTime:0.0000s ]
SQL: SHOW COLUMNS FROM `admin_rule` [ RunTime:0.0040s ]
SQL: SELECT `condition`,`name` FROM `admin_rule` WHERE `id` IN ('1','3','5','7','8','16','20','21','22','23','24','26','9','10','11','12','13','14','15','17','27','28','33') AND `status` = 1  [ RunTime:0.0010s ]

[ 2016-03-03T09:46:19+08:00 ] 127.0.0.1 /index.php/admin/index/js/H-ui.js
INFO: [ app_init ] --START--
INFO: Run Behavior\BuildLiteBehavior [ RunTime:0.000000s ]
INFO: [ app_init ] --END-- [ RunTime:0.001000s ]
INFO: [ app_begin ] --START--
INFO: Run Behavior\ReadHtmlCacheBehavior [ RunTime:0.000000s ]
INFO: [ app_begin ] --END-- [ RunTime:0.000000s ]
SQL: SHOW COLUMNS FROM `admin` [ RunTime:0.0060s ]
SQL: SELECT admin.*,admin_group.title FROM `admin` INNER JOIN admin_group_access on admin_group_access.uid=admin.id INNER JOIN admin_group on admin_group_access.group_id=admin_group.id  WHERE ( admin.id=2 ) LIMIT 1   [ RunTime:0.0000s ]
SQL: SHOW COLUMNS FROM `admin_group_access` [ RunTime:0.0060s ]
SQL: SELECT `uid`,`group_id`,`title`,`rules` FROM admin_group_access a INNER JOIN admin_group g on a.group_id=g.id  WHERE ( a.uid='2' and g.status='1' )  [ RunTime:0.0000s ]
SQL: SHOW COLUMNS FROM `admin_rule` [ RunTime:0.0050s ]
SQL: SELECT `condition`,`name` FROM `admin_rule` WHERE `id` IN ('1','3','5','7','8','16','20','21','22','23','24','26','9','10','11','12','13','14','15','17','27','28','33') AND `status` = 1  [ RunTime:0.0000s ]

[ 2016-03-03T09:46:21+08:00 ] 127.0.0.1 /index.php/admin/member/index
INFO: [ app_init ] --START--
INFO: Run Behavior\BuildLiteBehavior [ RunTime:0.000000s ]
INFO: [ app_init ] --END-- [ RunTime:0.000000s ]
INFO: [ app_begin ] --START--
INFO: Run Behavior\ReadHtmlCacheBehavior [ RunTime:0.001000s ]
INFO: [ app_begin ] --END-- [ RunTime:0.001000s ]
NOTIC: [2048] Declaration of Admin\Controller\MemberController::show() should be compatible with Think\Controller::show($content, $charset = '', $contentType = '', $prefix = '') D:\xampp\htdocs\tiku\Application\Admin\Controller\MemberController.class.php 第 4 行.
SQL: SHOW COLUMNS FROM `admin` [ RunTime:0.0040s ]
SQL: SELECT admin.*,admin_group.title FROM `admin` INNER JOIN admin_group_access on admin_group_access.uid=admin.id INNER JOIN admin_group on admin_group_access.group_id=admin_group.id  WHERE ( admin.id=2 ) LIMIT 1   [ RunTime:0.0000s ]
SQL: SHOW COLUMNS FROM `admin_group_access` [ RunTime:0.0030s ]
SQL: SELECT `uid`,`group_id`,`title`,`rules` FROM admin_group_access a INNER JOIN admin_group g on a.group_id=g.id  WHERE ( a.uid='2' and g.status='1' )  [ RunTime:0.0000s ]
SQL: SHOW COLUMNS FROM `admin_rule` [ RunTime:0.0050s ]
SQL: SELECT `condition`,`name` FROM `admin_rule` WHERE `id` IN ('1','3','5','7','8','16','20','21','22','23','24','26','9','10','11','12','13','14','15','17','27','28','33') AND `status` = 1  [ RunTime:0.0000s ]
NOTIC: [8] Undefined index: p D:\xampp\htdocs\tiku\Application\Admin\Controller\MemberController.class.php 第 18 行.
NOTIC: [8] Undefined index: p D:\xampp\htdocs\tiku\Application\Admin\Controller\MemberController.class.php 第 36 行.
SQL: SHOW COLUMNS FROM `user` [ RunTime:0.0030s ]
SQL: SELECT COUNT(*) AS tp_count FROM `user` WHERE ( 1=1 ) LIMIT 1   [ RunTime:0.0010s ]
SQL: SELECT * FROM `user` WHERE ( 1=1 ) LIMIT 0,20   [ RunTime:0.0000s ]
INFO: [ view_parse ] --START--
INFO: [ template_filter ] --START--
INFO: Run Behavior\ContentReplaceBehavior [ RunTime:0.000000s ]
INFO: [ template_filter ] --END-- [ RunTime:0.000000s ]
INFO: Run Behavior\ParseTemplateBehavior [ RunTime:0.009001s ]
INFO: [ view_parse ] --END-- [ RunTime:0.009001s ]
INFO: [ view_filter ] --START--
INFO: Run Behavior\WriteHtmlCacheBehavior [ RunTime:0.000000s ]
INFO: [ view_filter ] --END-- [ RunTime:0.000000s ]
INFO: [ app_end ] --START--
INFO: Run Behavior\ShowPageTraceBehavior [ RunTime:0.001000s ]
INFO: [ app_end ] --END-- [ RunTime:0.001000s ]

[ 2016-03-03T09:46:30+08:00 ] 127.0.0.1 /index.php/admin/member/stop?id=27
INFO: [ app_init ] --START--
INFO: Run Behavior\BuildLiteBehavior [ RunTime:0.000000s ]
INFO: [ app_init ] --END-- [ RunTime:0.001000s ]
INFO: [ app_begin ] --START--
INFO: Run Behavior\ReadHtmlCacheBehavior [ RunTime:0.000000s ]
INFO: [ app_begin ] --END-- [ RunTime:0.000000s ]
NOTIC: [2048] Declaration of Admin\Controller\MemberController::show() should be compatible with Think\Controller::show($content, $charset = '', $contentType = '', $prefix = '') D:\xampp\htdocs\tiku\Application\Admin\Controller\MemberController.class.php 第 4 行.
SQL: SHOW COLUMNS FROM `admin` [ RunTime:0.0040s ]
SQL: SELECT admin.*,admin_group.title FROM `admin` INNER JOIN admin_group_access on admin_group_access.uid=admin.id INNER JOIN admin_group on admin_group_access.group_id=admin_group.id  WHERE ( admin.id=2 ) LIMIT 1   [ RunTime:0.0010s ]
SQL: SHOW COLUMNS FROM `admin_group_access` [ RunTime:0.0080s ]
SQL: SELECT `uid`,`group_id`,`title`,`rules` FROM admin_group_access a INNER JOIN admin_group g on a.group_id=g.id  WHERE ( a.uid='2' and g.status='1' )  [ RunTime:0.0000s ]
SQL: SHOW COLUMNS FROM `admin_rule` [ RunTime:0.0030s ]
SQL: SELECT `condition`,`name` FROM `admin_rule` WHERE `id` IN ('1','3','5','7','8','16','20','21','22','23','24','26','9','10','11','12','13','14','15','17','27','28','33') AND `status` = 1  [ RunTime:0.0000s ]
SQL: SHOW COLUMNS FROM `user` [ RunTime:0.0030s ]
SQL: UPDATE `user` SET `status`='0' WHERE ( id=27 ) [ RunTime:0.0320s ]
SQL: SELECT admin.*,admin_group.title FROM `admin` INNER JOIN admin_group_access on admin_group_access.uid=admin.id INNER JOIN admin_group on admin_group_access.group_id=admin_group.id  WHERE ( admin.id=2 ) LIMIT 1   [ RunTime:0.0010s ]
SQL: SHOW COLUMNS FROM `system_log` [ RunTime:0.0030s ]
SQL: INSERT INTO `system_log` (`admin_id`,`content`,`client_ip`,`update_time`) VALUES ('2','停用会员成功(ID:27)','127.0.0.1','1456969590') [ RunTime:0.0230s ]

