[ 2016-01-12T04:38:08+08:00 ] 127.0.0.1 /index.php/admin/system/report
INFO: [ app_init ] --START--
INFO: Run Behavior\BuildLiteBehavior [ RunTime:0.000000s ]
INFO: [ app_init ] --END-- [ RunTime:0.001000s ]
INFO: [ app_begin ] --START--
INFO: Run Behavior\ReadHtmlCacheBehavior [ RunTime:0.001000s ]
INFO: [ app_begin ] --END-- [ RunTime:0.001000s ]
SQL: SHOW COLUMNS FROM `admin` [ RunTime:0.0070s ]
SQL: SELECT admin.*,admin_group.title FROM `admin` INNER JOIN admin_group_access on admin_group_access.uid=admin.id INNER JOIN admin_group on admin_group_access.group_id=admin_group.id  WHERE ( admin.id=2 ) LIMIT 1   [ RunTime:0.0000s ]
SQL: SHOW COLUMNS FROM `admin_group_access` [ RunTime:0.0070s ]
SQL: SELECT `uid`,`group_id`,`title`,`rules` FROM admin_group_access a INNER JOIN admin_group g on a.group_id=g.id  WHERE ( a.uid='2' and g.status='1' )  [ RunTime:0.0010s ]
SQL: SHOW COLUMNS FROM `admin_rule` [ RunTime:0.0070s ]
SQL: SELECT `condition`,`name` FROM `admin_rule` WHERE `id` IN ('1','3','5','7','8','16','20','21','22','23','24','26','9','10','11','12','13','14','15','17','27','28','29','33') AND `status` = 1  [ RunTime:0.0000s ]
SQL: SELECT `id`,`user_name` FROM `admin` WHERE ( id <> 2 )  [ RunTime:0.0000s ]
SQL: SHOW COLUMNS FROM `system_log` [ RunTime:0.0070s ]
SQL: SELECT COUNT(*) AS tp_count FROM `system_log` WHERE ( admin_id=4 AND content LIKE '编辑题库%' AND FROM_UNIXTIME(update_time,'%Y-%m-%d')=DATE_ADD(CURDATE(),INTERVAL '-1' DAY) ) LIMIT 1   [ RunTime:0.0000s ]
SQL: SELECT COUNT(*) AS tp_count FROM `system_log` WHERE ( admin_id=4 AND content LIKE '编辑题库%' AND FROM_UNIXTIME(update_time,'%Y-%m-%d')=CURDATE() ) LIMIT 1   [ RunTime:0.0000s ]
SQL: SELECT COUNT(*) AS tp_count FROM `system_log` WHERE ( admin_id=4 AND content LIKE '编辑题库%' AND MONTHNAME(FROM_UNIXTIME(update_time))=MONTHNAME(NOW()) ) LIMIT 1   [ RunTime:0.0010s ]
SQL: SELECT COUNT(*) AS tp_count FROM `system_log` WHERE ( admin_id=4 AND content LIKE '编辑题库%' AND WEEK(FROM_UNIXTIME(update_time))=WEEK(NOW()) ) LIMIT 1   [ RunTime:0.0000s ]
SQL: SELECT COUNT(*) AS tp_count FROM `system_log` WHERE ( admin_id=4 AND content LIKE '编辑题库%' AND WEEK(FROM_UNIXTIME(update_time))=WEEK(NOW())-1 ) LIMIT 1   [ RunTime:0.0010s ]
SQL: SELECT COUNT(*) AS tp_count FROM `system_log` WHERE ( admin_id=5 AND content LIKE '编辑题库%' AND FROM_UNIXTIME(update_time,'%Y-%m-%d')=DATE_ADD(CURDATE(),INTERVAL '-1' DAY) ) LIMIT 1   [ RunTime:0.0000s ]
SQL: SELECT COUNT(*) AS tp_count FROM `system_log` WHERE ( admin_id=5 AND content LIKE '编辑题库%' AND FROM_UNIXTIME(update_time,'%Y-%m-%d')=CURDATE() ) LIMIT 1   [ RunTime:0.0000s ]
SQL: SELECT COUNT(*) AS tp_count FROM `system_log` WHERE ( admin_id=5 AND content LIKE '编辑题库%' AND MONTHNAME(FROM_UNIXTIME(update_time))=MONTHNAME(NOW()) ) LIMIT 1   [ RunTime:0.0000s ]
SQL: SELECT COUNT(*) AS tp_count FROM `system_log` WHERE ( admin_id=5 AND content LIKE '编辑题库%' AND WEEK(FROM_UNIXTIME(update_time))=WEEK(NOW()) ) LIMIT 1   [ RunTime:0.0000s ]
SQL: SELECT COUNT(*) AS tp_count FROM `system_log` WHERE ( admin_id=5 AND content LIKE '编辑题库%' AND WEEK(FROM_UNIXTIME(update_time))=WEEK(NOW())-1 ) LIMIT 1   [ RunTime:0.0010s ]
SQL: SELECT COUNT(*) AS tp_count FROM `system_log` WHERE ( admin_id=6 AND content LIKE '编辑题库%' AND FROM_UNIXTIME(update_time,'%Y-%m-%d')=DATE_ADD(CURDATE(),INTERVAL '-1' DAY) ) LIMIT 1   [ RunTime:0.0000s ]
SQL: SELECT COUNT(*) AS tp_count FROM `system_log` WHERE ( admin_id=6 AND content LIKE '编辑题库%' AND FROM_UNIXTIME(update_time,'%Y-%m-%d')=CURDATE() ) LIMIT 1   [ RunTime:0.0000s ]
SQL: SELECT COUNT(*) AS tp_count FROM `system_log` WHERE ( admin_id=6 AND content LIKE '编辑题库%' AND MONTHNAME(FROM_UNIXTIME(update_time))=MONTHNAME(NOW()) ) LIMIT 1   [ RunTime:0.0010s ]
SQL: SELECT COUNT(*) AS tp_count FROM `system_log` WHERE ( admin_id=6 AND content LIKE '编辑题库%' AND WEEK(FROM_UNIXTIME(update_time))=WEEK(NOW()) ) LIMIT 1   [ RunTime:0.0000s ]
SQL: SELECT COUNT(*) AS tp_count FROM `system_log` WHERE ( admin_id=6 AND content LIKE '编辑题库%' AND WEEK(FROM_UNIXTIME(update_time))=WEEK(NOW())-1 ) LIMIT 1   [ RunTime:0.0000s ]
INFO: [ view_parse ] --START--
INFO: [ template_filter ] --START--
INFO: Run Behavior\ContentReplaceBehavior [ RunTime:0.000000s ]
INFO: [ template_filter ] --END-- [ RunTime:0.000000s ]
NOTIC: [8] Undefined variable: page_show D:\xampp\htdocs\tiku\Application\Runtime\Cache\Admin\8f5d1c7ec978ebb8a43c638c48665586.php 第 73 行.
INFO: Run Behavior\ParseTemplateBehavior [ RunTime:0.011001s ]
INFO: [ view_parse ] --END-- [ RunTime:0.011001s ]
INFO: [ view_filter ] --START--
INFO: Run Behavior\WriteHtmlCacheBehavior [ RunTime:0.000000s ]
INFO: [ view_filter ] --END-- [ RunTime:0.001000s ]
INFO: [ app_end ] --START--
INFO: Run Behavior\ShowPageTraceBehavior [ RunTime:0.001000s ]
INFO: [ app_end ] --END-- [ RunTime:0.001000s ]

[ 2016-01-12T04:38:08+08:00 ] 127.0.0.1 /index.php/admin/member/index
INFO: [ app_init ] --START--
INFO: Run Behavior\BuildLiteBehavior [ RunTime:0.000000s ]
INFO: [ app_init ] --END-- [ RunTime:0.000000s ]
INFO: [ app_begin ] --START--
INFO: Run Behavior\ReadHtmlCacheBehavior [ RunTime:0.001000s ]
INFO: [ app_begin ] --END-- [ RunTime:0.001000s ]
NOTIC: [2048] Declaration of Admin\Controller\MemberController::show() should be compatible with Think\Controller::show($content, $charset = '', $contentType = '', $prefix = '') D:\xampp\htdocs\tiku\Application\Admin\Controller\MemberController.class.php 第 4 行.
SQL: SHOW COLUMNS FROM `admin` [ RunTime:0.0080s ]
SQL: SELECT admin.*,admin_group.title FROM `admin` INNER JOIN admin_group_access on admin_group_access.uid=admin.id INNER JOIN admin_group on admin_group_access.group_id=admin_group.id  WHERE ( admin.id=2 ) LIMIT 1   [ RunTime:0.0000s ]
SQL: SHOW COLUMNS FROM `admin_group_access` [ RunTime:0.0080s ]
SQL: SELECT `uid`,`group_id`,`title`,`rules` FROM admin_group_access a INNER JOIN admin_group g on a.group_id=g.id  WHERE ( a.uid='2' and g.status='1' )  [ RunTime:0.0000s ]
SQL: SHOW COLUMNS FROM `admin_rule` [ RunTime:0.0080s ]
SQL: SELECT `condition`,`name` FROM `admin_rule` WHERE `id` IN ('1','3','5','7','8','16','20','21','22','23','24','26','9','10','11','12','13','14','15','17','27','28','29','33') AND `status` = 1  [ RunTime:0.0010s ]
NOTIC: [8] Undefined index: p D:\xampp\htdocs\tiku\Application\Admin\Controller\MemberController.class.php 第 18 行.
NOTIC: [8] Undefined index: p D:\xampp\htdocs\tiku\Application\Admin\Controller\MemberController.class.php 第 36 行.
SQL: SHOW COLUMNS FROM `user` [ RunTime:0.0070s ]
SQL: SELECT COUNT(*) AS tp_count FROM `user` WHERE ( 1=1 ) LIMIT 1   [ RunTime:0.0000s ]
SQL: SELECT * FROM `user` WHERE ( 1=1 ) LIMIT 0,20   [ RunTime:0.0010s ]
INFO: [ view_parse ] --START--
INFO: [ template_filter ] --START--
INFO: Run Behavior\ContentReplaceBehavior [ RunTime:0.001000s ]
INFO: [ template_filter ] --END-- [ RunTime:0.001000s ]
INFO: Run Behavior\ParseTemplateBehavior [ RunTime:0.037002s ]
INFO: [ view_parse ] --END-- [ RunTime:0.037002s ]
INFO: [ view_filter ] --START--
INFO: Run Behavior\WriteHtmlCacheBehavior [ RunTime:0.001000s ]
INFO: [ view_filter ] --END-- [ RunTime:0.001000s ]
INFO: [ app_end ] --START--
INFO: Run Behavior\ShowPageTraceBehavior [ RunTime:0.001000s ]
INFO: [ app_end ] --END-- [ RunTime:0.001000s ]

[ 2016-01-12T04:38:08+08:00 ] 127.0.0.1 /index.php/admin/member/show/id/16
INFO: [ app_init ] --START--
INFO: Run Behavior\BuildLiteBehavior [ RunTime:0.000000s ]
INFO: [ app_init ] --END-- [ RunTime:0.000000s ]
INFO: [ app_begin ] --START--
INFO: Run Behavior\ReadHtmlCacheBehavior [ RunTime:0.001000s ]
INFO: [ app_begin ] --END-- [ RunTime:0.001000s ]
NOTIC: [2048] Declaration of Admin\Controller\MemberController::show() should be compatible with Think\Controller::show($content, $charset = '', $contentType = '', $prefix = '') D:\xampp\htdocs\tiku\Application\Admin\Controller\MemberController.class.php 第 4 行.
SQL: SHOW COLUMNS FROM `admin` [ RunTime:0.0060s ]
SQL: SELECT admin.*,admin_group.title FROM `admin` INNER JOIN admin_group_access on admin_group_access.uid=admin.id INNER JOIN admin_group on admin_group_access.group_id=admin_group.id  WHERE ( admin.id=2 ) LIMIT 1   [ RunTime:0.0000s ]
SQL: SHOW COLUMNS FROM `admin_group_access` [ RunTime:0.0070s ]
SQL: SELECT `uid`,`group_id`,`title`,`rules` FROM admin_group_access a INNER JOIN admin_group g on a.group_id=g.id  WHERE ( a.uid='2' and g.status='1' )  [ RunTime:0.0000s ]
SQL: SHOW COLUMNS FROM `admin_rule` [ RunTime:0.0070s ]
SQL: SELECT `condition`,`name` FROM `admin_rule` WHERE `id` IN ('1','3','5','7','8','16','20','21','22','23','24','26','9','10','11','12','13','14','15','17','27','28','29','33') AND `status` = 1  [ RunTime:0.0000s ]
SQL: SHOW COLUMNS FROM `user` [ RunTime:0.0080s ]
SQL: SELECT * FROM `user` WHERE ( id=16 ) LIMIT 1   [ RunTime:0.0010s ]
INFO: [ view_parse ] --START--
INFO: [ template_filter ] --START--
INFO: Run Behavior\ContentReplaceBehavior [ RunTime:0.000000s ]
INFO: [ template_filter ] --END-- [ RunTime:0.000000s ]
NOTIC: [8] Undefined variable: vo D:\xampp\htdocs\tiku\Application\Runtime\Cache\Admin\dc02e262cd870cc49214b802574b1cb0.php 第 35 行.
INFO: Run Behavior\ParseTemplateBehavior [ RunTime:0.017001s ]
INFO: [ view_parse ] --END-- [ RunTime:0.017001s ]
INFO: [ view_filter ] --START--
INFO: Run Behavior\WriteHtmlCacheBehavior [ RunTime:0.001000s ]
INFO: [ view_filter ] --END-- [ RunTime:0.001000s ]
INFO: [ app_end ] --START--
INFO: Run Behavior\ShowPageTraceBehavior [ RunTime:0.001000s ]
INFO: [ app_end ] --END-- [ RunTime:0.001000s ]

[ 2016-01-12T08:58:47+08:00 ] 127.0.0.1 /index.php/admin/
INFO: [ app_init ] --START--
INFO: Run Behavior\BuildLiteBehavior [ RunTime:0.000000s ]
INFO: [ app_init ] --END-- [ RunTime:0.001000s ]
INFO: [ app_begin ] --START--
INFO: Run Behavior\ReadHtmlCacheBehavior [ RunTime:0.001000s ]
INFO: [ app_begin ] --END-- [ RunTime:0.001000s ]

[ 2016-01-12T08:58:47+08:00 ] 127.0.0.1 /index.php/admin/admin/login
INFO: [ app_init ] --START--
INFO: Run Behavior\BuildLiteBehavior [ RunTime:0.000000s ]
INFO: [ app_init ] --END-- [ RunTime:0.001000s ]
INFO: [ app_begin ] --START--
INFO: Run Behavior\ReadHtmlCacheBehavior [ RunTime:0.001000s ]
INFO: [ app_begin ] --END-- [ RunTime:0.001000s ]
INFO: [ view_parse ] --START--
INFO: [ template_filter ] --START--
INFO: Run Behavior\ContentReplaceBehavior [ RunTime:0.000000s ]
INFO: [ template_filter ] --END-- [ RunTime:0.000000s ]
NOTIC: [8] Undefined variable: error_msg D:\xampp\htdocs\tiku\Application\Runtime\Cache\Admin\2275611bb46a2a49189a5a4b00fcf970.php 第 61 行.
INFO: Run Behavior\ParseTemplateBehavior [ RunTime:0.021001s ]
INFO: [ view_parse ] --END-- [ RunTime:0.021001s ]
INFO: [ view_filter ] --START--
INFO: Run Behavior\WriteHtmlCacheBehavior [ RunTime:0.000000s ]
INFO: [ view_filter ] --END-- [ RunTime:0.000000s ]
INFO: [ app_end ] --START--
INFO: Run Behavior\ShowPageTraceBehavior [ RunTime:0.000000s ]
INFO: [ app_end ] --END-- [ RunTime:0.000000s ]

[ 2016-01-12T08:58:47+08:00 ] 127.0.0.1 /index.php/admin/admin/verifyCode
INFO: [ app_init ] --START--
INFO: Run Behavior\BuildLiteBehavior [ RunTime:0.000000s ]
INFO: [ app_init ] --END-- [ RunTime:0.001001s ]
INFO: [ app_begin ] --START--
INFO: Run Behavior\ReadHtmlCacheBehavior [ RunTime:0.001000s ]
INFO: [ app_begin ] --END-- [ RunTime:0.001000s ]
INFO: [ app_end ] --START--
INFO: Run Behavior\ShowPageTraceBehavior [ RunTime:0.000000s ]
INFO: [ app_end ] --END-- [ RunTime:0.000000s ]

